02-Aug-2022/12:08:05	: Soundrecording!!!!.... Thread start 
02-Aug-2022/12:08:05	: Mic Not detcted
02-Aug-2022/12:08:05	: Recording Initialized .... Mic open
02-Aug-2022/12:08:06	: Waiting ScreenRecord
02-Aug-2022/12:08:06	: Waiting For Audio
02-Aug-2022/12:08:07	: Waiting ScreenRecord
02-Aug-2022/12:08:07	: Waiting For Audio
02-Aug-2022/12:08:08	: Waiting ScreenRecord
02-Aug-2022/12:08:08	: Waiting For Audio
02-Aug-2022/12:08:09	: Waiting ScreenRecord
02-Aug-2022/12:08:09	: Waiting For Audio
02-Aug-2022/12:08:10	: Waiting ScreenRecord
02-Aug-2022/12:08:10	: Waiting For Audio
02-Aug-2022/12:08:11	: Waiting ScreenRecord
02-Aug-2022/12:08:11	: Waiting For Audio
02-Aug-2022/12:08:12	: Waiting ScreenRecord
02-Aug-2022/12:08:12	: Waiting For Audio
02-Aug-2022/12:08:13	: Waiting ScreenRecord
02-Aug-2022/12:08:13	: Waiting For Audio
02-Aug-2022/12:08:14	: Waiting ScreenRecord
02-Aug-2022/12:08:14	: Waiting For Audio
02-Aug-2022/12:08:15	: Waiting ScreenRecord
02-Aug-2022/12:08:15	: Waiting For Audio
02-Aug-2022/12:08:16	: Waiting ScreenRecord
02-Aug-2022/12:08:16	: Waiting For Audio
02-Aug-2022/12:08:17	: Waiting ScreenRecord
02-Aug-2022/12:08:17	: Waiting For Audio
02-Aug-2022/12:08:18	: Waiting ScreenRecord
02-Aug-2022/12:08:18	: Waiting For Audio
02-Aug-2022/12:08:19	: Waiting ScreenRecord
02-Aug-2022/12:08:19	: Waiting For Audio
02-Aug-2022/12:08:20	: Waiting ScreenRecord
02-Aug-2022/12:08:20	: Waiting For Audio
02-Aug-2022/12:08:21	: Waiting ScreenRecord
02-Aug-2022/12:08:21	: Waiting For Audio
02-Aug-2022/12:08:22	: Waiting ScreenRecord
02-Aug-2022/12:08:22	: Waiting For Audio
02-Aug-2022/12:08:23	: Waiting ScreenRecord
02-Aug-2022/12:08:23	: Waiting For Audio
02-Aug-2022/12:08:24	: Waiting ScreenRecord
02-Aug-2022/12:08:24	: Waiting For Audio
02-Aug-2022/12:08:25	: Waiting ScreenRecord
02-Aug-2022/12:08:25	: Waiting For Audio
02-Aug-2022/12:08:26	: Waiting ScreenRecord
02-Aug-2022/12:08:26	: Waiting For Audio
02-Aug-2022/12:08:27	: Waiting ScreenRecord
02-Aug-2022/12:08:27	: Waiting For Audio
02-Aug-2022/12:08:28	: Waiting ScreenRecord
02-Aug-2022/12:08:28	: Waiting For Audio
02-Aug-2022/12:08:29	: Waiting ScreenRecord
02-Aug-2022/12:08:29	: Waiting For Audio
02-Aug-2022/12:08:30	: Waiting ScreenRecord
02-Aug-2022/12:08:30	: Waiting For Audio
02-Aug-2022/12:08:31	: Waiting ScreenRecord
02-Aug-2022/12:08:31	: Waiting For Audio
02-Aug-2022/12:08:32	: Waiting ScreenRecord
02-Aug-2022/12:08:32	: Waiting For Audio
02-Aug-2022/12:08:33	: Waiting ScreenRecord
02-Aug-2022/12:08:34	: Waiting For Audio
02-Aug-2022/12:08:34	: Waiting ScreenRecord
02-Aug-2022/12:08:35	: Waiting For Audio
02-Aug-2022/12:08:36	: Waiting ScreenRecord
02-Aug-2022/12:08:36	: Waiting For Audio
02-Aug-2022/12:08:37	: Waiting ScreenRecord
02-Aug-2022/12:08:37	: Waiting For Audio
02-Aug-2022/12:08:38	: Waiting ScreenRecord
02-Aug-2022/12:08:38	: Waiting For Audio
02-Aug-2022/12:08:39	: Waiting ScreenRecord
02-Aug-2022/12:08:39	: Waiting For Audio
02-Aug-2022/12:08:40	: Waiting ScreenRecord
02-Aug-2022/12:08:40	: Waiting For Audio
02-Aug-2022/12:08:41	: Waiting ScreenRecord
02-Aug-2022/12:08:41	: Waiting For Audio
02-Aug-2022/12:08:42	: Waiting ScreenRecord
02-Aug-2022/12:08:42	: Waiting For Audio
02-Aug-2022/12:08:43	: Waiting ScreenRecord
02-Aug-2022/12:08:43	: Waiting For Audio
02-Aug-2022/12:08:44	: Waiting ScreenRecord
02-Aug-2022/12:08:44	: Waiting For Audio
02-Aug-2022/12:08:45	: Waiting ScreenRecord
02-Aug-2022/12:08:45	: Waiting For Audio
02-Aug-2022/12:08:46	: Waiting ScreenRecord
02-Aug-2022/12:08:46	: Waiting For Audio
02-Aug-2022/12:08:47	: Waiting ScreenRecord
02-Aug-2022/12:08:47	: Waiting For Audio
02-Aug-2022/12:08:48	: Waiting ScreenRecord
02-Aug-2022/12:08:48	: Waiting For Audio
02-Aug-2022/12:08:49	: Waiting ScreenRecord
02-Aug-2022/12:08:49	: Waiting For Audio
02-Aug-2022/12:08:50	: Waiting ScreenRecord
02-Aug-2022/12:08:50	: Waiting For Audio
02-Aug-2022/12:08:51	: Waiting ScreenRecord
02-Aug-2022/12:08:51	: Waiting For Audio
02-Aug-2022/12:08:52	: Waiting ScreenRecord
02-Aug-2022/12:08:52	: Waiting For Audio
02-Aug-2022/12:08:53	: Waiting ScreenRecord
02-Aug-2022/12:08:53	: Waiting For Audio
02-Aug-2022/12:08:54	: Waiting ScreenRecord
02-Aug-2022/12:08:54	: Waiting For Audio
02-Aug-2022/12:08:55	: Waiting ScreenRecord
02-Aug-2022/12:08:55	: Waiting For Audio
02-Aug-2022/12:08:56	: Waiting ScreenRecord
02-Aug-2022/12:08:56	: Waiting For Audio
02-Aug-2022/12:08:57	: Waiting ScreenRecord
02-Aug-2022/12:08:57	: Waiting For Audio
02-Aug-2022/12:08:58	: Waiting ScreenRecord
02-Aug-2022/12:08:58	: Waiting For Audio
02-Aug-2022/12:08:59	: Waiting ScreenRecord
02-Aug-2022/12:08:59	: Waiting For Audio
02-Aug-2022/12:09:00	: Waiting ScreenRecord
02-Aug-2022/12:09:00	: Waiting For Audio
02-Aug-2022/12:09:01	: Waiting ScreenRecord
02-Aug-2022/12:09:01	: Waiting For Audio
02-Aug-2022/12:09:02	: Waiting ScreenRecord
02-Aug-2022/12:09:02	: Waiting For Audio
02-Aug-2022/12:09:03	: Waiting ScreenRecord
02-Aug-2022/12:09:03	: Waiting For Audio
02-Aug-2022/12:09:04	: Waiting ScreenRecord
02-Aug-2022/12:09:04	: Waiting For Audio
02-Aug-2022/12:09:05	: Waiting ScreenRecord
02-Aug-2022/12:09:05	: Waiting For Audio
02-Aug-2022/12:09:06	: Waiting ScreenRecord
02-Aug-2022/12:09:06	: Waiting For Audio
02-Aug-2022/12:09:07	: Waiting ScreenRecord
02-Aug-2022/12:09:07	: Waiting For Audio
02-Aug-2022/12:09:08	: Waiting ScreenRecord
02-Aug-2022/12:09:08	: Waiting For Audio
02-Aug-2022/12:09:09	: Waiting ScreenRecord
02-Aug-2022/12:09:09	: Waiting For Audio
02-Aug-2022/12:09:10	: Waiting ScreenRecord
02-Aug-2022/12:09:10	: Waiting For Audio
02-Aug-2022/12:09:11	: Waiting ScreenRecord
02-Aug-2022/12:09:11	: Waiting For Audio
02-Aug-2022/12:09:12	: Waiting ScreenRecord
02-Aug-2022/12:09:12	: Waiting For Audio
02-Aug-2022/12:09:13	: Waiting ScreenRecord
02-Aug-2022/12:09:13	: Waiting For Audio
02-Aug-2022/12:09:14	: Waiting ScreenRecord
02-Aug-2022/12:09:14	: Waiting For Audio
02-Aug-2022/12:09:15	: Waiting ScreenRecord
02-Aug-2022/12:09:15	: Waiting For Audio
02-Aug-2022/12:09:16	: Waiting ScreenRecord
02-Aug-2022/12:09:16	: Waiting For Audio
02-Aug-2022/12:09:17	: Waiting ScreenRecord
02-Aug-2022/12:09:17	: Waiting For Audio
02-Aug-2022/12:09:18	: Waiting ScreenRecord
02-Aug-2022/12:09:18	: Waiting For Audio
02-Aug-2022/12:09:19	: Waiting ScreenRecord
02-Aug-2022/12:09:19	: Waiting For Audio
02-Aug-2022/12:09:20	: Waiting ScreenRecord
02-Aug-2022/12:09:20	: Waiting For Audio
02-Aug-2022/12:09:21	: Waiting ScreenRecord
02-Aug-2022/12:09:21	: Waiting For Audio
02-Aug-2022/12:09:22	: Waiting ScreenRecord
02-Aug-2022/12:09:22	: Waiting For Audio
02-Aug-2022/12:09:23	: Waiting ScreenRecord
02-Aug-2022/12:09:23	: Waiting For Audio
02-Aug-2022/12:09:24	: Waiting ScreenRecord
02-Aug-2022/12:09:24	: Waiting For Audio
02-Aug-2022/12:09:25	: Waiting ScreenRecord
02-Aug-2022/12:09:25	: Waiting For Audio
02-Aug-2022/12:09:26	: Waiting ScreenRecord
02-Aug-2022/12:09:26	: Waiting For Audio
02-Aug-2022/12:09:27	: Waiting ScreenRecord
02-Aug-2022/12:09:27	: Waiting For Audio
02-Aug-2022/12:09:28	: Waiting ScreenRecord
02-Aug-2022/12:09:28	: Waiting For Audio
02-Aug-2022/12:09:29	: Waiting ScreenRecord
02-Aug-2022/12:09:29	: Waiting For Audio
02-Aug-2022/12:09:30	: Waiting ScreenRecord
02-Aug-2022/12:09:30	: Waiting For Audio
02-Aug-2022/12:09:31	: Waiting ScreenRecord
02-Aug-2022/12:09:31	: Waiting For Audio
02-Aug-2022/12:09:32	: Waiting ScreenRecord
02-Aug-2022/12:09:32	: Waiting For Audio
02-Aug-2022/12:09:33	: Waiting ScreenRecord
02-Aug-2022/12:09:33	: Waiting For Audio
02-Aug-2022/12:09:34	: Waiting ScreenRecord
02-Aug-2022/12:09:34	: Waiting For Audio
02-Aug-2022/12:09:35	: Waiting ScreenRecord
02-Aug-2022/12:09:35	: Waiting For Audio
02-Aug-2022/12:09:36	: Waiting ScreenRecord
02-Aug-2022/12:09:36	: Waiting For Audio
02-Aug-2022/12:09:37	: Waiting ScreenRecord
02-Aug-2022/12:09:37	: Waiting For Audio
02-Aug-2022/12:09:38	: Waiting ScreenRecord
02-Aug-2022/12:09:38	: Waiting For Audio
02-Aug-2022/12:09:39	: Waiting ScreenRecord
02-Aug-2022/12:09:39	: Waiting For Audio
02-Aug-2022/12:09:40	: Waiting ScreenRecord
02-Aug-2022/12:09:40	: Waiting For Audio
02-Aug-2022/12:09:41	: Waiting ScreenRecord
02-Aug-2022/12:09:41	: Waiting For Audio
02-Aug-2022/12:09:42	: Waiting ScreenRecord
02-Aug-2022/12:09:42	: Waiting For Audio
02-Aug-2022/12:09:43	: Waiting ScreenRecord
02-Aug-2022/12:09:43	: Waiting For Audio
02-Aug-2022/12:09:44	: Waiting ScreenRecord
02-Aug-2022/12:09:44	: Waiting For Audio
02-Aug-2022/12:09:45	: Waiting ScreenRecord
02-Aug-2022/12:09:45	: Waiting For Audio
02-Aug-2022/12:09:46	: Waiting ScreenRecord
02-Aug-2022/12:09:46	: Waiting For Audio
02-Aug-2022/12:09:47	: Waiting ScreenRecord
02-Aug-2022/12:09:47	: Waiting For Audio
02-Aug-2022/12:09:48	: Waiting ScreenRecord
02-Aug-2022/12:09:48	: Waiting For Audio
02-Aug-2022/12:09:49	: Waiting ScreenRecord
02-Aug-2022/12:09:49	: Waiting For Audio
02-Aug-2022/12:09:50	: Waiting ScreenRecord
02-Aug-2022/12:09:50	: Waiting For Audio
02-Aug-2022/12:09:51	: Waiting ScreenRecord
02-Aug-2022/12:09:51	: Waiting For Audio
02-Aug-2022/12:09:52	: Waiting ScreenRecord
02-Aug-2022/12:09:52	: Waiting For Audio
02-Aug-2022/12:09:53	: Waiting ScreenRecord
02-Aug-2022/12:09:53	: Waiting For Audio
02-Aug-2022/12:09:54	: Waiting ScreenRecord
02-Aug-2022/12:09:54	: Waiting For Audio
02-Aug-2022/12:09:55	: Waiting ScreenRecord
02-Aug-2022/12:09:55	: Waiting For Audio
02-Aug-2022/12:09:56	: Waiting ScreenRecord
02-Aug-2022/12:09:56	: Waiting For Audio
02-Aug-2022/12:09:57	: Waiting ScreenRecord
02-Aug-2022/12:09:57	: Waiting For Audio
02-Aug-2022/12:09:58	: Waiting ScreenRecord
02-Aug-2022/12:09:58	: Waiting For Audio
02-Aug-2022/12:09:59	: Waiting ScreenRecord
02-Aug-2022/12:09:59	: Waiting For Audio
02-Aug-2022/12:10:00	: Waiting ScreenRecord
02-Aug-2022/12:10:00	: Waiting For Audio
02-Aug-2022/12:10:01	: Waiting ScreenRecord
02-Aug-2022/12:10:01	: Waiting For Audio
02-Aug-2022/12:10:02	: Waiting ScreenRecord
02-Aug-2022/12:10:02	: Waiting For Audio
02-Aug-2022/12:10:03	: Waiting ScreenRecord
02-Aug-2022/12:10:03	: Waiting For Audio
02-Aug-2022/12:10:04	: Waiting ScreenRecord
02-Aug-2022/12:10:04	: Waiting For Audio
02-Aug-2022/12:10:05	: Waiting ScreenRecord
02-Aug-2022/12:10:05	: Waiting For Audio
02-Aug-2022/12:10:06	: Waiting ScreenRecord
02-Aug-2022/12:10:06	: Waiting For Audio
02-Aug-2022/12:10:07	: Waiting ScreenRecord
02-Aug-2022/12:10:07	: Waiting For Audio
02-Aug-2022/12:10:08	: Waiting ScreenRecord
02-Aug-2022/12:10:08	: Waiting For Audio
02-Aug-2022/12:10:09	: Waiting ScreenRecord
02-Aug-2022/12:10:09	: Waiting For Audio
02-Aug-2022/12:10:10	: Waiting ScreenRecord
02-Aug-2022/12:10:10	: Waiting For Audio
02-Aug-2022/12:10:11	: Waiting ScreenRecord
02-Aug-2022/12:10:11	: Waiting For Audio
02-Aug-2022/12:10:12	: Waiting ScreenRecord
02-Aug-2022/12:10:12	: Waiting For Audio
02-Aug-2022/12:10:13	: Waiting ScreenRecord
02-Aug-2022/12:10:14	: Waiting For Audio
02-Aug-2022/12:10:14	: Waiting ScreenRecord
02-Aug-2022/12:10:15	: Waiting For Audio
02-Aug-2022/12:10:15	: Waiting ScreenRecord
02-Aug-2022/12:10:16	: Waiting For Audio
02-Aug-2022/12:10:16	: Waiting ScreenRecord
02-Aug-2022/12:10:17	: Waiting For Audio
02-Aug-2022/12:10:17	: Waiting ScreenRecord
02-Aug-2022/12:10:18	: Waiting For Audio
02-Aug-2022/12:10:19	: Waiting ScreenRecord
02-Aug-2022/12:10:19	: Waiting For Audio
02-Aug-2022/12:10:20	: Waiting ScreenRecord
02-Aug-2022/12:10:20	: Waiting For Audio
02-Aug-2022/12:10:21	: Waiting ScreenRecord
02-Aug-2022/12:10:21	: Waiting For Audio
02-Aug-2022/12:10:22	: Waiting ScreenRecord
02-Aug-2022/12:10:22	: Waiting For Audio
02-Aug-2022/12:10:23	: Waiting ScreenRecord
02-Aug-2022/12:10:23	: Waiting For Audio
02-Aug-2022/12:10:24	: Waiting ScreenRecord
02-Aug-2022/12:10:24	: Waiting For Audio
02-Aug-2022/12:10:25	: Waiting ScreenRecord
02-Aug-2022/12:10:25	: Waiting For Audio
02-Aug-2022/12:10:26	: Waiting ScreenRecord
02-Aug-2022/12:10:26	: Waiting For Audio
02-Aug-2022/12:10:27	: Waiting ScreenRecord
02-Aug-2022/12:10:27	: Waiting For Audio
02-Aug-2022/12:10:28	: Waiting ScreenRecord
02-Aug-2022/12:10:28	: Waiting For Audio
02-Aug-2022/12:10:29	: Waiting ScreenRecord
02-Aug-2022/12:10:29	: Waiting For Audio
02-Aug-2022/12:10:30	: Waiting ScreenRecord
02-Aug-2022/12:10:30	: Waiting For Audio
02-Aug-2022/12:10:31	: Waiting ScreenRecord
02-Aug-2022/12:10:31	: Waiting For Audio
02-Aug-2022/12:10:32	: Waiting ScreenRecord
02-Aug-2022/12:10:32	: Waiting For Audio
02-Aug-2022/12:10:33	: Waiting ScreenRecord
02-Aug-2022/12:10:33	: Waiting For Audio
02-Aug-2022/12:10:34	: Waiting ScreenRecord
02-Aug-2022/12:10:34	: Waiting For Audio
02-Aug-2022/12:10:35	: Waiting ScreenRecord
02-Aug-2022/12:10:35	: Waiting For Audio
02-Aug-2022/12:10:36	: Waiting ScreenRecord
02-Aug-2022/12:10:36	: Waiting For Audio
02-Aug-2022/12:10:37	: Waiting ScreenRecord
02-Aug-2022/12:10:37	: Waiting For Audio
02-Aug-2022/12:10:38	: Waiting ScreenRecord
02-Aug-2022/12:10:38	: Waiting For Audio
02-Aug-2022/12:10:39	: Waiting ScreenRecord
02-Aug-2022/12:10:39	: Waiting For Audio
02-Aug-2022/12:10:40	: Waiting ScreenRecord
02-Aug-2022/12:10:40	: Waiting For Audio
02-Aug-2022/12:10:41	: Waiting ScreenRecord
02-Aug-2022/12:10:41	: Waiting For Audio
02-Aug-2022/12:10:42	: Waiting ScreenRecord
02-Aug-2022/12:10:42	: Waiting For Audio
02-Aug-2022/12:10:43	: Waiting ScreenRecord
02-Aug-2022/12:10:43	: Waiting For Audio
02-Aug-2022/12:10:44	: Waiting ScreenRecord
02-Aug-2022/12:10:44	: Waiting For Audio
02-Aug-2022/12:10:45	: Waiting ScreenRecord
02-Aug-2022/12:10:45	: Waiting For Audio
02-Aug-2022/12:10:46	: Waiting ScreenRecord
02-Aug-2022/12:10:46	: Waiting For Audio
02-Aug-2022/12:10:47	: Waiting ScreenRecord
02-Aug-2022/12:10:47	: Waiting For Audio
02-Aug-2022/12:10:48	: Waiting ScreenRecord
02-Aug-2022/12:10:48	: Waiting For Audio
02-Aug-2022/12:10:49	: Waiting ScreenRecord
02-Aug-2022/12:10:49	: Waiting For Audio
02-Aug-2022/12:10:50	: Waiting ScreenRecord
02-Aug-2022/12:10:50	: Waiting For Audio
02-Aug-2022/12:10:51	: Waiting ScreenRecord
02-Aug-2022/12:10:51	: Waiting For Audio
02-Aug-2022/12:10:52	: Waiting ScreenRecord
02-Aug-2022/12:10:52	: Waiting For Audio
02-Aug-2022/12:10:53	: Waiting ScreenRecord
02-Aug-2022/12:10:53	: Waiting For Audio
02-Aug-2022/12:10:54	: Waiting ScreenRecord
02-Aug-2022/12:10:54	: Waiting For Audio
02-Aug-2022/12:10:55	: Waiting ScreenRecord
02-Aug-2022/12:10:55	: Waiting For Audio
02-Aug-2022/12:10:56	: Waiting ScreenRecord
02-Aug-2022/12:10:56	: Waiting For Audio
02-Aug-2022/12:10:57	: Waiting ScreenRecord
02-Aug-2022/12:10:57	: Waiting For Audio
02-Aug-2022/12:10:58	: Waiting ScreenRecord
02-Aug-2022/12:10:58	: Waiting For Audio
02-Aug-2022/12:10:59	: Waiting ScreenRecord
02-Aug-2022/12:10:59	: Waiting For Audio
02-Aug-2022/12:11:00	: Waiting ScreenRecord
02-Aug-2022/12:11:00	: Waiting For Audio
02-Aug-2022/12:11:01	: Waiting ScreenRecord
02-Aug-2022/12:11:01	: Waiting For Audio
02-Aug-2022/12:11:02	: Waiting ScreenRecord
02-Aug-2022/12:11:02	: Waiting For Audio
02-Aug-2022/12:11:03	: Waiting ScreenRecord
02-Aug-2022/12:11:03	: Waiting For Audio
02-Aug-2022/12:11:04	: Waiting ScreenRecord
02-Aug-2022/12:11:04	: Waiting For Audio
02-Aug-2022/12:11:05	: Waiting ScreenRecord
02-Aug-2022/12:11:05	: Waiting For Audio
02-Aug-2022/12:11:06	: Waiting ScreenRecord
02-Aug-2022/12:11:06	: Waiting For Audio
02-Aug-2022/12:11:07	: Waiting ScreenRecord
02-Aug-2022/12:11:07	: Waiting For Audio
02-Aug-2022/12:11:08	: Waiting ScreenRecord
02-Aug-2022/12:11:08	: Waiting For Audio
02-Aug-2022/12:11:09	: Waiting ScreenRecord
02-Aug-2022/12:11:09	: Waiting For Audio
02-Aug-2022/12:11:10	: Waiting ScreenRecord
02-Aug-2022/12:11:10	: Waiting For Audio
02-Aug-2022/12:11:11	: Waiting ScreenRecord
02-Aug-2022/12:11:11	: Waiting For Audio
02-Aug-2022/12:11:12	: Waiting ScreenRecord
02-Aug-2022/12:11:12	: Waiting For Audio
02-Aug-2022/12:11:13	: Waiting ScreenRecord
02-Aug-2022/12:11:13	: Waiting For Audio
02-Aug-2022/12:11:14	: Waiting ScreenRecord
02-Aug-2022/12:11:14	: Waiting For Audio
02-Aug-2022/12:11:15	: Waiting ScreenRecord
02-Aug-2022/12:11:15	: Waiting For Audio
02-Aug-2022/12:11:16	: Waiting ScreenRecord
02-Aug-2022/12:11:16	: Waiting For Audio
02-Aug-2022/12:11:17	: Waiting ScreenRecord
02-Aug-2022/12:11:17	: Waiting For Audio
02-Aug-2022/12:11:18	: Waiting ScreenRecord
02-Aug-2022/12:11:18	: Waiting For Audio
02-Aug-2022/12:11:19	: Waiting ScreenRecord
02-Aug-2022/12:11:19	: Waiting For Audio
02-Aug-2022/12:11:20	: Waiting ScreenRecord
02-Aug-2022/12:11:20	: Waiting For Audio
02-Aug-2022/12:11:21	: Waiting ScreenRecord
02-Aug-2022/12:11:21	: Waiting For Audio
02-Aug-2022/12:11:22	: Waiting ScreenRecord
02-Aug-2022/12:11:22	: Waiting For Audio
02-Aug-2022/12:11:23	: Waiting ScreenRecord
02-Aug-2022/12:11:23	: Waiting For Audio
02-Aug-2022/12:11:24	: Waiting ScreenRecord
02-Aug-2022/12:11:24	: Waiting For Audio
02-Aug-2022/12:11:25	: Waiting ScreenRecord
02-Aug-2022/12:11:25	: Waiting For Audio
02-Aug-2022/12:11:26	: Waiting ScreenRecord
02-Aug-2022/12:11:26	: Waiting For Audio
02-Aug-2022/12:11:27	: Waiting ScreenRecord
02-Aug-2022/12:11:27	: Waiting For Audio
02-Aug-2022/12:11:28	: Waiting ScreenRecord
02-Aug-2022/12:11:28	: Waiting For Audio
02-Aug-2022/12:11:29	: Waiting ScreenRecord
02-Aug-2022/12:11:29	: Waiting For Audio
02-Aug-2022/12:11:30	: Waiting ScreenRecord
02-Aug-2022/12:11:30	: Waiting For Audio
02-Aug-2022/12:11:31	: Waiting ScreenRecord
02-Aug-2022/12:11:31	: Waiting For Audio
02-Aug-2022/12:11:32	: Waiting ScreenRecord
02-Aug-2022/12:11:32	: Waiting For Audio
02-Aug-2022/12:11:33	: Waiting ScreenRecord
02-Aug-2022/12:11:33	: Waiting For Audio
02-Aug-2022/12:11:34	: Waiting ScreenRecord
02-Aug-2022/12:11:34	: Waiting For Audio
02-Aug-2022/12:11:35	: Waiting ScreenRecord
02-Aug-2022/12:11:35	: Waiting For Audio
02-Aug-2022/12:11:36	: Waiting ScreenRecord
02-Aug-2022/12:11:36	: Waiting For Audio
02-Aug-2022/12:11:37	: Waiting ScreenRecord
02-Aug-2022/12:11:37	: Waiting For Audio
02-Aug-2022/12:11:38	: Waiting ScreenRecord
02-Aug-2022/12:11:38	: Waiting For Audio
02-Aug-2022/12:11:39	: Waiting ScreenRecord
02-Aug-2022/12:11:39	: Waiting For Audio
02-Aug-2022/12:11:40	: Waiting ScreenRecord
02-Aug-2022/12:11:40	: Waiting For Audio
02-Aug-2022/12:11:41	: Waiting ScreenRecord
02-Aug-2022/12:11:41	: Waiting For Audio
02-Aug-2022/12:11:42	: Waiting ScreenRecord
02-Aug-2022/12:11:42	: Waiting For Audio
02-Aug-2022/12:11:43	: Waiting ScreenRecord
02-Aug-2022/12:11:43	: Waiting For Audio
02-Aug-2022/12:11:44	: Waiting ScreenRecord
02-Aug-2022/12:11:44	: Waiting For Audio
02-Aug-2022/12:11:45	: Waiting ScreenRecord
02-Aug-2022/12:11:45	: Waiting For Audio
02-Aug-2022/12:11:46	: Waiting ScreenRecord
02-Aug-2022/12:11:46	: Waiting For Audio
02-Aug-2022/12:11:47	: Waiting ScreenRecord
02-Aug-2022/12:11:47	: Waiting For Audio
02-Aug-2022/12:11:48	: Waiting ScreenRecord
02-Aug-2022/12:11:48	: Waiting For Audio
02-Aug-2022/12:11:49	: Waiting ScreenRecord
02-Aug-2022/12:11:49	: Waiting For Audio
02-Aug-2022/12:11:50	: Waiting ScreenRecord
02-Aug-2022/12:11:50	: Waiting For Audio
02-Aug-2022/12:11:51	: Waiting ScreenRecord
02-Aug-2022/12:11:51	: Waiting For Audio
02-Aug-2022/12:11:52	: Waiting ScreenRecord
02-Aug-2022/12:11:52	: Waiting For Audio
02-Aug-2022/12:11:53	: Waiting ScreenRecord
02-Aug-2022/12:11:53	: Waiting For Audio
02-Aug-2022/12:11:54	: Waiting ScreenRecord
02-Aug-2022/12:11:54	: Waiting For Audio
02-Aug-2022/12:11:55	: Waiting ScreenRecord
02-Aug-2022/12:11:55	: Waiting For Audio
02-Aug-2022/12:11:56	: Waiting ScreenRecord
02-Aug-2022/12:11:56	: Waiting For Audio
02-Aug-2022/12:11:57	: Waiting ScreenRecord
02-Aug-2022/12:11:57	: Waiting For Audio
02-Aug-2022/12:11:58	: Waiting ScreenRecord
02-Aug-2022/12:11:59	: Waiting For Audio
02-Aug-2022/12:11:59	: Waiting ScreenRecord
02-Aug-2022/12:12:00	: Waiting For Audio
02-Aug-2022/12:12:00	: Waiting ScreenRecord
02-Aug-2022/12:12:01	: Waiting For Audio
02-Aug-2022/12:12:01	: Waiting ScreenRecord
02-Aug-2022/12:12:02	: Waiting For Audio
02-Aug-2022/12:12:02	: Waiting ScreenRecord
02-Aug-2022/12:12:03	: Waiting For Audio
02-Aug-2022/12:12:04	: Waiting ScreenRecord
02-Aug-2022/12:12:04	: Waiting For Audio
02-Aug-2022/12:12:05	: Waiting ScreenRecord
02-Aug-2022/12:12:05	: Waiting For Audio
02-Aug-2022/12:12:06	: Waiting ScreenRecord
02-Aug-2022/12:12:06	: Waiting For Audio
02-Aug-2022/12:12:07	: Waiting ScreenRecord
02-Aug-2022/12:12:07	: Waiting For Audio
02-Aug-2022/12:12:08	: Waiting ScreenRecord
02-Aug-2022/12:12:08	: Waiting For Audio
02-Aug-2022/12:12:09	: Waiting ScreenRecord
02-Aug-2022/12:12:09	: Waiting For Audio
02-Aug-2022/12:12:10	: Waiting ScreenRecord
02-Aug-2022/12:12:10	: Waiting For Audio
02-Aug-2022/12:12:11	: Waiting ScreenRecord
02-Aug-2022/12:12:11	: Waiting For Audio
02-Aug-2022/12:12:12	: Waiting ScreenRecord
02-Aug-2022/12:12:12	: Waiting For Audio
02-Aug-2022/12:12:13	: Waiting ScreenRecord
02-Aug-2022/12:12:13	: Waiting For Audio
02-Aug-2022/12:12:14	: Waiting ScreenRecord
02-Aug-2022/12:12:14	: Waiting For Audio
02-Aug-2022/12:12:15	: Waiting ScreenRecord
02-Aug-2022/12:12:15	: Waiting For Audio
02-Aug-2022/12:12:16	: Waiting ScreenRecord
02-Aug-2022/12:12:16	: Waiting For Audio
02-Aug-2022/12:12:17	: Waiting ScreenRecord
02-Aug-2022/12:12:17	: Waiting For Audio
02-Aug-2022/12:12:18	: Waiting ScreenRecord
02-Aug-2022/12:12:18	: Waiting For Audio
02-Aug-2022/12:12:19	: Waiting ScreenRecord
02-Aug-2022/12:12:19	: Waiting For Audio
02-Aug-2022/12:12:20	: Waiting ScreenRecord
02-Aug-2022/12:12:20	: Waiting For Audio
02-Aug-2022/12:12:21	: Waiting ScreenRecord
02-Aug-2022/12:12:21	: Waiting For Audio
02-Aug-2022/12:12:22	: Waiting ScreenRecord
02-Aug-2022/12:12:22	: Waiting For Audio
02-Aug-2022/12:12:23	: Waiting ScreenRecord
02-Aug-2022/12:12:23	: Waiting For Audio
02-Aug-2022/12:12:24	: Waiting ScreenRecord
02-Aug-2022/12:12:24	: Waiting For Audio
02-Aug-2022/12:12:25	: Waiting ScreenRecord
02-Aug-2022/12:12:25	: Waiting For Audio
02-Aug-2022/12:12:26	: Waiting ScreenRecord
02-Aug-2022/12:12:26	: Waiting For Audio
02-Aug-2022/12:12:27	: Waiting ScreenRecord
02-Aug-2022/12:12:27	: Waiting For Audio
02-Aug-2022/12:12:28	: Waiting ScreenRecord
02-Aug-2022/12:12:28	: Waiting For Audio
02-Aug-2022/12:12:29	: Waiting ScreenRecord
02-Aug-2022/12:12:29	: Waiting For Audio
02-Aug-2022/12:12:30	: Waiting ScreenRecord
02-Aug-2022/12:12:30	: Waiting For Audio
02-Aug-2022/12:12:31	: Waiting ScreenRecord
02-Aug-2022/12:12:31	: Waiting For Audio
02-Aug-2022/12:12:32	: Waiting ScreenRecord
02-Aug-2022/12:12:32	: Waiting For Audio
02-Aug-2022/12:12:33	: Waiting ScreenRecord
02-Aug-2022/12:12:33	: Waiting For Audio
02-Aug-2022/12:12:34	: Waiting ScreenRecord
02-Aug-2022/12:12:34	: Waiting For Audio
02-Aug-2022/12:12:35	: Waiting ScreenRecord
02-Aug-2022/12:12:35	: Waiting For Audio
02-Aug-2022/12:12:36	: Waiting ScreenRecord
02-Aug-2022/12:12:36	: Waiting For Audio
02-Aug-2022/12:12:37	: Waiting ScreenRecord
02-Aug-2022/12:12:37	: Waiting For Audio
02-Aug-2022/12:12:38	: Waiting ScreenRecord
02-Aug-2022/12:12:38	: Waiting For Audio
02-Aug-2022/12:12:39	: Waiting ScreenRecord
02-Aug-2022/12:12:39	: Waiting For Audio
02-Aug-2022/12:12:40	: Waiting ScreenRecord
02-Aug-2022/12:12:40	: Waiting For Audio
02-Aug-2022/12:12:41	: Waiting ScreenRecord
02-Aug-2022/12:12:41	: Waiting For Audio
02-Aug-2022/12:12:42	: Waiting ScreenRecord
02-Aug-2022/12:12:42	: Waiting For Audio
02-Aug-2022/12:12:43	: Waiting ScreenRecord
02-Aug-2022/12:12:43	: Waiting For Audio
02-Aug-2022/12:12:44	: Waiting ScreenRecord
02-Aug-2022/12:12:44	: Waiting For Audio
02-Aug-2022/12:12:45	: Waiting ScreenRecord
02-Aug-2022/12:12:45	: Waiting For Audio
02-Aug-2022/12:12:46	: Waiting ScreenRecord
02-Aug-2022/12:12:46	: Waiting For Audio
02-Aug-2022/12:12:47	: Waiting ScreenRecord
02-Aug-2022/12:12:47	: Waiting For Audio
02-Aug-2022/12:12:48	: Waiting ScreenRecord
02-Aug-2022/12:12:48	: Waiting For Audio
02-Aug-2022/12:12:49	: Waiting ScreenRecord
02-Aug-2022/12:12:49	: Waiting For Audio
02-Aug-2022/12:12:50	: Waiting ScreenRecord
02-Aug-2022/12:12:50	: Waiting For Audio
02-Aug-2022/12:12:51	: Waiting ScreenRecord
02-Aug-2022/12:12:51	: Waiting For Audio
02-Aug-2022/12:12:52	: Waiting ScreenRecord
02-Aug-2022/12:12:52	: Waiting For Audio
02-Aug-2022/12:12:53	: Waiting ScreenRecord
02-Aug-2022/12:12:53	: Waiting For Audio
02-Aug-2022/12:12:54	: Waiting ScreenRecord
02-Aug-2022/12:12:54	: Waiting For Audio
02-Aug-2022/12:12:55	: Waiting ScreenRecord
02-Aug-2022/12:12:55	: Waiting For Audio
02-Aug-2022/12:12:56	: Waiting ScreenRecord
02-Aug-2022/12:12:56	: Waiting For Audio
02-Aug-2022/12:12:57	: Waiting ScreenRecord
02-Aug-2022/12:12:57	: Waiting For Audio
02-Aug-2022/12:12:58	: Waiting ScreenRecord
02-Aug-2022/12:12:58	: Waiting For Audio
02-Aug-2022/12:12:59	: Waiting ScreenRecord
02-Aug-2022/12:12:59	: Waiting For Audio
02-Aug-2022/12:13:00	: Waiting ScreenRecord
02-Aug-2022/12:13:00	: Waiting For Audio
02-Aug-2022/12:13:01	: Waiting ScreenRecord
02-Aug-2022/12:13:01	: Waiting For Audio
02-Aug-2022/12:13:02	: Waiting ScreenRecord
02-Aug-2022/12:13:02	: Waiting For Audio
02-Aug-2022/12:13:03	: Waiting ScreenRecord
02-Aug-2022/12:13:03	: Waiting For Audio
02-Aug-2022/12:13:04	: Waiting ScreenRecord
02-Aug-2022/12:13:04	: Waiting For Audio
02-Aug-2022/12:13:05	: Waiting ScreenRecord
02-Aug-2022/12:13:05	: Waiting For Audio
02-Aug-2022/12:13:06	: Waiting ScreenRecord
02-Aug-2022/12:13:06	: Waiting For Audio
02-Aug-2022/12:13:07	: Waiting ScreenRecord
02-Aug-2022/12:13:07	: Waiting For Audio
02-Aug-2022/12:13:08	: Waiting ScreenRecord
02-Aug-2022/12:13:08	: Waiting For Audio
02-Aug-2022/12:13:09	: Waiting ScreenRecord
02-Aug-2022/12:13:09	: Waiting For Audio
02-Aug-2022/12:13:10	: Waiting ScreenRecord
02-Aug-2022/12:13:10	: Waiting For Audio
02-Aug-2022/12:13:11	: Waiting ScreenRecord
02-Aug-2022/12:13:11	: Waiting For Audio
02-Aug-2022/12:13:12	: Waiting ScreenRecord
02-Aug-2022/12:13:12	: Waiting For Audio
02-Aug-2022/12:13:13	: Waiting ScreenRecord
02-Aug-2022/12:13:13	: Waiting For Audio
02-Aug-2022/12:13:14	: Waiting ScreenRecord
02-Aug-2022/12:13:14	: Waiting For Audio
02-Aug-2022/12:13:15	: Waiting ScreenRecord
02-Aug-2022/12:13:15	: Waiting For Audio
02-Aug-2022/12:13:16	: Waiting ScreenRecord
02-Aug-2022/12:13:16	: Waiting For Audio
02-Aug-2022/12:13:17	: Waiting ScreenRecord
02-Aug-2022/12:13:17	: Waiting For Audio
02-Aug-2022/12:13:18	: Waiting ScreenRecord
02-Aug-2022/12:13:18	: Waiting For Audio
02-Aug-2022/12:13:19	: Waiting ScreenRecord
02-Aug-2022/12:13:19	: Waiting For Audio
02-Aug-2022/12:13:20	: Waiting ScreenRecord
02-Aug-2022/12:13:20	: Waiting For Audio
02-Aug-2022/12:13:21	: Waiting ScreenRecord
02-Aug-2022/12:13:21	: Waiting For Audio
02-Aug-2022/12:13:22	: Waiting ScreenRecord
02-Aug-2022/12:13:22	: Waiting For Audio
02-Aug-2022/12:13:23	: Waiting ScreenRecord
02-Aug-2022/12:13:23	: Waiting For Audio
02-Aug-2022/12:13:24	: Waiting ScreenRecord
02-Aug-2022/12:13:24	: Waiting For Audio
02-Aug-2022/12:13:25	: Waiting ScreenRecord
02-Aug-2022/12:13:25	: Waiting For Audio
02-Aug-2022/12:13:26	: Waiting ScreenRecord
02-Aug-2022/12:13:26	: Waiting For Audio
02-Aug-2022/12:13:27	: Waiting ScreenRecord
02-Aug-2022/12:13:27	: Waiting For Audio
02-Aug-2022/12:13:28	: Waiting ScreenRecord
02-Aug-2022/12:13:28	: Waiting For Audio
02-Aug-2022/12:13:29	: Waiting ScreenRecord
02-Aug-2022/12:13:29	: Waiting For Audio
02-Aug-2022/12:13:30	: Waiting ScreenRecord
02-Aug-2022/12:13:30	: Waiting For Audio
02-Aug-2022/12:13:31	: Waiting ScreenRecord
02-Aug-2022/12:13:31	: Waiting For Audio
02-Aug-2022/12:13:32	: Waiting ScreenRecord
02-Aug-2022/12:13:32	: Waiting For Audio
02-Aug-2022/12:13:33	: Waiting ScreenRecord
02-Aug-2022/12:13:33	: Waiting For Audio
02-Aug-2022/12:13:34	: Waiting ScreenRecord
02-Aug-2022/12:13:34	: Waiting For Audio
02-Aug-2022/12:13:35	: Waiting ScreenRecord
02-Aug-2022/12:13:35	: Waiting For Audio
02-Aug-2022/12:13:52	: Soundrecording!!!!.... Thread start 
02-Aug-2022/12:13:52	: Mic Not detcted
02-Aug-2022/12:13:52	: Recording Initialized .... Mic open
02-Aug-2022/12:13:53	: Waiting ScreenRecord
02-Aug-2022/12:13:53	: Waiting For Audio
02-Aug-2022/12:13:54	: Waiting ScreenRecord
02-Aug-2022/12:13:54	: Waiting For Audio
02-Aug-2022/12:13:55	: Waiting ScreenRecord
02-Aug-2022/12:13:55	: Waiting For Audio
02-Aug-2022/12:13:56	: Waiting ScreenRecord
02-Aug-2022/12:13:56	: Waiting For Audio
02-Aug-2022/12:13:57	: Waiting ScreenRecord
02-Aug-2022/12:13:57	: Waiting For Audio
02-Aug-2022/12:13:58	: Waiting ScreenRecord
02-Aug-2022/12:13:58	: Waiting For Audio
02-Aug-2022/12:13:59	: Waiting ScreenRecord
02-Aug-2022/12:13:59	: Waiting For Audio
02-Aug-2022/12:14:00	: Waiting ScreenRecord
02-Aug-2022/12:14:00	: Waiting For Audio
02-Aug-2022/12:14:01	: Waiting ScreenRecord
02-Aug-2022/12:14:01	: Waiting For Audio
02-Aug-2022/12:14:02	: Waiting ScreenRecord
02-Aug-2022/12:14:02	: Waiting For Audio
02-Aug-2022/12:14:03	: Waiting ScreenRecord
02-Aug-2022/12:14:03	: Waiting For Audio
02-Aug-2022/12:14:04	: Waiting ScreenRecord
02-Aug-2022/12:14:04	: Waiting For Audio
02-Aug-2022/12:14:05	: Waiting ScreenRecord
02-Aug-2022/12:14:05	: Waiting For Audio
02-Aug-2022/12:14:06	: Waiting ScreenRecord
02-Aug-2022/12:14:06	: Waiting For Audio
02-Aug-2022/12:14:07	: Waiting ScreenRecord
02-Aug-2022/12:14:07	: Waiting For Audio
02-Aug-2022/12:14:08	: Waiting ScreenRecord
02-Aug-2022/12:14:08	: Waiting For Audio
02-Aug-2022/12:14:09	: Waiting ScreenRecord
02-Aug-2022/12:14:09	: Waiting For Audio
02-Aug-2022/12:14:10	: Waiting ScreenRecord
02-Aug-2022/12:14:10	: Waiting For Audio
02-Aug-2022/12:14:11	: Waiting ScreenRecord
02-Aug-2022/12:14:11	: Waiting For Audio
02-Aug-2022/12:14:33	: Soundrecording!!!!.... Thread start 
02-Aug-2022/12:14:34	: Recording Initialized .... Mic open
02-Aug-2022/12:14:34	: Waiting ScreenRecord
02-Aug-2022/12:14:35	: Waiting For Audio
02-Aug-2022/12:14:36	: Waiting ScreenRecord
02-Aug-2022/12:14:36	: Waiting For Audio
02-Aug-2022/12:14:37	: Waiting ScreenRecord
02-Aug-2022/12:14:37	: Waiting For Audio
02-Aug-2022/12:14:38	: Waiting ScreenRecord
02-Aug-2022/12:14:38	: Waiting For Audio
02-Aug-2022/12:14:39	: Capturing Sound
02-Aug-2022/12:14:52	: Soundrecording!!!!.... Thread start 
02-Aug-2022/12:14:52	: Recording Initialized .... Mic open
02-Aug-2022/12:14:53	: Waiting ScreenRecord
02-Aug-2022/12:14:53	: Waiting For Audio
02-Aug-2022/12:14:54	: Waiting ScreenRecord
02-Aug-2022/12:14:54	: Waiting For Audio
02-Aug-2022/12:14:55	: Waiting ScreenRecord
02-Aug-2022/12:14:55	: Waiting For Audio
02-Aug-2022/12:14:56	: Capturing Sound
02-Aug-2022/12:26:43	: Soundrecording!!!!.... Thread start 
02-Aug-2022/12:26:43	: Mic Not detcted
02-Aug-2022/12:26:43	: Recording Initialized .... Mic open
02-Aug-2022/12:26:44	: Waiting ScreenRecord
02-Aug-2022/12:26:44	: Waiting For Audio
02-Aug-2022/12:26:45	: Waiting ScreenRecord
02-Aug-2022/12:26:45	: Waiting For Audio
02-Aug-2022/12:26:46	: Waiting ScreenRecord
02-Aug-2022/12:26:46	: Waiting For Audio
02-Aug-2022/12:26:47	: Waiting ScreenRecord
02-Aug-2022/12:26:47	: Waiting For Audio
02-Aug-2022/12:26:48	: Waiting ScreenRecord
02-Aug-2022/12:26:48	: Waiting For Audio
02-Aug-2022/12:26:49	: Waiting ScreenRecord
02-Aug-2022/12:26:49	: Waiting For Audio
02-Aug-2022/12:26:50	: Waiting ScreenRecord
02-Aug-2022/12:26:50	: Waiting For Audio
02-Aug-2022/12:26:51	: Waiting ScreenRecord
02-Aug-2022/12:26:51	: Waiting For Audio
02-Aug-2022/12:26:52	: Waiting ScreenRecord
02-Aug-2022/12:26:52	: Waiting For Audio
02-Aug-2022/12:26:53	: Waiting ScreenRecord
02-Aug-2022/12:26:53	: Waiting For Audio
02-Aug-2022/12:26:54	: Waiting ScreenRecord
02-Aug-2022/12:26:54	: Waiting For Audio
02-Aug-2022/12:27:10	: Exceeption Caught while stop Sound Recording
02-Aug-2022/12:27:10	: stop recording call
02-Aug-2022/12:27:10	: start time02-08-2022-12:26:43end time video---02-08-2022-12:27:10file_name9876_1225_9155104987_22_08_02_12_26_54start_time=9876
02-Aug-2022/12:27:10	: encoding finish 15s
02-Aug-2022/12:27:11	: Waiting For Audio
02-Aug-2022/12:27:11	: Waiting ScreenRecord
02-Aug-2022/12:27:12	: Waiting For Audio
02-Aug-2022/12:27:12	: Waiting ScreenRecord
02-Aug-2022/12:27:13	: Waiting For Audio
02-Aug-2022/12:27:13	: Waiting ScreenRecord
02-Aug-2022/12:27:14	: Waiting For Audio
02-Aug-2022/12:27:14	: Waiting ScreenRecord
02-Aug-2022/12:27:15	: Waiting For Audio
02-Aug-2022/12:27:15	: Waiting ScreenRecord
02-Aug-2022/12:27:16	: Waiting For Audio
02-Aug-2022/12:27:16	: Waiting ScreenRecord
02-Aug-2022/12:27:17	: Waiting For Audio
02-Aug-2022/12:27:17	: Waiting ScreenRecord
02-Aug-2022/12:27:18	: Waiting For Audio
02-Aug-2022/12:27:18	: Waiting ScreenRecord
02-Aug-2022/12:27:19	: Waiting For Audio
02-Aug-2022/12:27:19	: Waiting ScreenRecord
02-Aug-2022/12:27:20	: Waiting For Audio
02-Aug-2022/12:27:20	: Waiting ScreenRecord
02-Aug-2022/12:27:21	: Waiting For Audio
02-Aug-2022/12:27:21	: Waiting ScreenRecord
02-Aug-2022/12:27:22	: Waiting For Audio
02-Aug-2022/12:27:22	: Waiting ScreenRecord
02-Aug-2022/12:27:23	: Waiting For Audio
02-Aug-2022/12:27:23	: Waiting ScreenRecord
02-Aug-2022/12:27:24	: Waiting For Audio
02-Aug-2022/12:27:24	: Waiting ScreenRecord
02-Aug-2022/12:27:25	: Waiting For Audio
02-Aug-2022/12:27:25	: Waiting ScreenRecord
02-Aug-2022/12:27:26	: Waiting For Audio
02-Aug-2022/12:27:26	: Waiting ScreenRecord
02-Aug-2022/12:27:27	: Waiting For Audio
02-Aug-2022/12:27:27	: Waiting ScreenRecord
02-Aug-2022/12:27:28	: Waiting For Audio
02-Aug-2022/12:27:28	: Waiting ScreenRecord
02-Aug-2022/12:27:29	: Waiting For Audio
02-Aug-2022/12:27:29	: Waiting ScreenRecord
02-Aug-2022/12:27:30	: Waiting For Audio
02-Aug-2022/12:27:30	: Waiting ScreenRecord
02-Aug-2022/12:27:31	: Waiting For Audio
02-Aug-2022/12:27:31	: Waiting ScreenRecord
02-Aug-2022/12:27:32	: Waiting For Audio
02-Aug-2022/12:27:32	: Waiting ScreenRecord
02-Aug-2022/12:27:33	: Waiting For Audio
02-Aug-2022/12:27:33	: Waiting ScreenRecord
02-Aug-2022/12:27:34	: Waiting For Audio
02-Aug-2022/12:27:34	: Waiting ScreenRecord
02-Aug-2022/12:27:35	: Waiting For Audio
02-Aug-2022/12:27:35	: Waiting ScreenRecord
02-Aug-2022/12:27:39	: Soundrecording!!!!.... Thread start 
02-Aug-2022/12:27:39	: Recording Initialized .... Mic open
02-Aug-2022/12:27:40	: Waiting ScreenRecord
02-Aug-2022/12:27:40	: Waiting For Audio
02-Aug-2022/12:27:41	: Waiting ScreenRecord
02-Aug-2022/12:27:41	: Waiting For Audio
02-Aug-2022/12:27:42	: Waiting ScreenRecord
02-Aug-2022/12:27:42	: Waiting For Audio
02-Aug-2022/12:27:43	: Waiting ScreenRecord
02-Aug-2022/12:27:43	: Waiting For Audio
02-Aug-2022/12:27:44	: Waiting ScreenRecord
02-Aug-2022/12:27:44	: Waiting For Audio
02-Aug-2022/12:27:45	: Waiting ScreenRecord
02-Aug-2022/12:27:45	: Waiting For Audio
02-Aug-2022/12:27:46	: Waiting ScreenRecord
02-Aug-2022/12:27:46	: Waiting For Audio
02-Aug-2022/12:27:47	: Capturing Sound
02-Aug-2022/12:34:20	: stop recording call
02-Aug-2022/12:34:20	: start time02-08-2022-12:27:39end time video---02-08-2022-12:34:20file_name9876_1225_9155104987_22_08_02_12_27_46start_time=9876
02-Aug-2022/12:34:21	: encoding finish 394s
02-Aug-2022/12:34:21	: Mic Closed
02-Aug-2022/12:34:21	: Done Audio File
02-Aug-2022/12:34:22	: Waiting ScreenRecord
02-Aug-2022/12:34:22	: Waiting For Audio
02-Aug-2022/12:34:23	: Waiting ScreenRecord
02-Aug-2022/12:34:23	: Waiting For Audio
02-Aug-2022/12:34:24	: Waiting ScreenRecord
02-Aug-2022/12:34:24	: Waiting For Audio
02-Aug-2022/12:34:25	: Waiting ScreenRecord
02-Aug-2022/12:34:25	: Waiting For Audio
02-Aug-2022/12:34:26	: Waiting ScreenRecord
02-Aug-2022/12:34:26	: Waiting For Audio
02-Aug-2022/12:34:27	: Waiting ScreenRecord
02-Aug-2022/12:34:27	: Waiting For Audio
02-Aug-2022/12:34:28	: Waiting ScreenRecord
02-Aug-2022/12:34:28	: Waiting For Audio
02-Aug-2022/12:34:29	: Waiting ScreenRecord
02-Aug-2022/12:34:29	: Waiting For Audio
02-Aug-2022/12:34:30	: Waiting ScreenRecord
02-Aug-2022/12:34:30	: Waiting For Audio
02-Aug-2022/12:34:31	: Waiting ScreenRecord
02-Aug-2022/12:34:31	: Waiting For Audio
02-Aug-2022/12:34:32	: Waiting ScreenRecord
02-Aug-2022/12:34:32	: Waiting For Audio
02-Aug-2022/12:34:33	: Waiting ScreenRecord
02-Aug-2022/12:34:33	: Waiting For Audio
02-Aug-2022/12:34:34	: Waiting ScreenRecord
02-Aug-2022/12:34:34	: Waiting For Audio
02-Aug-2022/12:34:35	: Waiting ScreenRecord
02-Aug-2022/12:34:35	: Waiting For Audio
02-Aug-2022/12:34:36	: Waiting ScreenRecord
02-Aug-2022/12:34:36	: Waiting For Audio
02-Aug-2022/12:34:37	: Waiting ScreenRecord
02-Aug-2022/12:34:37	: Waiting For Audio
02-Aug-2022/12:34:38	: Waiting ScreenRecord
02-Aug-2022/12:34:38	: Waiting For Audio
02-Aug-2022/12:34:39	: Waiting ScreenRecord
02-Aug-2022/12:34:39	: Waiting For Audio
02-Aug-2022/12:34:40	: Waiting ScreenRecord
02-Aug-2022/12:34:40	: Waiting For Audio
02-Aug-2022/12:34:41	: Waiting ScreenRecord
02-Aug-2022/12:34:41	: Waiting For Audio
02-Aug-2022/12:34:42	: Waiting ScreenRecord
02-Aug-2022/12:34:42	: Waiting For Audio
02-Aug-2022/12:34:43	: Waiting ScreenRecord
02-Aug-2022/12:34:43	: Waiting For Audio
02-Aug-2022/12:34:44	: Waiting ScreenRecord
02-Aug-2022/12:34:44	: Waiting For Audio
02-Aug-2022/12:34:45	: Waiting ScreenRecord
02-Aug-2022/12:34:45	: Waiting For Audio
02-Aug-2022/12:34:46	: Waiting ScreenRecord
02-Aug-2022/12:34:46	: Waiting For Audio
02-Aug-2022/12:34:47	: Waiting ScreenRecord
02-Aug-2022/12:34:47	: Waiting For Audio
02-Aug-2022/12:34:48	: Waiting ScreenRecord
02-Aug-2022/12:34:48	: Waiting For Audio
02-Aug-2022/12:34:49	: Waiting ScreenRecord
02-Aug-2022/12:34:49	: Waiting For Audio
02-Aug-2022/12:34:50	: Waiting ScreenRecord
02-Aug-2022/12:34:50	: Waiting For Audio
02-Aug-2022/12:34:51	: Waiting ScreenRecord
02-Aug-2022/12:34:51	: Waiting For Audio
02-Aug-2022/12:34:52	: Waiting ScreenRecord
02-Aug-2022/12:34:52	: Waiting For Audio
02-Aug-2022/12:34:53	: Waiting ScreenRecord
02-Aug-2022/12:34:53	: Waiting For Audio
02-Aug-2022/12:34:54	: Waiting ScreenRecord
02-Aug-2022/12:34:54	: Waiting For Audio
02-Aug-2022/12:34:55	: Waiting ScreenRecord
02-Aug-2022/12:34:55	: Waiting For Audio
02-Aug-2022/12:34:56	: Waiting ScreenRecord
02-Aug-2022/12:34:56	: Waiting For Audio
02-Aug-2022/12:34:57	: Waiting ScreenRecord
02-Aug-2022/12:34:57	: Waiting For Audio
02-Aug-2022/12:34:58	: Waiting ScreenRecord
02-Aug-2022/12:34:58	: Waiting For Audio
02-Aug-2022/12:34:59	: Waiting ScreenRecord
02-Aug-2022/12:34:59	: Waiting For Audio
02-Aug-2022/12:35:00	: Waiting ScreenRecord
02-Aug-2022/12:35:00	: Waiting For Audio
02-Aug-2022/12:35:01	: Waiting ScreenRecord
02-Aug-2022/12:35:01	: Waiting For Audio
02-Aug-2022/12:35:02	: Waiting ScreenRecord
02-Aug-2022/12:35:02	: Waiting For Audio
02-Aug-2022/12:35:03	: Waiting ScreenRecord
02-Aug-2022/12:35:03	: Waiting For Audio
02-Aug-2022/12:35:04	: Waiting ScreenRecord
02-Aug-2022/12:35:04	: Waiting For Audio
02-Aug-2022/12:35:05	: Waiting ScreenRecord
02-Aug-2022/12:35:05	: Waiting For Audio
02-Aug-2022/12:35:06	: Waiting ScreenRecord
02-Aug-2022/12:35:06	: Waiting For Audio
02-Aug-2022/12:35:07	: Waiting ScreenRecord
02-Aug-2022/12:35:07	: Waiting For Audio
02-Aug-2022/12:35:08	: Waiting ScreenRecord
02-Aug-2022/12:35:08	: Waiting For Audio
02-Aug-2022/12:35:09	: Waiting ScreenRecord
02-Aug-2022/12:35:09	: Waiting For Audio
02-Aug-2022/12:35:10	: Waiting ScreenRecord
02-Aug-2022/12:35:10	: Waiting For Audio
02-Aug-2022/12:35:11	: Waiting ScreenRecord
02-Aug-2022/12:35:11	: Waiting For Audio
02-Aug-2022/12:35:12	: Waiting ScreenRecord
02-Aug-2022/12:35:12	: Waiting For Audio
02-Aug-2022/12:35:13	: Waiting ScreenRecord
02-Aug-2022/12:35:13	: Waiting For Audio
02-Aug-2022/12:35:14	: Waiting ScreenRecord
02-Aug-2022/12:35:14	: Waiting For Audio
02-Aug-2022/12:35:15	: Waiting ScreenRecord
02-Aug-2022/12:35:15	: Waiting For Audio
02-Aug-2022/12:35:16	: Waiting ScreenRecord
02-Aug-2022/12:35:16	: Waiting For Audio
02-Aug-2022/12:35:17	: Waiting ScreenRecord
02-Aug-2022/12:35:17	: Waiting For Audio
02-Aug-2022/12:35:18	: Waiting ScreenRecord
02-Aug-2022/12:35:18	: Waiting For Audio
02-Aug-2022/12:35:19	: Waiting For Audio
02-Aug-2022/12:35:19	: Waiting ScreenRecord
02-Aug-2022/12:35:20	: Waiting ScreenRecord
02-Aug-2022/12:35:20	: Waiting For Audio
02-Aug-2022/12:35:21	: Waiting For Audio
02-Aug-2022/12:35:21	: Waiting ScreenRecord
02-Aug-2022/12:35:22	: Waiting ScreenRecord
02-Aug-2022/12:35:22	: Waiting For Audio
02-Aug-2022/12:35:23	: Waiting ScreenRecord
02-Aug-2022/12:35:23	: Waiting For Audio
02-Aug-2022/12:35:24	: Waiting ScreenRecord
02-Aug-2022/12:35:24	: Waiting For Audio
02-Aug-2022/12:35:25	: Waiting For Audio
02-Aug-2022/12:35:25	: Waiting ScreenRecord
02-Aug-2022/12:35:26	: Waiting For Audio
02-Aug-2022/12:35:26	: Waiting ScreenRecord
02-Aug-2022/12:35:27	: Waiting For Audio
02-Aug-2022/12:35:27	: Waiting ScreenRecord
02-Aug-2022/12:35:28	: Waiting ScreenRecord
02-Aug-2022/12:35:28	: Waiting For Audio
02-Aug-2022/12:35:29	: Waiting ScreenRecord
02-Aug-2022/12:35:29	: Waiting For Audio
02-Aug-2022/12:35:30	: Waiting For Audio
02-Aug-2022/12:35:30	: Waiting ScreenRecord
02-Aug-2022/12:35:31	: Waiting For Audio
02-Aug-2022/12:35:31	: Waiting ScreenRecord
02-Aug-2022/12:35:32	: Waiting ScreenRecord
02-Aug-2022/12:35:32	: Waiting For Audio
02-Aug-2022/12:35:33	: Waiting ScreenRecord
02-Aug-2022/12:35:33	: Waiting For Audio
02-Aug-2022/12:35:34	: Waiting For Audio
02-Aug-2022/12:35:34	: Waiting ScreenRecord
02-Aug-2022/12:35:35	: Waiting ScreenRecord
02-Aug-2022/12:35:35	: Waiting For Audio
02-Aug-2022/12:35:36	: Waiting ScreenRecord
02-Aug-2022/12:35:36	: Waiting For Audio
02-Aug-2022/12:35:37	: Waiting For Audio
02-Aug-2022/12:35:37	: Waiting ScreenRecord
02-Aug-2022/12:35:38	: Waiting ScreenRecord
02-Aug-2022/12:35:38	: Waiting For Audio
02-Aug-2022/12:35:39	: Waiting ScreenRecord
02-Aug-2022/12:35:39	: Waiting For Audio
02-Aug-2022/12:35:40	: Waiting For Audio
02-Aug-2022/12:35:40	: Waiting ScreenRecord
02-Aug-2022/12:35:41	: Waiting For Audio
02-Aug-2022/12:35:41	: Waiting ScreenRecord
02-Aug-2022/12:35:42	: Waiting For Audio
02-Aug-2022/12:35:42	: Waiting ScreenRecord
02-Aug-2022/12:35:43	: Waiting ScreenRecord
02-Aug-2022/12:35:43	: Waiting For Audio
02-Aug-2022/12:35:44	: Waiting ScreenRecord
02-Aug-2022/12:35:44	: Waiting For Audio
02-Aug-2022/12:35:45	: Waiting ScreenRecord
02-Aug-2022/12:35:45	: Waiting For Audio
02-Aug-2022/12:35:46	: Waiting ScreenRecord
02-Aug-2022/12:35:46	: Waiting For Audio
02-Aug-2022/12:35:47	: Waiting ScreenRecord
02-Aug-2022/12:35:47	: Waiting For Audio
02-Aug-2022/12:35:48	: Waiting ScreenRecord
02-Aug-2022/12:35:48	: Waiting For Audio
02-Aug-2022/12:35:49	: Waiting ScreenRecord
02-Aug-2022/12:35:49	: Waiting For Audio
02-Aug-2022/12:35:50	: Waiting ScreenRecord
02-Aug-2022/12:35:50	: Waiting For Audio
02-Aug-2022/12:35:51	: Waiting ScreenRecord
02-Aug-2022/12:35:51	: Waiting For Audio
02-Aug-2022/12:35:52	: Waiting ScreenRecord
02-Aug-2022/12:35:52	: Waiting For Audio
02-Aug-2022/12:35:53	: Waiting ScreenRecord
02-Aug-2022/12:35:53	: Waiting For Audio
02-Aug-2022/12:35:54	: Waiting ScreenRecord
02-Aug-2022/12:35:54	: Waiting For Audio
02-Aug-2022/12:35:55	: Waiting ScreenRecord
02-Aug-2022/12:35:55	: Waiting For Audio
02-Aug-2022/12:35:56	: Waiting ScreenRecord
02-Aug-2022/12:35:56	: Waiting For Audio
02-Aug-2022/12:35:57	: Waiting ScreenRecord
02-Aug-2022/12:35:57	: Waiting For Audio
02-Aug-2022/12:35:58	: Waiting ScreenRecord
02-Aug-2022/12:35:58	: Waiting For Audio
02-Aug-2022/12:35:59	: Waiting ScreenRecord
02-Aug-2022/12:35:59	: Waiting For Audio
02-Aug-2022/12:36:00	: Waiting ScreenRecord
02-Aug-2022/12:36:00	: Waiting For Audio
02-Aug-2022/12:36:01	: Waiting ScreenRecord
02-Aug-2022/12:36:01	: Waiting For Audio
02-Aug-2022/12:36:02	: Waiting ScreenRecord
02-Aug-2022/12:36:02	: Waiting For Audio
02-Aug-2022/12:36:03	: Waiting ScreenRecord
02-Aug-2022/12:36:03	: Waiting For Audio
02-Aug-2022/12:36:04	: Waiting ScreenRecord
02-Aug-2022/12:36:04	: Waiting For Audio
02-Aug-2022/12:36:05	: Waiting ScreenRecord
02-Aug-2022/12:36:05	: Waiting For Audio
02-Aug-2022/12:36:06	: Waiting ScreenRecord
02-Aug-2022/12:36:06	: Waiting For Audio
02-Aug-2022/12:36:07	: Waiting ScreenRecord
02-Aug-2022/12:36:07	: Waiting For Audio
02-Aug-2022/12:36:08	: Waiting ScreenRecord
02-Aug-2022/12:36:09	: Waiting For Audio
02-Aug-2022/12:36:09	: Waiting ScreenRecord
02-Aug-2022/12:36:10	: Waiting For Audio
02-Aug-2022/12:36:10	: Waiting ScreenRecord
02-Aug-2022/12:36:11	: Waiting For Audio
02-Aug-2022/12:36:11	: Waiting ScreenRecord
02-Aug-2022/12:36:12	: Waiting For Audio
02-Aug-2022/12:36:13	: Waiting ScreenRecord
02-Aug-2022/12:36:13	: Waiting For Audio
02-Aug-2022/12:36:14	: Waiting ScreenRecord
02-Aug-2022/12:36:14	: Waiting For Audio
02-Aug-2022/12:36:15	: Waiting ScreenRecord
02-Aug-2022/12:36:15	: Waiting For Audio
02-Aug-2022/12:36:16	: Waiting ScreenRecord
02-Aug-2022/12:36:16	: Waiting For Audio
02-Aug-2022/12:36:17	: Waiting ScreenRecord
02-Aug-2022/12:36:17	: Waiting For Audio
02-Aug-2022/12:36:18	: Waiting ScreenRecord
02-Aug-2022/12:36:18	: Waiting For Audio
02-Aug-2022/12:36:19	: Waiting ScreenRecord
02-Aug-2022/12:36:19	: Waiting For Audio
02-Aug-2022/12:36:20	: Waiting ScreenRecord
02-Aug-2022/12:36:20	: Waiting For Audio
02-Aug-2022/12:36:21	: Waiting ScreenRecord
02-Aug-2022/12:36:21	: Waiting For Audio
02-Aug-2022/12:36:22	: Waiting ScreenRecord
02-Aug-2022/12:36:22	: Waiting For Audio
02-Aug-2022/12:36:23	: Waiting ScreenRecord
02-Aug-2022/12:36:23	: Waiting For Audio
02-Aug-2022/12:36:24	: Waiting ScreenRecord
02-Aug-2022/12:36:24	: Waiting For Audio
02-Aug-2022/12:36:25	: Waiting ScreenRecord
02-Aug-2022/12:36:25	: Waiting For Audio
02-Aug-2022/12:36:26	: Waiting ScreenRecord
02-Aug-2022/12:36:26	: Waiting For Audio
02-Aug-2022/12:36:27	: Waiting ScreenRecord
02-Aug-2022/12:36:27	: Waiting For Audio
02-Aug-2022/12:36:28	: Waiting ScreenRecord
02-Aug-2022/12:36:28	: Waiting For Audio
02-Aug-2022/12:36:29	: Waiting ScreenRecord
02-Aug-2022/12:36:29	: Waiting For Audio
02-Aug-2022/12:36:30	: Waiting ScreenRecord
02-Aug-2022/12:36:30	: Waiting For Audio
02-Aug-2022/12:36:31	: Waiting ScreenRecord
02-Aug-2022/12:36:31	: Waiting For Audio
02-Aug-2022/12:36:32	: Waiting ScreenRecord
02-Aug-2022/12:36:32	: Waiting For Audio
02-Aug-2022/12:36:33	: Waiting ScreenRecord
02-Aug-2022/12:36:33	: Waiting For Audio
02-Aug-2022/12:36:34	: Waiting ScreenRecord
02-Aug-2022/12:36:34	: Waiting For Audio
02-Aug-2022/12:36:35	: Waiting ScreenRecord
02-Aug-2022/12:36:35	: Waiting For Audio
02-Aug-2022/12:36:36	: Waiting ScreenRecord
02-Aug-2022/12:36:36	: Waiting For Audio
02-Aug-2022/12:36:37	: Waiting ScreenRecord
02-Aug-2022/12:36:37	: Waiting For Audio
02-Aug-2022/12:36:38	: Waiting ScreenRecord
02-Aug-2022/12:36:38	: Waiting For Audio
02-Aug-2022/12:36:39	: Waiting ScreenRecord
02-Aug-2022/12:36:39	: Waiting For Audio
02-Aug-2022/12:36:40	: Waiting ScreenRecord
02-Aug-2022/12:36:40	: Waiting For Audio
02-Aug-2022/12:36:41	: Waiting ScreenRecord
02-Aug-2022/12:36:41	: Waiting For Audio
02-Aug-2022/12:36:42	: Waiting ScreenRecord
02-Aug-2022/12:36:42	: Waiting For Audio
02-Aug-2022/12:36:43	: Waiting ScreenRecord
02-Aug-2022/12:36:43	: Waiting For Audio
02-Aug-2022/12:36:44	: Waiting ScreenRecord
02-Aug-2022/12:36:44	: Waiting For Audio
02-Aug-2022/12:36:45	: Waiting ScreenRecord
02-Aug-2022/12:36:45	: Waiting For Audio
02-Aug-2022/12:36:46	: Waiting ScreenRecord
02-Aug-2022/12:36:46	: Waiting For Audio
02-Aug-2022/12:36:47	: Waiting ScreenRecord
02-Aug-2022/12:36:47	: Waiting For Audio
02-Aug-2022/12:36:48	: Waiting ScreenRecord
02-Aug-2022/12:36:48	: Waiting For Audio
02-Aug-2022/12:36:49	: Waiting ScreenRecord
02-Aug-2022/12:36:49	: Waiting For Audio
02-Aug-2022/12:36:50	: Waiting ScreenRecord
02-Aug-2022/12:36:50	: Waiting For Audio
02-Aug-2022/12:36:51	: Waiting ScreenRecord
02-Aug-2022/12:36:51	: Waiting For Audio
02-Aug-2022/12:36:52	: Waiting ScreenRecord
02-Aug-2022/12:36:52	: Waiting For Audio
02-Aug-2022/12:36:53	: Waiting ScreenRecord
02-Aug-2022/12:36:53	: Waiting For Audio
02-Aug-2022/12:36:54	: Waiting ScreenRecord
02-Aug-2022/12:36:54	: Waiting For Audio
02-Aug-2022/12:36:55	: Waiting ScreenRecord
02-Aug-2022/12:36:55	: Waiting For Audio
02-Aug-2022/12:36:56	: Waiting ScreenRecord
02-Aug-2022/12:36:56	: Waiting For Audio
02-Aug-2022/12:36:57	: Waiting ScreenRecord
02-Aug-2022/12:36:57	: Waiting For Audio
02-Aug-2022/12:36:58	: Waiting ScreenRecord
02-Aug-2022/12:36:58	: Waiting For Audio
02-Aug-2022/12:36:59	: Waiting ScreenRecord
02-Aug-2022/12:36:59	: Waiting For Audio
02-Aug-2022/12:37:00	: Waiting ScreenRecord
02-Aug-2022/12:37:00	: Waiting For Audio
02-Aug-2022/12:37:01	: Waiting ScreenRecord
02-Aug-2022/12:37:01	: Waiting For Audio
02-Aug-2022/12:37:02	: Waiting ScreenRecord
02-Aug-2022/12:37:02	: Waiting For Audio
02-Aug-2022/12:37:03	: Waiting ScreenRecord
02-Aug-2022/12:37:03	: Waiting For Audio
02-Aug-2022/12:37:04	: Waiting ScreenRecord
02-Aug-2022/12:37:04	: Waiting For Audio
02-Aug-2022/12:37:05	: Waiting ScreenRecord
02-Aug-2022/12:37:05	: Waiting For Audio
02-Aug-2022/12:37:06	: Waiting ScreenRecord
02-Aug-2022/12:37:06	: Waiting For Audio
02-Aug-2022/12:37:07	: Waiting ScreenRecord
02-Aug-2022/12:37:07	: Waiting For Audio
02-Aug-2022/12:37:08	: Waiting ScreenRecord
02-Aug-2022/12:37:08	: Waiting For Audio
02-Aug-2022/12:37:09	: Waiting ScreenRecord
02-Aug-2022/12:37:09	: Waiting For Audio
02-Aug-2022/12:37:10	: Waiting ScreenRecord
02-Aug-2022/12:37:10	: Waiting For Audio
02-Aug-2022/12:37:11	: Waiting ScreenRecord
02-Aug-2022/12:37:11	: Waiting For Audio
02-Aug-2022/12:37:12	: Waiting ScreenRecord
02-Aug-2022/12:37:12	: Waiting For Audio
02-Aug-2022/12:37:13	: Waiting ScreenRecord
02-Aug-2022/12:37:13	: Waiting For Audio
02-Aug-2022/12:37:14	: Waiting ScreenRecord
02-Aug-2022/12:37:14	: Waiting For Audio
02-Aug-2022/12:37:15	: Waiting ScreenRecord
02-Aug-2022/12:37:15	: Waiting For Audio
02-Aug-2022/12:37:16	: Waiting ScreenRecord
02-Aug-2022/12:37:16	: Waiting For Audio
02-Aug-2022/12:37:17	: Waiting ScreenRecord
02-Aug-2022/12:37:17	: Waiting For Audio
02-Aug-2022/12:37:18	: Waiting ScreenRecord
02-Aug-2022/12:37:18	: Waiting For Audio
02-Aug-2022/12:37:19	: Waiting ScreenRecord
02-Aug-2022/12:37:19	: Waiting For Audio
02-Aug-2022/12:37:20	: Waiting ScreenRecord
02-Aug-2022/12:37:20	: Waiting For Audio
02-Aug-2022/12:37:21	: Waiting ScreenRecord
02-Aug-2022/12:37:21	: Waiting For Audio
02-Aug-2022/12:37:22	: Waiting ScreenRecord
02-Aug-2022/12:37:22	: Waiting For Audio
02-Aug-2022/12:37:23	: Waiting ScreenRecord
02-Aug-2022/12:37:23	: Waiting For Audio
02-Aug-2022/12:37:24	: Waiting ScreenRecord
02-Aug-2022/12:37:24	: Waiting For Audio
02-Aug-2022/12:37:25	: Waiting ScreenRecord
02-Aug-2022/12:37:25	: Waiting For Audio
02-Aug-2022/12:37:26	: Waiting ScreenRecord
02-Aug-2022/12:37:26	: Waiting For Audio
02-Aug-2022/12:37:27	: Waiting ScreenRecord
02-Aug-2022/12:37:27	: Waiting For Audio
02-Aug-2022/12:37:28	: Waiting ScreenRecord
02-Aug-2022/12:37:28	: Waiting For Audio
02-Aug-2022/12:37:29	: Waiting ScreenRecord
02-Aug-2022/12:37:29	: Waiting For Audio
02-Aug-2022/12:37:30	: Waiting ScreenRecord
02-Aug-2022/12:37:30	: Waiting For Audio
02-Aug-2022/12:37:31	: Waiting ScreenRecord
02-Aug-2022/12:37:31	: Waiting For Audio
02-Aug-2022/12:37:32	: Waiting ScreenRecord
02-Aug-2022/12:37:32	: Waiting For Audio
02-Aug-2022/12:37:33	: Waiting ScreenRecord
02-Aug-2022/12:37:33	: Waiting For Audio
02-Aug-2022/12:37:34	: Waiting ScreenRecord
02-Aug-2022/12:37:34	: Waiting For Audio
02-Aug-2022/12:37:35	: Waiting ScreenRecord
02-Aug-2022/12:37:35	: Waiting For Audio
02-Aug-2022/12:37:36	: Waiting ScreenRecord
02-Aug-2022/12:37:36	: Waiting For Audio
02-Aug-2022/12:37:37	: Waiting ScreenRecord
02-Aug-2022/12:37:37	: Waiting For Audio
02-Aug-2022/12:37:38	: Waiting ScreenRecord
02-Aug-2022/12:37:38	: Waiting For Audio
02-Aug-2022/12:37:39	: Waiting ScreenRecord
02-Aug-2022/12:37:39	: Waiting For Audio
02-Aug-2022/12:37:40	: Waiting ScreenRecord
02-Aug-2022/12:37:40	: Waiting For Audio
02-Aug-2022/12:37:41	: Waiting ScreenRecord
02-Aug-2022/12:37:41	: Waiting For Audio
02-Aug-2022/12:37:42	: Waiting ScreenRecord
02-Aug-2022/12:37:42	: Waiting For Audio
02-Aug-2022/12:37:43	: Waiting ScreenRecord
02-Aug-2022/12:37:43	: Waiting For Audio
02-Aug-2022/12:37:44	: Waiting ScreenRecord
02-Aug-2022/12:37:44	: Waiting For Audio
02-Aug-2022/12:37:45	: Waiting ScreenRecord
02-Aug-2022/12:37:45	: Waiting For Audio
02-Aug-2022/12:37:46	: Waiting ScreenRecord
02-Aug-2022/12:37:46	: Waiting For Audio
02-Aug-2022/12:37:47	: Waiting ScreenRecord
02-Aug-2022/12:37:47	: Waiting For Audio
02-Aug-2022/12:37:48	: Waiting ScreenRecord
02-Aug-2022/12:37:48	: Waiting For Audio
02-Aug-2022/12:37:49	: Waiting ScreenRecord
02-Aug-2022/12:37:49	: Waiting For Audio
02-Aug-2022/12:37:50	: Waiting ScreenRecord
02-Aug-2022/12:37:50	: Waiting For Audio
02-Aug-2022/12:37:51	: Waiting ScreenRecord
02-Aug-2022/12:37:51	: Waiting For Audio
02-Aug-2022/12:37:52	: Waiting ScreenRecord
02-Aug-2022/12:37:52	: Waiting For Audio
02-Aug-2022/12:37:53	: Waiting ScreenRecord
02-Aug-2022/12:37:53	: Waiting For Audio
02-Aug-2022/12:37:54	: Waiting ScreenRecord
02-Aug-2022/12:37:54	: Waiting For Audio
02-Aug-2022/12:37:55	: Waiting ScreenRecord
02-Aug-2022/12:37:55	: Waiting For Audio
02-Aug-2022/12:37:56	: Waiting ScreenRecord
02-Aug-2022/12:37:56	: Waiting For Audio
02-Aug-2022/12:37:57	: Waiting ScreenRecord
02-Aug-2022/12:37:57	: Waiting For Audio
02-Aug-2022/12:37:58	: Waiting ScreenRecord
02-Aug-2022/12:37:58	: Waiting For Audio
02-Aug-2022/12:37:59	: Waiting ScreenRecord
02-Aug-2022/12:37:59	: Waiting For Audio
02-Aug-2022/12:38:00	: Waiting ScreenRecord
02-Aug-2022/12:38:00	: Waiting For Audio
02-Aug-2022/12:38:01	: Waiting ScreenRecord
02-Aug-2022/12:38:01	: Waiting For Audio
02-Aug-2022/12:38:02	: Waiting ScreenRecord
02-Aug-2022/12:38:02	: Waiting For Audio
02-Aug-2022/12:38:03	: Waiting ScreenRecord
02-Aug-2022/12:38:03	: Waiting For Audio
02-Aug-2022/12:38:04	: Waiting ScreenRecord
02-Aug-2022/12:38:04	: Waiting For Audio
02-Aug-2022/12:38:05	: Waiting ScreenRecord
02-Aug-2022/12:38:05	: Waiting For Audio
02-Aug-2022/12:38:06	: Waiting ScreenRecord
02-Aug-2022/12:38:06	: Waiting For Audio
02-Aug-2022/12:38:07	: Waiting ScreenRecord
02-Aug-2022/12:38:07	: Waiting For Audio
02-Aug-2022/12:38:08	: Waiting ScreenRecord
02-Aug-2022/12:38:08	: Waiting For Audio
02-Aug-2022/12:38:09	: Waiting ScreenRecord
02-Aug-2022/12:38:09	: Waiting For Audio
02-Aug-2022/12:38:10	: Waiting ScreenRecord
02-Aug-2022/12:38:10	: Waiting For Audio
02-Aug-2022/12:38:11	: Waiting ScreenRecord
02-Aug-2022/12:38:11	: Waiting For Audio
02-Aug-2022/12:38:12	: Waiting ScreenRecord
02-Aug-2022/12:38:12	: Waiting For Audio
02-Aug-2022/12:40:35	: Soundrecording!!!!.... Thread start 
02-Aug-2022/12:40:35	: Recording Initialized .... Mic open
02-Aug-2022/12:40:36	: Waiting ScreenRecord
02-Aug-2022/12:40:36	: Waiting For Audio
02-Aug-2022/12:40:37	: Waiting ScreenRecord
02-Aug-2022/12:40:38	: Waiting For Audio
02-Aug-2022/12:40:38	: Waiting ScreenRecord
02-Aug-2022/12:40:39	: Waiting For Audio
02-Aug-2022/12:40:39	: Waiting ScreenRecord
02-Aug-2022/12:40:40	: Waiting For Audio
02-Aug-2022/12:40:41	: Waiting ScreenRecord
02-Aug-2022/12:40:41	: Waiting For Audio
02-Aug-2022/12:40:42	: Waiting For Audio
02-Aug-2022/12:40:42	: Waiting ScreenRecord
02-Aug-2022/12:40:43	: Waiting For Audio
02-Aug-2022/12:40:43	: Waiting ScreenRecord
02-Aug-2022/12:40:44	: Waiting ScreenRecord
02-Aug-2022/12:40:44	: Waiting For Audio
02-Aug-2022/12:40:45	: Waiting ScreenRecord
02-Aug-2022/12:40:45	: Waiting For Audio
02-Aug-2022/12:40:46	: Waiting ScreenRecord
02-Aug-2022/12:40:46	: Waiting For Audio
02-Aug-2022/12:40:47	: Waiting For Audio
02-Aug-2022/12:40:47	: Waiting ScreenRecord
02-Aug-2022/12:40:48	: Waiting For Audio
02-Aug-2022/12:40:48	: Waiting ScreenRecord
02-Aug-2022/12:40:49	: Waiting For Audio
02-Aug-2022/12:40:49	: Waiting ScreenRecord
02-Aug-2022/12:40:50	: Waiting For Audio
02-Aug-2022/12:40:50	: Waiting ScreenRecord
02-Aug-2022/12:40:51	: Waiting For Audio
02-Aug-2022/12:40:51	: Waiting ScreenRecord
02-Aug-2022/12:40:52	: Waiting For Audio
02-Aug-2022/12:40:52	: Waiting ScreenRecord
02-Aug-2022/12:40:53	: Waiting For Audio
02-Aug-2022/12:40:53	: Waiting ScreenRecord
02-Aug-2022/12:40:54	: Waiting For Audio
02-Aug-2022/12:40:54	: Waiting ScreenRecord
02-Aug-2022/12:40:55	: Waiting For Audio
02-Aug-2022/12:40:55	: Waiting ScreenRecord
02-Aug-2022/12:40:56	: Waiting ScreenRecord
02-Aug-2022/12:40:56	: Waiting For Audio
02-Aug-2022/12:40:57	: Waiting For Audio
02-Aug-2022/12:40:57	: Waiting ScreenRecord
02-Aug-2022/12:40:58	: Waiting For Audio
02-Aug-2022/12:40:58	: Waiting ScreenRecord
02-Aug-2022/12:40:59	: Waiting For Audio
02-Aug-2022/12:40:59	: Waiting ScreenRecord
02-Aug-2022/12:41:00	: Waiting ScreenRecord
02-Aug-2022/12:41:00	: Waiting For Audio
02-Aug-2022/12:41:01	: Waiting ScreenRecord
02-Aug-2022/12:41:01	: Waiting For Audio
02-Aug-2022/12:41:02	: Waiting For Audio
02-Aug-2022/12:41:02	: Waiting ScreenRecord
02-Aug-2022/12:41:03	: Waiting For Audio
02-Aug-2022/12:41:03	: Waiting ScreenRecord
02-Aug-2022/12:41:04	: Waiting For Audio
02-Aug-2022/12:41:04	: Waiting ScreenRecord
02-Aug-2022/12:41:05	: Waiting For Audio
02-Aug-2022/12:41:05	: Waiting ScreenRecord
02-Aug-2022/12:41:06	: Waiting For Audio
02-Aug-2022/12:41:06	: Waiting ScreenRecord
02-Aug-2022/12:41:07	: Waiting For Audio
02-Aug-2022/12:41:07	: Waiting ScreenRecord
02-Aug-2022/12:41:08	: Waiting For Audio
02-Aug-2022/12:41:08	: Waiting ScreenRecord
02-Aug-2022/12:41:09	: Waiting For Audio
02-Aug-2022/12:41:09	: Waiting ScreenRecord
02-Aug-2022/12:41:10	: Waiting ScreenRecord
02-Aug-2022/12:41:10	: Waiting For Audio
02-Aug-2022/12:41:11	: Waiting ScreenRecord
02-Aug-2022/12:41:11	: Waiting For Audio
02-Aug-2022/12:41:12	: Waiting ScreenRecord
02-Aug-2022/12:41:12	: Waiting For Audio
02-Aug-2022/12:41:13	: Waiting ScreenRecord
02-Aug-2022/12:41:13	: Waiting For Audio
02-Aug-2022/12:41:14	: Waiting ScreenRecord
02-Aug-2022/12:41:14	: Waiting For Audio
