02-Aug-2022/15:05:08	: Waiting ScreenRecord
02-Aug-2022/15:05:09	: Waiting ScreenRecord
02-Aug-2022/15:05:10	: Waiting ScreenRecord
02-Aug-2022/15:05:11	: Waiting ScreenRecord
02-Aug-2022/15:05:12	: Waiting ScreenRecord
02-Aug-2022/15:05:13	: Waiting ScreenRecord
02-Aug-2022/15:05:14	: Waiting ScreenRecord
02-Aug-2022/15:05:15	: Waiting ScreenRecord
02-Aug-2022/15:05:16	: Waiting ScreenRecord
02-Aug-2022/15:05:17	: Waiting ScreenRecord
02-Aug-2022/15:05:18	: Waiting ScreenRecord
02-Aug-2022/15:05:19	: Waiting ScreenRecord
02-Aug-2022/15:08:36	: Waiting ScreenRecord
02-Aug-2022/15:08:37	: Waiting ScreenRecord
02-Aug-2022/15:08:38	: Waiting ScreenRecord
02-Aug-2022/15:08:39	: Waiting ScreenRecord
02-Aug-2022/15:08:40	: Waiting ScreenRecord
02-Aug-2022/15:08:41	: Waiting ScreenRecord
02-Aug-2022/15:08:42	: Waiting ScreenRecord
02-Aug-2022/15:08:54	: Waiting ScreenRecord
02-Aug-2022/15:08:55	: Waiting ScreenRecord
02-Aug-2022/15:08:56	: Waiting ScreenRecord
02-Aug-2022/15:08:57	: Waiting ScreenRecord
02-Aug-2022/15:08:58	: Waiting ScreenRecord
02-Aug-2022/15:09:57	: Waiting ScreenRecord
02-Aug-2022/15:09:58	: Waiting ScreenRecord
02-Aug-2022/15:09:59	: Waiting ScreenRecord
02-Aug-2022/15:10:00	: Waiting ScreenRecord
02-Aug-2022/15:10:01	: Waiting ScreenRecord
02-Aug-2022/15:10:02	: Waiting ScreenRecord
02-Aug-2022/15:10:04	: Waiting ScreenRecord
02-Aug-2022/15:10:05	: Waiting ScreenRecord
02-Aug-2022/15:10:06	: Waiting ScreenRecord
02-Aug-2022/15:10:07	: Waiting ScreenRecord
02-Aug-2022/15:10:08	: Waiting ScreenRecord
02-Aug-2022/15:12:48	: stop recording call
02-Aug-2022/15:12:48	: start time02-08-2022-15:09:56end time video---02-08-2022-15:12:48file_name9876_1225_9155104987_22_08_02_15_10_08start_time=9876
02-Aug-2022/15:12:48	: encoding finish 160s
02-Aug-2022/15:12:49	: Waiting ScreenRecord
02-Aug-2022/15:12:50	: Waiting ScreenRecord
02-Aug-2022/15:12:51	: Waiting ScreenRecord
02-Aug-2022/15:12:52	: Waiting ScreenRecord
02-Aug-2022/15:12:53	: Waiting ScreenRecord
02-Aug-2022/15:12:54	: Waiting ScreenRecord
02-Aug-2022/15:12:55	: Waiting ScreenRecord
02-Aug-2022/15:12:56	: Waiting ScreenRecord
02-Aug-2022/15:12:57	: Waiting ScreenRecord
02-Aug-2022/15:12:58	: Waiting ScreenRecord
02-Aug-2022/15:12:59	: Waiting ScreenRecord
02-Aug-2022/15:13:00	: Waiting ScreenRecord
02-Aug-2022/15:13:01	: Waiting ScreenRecord
02-Aug-2022/15:13:02	: Waiting ScreenRecord
02-Aug-2022/15:13:03	: Waiting ScreenRecord
02-Aug-2022/15:13:04	: Waiting ScreenRecord
02-Aug-2022/15:13:05	: Waiting ScreenRecord
02-Aug-2022/15:13:06	: Waiting ScreenRecord
02-Aug-2022/15:13:07	: Waiting ScreenRecord
02-Aug-2022/15:13:08	: Waiting ScreenRecord
02-Aug-2022/15:13:09	: Waiting ScreenRecord
02-Aug-2022/15:13:10	: Waiting ScreenRecord
02-Aug-2022/15:13:11	: Waiting ScreenRecord
02-Aug-2022/15:13:12	: Waiting ScreenRecord
02-Aug-2022/15:13:13	: Waiting ScreenRecord
02-Aug-2022/15:13:14	: Waiting ScreenRecord
02-Aug-2022/15:13:15	: Waiting ScreenRecord
02-Aug-2022/15:13:16	: Waiting ScreenRecord
02-Aug-2022/15:13:17	: Waiting ScreenRecord
02-Aug-2022/15:13:18	: Waiting ScreenRecord
02-Aug-2022/15:13:19	: Waiting ScreenRecord
02-Aug-2022/15:13:20	: Waiting ScreenRecord
02-Aug-2022/15:13:21	: Waiting ScreenRecord
02-Aug-2022/15:13:22	: Waiting ScreenRecord
02-Aug-2022/15:13:23	: Waiting ScreenRecord
02-Aug-2022/15:13:24	: Waiting ScreenRecord
02-Aug-2022/15:13:25	: Waiting ScreenRecord
02-Aug-2022/15:13:26	: Waiting ScreenRecord
02-Aug-2022/15:13:27	: Waiting ScreenRecord
02-Aug-2022/15:13:28	: Waiting ScreenRecord
02-Aug-2022/15:13:29	: Waiting ScreenRecord
02-Aug-2022/15:13:30	: Waiting ScreenRecord
02-Aug-2022/15:13:31	: Waiting ScreenRecord
02-Aug-2022/15:13:32	: Waiting ScreenRecord
02-Aug-2022/15:13:33	: Waiting ScreenRecord
02-Aug-2022/15:13:34	: Waiting ScreenRecord
02-Aug-2022/15:13:35	: Waiting ScreenRecord
02-Aug-2022/15:13:36	: Waiting ScreenRecord
02-Aug-2022/15:13:37	: Waiting ScreenRecord
02-Aug-2022/15:13:38	: Waiting ScreenRecord
02-Aug-2022/15:13:39	: Waiting ScreenRecord
02-Aug-2022/15:13:41	: Waiting ScreenRecord
02-Aug-2022/15:13:42	: Waiting ScreenRecord
02-Aug-2022/15:13:43	: Waiting ScreenRecord
02-Aug-2022/15:13:44	: Waiting ScreenRecord
02-Aug-2022/15:13:45	: Waiting ScreenRecord
02-Aug-2022/15:13:46	: Waiting ScreenRecord
02-Aug-2022/15:13:47	: Waiting ScreenRecord
02-Aug-2022/15:13:48	: Waiting ScreenRecord
02-Aug-2022/15:13:49	: Waiting ScreenRecord
02-Aug-2022/15:13:50	: Waiting ScreenRecord
02-Aug-2022/15:13:51	: Waiting ScreenRecord
02-Aug-2022/15:13:52	: Waiting ScreenRecord
02-Aug-2022/15:13:53	: Waiting ScreenRecord
02-Aug-2022/15:13:54	: Waiting ScreenRecord
02-Aug-2022/15:13:55	: Waiting ScreenRecord
02-Aug-2022/15:13:56	: Waiting ScreenRecord
02-Aug-2022/15:13:57	: Waiting ScreenRecord
02-Aug-2022/15:13:58	: Waiting ScreenRecord
02-Aug-2022/15:13:59	: Waiting ScreenRecord
02-Aug-2022/15:14:00	: Waiting ScreenRecord
02-Aug-2022/15:14:01	: Waiting ScreenRecord
02-Aug-2022/15:14:02	: Waiting ScreenRecord
02-Aug-2022/15:14:03	: Waiting ScreenRecord
02-Aug-2022/15:14:04	: Waiting ScreenRecord
02-Aug-2022/15:14:05	: Waiting ScreenRecord
02-Aug-2022/15:14:06	: Waiting ScreenRecord
02-Aug-2022/15:14:07	: Waiting ScreenRecord
02-Aug-2022/15:14:08	: Waiting ScreenRecord
02-Aug-2022/15:14:09	: Waiting ScreenRecord
02-Aug-2022/15:14:10	: Waiting ScreenRecord
02-Aug-2022/15:14:11	: Waiting ScreenRecord
02-Aug-2022/15:14:12	: Waiting ScreenRecord
02-Aug-2022/15:14:13	: Waiting ScreenRecord
02-Aug-2022/15:14:14	: Waiting ScreenRecord
02-Aug-2022/15:14:15	: Waiting ScreenRecord
02-Aug-2022/15:14:16	: Waiting ScreenRecord
02-Aug-2022/15:14:17	: Waiting ScreenRecord
02-Aug-2022/15:14:18	: Waiting ScreenRecord
02-Aug-2022/15:14:19	: Waiting ScreenRecord
02-Aug-2022/15:14:20	: Waiting ScreenRecord
02-Aug-2022/15:14:21	: Waiting ScreenRecord
02-Aug-2022/15:14:22	: Waiting ScreenRecord
02-Aug-2022/15:14:23	: Waiting ScreenRecord
02-Aug-2022/15:14:24	: Waiting ScreenRecord
02-Aug-2022/15:15:25	: Waiting ScreenRecord
02-Aug-2022/15:15:26	: Waiting ScreenRecord
02-Aug-2022/15:15:27	: Waiting ScreenRecord
02-Aug-2022/15:15:28	: Waiting ScreenRecord
02-Aug-2022/15:15:29	: Waiting ScreenRecord
02-Aug-2022/15:15:30	: Waiting ScreenRecord
02-Aug-2022/15:15:31	: Waiting ScreenRecord
02-Aug-2022/15:15:32	: Waiting ScreenRecord
02-Aug-2022/15:15:33	: Waiting ScreenRecord
02-Aug-2022/15:15:34	: Waiting ScreenRecord
02-Aug-2022/15:15:35	: Waiting ScreenRecord
02-Aug-2022/15:15:36	: Waiting ScreenRecord
02-Aug-2022/15:15:37	: Waiting ScreenRecord
02-Aug-2022/15:15:38	: Waiting ScreenRecord
02-Aug-2022/15:15:39	: Waiting ScreenRecord
02-Aug-2022/15:15:40	: Waiting ScreenRecord
02-Aug-2022/15:15:41	: Waiting ScreenRecord
02-Aug-2022/15:15:42	: Waiting ScreenRecord
02-Aug-2022/15:15:43	: Waiting ScreenRecord
02-Aug-2022/15:15:44	: Waiting ScreenRecord
02-Aug-2022/15:15:45	: Waiting ScreenRecord
02-Aug-2022/15:15:46	: Waiting ScreenRecord
02-Aug-2022/15:15:47	: Waiting ScreenRecord
02-Aug-2022/15:15:48	: Waiting ScreenRecord
02-Aug-2022/15:15:49	: Waiting ScreenRecord
02-Aug-2022/15:15:50	: Waiting ScreenRecord
02-Aug-2022/15:15:51	: Waiting ScreenRecord
02-Aug-2022/15:15:52	: Waiting ScreenRecord
02-Aug-2022/15:15:53	: Waiting ScreenRecord
02-Aug-2022/15:15:54	: Waiting ScreenRecord
02-Aug-2022/15:15:55	: Waiting ScreenRecord
02-Aug-2022/15:15:56	: Waiting ScreenRecord
02-Aug-2022/15:15:57	: Waiting ScreenRecord
02-Aug-2022/15:15:58	: Waiting ScreenRecord
02-Aug-2022/15:15:59	: Waiting ScreenRecord
02-Aug-2022/15:16:00	: Waiting ScreenRecord
02-Aug-2022/15:16:01	: Waiting ScreenRecord
02-Aug-2022/15:16:02	: Waiting ScreenRecord
02-Aug-2022/15:16:03	: Waiting ScreenRecord
02-Aug-2022/15:16:04	: Waiting ScreenRecord
02-Aug-2022/15:16:05	: Waiting ScreenRecord
02-Aug-2022/15:16:06	: Waiting ScreenRecord
02-Aug-2022/15:16:07	: Waiting ScreenRecord
02-Aug-2022/15:16:08	: Waiting ScreenRecord
02-Aug-2022/15:16:09	: Waiting ScreenRecord
02-Aug-2022/15:16:10	: Waiting ScreenRecord
02-Aug-2022/15:16:11	: Waiting ScreenRecord
02-Aug-2022/15:16:12	: Waiting ScreenRecord
02-Aug-2022/15:16:13	: Waiting ScreenRecord
02-Aug-2022/15:16:14	: Waiting ScreenRecord
02-Aug-2022/15:16:15	: Waiting ScreenRecord
02-Aug-2022/15:16:16	: Waiting ScreenRecord
02-Aug-2022/15:16:18	: Waiting ScreenRecord
02-Aug-2022/15:16:19	: Waiting ScreenRecord
02-Aug-2022/15:16:20	: Waiting ScreenRecord
02-Aug-2022/15:16:21	: Waiting ScreenRecord
02-Aug-2022/15:16:22	: Waiting ScreenRecord
02-Aug-2022/15:16:23	: Waiting ScreenRecord
02-Aug-2022/15:16:24	: Waiting ScreenRecord
02-Aug-2022/15:16:25	: Waiting ScreenRecord
02-Aug-2022/15:16:26	: Waiting ScreenRecord
02-Aug-2022/15:16:27	: Waiting ScreenRecord
02-Aug-2022/15:16:28	: Waiting ScreenRecord
02-Aug-2022/15:16:29	: Waiting ScreenRecord
02-Aug-2022/15:16:30	: Waiting ScreenRecord
02-Aug-2022/15:25:57	: Waiting ScreenRecord
02-Aug-2022/15:25:58	: Waiting ScreenRecord
02-Aug-2022/15:25:59	: Waiting ScreenRecord
02-Aug-2022/15:26:00	: Waiting ScreenRecord
02-Aug-2022/15:26:01	: Waiting ScreenRecord
02-Aug-2022/15:26:02	: Waiting ScreenRecord
02-Aug-2022/15:26:03	: Waiting ScreenRecord
02-Aug-2022/15:26:04	: Waiting ScreenRecord
02-Aug-2022/15:26:05	: Waiting ScreenRecord
02-Aug-2022/15:35:19	: Waiting ScreenRecord
02-Aug-2022/15:35:20	: Waiting ScreenRecord
02-Aug-2022/15:35:21	: Waiting ScreenRecord
02-Aug-2022/15:35:22	: Waiting ScreenRecord
02-Aug-2022/15:35:23	: Waiting ScreenRecord
02-Aug-2022/15:35:24	: Waiting ScreenRecord
02-Aug-2022/15:35:25	: Waiting ScreenRecord
02-Aug-2022/15:35:26	: Waiting ScreenRecord
02-Aug-2022/15:35:27	: Waiting ScreenRecord
02-Aug-2022/15:35:28	: Waiting ScreenRecord
02-Aug-2022/15:35:29	: Waiting ScreenRecord
02-Aug-2022/15:35:30	: Waiting ScreenRecord
02-Aug-2022/15:35:31	: Waiting ScreenRecord
02-Aug-2022/15:35:32	: Waiting ScreenRecord
02-Aug-2022/15:35:33	: Waiting ScreenRecord
02-Aug-2022/15:35:34	: Waiting ScreenRecord
02-Aug-2022/15:35:35	: Waiting ScreenRecord
02-Aug-2022/15:35:36	: Waiting ScreenRecord
02-Aug-2022/15:35:37	: Waiting ScreenRecord
02-Aug-2022/15:35:38	: Waiting ScreenRecord
02-Aug-2022/15:35:39	: Waiting ScreenRecord
02-Aug-2022/15:35:40	: Waiting ScreenRecord
02-Aug-2022/15:35:41	: Waiting ScreenRecord
02-Aug-2022/15:35:41	: Waiting ScreenRecord
02-Aug-2022/15:35:42	: Waiting ScreenRecord
02-Aug-2022/15:35:42	: Waiting ScreenRecord
02-Aug-2022/15:35:43	: Waiting ScreenRecord
02-Aug-2022/15:35:43	: Waiting ScreenRecord
02-Aug-2022/15:35:44	: Waiting ScreenRecord
02-Aug-2022/15:35:45	: Waiting ScreenRecord
02-Aug-2022/15:35:45	: Waiting ScreenRecord
02-Aug-2022/15:35:46	: Waiting ScreenRecord
02-Aug-2022/15:35:46	: Waiting ScreenRecord
02-Aug-2022/15:35:47	: Waiting ScreenRecord
02-Aug-2022/15:35:47	: Waiting ScreenRecord
02-Aug-2022/15:35:48	: Waiting ScreenRecord
02-Aug-2022/15:35:48	: Waiting ScreenRecord
02-Aug-2022/15:35:49	: Waiting ScreenRecord
02-Aug-2022/15:35:49	: Waiting ScreenRecord
02-Aug-2022/15:35:50	: Waiting ScreenRecord
02-Aug-2022/15:35:50	: Waiting ScreenRecord
02-Aug-2022/15:35:51	: Waiting ScreenRecord
02-Aug-2022/15:35:51	: Waiting ScreenRecord
02-Aug-2022/15:35:52	: Waiting ScreenRecord
02-Aug-2022/15:35:52	: Waiting ScreenRecord
02-Aug-2022/15:35:53	: Waiting ScreenRecord
02-Aug-2022/15:35:53	: Waiting ScreenRecord
02-Aug-2022/15:35:54	: Waiting ScreenRecord
02-Aug-2022/15:35:54	: Waiting ScreenRecord
02-Aug-2022/15:35:55	: Waiting ScreenRecord
02-Aug-2022/15:35:55	: Waiting ScreenRecord
02-Aug-2022/15:35:56	: Waiting ScreenRecord
02-Aug-2022/15:35:56	: Waiting ScreenRecord
02-Aug-2022/15:35:57	: Waiting ScreenRecord
02-Aug-2022/15:35:57	: Waiting ScreenRecord
02-Aug-2022/15:35:58	: Waiting ScreenRecord
02-Aug-2022/15:35:58	: Waiting ScreenRecord
02-Aug-2022/15:35:59	: Waiting ScreenRecord
02-Aug-2022/15:35:59	: Waiting ScreenRecord
02-Aug-2022/15:36:00	: Waiting ScreenRecord
02-Aug-2022/15:36:00	: Waiting ScreenRecord
02-Aug-2022/15:36:01	: Waiting ScreenRecord
02-Aug-2022/15:36:01	: Waiting ScreenRecord
02-Aug-2022/15:36:02	: Waiting ScreenRecord
02-Aug-2022/15:36:02	: Waiting ScreenRecord
02-Aug-2022/15:36:03	: Waiting ScreenRecord
02-Aug-2022/15:36:03	: Waiting ScreenRecord
02-Aug-2022/15:36:04	: Waiting ScreenRecord
02-Aug-2022/15:36:04	: Waiting ScreenRecord
02-Aug-2022/15:36:05	: Waiting ScreenRecord
02-Aug-2022/15:36:05	: Waiting ScreenRecord
02-Aug-2022/15:36:06	: Waiting ScreenRecord
02-Aug-2022/15:36:06	: Waiting ScreenRecord
02-Aug-2022/15:36:07	: Waiting ScreenRecord
02-Aug-2022/15:36:07	: Waiting ScreenRecord
02-Aug-2022/15:36:08	: Waiting ScreenRecord
02-Aug-2022/15:36:08	: Waiting ScreenRecord
02-Aug-2022/15:36:09	: Waiting ScreenRecord
02-Aug-2022/15:36:09	: Waiting ScreenRecord
02-Aug-2022/15:36:10	: Waiting ScreenRecord
02-Aug-2022/15:36:10	: Waiting ScreenRecord
02-Aug-2022/15:36:11	: Waiting ScreenRecord
02-Aug-2022/15:36:11	: Waiting ScreenRecord
02-Aug-2022/15:36:12	: Waiting ScreenRecord
02-Aug-2022/15:36:12	: Waiting ScreenRecord
02-Aug-2022/15:36:13	: Waiting ScreenRecord
02-Aug-2022/15:36:13	: Waiting ScreenRecord
02-Aug-2022/15:36:14	: Waiting ScreenRecord
02-Aug-2022/15:36:14	: Waiting ScreenRecord
02-Aug-2022/15:36:15	: Waiting ScreenRecord
02-Aug-2022/15:36:15	: Waiting ScreenRecord
02-Aug-2022/15:36:16	: Waiting ScreenRecord
02-Aug-2022/15:36:16	: Waiting ScreenRecord
02-Aug-2022/15:36:17	: Waiting ScreenRecord
02-Aug-2022/15:36:17	: Waiting ScreenRecord
02-Aug-2022/15:36:18	: Waiting ScreenRecord
02-Aug-2022/15:36:18	: Waiting ScreenRecord
02-Aug-2022/15:36:19	: Waiting ScreenRecord
02-Aug-2022/15:36:19	: Waiting ScreenRecord
02-Aug-2022/15:36:20	: Waiting ScreenRecord
02-Aug-2022/15:36:20	: Waiting ScreenRecord
02-Aug-2022/15:36:21	: Waiting ScreenRecord
02-Aug-2022/15:36:21	: Waiting ScreenRecord
02-Aug-2022/15:36:22	: Waiting ScreenRecord
02-Aug-2022/15:36:22	: Waiting ScreenRecord
02-Aug-2022/15:36:23	: Waiting ScreenRecord
02-Aug-2022/15:36:23	: Waiting ScreenRecord
02-Aug-2022/15:36:24	: Waiting ScreenRecord
02-Aug-2022/15:36:24	: Waiting ScreenRecord
02-Aug-2022/15:36:25	: Waiting ScreenRecord
02-Aug-2022/15:36:25	: Waiting ScreenRecord
02-Aug-2022/15:36:26	: Waiting ScreenRecord
02-Aug-2022/15:36:26	: Waiting ScreenRecord
02-Aug-2022/15:36:27	: Waiting ScreenRecord
02-Aug-2022/15:36:27	: Waiting ScreenRecord
02-Aug-2022/15:36:28	: Waiting ScreenRecord
02-Aug-2022/15:36:28	: Waiting ScreenRecord
02-Aug-2022/15:36:29	: Waiting ScreenRecord
02-Aug-2022/15:36:29	: Waiting ScreenRecord
02-Aug-2022/15:36:30	: Waiting ScreenRecord
02-Aug-2022/15:36:30	: Waiting ScreenRecord
02-Aug-2022/15:36:31	: Waiting ScreenRecord
02-Aug-2022/15:36:31	: Waiting ScreenRecord
02-Aug-2022/15:36:32	: Waiting ScreenRecord
02-Aug-2022/15:36:32	: Waiting ScreenRecord
02-Aug-2022/15:36:33	: Waiting ScreenRecord
02-Aug-2022/15:36:33	: Waiting ScreenRecord
02-Aug-2022/15:36:34	: Waiting ScreenRecord
02-Aug-2022/15:36:34	: Waiting ScreenRecord
02-Aug-2022/15:36:35	: Waiting ScreenRecord
02-Aug-2022/15:36:35	: Waiting ScreenRecord
02-Aug-2022/15:36:36	: Waiting ScreenRecord
02-Aug-2022/15:36:36	: Waiting ScreenRecord
02-Aug-2022/15:36:37	: Waiting ScreenRecord
02-Aug-2022/15:36:37	: Waiting ScreenRecord
02-Aug-2022/15:36:38	: Waiting ScreenRecord
02-Aug-2022/15:36:38	: Waiting ScreenRecord
02-Aug-2022/15:36:39	: Waiting ScreenRecord
02-Aug-2022/15:36:39	: Waiting ScreenRecord
02-Aug-2022/15:36:40	: Waiting ScreenRecord
02-Aug-2022/15:36:40	: Waiting ScreenRecord
02-Aug-2022/15:36:41	: Waiting ScreenRecord
02-Aug-2022/15:36:41	: Waiting ScreenRecord
02-Aug-2022/15:36:42	: Waiting ScreenRecord
02-Aug-2022/15:36:43	: Waiting ScreenRecord
02-Aug-2022/15:36:43	: Waiting ScreenRecord
02-Aug-2022/15:36:44	: Waiting ScreenRecord
02-Aug-2022/15:36:44	: Waiting ScreenRecord
02-Aug-2022/15:36:45	: Waiting ScreenRecord
02-Aug-2022/15:36:45	: Waiting ScreenRecord
02-Aug-2022/15:36:46	: Waiting ScreenRecord
02-Aug-2022/15:36:46	: Waiting ScreenRecord
02-Aug-2022/15:36:47	: Waiting ScreenRecord
02-Aug-2022/15:36:47	: Waiting ScreenRecord
02-Aug-2022/15:36:48	: Waiting ScreenRecord
02-Aug-2022/15:36:48	: Waiting ScreenRecord
02-Aug-2022/15:36:49	: Waiting ScreenRecord
02-Aug-2022/15:36:49	: Waiting ScreenRecord
02-Aug-2022/15:36:50	: Waiting ScreenRecord
02-Aug-2022/15:36:50	: Waiting ScreenRecord
02-Aug-2022/15:36:51	: Waiting ScreenRecord
02-Aug-2022/15:36:51	: Waiting ScreenRecord
02-Aug-2022/15:36:52	: Waiting ScreenRecord
02-Aug-2022/15:36:52	: Waiting ScreenRecord
02-Aug-2022/15:36:53	: Waiting ScreenRecord
02-Aug-2022/15:36:53	: Waiting ScreenRecord
02-Aug-2022/15:36:54	: Waiting ScreenRecord
02-Aug-2022/15:36:54	: Waiting ScreenRecord
02-Aug-2022/15:36:55	: Waiting ScreenRecord
02-Aug-2022/15:36:55	: Waiting ScreenRecord
02-Aug-2022/15:36:56	: Waiting ScreenRecord
02-Aug-2022/15:36:56	: Waiting ScreenRecord
02-Aug-2022/15:36:57	: Waiting ScreenRecord
02-Aug-2022/15:36:57	: Waiting ScreenRecord
02-Aug-2022/15:36:58	: Waiting ScreenRecord
02-Aug-2022/15:36:58	: Waiting ScreenRecord
02-Aug-2022/15:36:59	: Waiting ScreenRecord
02-Aug-2022/15:36:59	: Waiting ScreenRecord
02-Aug-2022/15:37:00	: Waiting ScreenRecord
02-Aug-2022/15:37:00	: Waiting ScreenRecord
02-Aug-2022/15:37:01	: Waiting ScreenRecord
02-Aug-2022/15:37:01	: Waiting ScreenRecord
02-Aug-2022/15:37:02	: Waiting ScreenRecord
02-Aug-2022/15:37:02	: Waiting ScreenRecord
02-Aug-2022/15:37:03	: Waiting ScreenRecord
02-Aug-2022/15:37:03	: Waiting ScreenRecord
02-Aug-2022/15:37:04	: Waiting ScreenRecord
02-Aug-2022/15:37:04	: Waiting ScreenRecord
02-Aug-2022/15:37:05	: Waiting ScreenRecord
02-Aug-2022/15:37:05	: Waiting ScreenRecord
02-Aug-2022/15:37:06	: Waiting ScreenRecord
02-Aug-2022/15:37:06	: Waiting ScreenRecord
02-Aug-2022/15:37:07	: Waiting ScreenRecord
02-Aug-2022/15:37:07	: Waiting ScreenRecord
02-Aug-2022/15:37:08	: Waiting ScreenRecord
02-Aug-2022/15:37:08	: Waiting ScreenRecord
02-Aug-2022/15:37:09	: Waiting ScreenRecord
02-Aug-2022/15:37:09	: Waiting ScreenRecord
02-Aug-2022/15:37:10	: Waiting ScreenRecord
02-Aug-2022/15:37:10	: Waiting ScreenRecord
02-Aug-2022/15:37:11	: Waiting ScreenRecord
02-Aug-2022/15:37:11	: Waiting ScreenRecord
02-Aug-2022/15:37:12	: Waiting ScreenRecord
02-Aug-2022/15:37:12	: Waiting ScreenRecord
02-Aug-2022/15:37:13	: Waiting ScreenRecord
02-Aug-2022/15:37:13	: Waiting ScreenRecord
02-Aug-2022/15:37:14	: Waiting ScreenRecord
02-Aug-2022/15:37:14	: Waiting ScreenRecord
02-Aug-2022/15:37:15	: Waiting ScreenRecord
02-Aug-2022/15:37:15	: Waiting ScreenRecord
02-Aug-2022/15:37:16	: Waiting ScreenRecord
02-Aug-2022/15:37:16	: Waiting ScreenRecord
02-Aug-2022/15:37:17	: Waiting ScreenRecord
02-Aug-2022/15:37:17	: Waiting ScreenRecord
02-Aug-2022/15:37:18	: Waiting ScreenRecord
02-Aug-2022/15:37:18	: Waiting ScreenRecord
02-Aug-2022/15:37:19	: Waiting ScreenRecord
02-Aug-2022/15:37:19	: Waiting ScreenRecord
02-Aug-2022/15:37:20	: Waiting ScreenRecord
02-Aug-2022/15:37:20	: Waiting ScreenRecord
02-Aug-2022/15:37:21	: Waiting ScreenRecord
02-Aug-2022/15:37:21	: Waiting ScreenRecord
02-Aug-2022/15:37:22	: Waiting ScreenRecord
02-Aug-2022/15:37:22	: Waiting ScreenRecord
02-Aug-2022/15:37:23	: Waiting ScreenRecord
02-Aug-2022/15:37:23	: Waiting ScreenRecord
02-Aug-2022/15:37:24	: Waiting ScreenRecord
02-Aug-2022/15:37:24	: Waiting ScreenRecord
02-Aug-2022/15:37:25	: Waiting ScreenRecord
02-Aug-2022/15:37:25	: Waiting ScreenRecord
02-Aug-2022/15:37:26	: Waiting ScreenRecord
02-Aug-2022/15:37:26	: Waiting ScreenRecord
02-Aug-2022/15:37:27	: Waiting ScreenRecord
02-Aug-2022/15:37:27	: Waiting ScreenRecord
02-Aug-2022/15:37:28	: Waiting ScreenRecord
02-Aug-2022/15:37:28	: Waiting ScreenRecord
02-Aug-2022/15:37:29	: Waiting ScreenRecord
02-Aug-2022/15:37:29	: Waiting ScreenRecord
02-Aug-2022/15:37:30	: Waiting ScreenRecord
02-Aug-2022/15:37:30	: Waiting ScreenRecord
02-Aug-2022/15:37:31	: Waiting ScreenRecord
02-Aug-2022/15:37:31	: Waiting ScreenRecord
02-Aug-2022/15:37:32	: Waiting ScreenRecord
02-Aug-2022/15:37:32	: Waiting ScreenRecord
02-Aug-2022/15:37:33	: Waiting ScreenRecord
02-Aug-2022/15:37:33	: Waiting ScreenRecord
02-Aug-2022/15:37:34	: Waiting ScreenRecord
02-Aug-2022/15:37:34	: Waiting ScreenRecord
02-Aug-2022/15:37:35	: Waiting ScreenRecord
02-Aug-2022/15:37:35	: Waiting ScreenRecord
02-Aug-2022/15:37:36	: Waiting ScreenRecord
02-Aug-2022/15:37:36	: Waiting ScreenRecord
02-Aug-2022/15:37:37	: Waiting ScreenRecord
02-Aug-2022/15:37:38	: Waiting ScreenRecord
02-Aug-2022/15:37:38	: Waiting ScreenRecord
02-Aug-2022/15:37:39	: Waiting ScreenRecord
02-Aug-2022/15:37:39	: Waiting ScreenRecord
02-Aug-2022/15:37:40	: Waiting ScreenRecord
02-Aug-2022/15:37:40	: Waiting ScreenRecord
02-Aug-2022/15:37:41	: Waiting ScreenRecord
02-Aug-2022/15:37:41	: Waiting ScreenRecord
02-Aug-2022/15:37:42	: Waiting ScreenRecord
02-Aug-2022/15:37:42	: Waiting ScreenRecord
02-Aug-2022/15:37:43	: Waiting ScreenRecord
02-Aug-2022/15:37:43	: Waiting ScreenRecord
02-Aug-2022/15:37:44	: Waiting ScreenRecord
02-Aug-2022/15:37:44	: Waiting ScreenRecord
02-Aug-2022/15:37:45	: Waiting ScreenRecord
02-Aug-2022/15:37:45	: Waiting ScreenRecord
02-Aug-2022/15:37:46	: Waiting ScreenRecord
02-Aug-2022/15:37:46	: Waiting ScreenRecord
02-Aug-2022/15:37:47	: Waiting ScreenRecord
02-Aug-2022/15:37:47	: Waiting ScreenRecord
02-Aug-2022/15:37:48	: Waiting ScreenRecord
02-Aug-2022/15:37:48	: Waiting ScreenRecord
02-Aug-2022/15:37:49	: Waiting ScreenRecord
02-Aug-2022/15:37:49	: Waiting ScreenRecord
02-Aug-2022/15:37:50	: Waiting ScreenRecord
02-Aug-2022/15:37:50	: Waiting ScreenRecord
02-Aug-2022/15:37:51	: Waiting ScreenRecord
02-Aug-2022/15:37:51	: Waiting ScreenRecord
02-Aug-2022/15:37:52	: Waiting ScreenRecord
02-Aug-2022/15:37:52	: Waiting ScreenRecord
02-Aug-2022/15:37:53	: Waiting ScreenRecord
02-Aug-2022/15:37:53	: Waiting ScreenRecord
02-Aug-2022/15:37:54	: Waiting ScreenRecord
02-Aug-2022/15:37:54	: Waiting ScreenRecord
02-Aug-2022/15:37:55	: Waiting ScreenRecord
02-Aug-2022/15:37:55	: Waiting ScreenRecord
02-Aug-2022/15:37:56	: Waiting ScreenRecord
02-Aug-2022/15:37:56	: Waiting ScreenRecord
02-Aug-2022/15:37:57	: Waiting ScreenRecord
02-Aug-2022/15:37:57	: Waiting ScreenRecord
02-Aug-2022/15:37:58	: Waiting ScreenRecord
02-Aug-2022/15:37:58	: Waiting ScreenRecord
02-Aug-2022/15:37:59	: Waiting ScreenRecord
02-Aug-2022/15:37:59	: Waiting ScreenRecord
02-Aug-2022/15:38:00	: Waiting ScreenRecord
02-Aug-2022/15:38:00	: Waiting ScreenRecord
02-Aug-2022/15:38:01	: Waiting ScreenRecord
02-Aug-2022/15:38:01	: Waiting ScreenRecord
02-Aug-2022/15:38:02	: Waiting ScreenRecord
02-Aug-2022/15:38:02	: Waiting ScreenRecord
02-Aug-2022/15:38:03	: Waiting ScreenRecord
02-Aug-2022/15:38:03	: Waiting ScreenRecord
02-Aug-2022/15:38:04	: Waiting ScreenRecord
02-Aug-2022/15:38:04	: Waiting ScreenRecord
02-Aug-2022/15:38:05	: Waiting ScreenRecord
02-Aug-2022/15:38:05	: Waiting ScreenRecord
02-Aug-2022/15:38:06	: Waiting ScreenRecord
02-Aug-2022/15:38:06	: Waiting ScreenRecord
02-Aug-2022/15:38:07	: Waiting ScreenRecord
02-Aug-2022/15:38:07	: Waiting ScreenRecord
02-Aug-2022/15:38:08	: Waiting ScreenRecord
02-Aug-2022/15:38:08	: Waiting ScreenRecord
02-Aug-2022/15:38:09	: Waiting ScreenRecord
02-Aug-2022/15:38:09	: Waiting ScreenRecord
02-Aug-2022/15:38:10	: Waiting ScreenRecord
02-Aug-2022/15:38:10	: Waiting ScreenRecord
02-Aug-2022/15:38:11	: Waiting ScreenRecord
02-Aug-2022/15:38:11	: Waiting ScreenRecord
02-Aug-2022/15:38:12	: Waiting ScreenRecord
02-Aug-2022/15:38:12	: Waiting ScreenRecord
02-Aug-2022/15:38:13	: Waiting ScreenRecord
02-Aug-2022/15:38:13	: Waiting ScreenRecord
02-Aug-2022/15:38:14	: Waiting ScreenRecord
02-Aug-2022/15:38:14	: Waiting ScreenRecord
02-Aug-2022/15:38:15	: Waiting ScreenRecord
02-Aug-2022/15:38:15	: Waiting ScreenRecord
02-Aug-2022/15:38:16	: Waiting ScreenRecord
02-Aug-2022/15:38:16	: Waiting ScreenRecord
02-Aug-2022/15:38:17	: Waiting ScreenRecord
02-Aug-2022/15:38:17	: Waiting ScreenRecord
02-Aug-2022/15:38:18	: Waiting ScreenRecord
02-Aug-2022/15:38:18	: Waiting ScreenRecord
02-Aug-2022/15:38:19	: Waiting ScreenRecord
02-Aug-2022/15:38:19	: Waiting ScreenRecord
02-Aug-2022/15:38:20	: Waiting ScreenRecord
02-Aug-2022/15:38:20	: Waiting ScreenRecord
02-Aug-2022/15:38:21	: Waiting ScreenRecord
02-Aug-2022/15:38:21	: Waiting ScreenRecord
02-Aug-2022/15:38:22	: Waiting ScreenRecord
02-Aug-2022/15:38:22	: Waiting ScreenRecord
02-Aug-2022/15:38:23	: Waiting ScreenRecord
02-Aug-2022/15:38:23	: Waiting ScreenRecord
02-Aug-2022/15:38:24	: Waiting ScreenRecord
02-Aug-2022/15:38:24	: Waiting ScreenRecord
02-Aug-2022/15:38:25	: Waiting ScreenRecord
02-Aug-2022/15:38:25	: Waiting ScreenRecord
02-Aug-2022/15:38:26	: Waiting ScreenRecord
02-Aug-2022/15:38:26	: Waiting ScreenRecord
02-Aug-2022/15:38:27	: Waiting ScreenRecord
02-Aug-2022/15:38:27	: Waiting ScreenRecord
02-Aug-2022/15:38:28	: Waiting ScreenRecord
02-Aug-2022/15:38:28	: Waiting ScreenRecord
02-Aug-2022/15:38:29	: Waiting ScreenRecord
02-Aug-2022/15:38:30	: Waiting ScreenRecord
02-Aug-2022/15:38:30	: Waiting ScreenRecord
02-Aug-2022/15:38:31	: Waiting ScreenRecord
02-Aug-2022/15:38:31	: Waiting ScreenRecord
02-Aug-2022/15:38:32	: Waiting ScreenRecord
02-Aug-2022/15:38:32	: Waiting ScreenRecord
02-Aug-2022/15:38:33	: Waiting ScreenRecord
02-Aug-2022/15:38:33	: Waiting ScreenRecord
02-Aug-2022/15:38:34	: Waiting ScreenRecord
02-Aug-2022/15:38:34	: Waiting ScreenRecord
02-Aug-2022/15:38:35	: Waiting ScreenRecord
02-Aug-2022/15:38:35	: Waiting ScreenRecord
02-Aug-2022/15:38:36	: Waiting ScreenRecord
02-Aug-2022/15:38:36	: Waiting ScreenRecord
02-Aug-2022/15:38:37	: Waiting ScreenRecord
02-Aug-2022/15:38:37	: Waiting ScreenRecord
02-Aug-2022/15:38:38	: Waiting ScreenRecord
02-Aug-2022/15:38:38	: Waiting ScreenRecord
02-Aug-2022/15:38:39	: Waiting ScreenRecord
02-Aug-2022/15:38:39	: Waiting ScreenRecord
02-Aug-2022/15:38:40	: Waiting ScreenRecord
02-Aug-2022/15:38:40	: Waiting ScreenRecord
02-Aug-2022/15:38:41	: Waiting ScreenRecord
02-Aug-2022/15:38:41	: Waiting ScreenRecord
02-Aug-2022/15:38:42	: Waiting ScreenRecord
02-Aug-2022/15:38:42	: Waiting ScreenRecord
02-Aug-2022/15:38:43	: Waiting ScreenRecord
02-Aug-2022/15:38:43	: Waiting ScreenRecord
02-Aug-2022/15:38:44	: Waiting ScreenRecord
02-Aug-2022/15:38:44	: Waiting ScreenRecord
02-Aug-2022/15:38:45	: Waiting ScreenRecord
02-Aug-2022/15:38:45	: Waiting ScreenRecord
02-Aug-2022/15:38:46	: Waiting ScreenRecord
02-Aug-2022/15:38:46	: Waiting ScreenRecord
02-Aug-2022/15:38:47	: Waiting ScreenRecord
02-Aug-2022/15:38:47	: Waiting ScreenRecord
02-Aug-2022/15:38:48	: Waiting ScreenRecord
02-Aug-2022/15:38:48	: Waiting ScreenRecord
02-Aug-2022/15:38:49	: Waiting ScreenRecord
02-Aug-2022/15:38:49	: Waiting ScreenRecord
02-Aug-2022/15:38:50	: Waiting ScreenRecord
02-Aug-2022/15:38:50	: Waiting ScreenRecord
02-Aug-2022/15:38:51	: Waiting ScreenRecord
02-Aug-2022/15:38:51	: Waiting ScreenRecord
02-Aug-2022/15:38:52	: Waiting ScreenRecord
02-Aug-2022/15:38:52	: Waiting ScreenRecord
02-Aug-2022/15:38:53	: Waiting ScreenRecord
02-Aug-2022/15:38:53	: Waiting ScreenRecord
02-Aug-2022/15:38:54	: Waiting ScreenRecord
02-Aug-2022/15:38:54	: Waiting ScreenRecord
02-Aug-2022/15:38:55	: Waiting ScreenRecord
02-Aug-2022/15:38:55	: Waiting ScreenRecord
02-Aug-2022/15:38:56	: Waiting ScreenRecord
02-Aug-2022/15:38:56	: Waiting ScreenRecord
02-Aug-2022/15:38:57	: Waiting ScreenRecord
02-Aug-2022/15:38:57	: Waiting ScreenRecord
02-Aug-2022/15:38:58	: Waiting ScreenRecord
02-Aug-2022/15:38:58	: Waiting ScreenRecord
02-Aug-2022/15:38:59	: Waiting ScreenRecord
02-Aug-2022/15:38:59	: Waiting ScreenRecord
02-Aug-2022/15:39:00	: Waiting ScreenRecord
02-Aug-2022/15:39:00	: Waiting ScreenRecord
02-Aug-2022/15:39:01	: Waiting ScreenRecord
02-Aug-2022/15:39:01	: Waiting ScreenRecord
02-Aug-2022/15:39:02	: Waiting ScreenRecord
02-Aug-2022/15:39:02	: Waiting ScreenRecord
02-Aug-2022/15:39:03	: Waiting ScreenRecord
02-Aug-2022/15:39:03	: Waiting ScreenRecord
02-Aug-2022/15:39:04	: Waiting ScreenRecord
02-Aug-2022/15:39:04	: Waiting ScreenRecord
02-Aug-2022/15:39:05	: Waiting ScreenRecord
02-Aug-2022/15:39:05	: Waiting ScreenRecord
02-Aug-2022/15:39:06	: Waiting ScreenRecord
02-Aug-2022/15:39:06	: Waiting ScreenRecord
02-Aug-2022/15:39:07	: Waiting ScreenRecord
02-Aug-2022/15:39:07	: Waiting ScreenRecord
02-Aug-2022/15:39:08	: Waiting ScreenRecord
02-Aug-2022/15:39:08	: Waiting ScreenRecord
02-Aug-2022/15:39:09	: Waiting ScreenRecord
02-Aug-2022/15:39:09	: Waiting ScreenRecord
02-Aug-2022/15:39:10	: Waiting ScreenRecord
02-Aug-2022/15:39:10	: Waiting ScreenRecord
02-Aug-2022/15:39:11	: Waiting ScreenRecord
02-Aug-2022/15:39:11	: Waiting ScreenRecord
02-Aug-2022/15:39:12	: Waiting ScreenRecord
02-Aug-2022/15:39:12	: Waiting ScreenRecord
02-Aug-2022/15:39:13	: Waiting ScreenRecord
02-Aug-2022/15:39:13	: Waiting ScreenRecord
02-Aug-2022/15:39:14	: Waiting ScreenRecord
02-Aug-2022/15:39:14	: Waiting ScreenRecord
02-Aug-2022/15:39:15	: Waiting ScreenRecord
02-Aug-2022/15:39:15	: Waiting ScreenRecord
02-Aug-2022/15:39:16	: Waiting ScreenRecord
02-Aug-2022/15:39:16	: Waiting ScreenRecord
02-Aug-2022/15:39:17	: Waiting ScreenRecord
02-Aug-2022/15:39:17	: Waiting ScreenRecord
02-Aug-2022/15:39:18	: Waiting ScreenRecord
02-Aug-2022/15:39:18	: Waiting ScreenRecord
02-Aug-2022/15:39:19	: Waiting ScreenRecord
02-Aug-2022/15:39:19	: Waiting ScreenRecord
02-Aug-2022/15:39:20	: Waiting ScreenRecord
02-Aug-2022/15:39:20	: Waiting ScreenRecord
02-Aug-2022/15:39:21	: Waiting ScreenRecord
02-Aug-2022/15:39:21	: Waiting ScreenRecord
02-Aug-2022/15:39:22	: Waiting ScreenRecord
02-Aug-2022/15:39:22	: Waiting ScreenRecord
02-Aug-2022/15:39:23	: Waiting ScreenRecord
02-Aug-2022/15:39:23	: Waiting ScreenRecord
02-Aug-2022/15:39:24	: Waiting ScreenRecord
02-Aug-2022/15:39:24	: Waiting ScreenRecord
02-Aug-2022/15:39:25	: Waiting ScreenRecord
02-Aug-2022/15:39:25	: Waiting ScreenRecord
02-Aug-2022/15:39:26	: Waiting ScreenRecord
02-Aug-2022/15:39:26	: Waiting ScreenRecord
02-Aug-2022/15:39:27	: Waiting ScreenRecord
02-Aug-2022/15:39:27	: Waiting ScreenRecord
02-Aug-2022/15:39:28	: Waiting ScreenRecord
02-Aug-2022/15:39:28	: Waiting ScreenRecord
02-Aug-2022/15:39:29	: Waiting ScreenRecord
02-Aug-2022/15:39:30	: Waiting ScreenRecord
02-Aug-2022/15:39:30	: Waiting ScreenRecord
02-Aug-2022/15:39:31	: Waiting ScreenRecord
02-Aug-2022/15:39:31	: Waiting ScreenRecord
02-Aug-2022/15:39:32	: Waiting ScreenRecord
02-Aug-2022/15:39:32	: Waiting ScreenRecord
02-Aug-2022/15:39:33	: Waiting ScreenRecord
02-Aug-2022/15:39:33	: Waiting ScreenRecord
02-Aug-2022/15:39:34	: Waiting ScreenRecord
02-Aug-2022/15:39:34	: Waiting ScreenRecord
02-Aug-2022/15:39:35	: Waiting ScreenRecord
02-Aug-2022/15:39:35	: Waiting ScreenRecord
02-Aug-2022/15:39:36	: Waiting ScreenRecord
02-Aug-2022/15:39:36	: Waiting ScreenRecord
02-Aug-2022/15:39:37	: Waiting ScreenRecord
02-Aug-2022/15:39:37	: Waiting ScreenRecord
02-Aug-2022/15:39:38	: Waiting ScreenRecord
02-Aug-2022/15:39:38	: Waiting ScreenRecord
02-Aug-2022/15:39:39	: Waiting ScreenRecord
02-Aug-2022/15:39:39	: Waiting ScreenRecord
02-Aug-2022/15:39:40	: Waiting ScreenRecord
02-Aug-2022/15:39:40	: Waiting ScreenRecord
02-Aug-2022/15:39:41	: Waiting ScreenRecord
02-Aug-2022/15:39:41	: Waiting ScreenRecord
02-Aug-2022/15:39:42	: Waiting ScreenRecord
02-Aug-2022/15:39:42	: Waiting ScreenRecord
02-Aug-2022/15:39:43	: Waiting ScreenRecord
02-Aug-2022/15:39:43	: Waiting ScreenRecord
02-Aug-2022/15:39:44	: Waiting ScreenRecord
02-Aug-2022/15:39:44	: Waiting ScreenRecord
02-Aug-2022/15:39:45	: Waiting ScreenRecord
02-Aug-2022/15:39:45	: Waiting ScreenRecord
02-Aug-2022/15:39:46	: Waiting ScreenRecord
02-Aug-2022/15:39:46	: Waiting ScreenRecord
02-Aug-2022/15:39:47	: Waiting ScreenRecord
02-Aug-2022/15:39:47	: Waiting ScreenRecord
02-Aug-2022/15:39:48	: Waiting ScreenRecord
02-Aug-2022/15:39:48	: Waiting ScreenRecord
02-Aug-2022/15:39:49	: Waiting ScreenRecord
02-Aug-2022/15:39:49	: Waiting ScreenRecord
02-Aug-2022/15:39:50	: Waiting ScreenRecord
02-Aug-2022/15:39:50	: Waiting ScreenRecord
02-Aug-2022/15:39:51	: Waiting ScreenRecord
02-Aug-2022/15:39:51	: Waiting ScreenRecord
02-Aug-2022/15:39:52	: Waiting ScreenRecord
02-Aug-2022/15:39:52	: Waiting ScreenRecord
02-Aug-2022/15:39:53	: Waiting ScreenRecord
02-Aug-2022/15:39:53	: Waiting ScreenRecord
02-Aug-2022/15:39:54	: Waiting ScreenRecord
02-Aug-2022/15:39:54	: Waiting ScreenRecord
02-Aug-2022/15:39:55	: Waiting ScreenRecord
02-Aug-2022/15:39:55	: Waiting ScreenRecord
02-Aug-2022/15:39:56	: Waiting ScreenRecord
02-Aug-2022/15:39:56	: Waiting ScreenRecord
02-Aug-2022/15:39:57	: Waiting ScreenRecord
02-Aug-2022/15:39:57	: Waiting ScreenRecord
02-Aug-2022/15:39:58	: Waiting ScreenRecord
02-Aug-2022/15:39:58	: Waiting ScreenRecord
02-Aug-2022/15:39:59	: Waiting ScreenRecord
02-Aug-2022/15:39:59	: Waiting ScreenRecord
02-Aug-2022/15:40:00	: Waiting ScreenRecord
02-Aug-2022/15:40:00	: Waiting ScreenRecord
02-Aug-2022/15:40:01	: Waiting ScreenRecord
02-Aug-2022/15:40:01	: Waiting ScreenRecord
02-Aug-2022/15:40:02	: Waiting ScreenRecord
02-Aug-2022/15:40:02	: Waiting ScreenRecord
02-Aug-2022/15:40:03	: Waiting ScreenRecord
02-Aug-2022/15:40:03	: Waiting ScreenRecord
02-Aug-2022/15:40:04	: Waiting ScreenRecord
02-Aug-2022/15:40:04	: Waiting ScreenRecord
02-Aug-2022/15:40:05	: Waiting ScreenRecord
02-Aug-2022/15:40:05	: Waiting ScreenRecord
02-Aug-2022/15:40:06	: Waiting ScreenRecord
02-Aug-2022/15:40:06	: Waiting ScreenRecord
02-Aug-2022/15:40:07	: Waiting ScreenRecord
02-Aug-2022/15:40:07	: Waiting ScreenRecord
02-Aug-2022/15:40:08	: Waiting ScreenRecord
02-Aug-2022/15:40:08	: Waiting ScreenRecord
02-Aug-2022/15:40:09	: Waiting ScreenRecord
02-Aug-2022/15:40:09	: Waiting ScreenRecord
02-Aug-2022/15:40:10	: Waiting ScreenRecord
02-Aug-2022/15:40:10	: Waiting ScreenRecord
02-Aug-2022/15:40:11	: Waiting ScreenRecord
02-Aug-2022/15:40:11	: Waiting ScreenRecord
02-Aug-2022/15:40:12	: Waiting ScreenRecord
02-Aug-2022/15:40:12	: Waiting ScreenRecord
02-Aug-2022/15:40:13	: Waiting ScreenRecord
02-Aug-2022/15:40:13	: Waiting ScreenRecord
02-Aug-2022/15:40:14	: Waiting ScreenRecord
02-Aug-2022/15:40:14	: Waiting ScreenRecord
02-Aug-2022/15:40:15	: Waiting ScreenRecord
02-Aug-2022/15:40:15	: Waiting ScreenRecord
02-Aug-2022/15:40:16	: Waiting ScreenRecord
02-Aug-2022/15:40:16	: Waiting ScreenRecord
02-Aug-2022/15:40:17	: Waiting ScreenRecord
02-Aug-2022/15:40:17	: Waiting ScreenRecord
02-Aug-2022/15:40:18	: Waiting ScreenRecord
02-Aug-2022/15:40:18	: Waiting ScreenRecord
02-Aug-2022/15:40:19	: Waiting ScreenRecord
02-Aug-2022/15:40:19	: Waiting ScreenRecord
02-Aug-2022/15:40:20	: Waiting ScreenRecord
02-Aug-2022/15:40:20	: Waiting ScreenRecord
02-Aug-2022/15:40:21	: Waiting ScreenRecord
02-Aug-2022/15:40:21	: Waiting ScreenRecord
02-Aug-2022/15:40:22	: Waiting ScreenRecord
02-Aug-2022/15:40:22	: Waiting ScreenRecord
02-Aug-2022/15:40:23	: Waiting ScreenRecord
02-Aug-2022/15:40:23	: Waiting ScreenRecord
02-Aug-2022/15:40:24	: Waiting ScreenRecord
02-Aug-2022/15:40:24	: Waiting ScreenRecord
02-Aug-2022/15:40:25	: Waiting ScreenRecord
02-Aug-2022/15:40:25	: Waiting ScreenRecord
02-Aug-2022/15:40:26	: Waiting ScreenRecord
02-Aug-2022/15:40:26	: Waiting ScreenRecord
02-Aug-2022/15:40:27	: Waiting ScreenRecord
02-Aug-2022/15:40:27	: Waiting ScreenRecord
02-Aug-2022/15:40:28	: Waiting ScreenRecord
02-Aug-2022/15:40:28	: Waiting ScreenRecord
02-Aug-2022/15:40:29	: Waiting ScreenRecord
02-Aug-2022/15:40:30	: Waiting ScreenRecord
02-Aug-2022/15:40:30	: Waiting ScreenRecord
02-Aug-2022/15:40:31	: Waiting ScreenRecord
02-Aug-2022/15:40:31	: Waiting ScreenRecord
02-Aug-2022/15:40:32	: Waiting ScreenRecord
02-Aug-2022/15:40:32	: Waiting ScreenRecord
02-Aug-2022/15:40:33	: Waiting ScreenRecord
02-Aug-2022/15:40:33	: Waiting ScreenRecord
02-Aug-2022/15:40:34	: Waiting ScreenRecord
02-Aug-2022/15:40:34	: Waiting ScreenRecord
02-Aug-2022/15:40:35	: Waiting ScreenRecord
02-Aug-2022/15:40:35	: Waiting ScreenRecord
02-Aug-2022/15:40:36	: Waiting ScreenRecord
02-Aug-2022/15:40:36	: Waiting ScreenRecord
02-Aug-2022/15:40:37	: Waiting ScreenRecord
02-Aug-2022/15:40:37	: Waiting ScreenRecord
02-Aug-2022/15:40:38	: Waiting ScreenRecord
02-Aug-2022/15:40:38	: Waiting ScreenRecord
02-Aug-2022/15:40:39	: Waiting ScreenRecord
02-Aug-2022/15:40:39	: Waiting ScreenRecord
02-Aug-2022/15:40:40	: Waiting ScreenRecord
02-Aug-2022/15:40:40	: Waiting ScreenRecord
02-Aug-2022/15:40:41	: Waiting ScreenRecord
02-Aug-2022/15:40:41	: Waiting ScreenRecord
02-Aug-2022/15:40:42	: Waiting ScreenRecord
02-Aug-2022/15:40:42	: Waiting ScreenRecord
02-Aug-2022/15:40:43	: Waiting ScreenRecord
02-Aug-2022/15:40:43	: Waiting ScreenRecord
02-Aug-2022/15:40:44	: Waiting ScreenRecord
02-Aug-2022/15:40:44	: Waiting ScreenRecord
02-Aug-2022/15:40:45	: Waiting ScreenRecord
02-Aug-2022/15:40:45	: Waiting ScreenRecord
02-Aug-2022/15:40:46	: Waiting ScreenRecord
02-Aug-2022/15:40:46	: Waiting ScreenRecord
02-Aug-2022/15:40:47	: Waiting ScreenRecord
02-Aug-2022/15:40:47	: Waiting ScreenRecord
02-Aug-2022/15:40:48	: Waiting ScreenRecord
02-Aug-2022/15:40:48	: Waiting ScreenRecord
02-Aug-2022/15:40:49	: Waiting ScreenRecord
02-Aug-2022/15:40:49	: Waiting ScreenRecord
02-Aug-2022/15:40:50	: Waiting ScreenRecord
02-Aug-2022/15:40:50	: Waiting ScreenRecord
02-Aug-2022/15:40:51	: Waiting ScreenRecord
02-Aug-2022/15:40:51	: Waiting ScreenRecord
02-Aug-2022/15:40:52	: Waiting ScreenRecord
02-Aug-2022/15:40:52	: Waiting ScreenRecord
02-Aug-2022/15:40:53	: Waiting ScreenRecord
02-Aug-2022/15:40:53	: Waiting ScreenRecord
02-Aug-2022/15:40:54	: Waiting ScreenRecord
02-Aug-2022/15:40:54	: Waiting ScreenRecord
02-Aug-2022/15:40:55	: Waiting ScreenRecord
02-Aug-2022/15:40:55	: Waiting ScreenRecord
02-Aug-2022/15:40:56	: Waiting ScreenRecord
02-Aug-2022/15:40:56	: Waiting ScreenRecord
02-Aug-2022/15:40:57	: Waiting ScreenRecord
02-Aug-2022/15:40:57	: Waiting ScreenRecord
02-Aug-2022/15:40:58	: Waiting ScreenRecord
02-Aug-2022/15:40:58	: Waiting ScreenRecord
02-Aug-2022/15:40:59	: Waiting ScreenRecord
02-Aug-2022/15:40:59	: Waiting ScreenRecord
02-Aug-2022/15:41:00	: Waiting ScreenRecord
02-Aug-2022/15:41:00	: Waiting ScreenRecord
02-Aug-2022/15:41:01	: Waiting ScreenRecord
02-Aug-2022/15:41:01	: Waiting ScreenRecord
02-Aug-2022/15:41:02	: Waiting ScreenRecord
02-Aug-2022/15:41:02	: Waiting ScreenRecord
02-Aug-2022/15:41:03	: Waiting ScreenRecord
02-Aug-2022/15:41:03	: Waiting ScreenRecord
02-Aug-2022/15:41:04	: Waiting ScreenRecord
02-Aug-2022/15:41:04	: Waiting ScreenRecord
02-Aug-2022/15:41:05	: Waiting ScreenRecord
02-Aug-2022/15:41:05	: Waiting ScreenRecord
02-Aug-2022/15:41:06	: Waiting ScreenRecord
02-Aug-2022/15:41:06	: Waiting ScreenRecord
02-Aug-2022/15:41:07	: Waiting ScreenRecord
02-Aug-2022/15:41:07	: Waiting ScreenRecord
02-Aug-2022/15:41:08	: Waiting ScreenRecord
02-Aug-2022/15:41:08	: Waiting ScreenRecord
02-Aug-2022/15:41:09	: Waiting ScreenRecord
02-Aug-2022/15:41:09	: Waiting ScreenRecord
02-Aug-2022/15:41:10	: Waiting ScreenRecord
02-Aug-2022/15:41:10	: Waiting ScreenRecord
02-Aug-2022/15:41:11	: Waiting ScreenRecord
02-Aug-2022/15:41:11	: Waiting ScreenRecord
02-Aug-2022/15:41:12	: Waiting ScreenRecord
02-Aug-2022/15:41:12	: Waiting ScreenRecord
02-Aug-2022/15:41:13	: Waiting ScreenRecord
02-Aug-2022/15:41:13	: Waiting ScreenRecord
02-Aug-2022/15:41:14	: Waiting ScreenRecord
02-Aug-2022/15:41:14	: Waiting ScreenRecord
02-Aug-2022/15:41:15	: Waiting ScreenRecord
02-Aug-2022/15:41:15	: Waiting ScreenRecord
02-Aug-2022/15:41:16	: Waiting ScreenRecord
02-Aug-2022/15:41:16	: Waiting ScreenRecord
02-Aug-2022/15:41:17	: Waiting ScreenRecord
02-Aug-2022/15:41:17	: Waiting ScreenRecord
02-Aug-2022/15:41:18	: Waiting ScreenRecord
02-Aug-2022/15:41:18	: Waiting ScreenRecord
02-Aug-2022/15:41:19	: Waiting ScreenRecord
02-Aug-2022/15:41:19	: Waiting ScreenRecord
02-Aug-2022/15:41:20	: Waiting ScreenRecord
02-Aug-2022/15:41:20	: Waiting ScreenRecord
02-Aug-2022/15:41:21	: Waiting ScreenRecord
02-Aug-2022/15:41:21	: Waiting ScreenRecord
02-Aug-2022/15:41:22	: Waiting ScreenRecord
02-Aug-2022/15:41:22	: Waiting ScreenRecord
02-Aug-2022/15:41:23	: Waiting ScreenRecord
02-Aug-2022/15:41:23	: Waiting ScreenRecord
02-Aug-2022/15:41:24	: Waiting ScreenRecord
02-Aug-2022/15:41:24	: Waiting ScreenRecord
02-Aug-2022/15:41:25	: Waiting ScreenRecord
02-Aug-2022/15:41:25	: Waiting ScreenRecord
02-Aug-2022/15:41:26	: Waiting ScreenRecord
02-Aug-2022/15:41:26	: Waiting ScreenRecord
02-Aug-2022/15:41:27	: Waiting ScreenRecord
02-Aug-2022/15:41:27	: Waiting ScreenRecord
02-Aug-2022/15:41:28	: Waiting ScreenRecord
02-Aug-2022/15:41:28	: Waiting ScreenRecord
02-Aug-2022/15:41:29	: Waiting ScreenRecord
02-Aug-2022/15:41:29	: Waiting ScreenRecord
02-Aug-2022/15:41:30	: Waiting ScreenRecord
02-Aug-2022/15:41:30	: Waiting ScreenRecord
02-Aug-2022/15:41:31	: Waiting ScreenRecord
02-Aug-2022/15:41:31	: Waiting ScreenRecord
02-Aug-2022/15:41:32	: Waiting ScreenRecord
02-Aug-2022/15:41:33	: Waiting ScreenRecord
02-Aug-2022/15:41:33	: Waiting ScreenRecord
02-Aug-2022/15:41:34	: Waiting ScreenRecord
02-Aug-2022/15:41:34	: Waiting ScreenRecord
02-Aug-2022/15:41:35	: Waiting ScreenRecord
02-Aug-2022/15:41:35	: Waiting ScreenRecord
02-Aug-2022/15:41:36	: Waiting ScreenRecord
02-Aug-2022/15:41:36	: Waiting ScreenRecord
02-Aug-2022/15:41:37	: Waiting ScreenRecord
02-Aug-2022/15:41:37	: Waiting ScreenRecord
02-Aug-2022/15:41:38	: Waiting ScreenRecord
02-Aug-2022/15:41:38	: Waiting ScreenRecord
02-Aug-2022/15:41:39	: Waiting ScreenRecord
02-Aug-2022/15:41:39	: Waiting ScreenRecord
02-Aug-2022/15:41:40	: Waiting ScreenRecord
02-Aug-2022/15:41:40	: Waiting ScreenRecord
02-Aug-2022/15:41:41	: Waiting ScreenRecord
02-Aug-2022/15:41:41	: Waiting ScreenRecord
02-Aug-2022/15:41:42	: Waiting ScreenRecord
02-Aug-2022/15:41:42	: Waiting ScreenRecord
02-Aug-2022/15:41:43	: Waiting ScreenRecord
02-Aug-2022/15:41:43	: Waiting ScreenRecord
02-Aug-2022/15:41:44	: Waiting ScreenRecord
02-Aug-2022/15:41:44	: Waiting ScreenRecord
02-Aug-2022/15:41:45	: Waiting ScreenRecord
02-Aug-2022/15:41:45	: Waiting ScreenRecord
02-Aug-2022/15:41:46	: Waiting ScreenRecord
02-Aug-2022/15:41:46	: Waiting ScreenRecord
02-Aug-2022/15:41:47	: Waiting ScreenRecord
02-Aug-2022/15:41:47	: Waiting ScreenRecord
02-Aug-2022/15:41:48	: Waiting ScreenRecord
02-Aug-2022/15:41:48	: Waiting ScreenRecord
02-Aug-2022/15:41:49	: Waiting ScreenRecord
02-Aug-2022/15:41:49	: Waiting ScreenRecord
02-Aug-2022/15:41:50	: Waiting ScreenRecord
02-Aug-2022/15:41:50	: Waiting ScreenRecord
02-Aug-2022/15:41:51	: Waiting ScreenRecord
02-Aug-2022/15:41:51	: Waiting ScreenRecord
02-Aug-2022/15:41:52	: Waiting ScreenRecord
02-Aug-2022/15:41:52	: Waiting ScreenRecord
02-Aug-2022/15:41:53	: Waiting ScreenRecord
02-Aug-2022/15:41:53	: Waiting ScreenRecord
02-Aug-2022/15:41:54	: Waiting ScreenRecord
02-Aug-2022/15:41:54	: Waiting ScreenRecord
02-Aug-2022/15:41:55	: Waiting ScreenRecord
02-Aug-2022/15:41:55	: Waiting ScreenRecord
02-Aug-2022/15:41:56	: Waiting ScreenRecord
02-Aug-2022/15:41:56	: Waiting ScreenRecord
02-Aug-2022/15:41:57	: Waiting ScreenRecord
02-Aug-2022/15:41:57	: Waiting ScreenRecord
02-Aug-2022/15:41:58	: Waiting ScreenRecord
02-Aug-2022/15:41:58	: Waiting ScreenRecord
02-Aug-2022/15:41:59	: Waiting ScreenRecord
02-Aug-2022/15:41:59	: Waiting ScreenRecord
02-Aug-2022/15:42:00	: Waiting ScreenRecord
02-Aug-2022/15:42:00	: Waiting ScreenRecord
02-Aug-2022/15:42:01	: Waiting ScreenRecord
02-Aug-2022/15:42:01	: Waiting ScreenRecord
02-Aug-2022/15:42:02	: Waiting ScreenRecord
02-Aug-2022/15:42:02	: Waiting ScreenRecord
02-Aug-2022/15:42:03	: Waiting ScreenRecord
02-Aug-2022/15:42:03	: Waiting ScreenRecord
02-Aug-2022/15:42:04	: Waiting ScreenRecord
02-Aug-2022/15:42:04	: Waiting ScreenRecord
02-Aug-2022/15:42:05	: Waiting ScreenRecord
02-Aug-2022/15:42:05	: Waiting ScreenRecord
02-Aug-2022/15:42:06	: Waiting ScreenRecord
02-Aug-2022/15:42:06	: Waiting ScreenRecord
02-Aug-2022/15:42:07	: Waiting ScreenRecord
02-Aug-2022/15:42:07	: Waiting ScreenRecord
02-Aug-2022/15:42:08	: Waiting ScreenRecord
02-Aug-2022/15:42:08	: Waiting ScreenRecord
02-Aug-2022/15:42:09	: Waiting ScreenRecord
02-Aug-2022/15:42:09	: Waiting ScreenRecord
02-Aug-2022/15:42:10	: Waiting ScreenRecord
02-Aug-2022/15:42:10	: Waiting ScreenRecord
02-Aug-2022/15:42:11	: Waiting ScreenRecord
02-Aug-2022/15:42:11	: Waiting ScreenRecord
02-Aug-2022/15:42:12	: Waiting ScreenRecord
02-Aug-2022/15:42:12	: Waiting ScreenRecord
02-Aug-2022/15:42:13	: Waiting ScreenRecord
02-Aug-2022/15:42:13	: Waiting ScreenRecord
02-Aug-2022/15:42:14	: Waiting ScreenRecord
02-Aug-2022/15:42:14	: Waiting ScreenRecord
02-Aug-2022/15:42:15	: Waiting ScreenRecord
02-Aug-2022/15:42:15	: Waiting ScreenRecord
02-Aug-2022/15:42:16	: Waiting ScreenRecord
02-Aug-2022/15:42:16	: Waiting ScreenRecord
02-Aug-2022/15:42:17	: Waiting ScreenRecord
02-Aug-2022/15:42:17	: Waiting ScreenRecord
02-Aug-2022/15:42:18	: Waiting ScreenRecord
02-Aug-2022/15:42:18	: Waiting ScreenRecord
02-Aug-2022/15:42:19	: Waiting ScreenRecord
02-Aug-2022/15:42:19	: Waiting ScreenRecord
02-Aug-2022/15:42:20	: Waiting ScreenRecord
02-Aug-2022/15:42:20	: Waiting ScreenRecord
02-Aug-2022/15:42:21	: Waiting ScreenRecord
02-Aug-2022/15:42:21	: Waiting ScreenRecord
02-Aug-2022/15:42:22	: Waiting ScreenRecord
02-Aug-2022/15:42:22	: Waiting ScreenRecord
02-Aug-2022/15:42:23	: Waiting ScreenRecord
02-Aug-2022/15:42:23	: Waiting ScreenRecord
02-Aug-2022/15:42:24	: Waiting ScreenRecord
02-Aug-2022/15:42:24	: Waiting ScreenRecord
02-Aug-2022/15:42:25	: Waiting ScreenRecord
02-Aug-2022/15:42:26	: Waiting ScreenRecord
02-Aug-2022/15:42:26	: Waiting ScreenRecord
02-Aug-2022/15:42:27	: Waiting ScreenRecord
02-Aug-2022/15:42:27	: Waiting ScreenRecord
02-Aug-2022/15:42:28	: Waiting ScreenRecord
02-Aug-2022/15:42:28	: Waiting ScreenRecord
02-Aug-2022/15:42:29	: Waiting ScreenRecord
02-Aug-2022/15:42:29	: Waiting ScreenRecord
02-Aug-2022/15:42:30	: Waiting ScreenRecord
02-Aug-2022/15:42:30	: Waiting ScreenRecord
02-Aug-2022/15:42:31	: Waiting ScreenRecord
02-Aug-2022/15:42:31	: Waiting ScreenRecord
02-Aug-2022/15:42:32	: Waiting ScreenRecord
02-Aug-2022/15:42:32	: Waiting ScreenRecord
02-Aug-2022/15:42:33	: Waiting ScreenRecord
02-Aug-2022/15:42:33	: Waiting ScreenRecord
02-Aug-2022/15:42:34	: Waiting ScreenRecord
02-Aug-2022/15:42:34	: Waiting ScreenRecord
02-Aug-2022/15:42:35	: Waiting ScreenRecord
02-Aug-2022/15:42:35	: Waiting ScreenRecord
02-Aug-2022/15:42:36	: Waiting ScreenRecord
02-Aug-2022/15:42:36	: Waiting ScreenRecord
02-Aug-2022/15:42:37	: Waiting ScreenRecord
02-Aug-2022/15:42:37	: Waiting ScreenRecord
02-Aug-2022/15:42:38	: Waiting ScreenRecord
02-Aug-2022/15:42:38	: Waiting ScreenRecord
02-Aug-2022/15:42:39	: Waiting ScreenRecord
02-Aug-2022/15:42:39	: Waiting ScreenRecord
02-Aug-2022/15:42:40	: Waiting ScreenRecord
02-Aug-2022/15:42:40	: Waiting ScreenRecord
02-Aug-2022/15:42:41	: Waiting ScreenRecord
02-Aug-2022/15:42:41	: Waiting ScreenRecord
02-Aug-2022/15:42:42	: Waiting ScreenRecord
02-Aug-2022/15:42:42	: Waiting ScreenRecord
02-Aug-2022/15:42:43	: Waiting ScreenRecord
02-Aug-2022/15:42:43	: Waiting ScreenRecord
02-Aug-2022/15:42:44	: Waiting ScreenRecord
02-Aug-2022/15:42:44	: Waiting ScreenRecord
02-Aug-2022/15:42:45	: Waiting ScreenRecord
02-Aug-2022/15:42:45	: Waiting ScreenRecord
02-Aug-2022/15:42:46	: Waiting ScreenRecord
02-Aug-2022/15:42:46	: Waiting ScreenRecord
02-Aug-2022/15:42:47	: Waiting ScreenRecord
02-Aug-2022/15:42:47	: Waiting ScreenRecord
02-Aug-2022/15:42:48	: Waiting ScreenRecord
02-Aug-2022/15:42:48	: Waiting ScreenRecord
02-Aug-2022/15:42:49	: Waiting ScreenRecord
02-Aug-2022/15:42:49	: Waiting ScreenRecord
02-Aug-2022/15:42:50	: Waiting ScreenRecord
02-Aug-2022/15:42:50	: Waiting ScreenRecord
02-Aug-2022/15:42:51	: Waiting ScreenRecord
02-Aug-2022/15:42:51	: Waiting ScreenRecord
02-Aug-2022/15:42:52	: Waiting ScreenRecord
02-Aug-2022/15:42:52	: Waiting ScreenRecord
02-Aug-2022/15:42:53	: Waiting ScreenRecord
02-Aug-2022/15:42:53	: Waiting ScreenRecord
02-Aug-2022/15:42:54	: Waiting ScreenRecord
02-Aug-2022/15:42:54	: Waiting ScreenRecord
02-Aug-2022/15:42:55	: Waiting ScreenRecord
02-Aug-2022/15:42:55	: Waiting ScreenRecord
02-Aug-2022/15:42:56	: Waiting ScreenRecord
02-Aug-2022/15:42:56	: Waiting ScreenRecord
02-Aug-2022/15:42:57	: Waiting ScreenRecord
02-Aug-2022/15:42:57	: Waiting ScreenRecord
02-Aug-2022/15:42:58	: Waiting ScreenRecord
02-Aug-2022/15:42:58	: Waiting ScreenRecord
02-Aug-2022/15:42:59	: Waiting ScreenRecord
02-Aug-2022/15:42:59	: Waiting ScreenRecord
02-Aug-2022/15:43:00	: Waiting ScreenRecord
02-Aug-2022/15:43:00	: Waiting ScreenRecord
02-Aug-2022/15:43:01	: Waiting ScreenRecord
02-Aug-2022/15:43:01	: Waiting ScreenRecord
02-Aug-2022/15:43:02	: Waiting ScreenRecord
02-Aug-2022/15:43:02	: Waiting ScreenRecord
02-Aug-2022/15:43:03	: Waiting ScreenRecord
02-Aug-2022/15:43:03	: Waiting ScreenRecord
02-Aug-2022/15:43:04	: Waiting ScreenRecord
02-Aug-2022/15:43:04	: Waiting ScreenRecord
02-Aug-2022/15:43:05	: Waiting ScreenRecord
02-Aug-2022/15:43:05	: Waiting ScreenRecord
02-Aug-2022/15:43:06	: Waiting ScreenRecord
02-Aug-2022/15:43:06	: Waiting ScreenRecord
02-Aug-2022/15:43:07	: Waiting ScreenRecord
02-Aug-2022/15:43:07	: Waiting ScreenRecord
02-Aug-2022/15:43:08	: Waiting ScreenRecord
02-Aug-2022/15:43:08	: Waiting ScreenRecord
02-Aug-2022/15:43:09	: Waiting ScreenRecord
02-Aug-2022/15:43:09	: Waiting ScreenRecord
02-Aug-2022/15:43:10	: Waiting ScreenRecord
02-Aug-2022/15:43:10	: Waiting ScreenRecord
02-Aug-2022/15:43:11	: Waiting ScreenRecord
02-Aug-2022/15:43:11	: Waiting ScreenRecord
02-Aug-2022/15:43:12	: Waiting ScreenRecord
02-Aug-2022/15:43:12	: Waiting ScreenRecord
02-Aug-2022/15:43:13	: Waiting ScreenRecord
02-Aug-2022/15:43:13	: Waiting ScreenRecord
02-Aug-2022/15:43:14	: Waiting ScreenRecord
02-Aug-2022/15:43:14	: Waiting ScreenRecord
02-Aug-2022/15:43:15	: Waiting ScreenRecord
02-Aug-2022/15:43:15	: Waiting ScreenRecord
02-Aug-2022/15:43:16	: Waiting ScreenRecord
02-Aug-2022/15:43:16	: Waiting ScreenRecord
02-Aug-2022/15:43:17	: Waiting ScreenRecord
02-Aug-2022/15:43:17	: Waiting ScreenRecord
02-Aug-2022/15:43:18	: Waiting ScreenRecord
02-Aug-2022/15:43:18	: Waiting ScreenRecord
02-Aug-2022/15:43:19	: Waiting ScreenRecord
02-Aug-2022/15:43:19	: Waiting ScreenRecord
02-Aug-2022/15:43:20	: Waiting ScreenRecord
02-Aug-2022/15:43:20	: Waiting ScreenRecord
02-Aug-2022/15:43:21	: Waiting ScreenRecord
02-Aug-2022/15:43:21	: Waiting ScreenRecord
02-Aug-2022/15:43:22	: Waiting ScreenRecord
02-Aug-2022/15:43:22	: Waiting ScreenRecord
02-Aug-2022/15:43:23	: Waiting ScreenRecord
02-Aug-2022/15:43:23	: Waiting ScreenRecord
02-Aug-2022/15:43:24	: Waiting ScreenRecord
02-Aug-2022/15:43:24	: Waiting ScreenRecord
02-Aug-2022/15:43:25	: Waiting ScreenRecord
02-Aug-2022/15:43:25	: Waiting ScreenRecord
02-Aug-2022/15:43:26	: Waiting ScreenRecord
02-Aug-2022/15:43:26	: Waiting ScreenRecord
02-Aug-2022/15:43:27	: Waiting ScreenRecord
02-Aug-2022/15:43:27	: Waiting ScreenRecord
02-Aug-2022/15:43:28	: Waiting ScreenRecord
02-Aug-2022/15:43:28	: Waiting ScreenRecord
02-Aug-2022/15:43:29	: Waiting ScreenRecord
02-Aug-2022/15:43:29	: Waiting ScreenRecord
02-Aug-2022/15:43:30	: Waiting ScreenRecord
02-Aug-2022/15:43:30	: Waiting ScreenRecord
02-Aug-2022/15:43:31	: Waiting ScreenRecord
02-Aug-2022/15:43:31	: Waiting ScreenRecord
02-Aug-2022/15:43:32	: Waiting ScreenRecord
02-Aug-2022/15:43:33	: Waiting ScreenRecord
02-Aug-2022/15:43:33	: Waiting ScreenRecord
02-Aug-2022/15:43:34	: Waiting ScreenRecord
02-Aug-2022/15:43:34	: Waiting ScreenRecord
02-Aug-2022/15:43:35	: Waiting ScreenRecord
02-Aug-2022/15:43:35	: Waiting ScreenRecord
02-Aug-2022/15:43:36	: Waiting ScreenRecord
02-Aug-2022/15:43:36	: Waiting ScreenRecord
02-Aug-2022/15:43:37	: Waiting ScreenRecord
02-Aug-2022/15:43:37	: Waiting ScreenRecord
02-Aug-2022/15:43:38	: Waiting ScreenRecord
02-Aug-2022/15:43:38	: Waiting ScreenRecord
02-Aug-2022/15:43:39	: Waiting ScreenRecord
02-Aug-2022/15:43:39	: Waiting ScreenRecord
02-Aug-2022/15:43:40	: Waiting ScreenRecord
02-Aug-2022/15:43:40	: Waiting ScreenRecord
02-Aug-2022/15:43:41	: Waiting ScreenRecord
02-Aug-2022/15:43:41	: Waiting ScreenRecord
02-Aug-2022/15:43:42	: Waiting ScreenRecord
02-Aug-2022/15:43:42	: Waiting ScreenRecord
02-Aug-2022/15:43:43	: Waiting ScreenRecord
02-Aug-2022/15:43:43	: Waiting ScreenRecord
02-Aug-2022/15:43:44	: Waiting ScreenRecord
02-Aug-2022/15:43:44	: Waiting ScreenRecord
02-Aug-2022/15:43:45	: Waiting ScreenRecord
02-Aug-2022/15:43:45	: Waiting ScreenRecord
02-Aug-2022/15:43:46	: Waiting ScreenRecord
02-Aug-2022/15:43:46	: Waiting ScreenRecord
02-Aug-2022/15:43:47	: Waiting ScreenRecord
02-Aug-2022/15:43:47	: Waiting ScreenRecord
02-Aug-2022/15:43:48	: Waiting ScreenRecord
02-Aug-2022/15:43:48	: Waiting ScreenRecord
02-Aug-2022/15:43:49	: Waiting ScreenRecord
02-Aug-2022/15:43:49	: Waiting ScreenRecord
02-Aug-2022/15:43:50	: Waiting ScreenRecord
02-Aug-2022/15:43:50	: Waiting ScreenRecord
02-Aug-2022/15:43:51	: Waiting ScreenRecord
02-Aug-2022/15:43:51	: Waiting ScreenRecord
02-Aug-2022/15:43:52	: Waiting ScreenRecord
02-Aug-2022/15:43:52	: Waiting ScreenRecord
02-Aug-2022/15:43:53	: Waiting ScreenRecord
02-Aug-2022/15:43:53	: Waiting ScreenRecord
02-Aug-2022/15:43:54	: Waiting ScreenRecord
02-Aug-2022/15:43:54	: Waiting ScreenRecord
02-Aug-2022/15:43:55	: Waiting ScreenRecord
02-Aug-2022/15:43:55	: Waiting ScreenRecord
02-Aug-2022/15:43:56	: Waiting ScreenRecord
02-Aug-2022/15:43:56	: Waiting ScreenRecord
02-Aug-2022/15:43:57	: Waiting ScreenRecord
02-Aug-2022/15:43:57	: Waiting ScreenRecord
02-Aug-2022/15:43:58	: Waiting ScreenRecord
02-Aug-2022/15:43:58	: Waiting ScreenRecord
02-Aug-2022/15:43:59	: Waiting ScreenRecord
02-Aug-2022/15:43:59	: Waiting ScreenRecord
02-Aug-2022/15:44:00	: Waiting ScreenRecord
02-Aug-2022/15:44:00	: Waiting ScreenRecord
02-Aug-2022/15:44:01	: Waiting ScreenRecord
02-Aug-2022/15:44:01	: Waiting ScreenRecord
02-Aug-2022/15:44:02	: Waiting ScreenRecord
02-Aug-2022/15:44:02	: Waiting ScreenRecord
02-Aug-2022/15:44:03	: Waiting ScreenRecord
02-Aug-2022/15:44:03	: Waiting ScreenRecord
02-Aug-2022/15:44:04	: Waiting ScreenRecord
02-Aug-2022/15:44:04	: Waiting ScreenRecord
02-Aug-2022/15:44:05	: Waiting ScreenRecord
02-Aug-2022/15:44:05	: Waiting ScreenRecord
02-Aug-2022/15:44:06	: Waiting ScreenRecord
02-Aug-2022/15:44:06	: Waiting ScreenRecord
02-Aug-2022/15:44:07	: Waiting ScreenRecord
02-Aug-2022/15:44:07	: Waiting ScreenRecord
02-Aug-2022/15:44:08	: Waiting ScreenRecord
02-Aug-2022/15:44:08	: Waiting ScreenRecord
02-Aug-2022/15:44:09	: Waiting ScreenRecord
02-Aug-2022/15:44:09	: Waiting ScreenRecord
02-Aug-2022/15:44:10	: Waiting ScreenRecord
02-Aug-2022/15:44:10	: Waiting ScreenRecord
02-Aug-2022/15:44:11	: Waiting ScreenRecord
02-Aug-2022/15:44:11	: Waiting ScreenRecord
02-Aug-2022/15:44:12	: Waiting ScreenRecord
02-Aug-2022/15:44:12	: Waiting ScreenRecord
02-Aug-2022/15:44:13	: Waiting ScreenRecord
02-Aug-2022/15:44:13	: Waiting ScreenRecord
02-Aug-2022/15:44:14	: Waiting ScreenRecord
02-Aug-2022/15:44:14	: Waiting ScreenRecord
02-Aug-2022/15:44:15	: Waiting ScreenRecord
02-Aug-2022/15:44:15	: Waiting ScreenRecord
02-Aug-2022/15:44:16	: Waiting ScreenRecord
02-Aug-2022/15:44:16	: Waiting ScreenRecord
02-Aug-2022/15:44:17	: Waiting ScreenRecord
02-Aug-2022/15:44:17	: Waiting ScreenRecord
02-Aug-2022/15:44:18	: Waiting ScreenRecord
02-Aug-2022/15:44:18	: Waiting ScreenRecord
02-Aug-2022/15:44:19	: Waiting ScreenRecord
02-Aug-2022/15:44:19	: Waiting ScreenRecord
02-Aug-2022/15:44:20	: Waiting ScreenRecord
02-Aug-2022/15:44:20	: Waiting ScreenRecord
02-Aug-2022/15:44:21	: Waiting ScreenRecord
02-Aug-2022/15:44:21	: Waiting ScreenRecord
02-Aug-2022/15:44:22	: Waiting ScreenRecord
02-Aug-2022/15:44:22	: Waiting ScreenRecord
02-Aug-2022/15:44:23	: Waiting ScreenRecord
02-Aug-2022/15:44:23	: Waiting ScreenRecord
02-Aug-2022/15:44:24	: Waiting ScreenRecord
02-Aug-2022/15:44:24	: Waiting ScreenRecord
02-Aug-2022/15:44:25	: Waiting ScreenRecord
02-Aug-2022/15:44:25	: Waiting ScreenRecord
02-Aug-2022/15:44:26	: Waiting ScreenRecord
02-Aug-2022/15:44:26	: Waiting ScreenRecord
02-Aug-2022/15:44:27	: Waiting ScreenRecord
02-Aug-2022/15:44:27	: Waiting ScreenRecord
02-Aug-2022/15:44:28	: Waiting ScreenRecord
02-Aug-2022/15:44:28	: Waiting ScreenRecord
02-Aug-2022/15:44:29	: Waiting ScreenRecord
02-Aug-2022/15:44:29	: Waiting ScreenRecord
02-Aug-2022/15:44:30	: Waiting ScreenRecord
02-Aug-2022/15:44:30	: Waiting ScreenRecord
02-Aug-2022/15:44:31	: Waiting ScreenRecord
02-Aug-2022/15:44:31	: Waiting ScreenRecord
02-Aug-2022/15:44:32	: Waiting ScreenRecord
02-Aug-2022/15:44:32	: Waiting ScreenRecord
02-Aug-2022/15:44:33	: Waiting ScreenRecord
02-Aug-2022/15:44:33	: Waiting ScreenRecord
02-Aug-2022/15:44:34	: Waiting ScreenRecord
02-Aug-2022/15:44:35	: Waiting ScreenRecord
02-Aug-2022/15:44:35	: Waiting ScreenRecord
02-Aug-2022/15:44:36	: Waiting ScreenRecord
02-Aug-2022/15:44:36	: Waiting ScreenRecord
02-Aug-2022/15:44:37	: Waiting ScreenRecord
02-Aug-2022/15:44:37	: Waiting ScreenRecord
02-Aug-2022/15:44:38	: Waiting ScreenRecord
02-Aug-2022/15:44:38	: Waiting ScreenRecord
02-Aug-2022/15:44:39	: Waiting ScreenRecord
02-Aug-2022/15:44:39	: Waiting ScreenRecord
02-Aug-2022/15:44:40	: Waiting ScreenRecord
02-Aug-2022/15:44:40	: Waiting ScreenRecord
02-Aug-2022/15:44:41	: Waiting ScreenRecord
02-Aug-2022/15:44:41	: Waiting ScreenRecord
02-Aug-2022/15:44:42	: Waiting ScreenRecord
02-Aug-2022/15:44:42	: Waiting ScreenRecord
02-Aug-2022/15:44:43	: Waiting ScreenRecord
02-Aug-2022/15:44:43	: Waiting ScreenRecord
02-Aug-2022/15:44:44	: Waiting ScreenRecord
02-Aug-2022/15:44:44	: Waiting ScreenRecord
02-Aug-2022/15:44:45	: Waiting ScreenRecord
02-Aug-2022/15:44:45	: Waiting ScreenRecord
02-Aug-2022/15:44:46	: Waiting ScreenRecord
02-Aug-2022/15:44:46	: Waiting ScreenRecord
02-Aug-2022/15:44:47	: Waiting ScreenRecord
02-Aug-2022/15:44:47	: Waiting ScreenRecord
02-Aug-2022/15:44:48	: Waiting ScreenRecord
02-Aug-2022/15:44:48	: Waiting ScreenRecord
02-Aug-2022/15:44:49	: Waiting ScreenRecord
02-Aug-2022/15:44:49	: Waiting ScreenRecord
02-Aug-2022/15:44:50	: Waiting ScreenRecord
02-Aug-2022/15:44:50	: Waiting ScreenRecord
02-Aug-2022/15:44:51	: Waiting ScreenRecord
02-Aug-2022/15:44:51	: Waiting ScreenRecord
02-Aug-2022/15:44:52	: Waiting ScreenRecord
02-Aug-2022/15:44:52	: Waiting ScreenRecord
02-Aug-2022/15:44:53	: Waiting ScreenRecord
02-Aug-2022/15:44:53	: Waiting ScreenRecord
02-Aug-2022/15:44:54	: Waiting ScreenRecord
02-Aug-2022/15:44:54	: Waiting ScreenRecord
02-Aug-2022/15:44:55	: Waiting ScreenRecord
02-Aug-2022/15:44:55	: Waiting ScreenRecord
02-Aug-2022/15:44:56	: Waiting ScreenRecord
02-Aug-2022/15:44:56	: Waiting ScreenRecord
02-Aug-2022/15:44:57	: Waiting ScreenRecord
02-Aug-2022/15:44:57	: Waiting ScreenRecord
02-Aug-2022/15:44:58	: Waiting ScreenRecord
02-Aug-2022/15:44:58	: Waiting ScreenRecord
02-Aug-2022/15:44:59	: Waiting ScreenRecord
02-Aug-2022/15:44:59	: Waiting ScreenRecord
02-Aug-2022/15:45:00	: Waiting ScreenRecord
02-Aug-2022/15:45:00	: Waiting ScreenRecord
02-Aug-2022/15:45:01	: Waiting ScreenRecord
02-Aug-2022/15:45:01	: Waiting ScreenRecord
02-Aug-2022/15:45:02	: Waiting ScreenRecord
02-Aug-2022/15:45:02	: Waiting ScreenRecord
02-Aug-2022/15:45:03	: Waiting ScreenRecord
02-Aug-2022/15:45:03	: Waiting ScreenRecord
02-Aug-2022/15:45:04	: Waiting ScreenRecord
02-Aug-2022/15:45:04	: Waiting ScreenRecord
02-Aug-2022/15:45:05	: Waiting ScreenRecord
02-Aug-2022/15:45:05	: Waiting ScreenRecord
02-Aug-2022/15:45:06	: Waiting ScreenRecord
02-Aug-2022/15:45:06	: Waiting ScreenRecord
02-Aug-2022/15:45:07	: Waiting ScreenRecord
02-Aug-2022/15:45:07	: Waiting ScreenRecord
02-Aug-2022/15:45:08	: Waiting ScreenRecord
02-Aug-2022/15:45:08	: Waiting ScreenRecord
02-Aug-2022/15:45:09	: Waiting ScreenRecord
02-Aug-2022/15:45:09	: Waiting ScreenRecord
02-Aug-2022/15:45:10	: Waiting ScreenRecord
02-Aug-2022/15:45:10	: Waiting ScreenRecord
02-Aug-2022/15:45:11	: Waiting ScreenRecord
02-Aug-2022/15:45:11	: Waiting ScreenRecord
02-Aug-2022/15:45:12	: Waiting ScreenRecord
02-Aug-2022/15:45:12	: Waiting ScreenRecord
02-Aug-2022/15:45:13	: Waiting ScreenRecord
02-Aug-2022/15:45:13	: Waiting ScreenRecord
02-Aug-2022/15:45:14	: Waiting ScreenRecord
02-Aug-2022/15:45:14	: Waiting ScreenRecord
02-Aug-2022/15:45:15	: Waiting ScreenRecord
02-Aug-2022/15:45:15	: Waiting ScreenRecord
02-Aug-2022/15:45:16	: Waiting ScreenRecord
02-Aug-2022/15:45:16	: Waiting ScreenRecord
02-Aug-2022/15:45:17	: Waiting ScreenRecord
02-Aug-2022/15:45:17	: Waiting ScreenRecord
02-Aug-2022/15:45:18	: Waiting ScreenRecord
02-Aug-2022/15:45:18	: Waiting ScreenRecord
02-Aug-2022/15:45:19	: Waiting ScreenRecord
02-Aug-2022/15:45:19	: Waiting ScreenRecord
02-Aug-2022/15:45:20	: Waiting ScreenRecord
02-Aug-2022/15:48:47	: Waiting ScreenRecord
02-Aug-2022/15:48:48	: Waiting ScreenRecord
02-Aug-2022/15:48:49	: Waiting ScreenRecord
02-Aug-2022/15:48:50	: Waiting ScreenRecord
02-Aug-2022/15:48:51	: Waiting ScreenRecord
02-Aug-2022/15:48:52	: Waiting ScreenRecord
02-Aug-2022/15:48:53	: Waiting ScreenRecord
02-Aug-2022/15:48:54	: Waiting ScreenRecord
02-Aug-2022/15:48:55	: Waiting ScreenRecord
02-Aug-2022/15:48:56	: Waiting ScreenRecord
02-Aug-2022/15:48:57	: Waiting ScreenRecord
02-Aug-2022/15:48:58	: Waiting ScreenRecord
02-Aug-2022/15:48:59	: Waiting ScreenRecord
02-Aug-2022/15:49:00	: Waiting ScreenRecord
02-Aug-2022/15:49:01	: Waiting ScreenRecord
02-Aug-2022/15:49:02	: Waiting ScreenRecord
02-Aug-2022/15:49:03	: Waiting ScreenRecord
02-Aug-2022/15:49:04	: Waiting ScreenRecord
02-Aug-2022/15:49:05	: Waiting ScreenRecord
02-Aug-2022/15:49:06	: Waiting ScreenRecord
02-Aug-2022/15:49:07	: Waiting ScreenRecord
02-Aug-2022/15:55:21	: Waiting ScreenRecord
02-Aug-2022/15:55:22	: Waiting ScreenRecord
02-Aug-2022/15:55:23	: Waiting ScreenRecord
02-Aug-2022/15:55:24	: Waiting ScreenRecord
02-Aug-2022/15:55:25	: Waiting ScreenRecord
02-Aug-2022/15:55:26	: Waiting ScreenRecord
02-Aug-2022/15:55:27	: Waiting ScreenRecord
02-Aug-2022/15:55:28	: Waiting ScreenRecord
02-Aug-2022/15:55:29	: Waiting ScreenRecord
02-Aug-2022/15:55:30	: Waiting ScreenRecord
02-Aug-2022/15:55:31	: Waiting ScreenRecord
02-Aug-2022/15:55:32	: Waiting ScreenRecord
02-Aug-2022/15:55:33	: Waiting ScreenRecord
02-Aug-2022/15:55:34	: Waiting ScreenRecord
02-Aug-2022/15:55:35	: Waiting ScreenRecord
02-Aug-2022/15:55:36	: Waiting ScreenRecord
02-Aug-2022/15:55:37	: Waiting ScreenRecord
02-Aug-2022/15:55:39	: Waiting ScreenRecord
02-Aug-2022/15:55:40	: Waiting ScreenRecord
02-Aug-2022/15:55:41	: Waiting ScreenRecord
02-Aug-2022/15:55:42	: Waiting ScreenRecord
02-Aug-2022/15:55:43	: Waiting ScreenRecord
02-Aug-2022/15:55:44	: Waiting ScreenRecord
02-Aug-2022/15:55:45	: Waiting ScreenRecord
02-Aug-2022/15:55:46	: Waiting ScreenRecord
02-Aug-2022/15:55:47	: Waiting ScreenRecord
02-Aug-2022/15:55:48	: Waiting ScreenRecord
02-Aug-2022/15:55:49	: Waiting ScreenRecord
02-Aug-2022/15:55:50	: Waiting ScreenRecord
02-Aug-2022/15:55:50	: Waiting ScreenRecord
02-Aug-2022/15:55:51	: Waiting ScreenRecord
02-Aug-2022/15:55:51	: Waiting ScreenRecord
02-Aug-2022/15:55:52	: Waiting ScreenRecord
02-Aug-2022/15:55:52	: Waiting ScreenRecord
02-Aug-2022/15:55:54	: Waiting ScreenRecord
02-Aug-2022/15:55:54	: Waiting ScreenRecord
02-Aug-2022/15:55:55	: Waiting ScreenRecord
02-Aug-2022/15:55:55	: Waiting ScreenRecord
02-Aug-2022/15:55:56	: Waiting ScreenRecord
02-Aug-2022/15:56:46	: Waiting ScreenRecord
02-Aug-2022/15:56:47	: Waiting ScreenRecord
02-Aug-2022/15:56:48	: Waiting ScreenRecord
02-Aug-2022/15:56:49	: Waiting ScreenRecord
02-Aug-2022/15:56:50	: Waiting ScreenRecord
02-Aug-2022/15:56:51	: Waiting ScreenRecord
02-Aug-2022/15:56:52	: Waiting ScreenRecord
02-Aug-2022/15:56:53	: Waiting ScreenRecord
02-Aug-2022/15:56:54	: Waiting ScreenRecord
02-Aug-2022/15:56:55	: Waiting ScreenRecord
02-Aug-2022/15:56:56	: Waiting ScreenRecord
02-Aug-2022/15:56:57	: Waiting ScreenRecord
02-Aug-2022/15:56:58	: Waiting ScreenRecord
02-Aug-2022/15:56:59	: Waiting ScreenRecord
02-Aug-2022/15:57:00	: Waiting ScreenRecord
02-Aug-2022/15:57:01	: Waiting ScreenRecord
02-Aug-2022/15:57:02	: Waiting ScreenRecord
02-Aug-2022/15:57:03	: Waiting ScreenRecord
02-Aug-2022/15:57:34	: Waiting ScreenRecord
02-Aug-2022/15:57:35	: Waiting ScreenRecord
02-Aug-2022/15:57:36	: Waiting ScreenRecord
02-Aug-2022/15:57:37	: Waiting ScreenRecord
02-Aug-2022/15:57:38	: Waiting ScreenRecord
02-Aug-2022/15:57:39	: Waiting ScreenRecord
02-Aug-2022/15:57:40	: Waiting ScreenRecord
02-Aug-2022/15:58:46	: Soundrecording!!!!.... Thread start 
02-Aug-2022/15:58:46	: Recording Initialized .... Mic open
02-Aug-2022/15:58:47	: Waiting ScreenRecord
02-Aug-2022/15:58:47	: Waiting For Audio
02-Aug-2022/15:58:48	: Waiting ScreenRecord
02-Aug-2022/15:58:48	: Waiting For Audio
02-Aug-2022/15:58:49	: Waiting ScreenRecord
02-Aug-2022/15:58:49	: Waiting For Audio
02-Aug-2022/15:58:50	: Waiting ScreenRecord
02-Aug-2022/15:58:50	: Waiting For Audio
02-Aug-2022/15:58:51	: Waiting ScreenRecord
02-Aug-2022/15:58:51	: Waiting For Audio
