02-Aug-2022/10:22:09	: Soundrecording!!!!.... Thread start 
02-Aug-2022/10:22:10	: Waiting ScreenRecord
02-Aug-2022/10:22:11	: Waiting ScreenRecord
02-Aug-2022/10:22:11	: Recording Initialized .... Mic open
02-Aug-2022/10:22:12	: Waiting ScreenRecord
02-Aug-2022/10:22:12	: Waiting For Audio
02-Aug-2022/10:22:13	: Waiting ScreenRecord
02-Aug-2022/10:22:13	: Waiting For Audio
02-Aug-2022/10:22:14	: Waiting ScreenRecord
02-Aug-2022/10:22:14	: Waiting For Audio
02-Aug-2022/10:22:15	: Waiting ScreenRecord
02-Aug-2022/10:22:15	: Waiting For Audio
02-Aug-2022/10:22:16	: Waiting ScreenRecord
02-Aug-2022/10:22:16	: Waiting For Audio
02-Aug-2022/10:22:17	: Waiting ScreenRecord
02-Aug-2022/10:22:17	: Waiting For Audio
02-Aug-2022/10:22:18	: Waiting ScreenRecord
02-Aug-2022/10:22:18	: Waiting For Audio
02-Aug-2022/10:22:19	: Waiting ScreenRecord
02-Aug-2022/10:22:19	: Waiting For Audio
02-Aug-2022/10:22:20	: Waiting ScreenRecord
02-Aug-2022/10:22:21	: Waiting ScreenRecord
02-Aug-2022/10:22:21	: Waiting For Audio
02-Aug-2022/10:22:22	: Waiting ScreenRecord
02-Aug-2022/10:22:22	: Waiting For Audio
02-Aug-2022/10:22:23	: Waiting For Audio
02-Aug-2022/10:22:23	: Waiting ScreenRecord
02-Aug-2022/10:22:24	: Waiting ScreenRecord
02-Aug-2022/10:22:24	: Waiting For Audio
02-Aug-2022/10:22:25	: Waiting For Audio
02-Aug-2022/10:22:25	: Waiting ScreenRecord
02-Aug-2022/10:22:26	: Waiting For Audio
02-Aug-2022/10:22:26	: Waiting ScreenRecord
02-Aug-2022/10:22:27	: Waiting For Audio
02-Aug-2022/10:22:27	: Waiting ScreenRecord
02-Aug-2022/10:22:28	: Waiting For Audio
02-Aug-2022/10:22:28	: Waiting ScreenRecord
02-Aug-2022/10:22:29	: Waiting ScreenRecord
02-Aug-2022/10:22:29	: Waiting For Audio
02-Aug-2022/10:22:30	: Waiting For Audio
02-Aug-2022/10:22:30	: Waiting ScreenRecord
02-Aug-2022/10:22:31	: Waiting ScreenRecord
02-Aug-2022/10:22:31	: Waiting For Audio
02-Aug-2022/10:22:32	: Waiting ScreenRecord
02-Aug-2022/10:22:32	: Waiting For Audio
02-Aug-2022/10:22:33	: Waiting For Audio
02-Aug-2022/10:22:33	: Waiting ScreenRecord
02-Aug-2022/10:22:34	: Waiting For Audio
02-Aug-2022/10:22:34	: Waiting ScreenRecord
02-Aug-2022/10:22:35	: Waiting For Audio
02-Aug-2022/10:22:35	: Waiting ScreenRecord
02-Aug-2022/10:22:36	: Waiting ScreenRecord
02-Aug-2022/10:22:36	: Waiting For Audio
02-Aug-2022/10:22:37	: Waiting ScreenRecord
02-Aug-2022/10:22:37	: Waiting For Audio
02-Aug-2022/10:22:38	: Waiting For Audio
02-Aug-2022/10:22:38	: Waiting ScreenRecord
02-Aug-2022/10:22:39	: Waiting For Audio
02-Aug-2022/10:22:39	: Waiting ScreenRecord
02-Aug-2022/10:22:40	: Waiting For Audio
02-Aug-2022/10:22:40	: Waiting ScreenRecord
02-Aug-2022/10:22:41	: Waiting For Audio
02-Aug-2022/10:22:41	: Waiting ScreenRecord
02-Aug-2022/10:22:42	: Waiting For Audio
02-Aug-2022/10:22:42	: Waiting ScreenRecord
02-Aug-2022/10:22:43	: Waiting For Audio
02-Aug-2022/10:22:43	: Waiting ScreenRecord
02-Aug-2022/10:22:44	: Waiting For Audio
02-Aug-2022/10:22:44	: Waiting ScreenRecord
02-Aug-2022/10:22:45	: Waiting For Audio
02-Aug-2022/10:22:45	: Waiting ScreenRecord
02-Aug-2022/10:22:46	: Waiting ScreenRecord
02-Aug-2022/10:22:46	: Waiting For Audio
02-Aug-2022/10:22:47	: Waiting For Audio
02-Aug-2022/10:22:47	: Waiting ScreenRecord
02-Aug-2022/10:22:48	: Soundrecording!!!!.... Thread start 
02-Aug-2022/10:22:48	: Mic Not detcted
02-Aug-2022/10:22:48	: Recording Initialized .... Mic open
02-Aug-2022/10:22:48	: Waiting For Audio
02-Aug-2022/10:22:48	: Waiting ScreenRecord
02-Aug-2022/10:22:49	: Waiting ScreenRecord
02-Aug-2022/10:22:49	: Waiting For Audio
02-Aug-2022/10:22:49	: Waiting ScreenRecord
02-Aug-2022/10:22:49	: Waiting For Audio
02-Aug-2022/10:22:50	: Waiting ScreenRecord
02-Aug-2022/10:22:50	: Waiting For Audio
02-Aug-2022/10:22:50	: Waiting For Audio
02-Aug-2022/10:22:50	: Waiting ScreenRecord
02-Aug-2022/10:22:51	: Waiting ScreenRecord
02-Aug-2022/10:22:51	: Waiting For Audio
02-Aug-2022/10:22:51	: Waiting ScreenRecord
02-Aug-2022/10:22:51	: Waiting For Audio
02-Aug-2022/10:22:52	: Waiting ScreenRecord
02-Aug-2022/10:22:52	: Waiting For Audio
02-Aug-2022/10:22:52	: Waiting For Audio
02-Aug-2022/10:22:52	: Waiting ScreenRecord
02-Aug-2022/10:22:53	: Waiting ScreenRecord
02-Aug-2022/10:22:53	: Waiting For Audio
02-Aug-2022/10:22:53	: Waiting For Audio
02-Aug-2022/10:22:53	: Waiting ScreenRecord
02-Aug-2022/10:22:54	: Waiting ScreenRecord
02-Aug-2022/10:22:54	: Waiting For Audio
02-Aug-2022/10:22:54	: Waiting For Audio
02-Aug-2022/10:22:54	: Waiting ScreenRecord
02-Aug-2022/10:22:55	: Waiting ScreenRecord
02-Aug-2022/10:22:55	: Waiting For Audio
02-Aug-2022/10:22:55	: Waiting For Audio
02-Aug-2022/10:22:55	: Waiting ScreenRecord
02-Aug-2022/10:22:56	: Waiting ScreenRecord
02-Aug-2022/10:22:56	: Waiting For Audio
02-Aug-2022/10:22:56	: Waiting For Audio
02-Aug-2022/10:22:56	: Waiting ScreenRecord
02-Aug-2022/10:22:57	: Waiting ScreenRecord
02-Aug-2022/10:22:57	: Waiting For Audio
02-Aug-2022/10:22:57	: Waiting ScreenRecord
02-Aug-2022/10:22:57	: Waiting For Audio
02-Aug-2022/10:22:58	: Waiting ScreenRecord
02-Aug-2022/10:22:58	: Waiting For Audio
02-Aug-2022/10:22:58	: Waiting For Audio
02-Aug-2022/10:22:58	: Waiting ScreenRecord
02-Aug-2022/10:22:59	: Waiting ScreenRecord
02-Aug-2022/10:22:59	: Waiting For Audio
02-Aug-2022/10:22:59	: Waiting ScreenRecord
02-Aug-2022/10:22:59	: Waiting For Audio
02-Aug-2022/10:23:00	: Waiting ScreenRecord
02-Aug-2022/10:23:00	: Waiting For Audio
02-Aug-2022/10:23:00	: Waiting For Audio
02-Aug-2022/10:23:00	: Waiting ScreenRecord
02-Aug-2022/10:23:01	: Waiting ScreenRecord
02-Aug-2022/10:23:01	: Waiting For Audio
02-Aug-2022/10:23:01	: Waiting For Audio
02-Aug-2022/10:23:01	: Waiting ScreenRecord
02-Aug-2022/10:23:02	: Waiting ScreenRecord
02-Aug-2022/10:23:02	: Waiting For Audio
02-Aug-2022/10:23:03	: Waiting For Audio
02-Aug-2022/10:23:03	: Waiting ScreenRecord
02-Aug-2022/10:23:03	: Waiting ScreenRecord
02-Aug-2022/10:23:03	: Waiting For Audio
02-Aug-2022/10:23:04	: Waiting For Audio
02-Aug-2022/10:23:04	: Waiting ScreenRecord
02-Aug-2022/10:23:04	: Waiting ScreenRecord
02-Aug-2022/10:23:04	: Waiting For Audio
02-Aug-2022/10:23:05	: Waiting For Audio
02-Aug-2022/10:23:05	: Waiting ScreenRecord
02-Aug-2022/10:23:05	: Waiting ScreenRecord
02-Aug-2022/10:23:05	: Waiting For Audio
02-Aug-2022/10:23:06	: Waiting ScreenRecord
02-Aug-2022/10:23:06	: Waiting For Audio
02-Aug-2022/10:23:06	: Waiting ScreenRecord
02-Aug-2022/10:23:06	: Waiting For Audio
02-Aug-2022/10:23:07	: Waiting For Audio
02-Aug-2022/10:23:07	: Waiting ScreenRecord
02-Aug-2022/10:23:07	: Waiting ScreenRecord
02-Aug-2022/10:23:07	: Waiting For Audio
02-Aug-2022/10:23:08	: Waiting ScreenRecord
02-Aug-2022/10:23:08	: Waiting For Audio
02-Aug-2022/10:23:08	: Waiting ScreenRecord
02-Aug-2022/10:23:08	: Waiting For Audio
02-Aug-2022/10:23:09	: Waiting For Audio
02-Aug-2022/10:23:09	: Waiting ScreenRecord
02-Aug-2022/10:23:09	: Waiting ScreenRecord
02-Aug-2022/10:23:09	: Waiting For Audio
02-Aug-2022/10:23:10	: Waiting ScreenRecord
02-Aug-2022/10:23:10	: Waiting For Audio
02-Aug-2022/10:23:10	: Waiting ScreenRecord
02-Aug-2022/10:23:11	: Waiting For Audio
02-Aug-2022/10:23:11	: Waiting ScreenRecord
02-Aug-2022/10:23:11	: Waiting For Audio
02-Aug-2022/10:23:11	: Waiting ScreenRecord
02-Aug-2022/10:23:12	: Waiting For Audio
02-Aug-2022/10:23:12	: Waiting ScreenRecord
02-Aug-2022/10:23:12	: Waiting For Audio
02-Aug-2022/10:23:13	: Waiting ScreenRecord
02-Aug-2022/10:23:13	: Waiting For Audio
02-Aug-2022/10:23:13	: Waiting For Audio
02-Aug-2022/10:23:13	: Waiting ScreenRecord
02-Aug-2022/10:23:14	: Waiting ScreenRecord
02-Aug-2022/10:23:14	: Waiting For Audio
02-Aug-2022/10:23:14	: Waiting ScreenRecord
02-Aug-2022/10:23:14	: Waiting For Audio
02-Aug-2022/10:23:15	: Waiting ScreenRecord
02-Aug-2022/10:23:15	: Waiting For Audio
02-Aug-2022/10:23:15	: Waiting ScreenRecord
02-Aug-2022/10:23:15	: Waiting For Audio
02-Aug-2022/10:23:16	: Waiting For Audio
02-Aug-2022/10:23:16	: Waiting ScreenRecord
02-Aug-2022/10:23:16	: Waiting ScreenRecord
02-Aug-2022/10:23:16	: Waiting For Audio
02-Aug-2022/10:23:17	: Waiting ScreenRecord
02-Aug-2022/10:23:17	: Waiting For Audio
02-Aug-2022/10:23:17	: Waiting ScreenRecord
02-Aug-2022/10:23:17	: Waiting For Audio
02-Aug-2022/10:23:18	: Waiting ScreenRecord
02-Aug-2022/10:23:18	: Waiting For Audio
02-Aug-2022/10:23:18	: Waiting For Audio
02-Aug-2022/10:23:18	: Waiting ScreenRecord
02-Aug-2022/10:23:19	: Waiting For Audio
02-Aug-2022/10:23:19	: Waiting ScreenRecord
02-Aug-2022/10:23:19	: Waiting ScreenRecord
02-Aug-2022/10:23:19	: Waiting For Audio
02-Aug-2022/10:23:20	: Waiting ScreenRecord
02-Aug-2022/10:23:20	: Waiting For Audio
02-Aug-2022/10:23:20	: Waiting For Audio
02-Aug-2022/10:23:20	: Waiting ScreenRecord
02-Aug-2022/10:23:21	: Waiting For Audio
02-Aug-2022/10:23:21	: Waiting ScreenRecord
02-Aug-2022/10:23:21	: Waiting For Audio
02-Aug-2022/10:23:21	: Waiting ScreenRecord
02-Aug-2022/10:23:22	: Waiting For Audio
02-Aug-2022/10:23:22	: Waiting ScreenRecord
02-Aug-2022/10:23:22	: Waiting For Audio
02-Aug-2022/10:23:22	: Waiting ScreenRecord
02-Aug-2022/10:23:23	: Waiting ScreenRecord
02-Aug-2022/10:23:23	: Waiting For Audio
02-Aug-2022/10:23:23	: Waiting For Audio
02-Aug-2022/10:23:23	: Waiting ScreenRecord
02-Aug-2022/10:23:24	: Waiting ScreenRecord
02-Aug-2022/10:23:24	: Waiting For Audio
02-Aug-2022/10:23:24	: Waiting For Audio
02-Aug-2022/10:23:24	: Waiting ScreenRecord
02-Aug-2022/10:23:25	: Waiting ScreenRecord
02-Aug-2022/10:23:25	: Waiting For Audio
02-Aug-2022/10:23:25	: Waiting For Audio
02-Aug-2022/10:23:25	: Waiting ScreenRecord
02-Aug-2022/10:23:26	: Waiting For Audio
02-Aug-2022/10:23:26	: Waiting ScreenRecord
02-Aug-2022/10:23:26	: Waiting ScreenRecord
02-Aug-2022/10:23:26	: Waiting For Audio
02-Aug-2022/10:23:27	: Waiting ScreenRecord
02-Aug-2022/10:23:27	: Waiting For Audio
02-Aug-2022/10:23:27	: Waiting ScreenRecord
02-Aug-2022/10:23:27	: Waiting For Audio
02-Aug-2022/10:23:28	: Waiting ScreenRecord
02-Aug-2022/10:23:28	: Waiting For Audio
02-Aug-2022/10:23:28	: Waiting ScreenRecord
02-Aug-2022/10:23:28	: Waiting For Audio
02-Aug-2022/10:23:29	: Waiting ScreenRecord
02-Aug-2022/10:23:29	: Waiting For Audio
02-Aug-2022/10:23:29	: Waiting For Audio
02-Aug-2022/10:23:29	: Waiting ScreenRecord
02-Aug-2022/10:23:30	: Waiting ScreenRecord
02-Aug-2022/10:23:30	: Waiting For Audio
02-Aug-2022/10:23:30	: Waiting ScreenRecord
02-Aug-2022/10:23:30	: Waiting For Audio
02-Aug-2022/10:23:31	: Waiting ScreenRecord
02-Aug-2022/10:23:31	: Waiting For Audio
02-Aug-2022/10:23:31	: Waiting For Audio
02-Aug-2022/10:23:31	: Waiting ScreenRecord
02-Aug-2022/10:23:32	: Waiting For Audio
02-Aug-2022/10:23:32	: Waiting ScreenRecord
02-Aug-2022/10:23:32	: Waiting ScreenRecord
02-Aug-2022/10:23:32	: Waiting For Audio
02-Aug-2022/10:23:33	: Waiting ScreenRecord
02-Aug-2022/10:23:33	: Waiting For Audio
02-Aug-2022/10:23:33	: Waiting ScreenRecord
02-Aug-2022/10:23:33	: Waiting For Audio
02-Aug-2022/10:23:34	: Waiting For Audio
02-Aug-2022/10:23:34	: Waiting ScreenRecord
02-Aug-2022/10:23:34	: Waiting ScreenRecord
02-Aug-2022/10:23:34	: Waiting For Audio
02-Aug-2022/10:23:35	: Waiting For Audio
02-Aug-2022/10:23:35	: Waiting ScreenRecord
02-Aug-2022/10:23:35	: Waiting ScreenRecord
02-Aug-2022/10:23:35	: Waiting For Audio
02-Aug-2022/10:23:36	: Waiting For Audio
02-Aug-2022/10:23:36	: Waiting ScreenRecord
02-Aug-2022/10:23:36	: Waiting For Audio
02-Aug-2022/10:23:36	: Waiting ScreenRecord
02-Aug-2022/10:23:37	: Waiting For Audio
02-Aug-2022/10:23:37	: Waiting ScreenRecord
02-Aug-2022/10:23:37	: Waiting For Audio
02-Aug-2022/10:23:37	: Waiting ScreenRecord
02-Aug-2022/10:23:38	: Waiting For Audio
02-Aug-2022/10:23:38	: Waiting ScreenRecord
02-Aug-2022/10:23:38	: Waiting ScreenRecord
02-Aug-2022/10:23:38	: Waiting For Audio
02-Aug-2022/10:23:39	: Waiting For Audio
02-Aug-2022/10:23:39	: Waiting ScreenRecord
02-Aug-2022/10:23:39	: Waiting For Audio
02-Aug-2022/10:23:39	: Waiting ScreenRecord
02-Aug-2022/10:23:40	: Waiting For Audio
02-Aug-2022/10:23:40	: Waiting ScreenRecord
02-Aug-2022/10:23:40	: Waiting For Audio
02-Aug-2022/10:23:40	: Waiting ScreenRecord
02-Aug-2022/10:23:41	: Waiting ScreenRecord
02-Aug-2022/10:23:41	: Waiting For Audio
02-Aug-2022/10:23:41	: Waiting ScreenRecord
02-Aug-2022/10:23:41	: Waiting For Audio
02-Aug-2022/10:23:42	: Waiting For Audio
02-Aug-2022/10:23:42	: Waiting ScreenRecord
02-Aug-2022/10:23:42	: Waiting For Audio
02-Aug-2022/10:23:42	: Waiting ScreenRecord
02-Aug-2022/10:23:43	: Waiting For Audio
02-Aug-2022/10:23:43	: Waiting ScreenRecord
02-Aug-2022/10:23:43	: Waiting For Audio
02-Aug-2022/10:23:43	: Waiting ScreenRecord
02-Aug-2022/10:23:44	: Waiting ScreenRecord
02-Aug-2022/10:23:44	: Waiting For Audio
02-Aug-2022/10:23:44	: Waiting For Audio
02-Aug-2022/10:23:44	: Waiting ScreenRecord
02-Aug-2022/10:23:45	: Waiting For Audio
02-Aug-2022/10:23:45	: Waiting ScreenRecord
02-Aug-2022/10:23:45	: Waiting ScreenRecord
02-Aug-2022/10:23:45	: Waiting For Audio
02-Aug-2022/10:23:46	: Waiting For Audio
02-Aug-2022/10:23:46	: Waiting ScreenRecord
02-Aug-2022/10:23:46	: Waiting ScreenRecord
02-Aug-2022/10:23:46	: Waiting For Audio
02-Aug-2022/10:23:47	: Waiting ScreenRecord
02-Aug-2022/10:23:47	: Waiting For Audio
02-Aug-2022/10:23:47	: Waiting For Audio
02-Aug-2022/10:23:47	: Waiting ScreenRecord
02-Aug-2022/10:23:48	: Waiting For Audio
02-Aug-2022/10:23:48	: Waiting ScreenRecord
02-Aug-2022/10:23:48	: Waiting ScreenRecord
02-Aug-2022/10:23:48	: Waiting For Audio
02-Aug-2022/10:23:49	: Waiting For Audio
02-Aug-2022/10:23:49	: Waiting ScreenRecord
02-Aug-2022/10:23:49	: Waiting For Audio
02-Aug-2022/10:23:49	: Waiting ScreenRecord
02-Aug-2022/10:23:50	: Waiting For Audio
02-Aug-2022/10:23:50	: Waiting ScreenRecord
02-Aug-2022/10:23:50	: Waiting For Audio
02-Aug-2022/10:23:50	: Waiting ScreenRecord
02-Aug-2022/10:23:51	: Waiting ScreenRecord
02-Aug-2022/10:23:51	: Waiting For Audio
02-Aug-2022/10:23:51	: Waiting For Audio
02-Aug-2022/10:23:51	: Waiting ScreenRecord
02-Aug-2022/10:23:52	: Waiting ScreenRecord
02-Aug-2022/10:23:52	: Waiting For Audio
02-Aug-2022/10:23:52	: Waiting ScreenRecord
02-Aug-2022/10:23:52	: Waiting For Audio
02-Aug-2022/10:23:53	: Waiting ScreenRecord
02-Aug-2022/10:23:53	: Waiting For Audio
02-Aug-2022/10:23:53	: Waiting For Audio
02-Aug-2022/10:23:53	: Waiting ScreenRecord
02-Aug-2022/10:23:54	: Waiting ScreenRecord
02-Aug-2022/10:23:54	: Waiting For Audio
02-Aug-2022/10:23:54	: Waiting ScreenRecord
02-Aug-2022/10:23:54	: Waiting For Audio
02-Aug-2022/10:23:55	: Waiting ScreenRecord
02-Aug-2022/10:23:55	: Waiting For Audio
02-Aug-2022/10:23:55	: Waiting ScreenRecord
02-Aug-2022/10:23:55	: Waiting For Audio
02-Aug-2022/10:23:56	: Waiting For Audio
02-Aug-2022/10:23:56	: Waiting ScreenRecord
02-Aug-2022/10:23:56	: Waiting ScreenRecord
02-Aug-2022/10:23:56	: Waiting For Audio
02-Aug-2022/10:23:57	: Waiting For Audio
02-Aug-2022/10:23:57	: Waiting ScreenRecord
02-Aug-2022/10:23:57	: Waiting ScreenRecord
02-Aug-2022/10:23:57	: Waiting For Audio
02-Aug-2022/10:23:58	: Waiting ScreenRecord
02-Aug-2022/10:23:58	: Waiting For Audio
02-Aug-2022/10:23:58	: Waiting ScreenRecord
02-Aug-2022/10:23:58	: Waiting For Audio
02-Aug-2022/10:23:59	: Waiting For Audio
02-Aug-2022/10:23:59	: Waiting ScreenRecord
02-Aug-2022/10:23:59	: Waiting For Audio
02-Aug-2022/10:23:59	: Waiting ScreenRecord
02-Aug-2022/10:24:00	: Waiting ScreenRecord
02-Aug-2022/10:24:00	: Waiting For Audio
02-Aug-2022/10:24:00	: Waiting ScreenRecord
02-Aug-2022/10:24:00	: Waiting For Audio
02-Aug-2022/10:24:01	: Waiting ScreenRecord
02-Aug-2022/10:24:01	: Waiting For Audio
02-Aug-2022/10:24:01	: Waiting ScreenRecord
02-Aug-2022/10:24:01	: Waiting For Audio
02-Aug-2022/10:24:02	: Waiting For Audio
02-Aug-2022/10:24:02	: Waiting ScreenRecord
02-Aug-2022/10:24:02	: Waiting ScreenRecord
02-Aug-2022/10:24:02	: Waiting For Audio
02-Aug-2022/10:24:03	: Waiting ScreenRecord
02-Aug-2022/10:24:03	: Waiting For Audio
02-Aug-2022/10:24:03	: Waiting ScreenRecord
02-Aug-2022/10:24:03	: Waiting For Audio
02-Aug-2022/10:24:04	: Waiting For Audio
02-Aug-2022/10:24:04	: Waiting ScreenRecord
02-Aug-2022/10:24:04	: Waiting For Audio
02-Aug-2022/10:24:04	: Waiting ScreenRecord
02-Aug-2022/10:24:05	: Waiting ScreenRecord
02-Aug-2022/10:24:05	: Waiting For Audio
02-Aug-2022/10:24:05	: Waiting For Audio
02-Aug-2022/10:24:05	: Waiting ScreenRecord
02-Aug-2022/10:24:06	: Waiting For Audio
02-Aug-2022/10:24:06	: Waiting ScreenRecord
02-Aug-2022/10:24:06	: Waiting ScreenRecord
02-Aug-2022/10:24:06	: Waiting For Audio
02-Aug-2022/10:24:07	: Waiting For Audio
02-Aug-2022/10:24:07	: Waiting ScreenRecord
02-Aug-2022/10:28:06	: Mic Closed
02-Aug-2022/10:28:06	: stop recording call
02-Aug-2022/10:28:06	: start time02-08-2022-10:22:09end time video---02-08-2022-10:28:06file_namerakesh_8_9155104987_22_08_02_10_24_07start_time=rakesh
02-Aug-2022/10:28:06	: encoding finish 239s
02-Aug-2022/10:28:07	: Mic Closed
02-Aug-2022/10:28:07	: Waiting For Audio
02-Aug-2022/10:28:07	: Waiting ScreenRecord
02-Aug-2022/10:28:08	: Waiting For Audio
02-Aug-2022/10:28:08	: Waiting For Audio
02-Aug-2022/10:28:08	: Waiting ScreenRecord
02-Aug-2022/10:28:09	: Waiting For Audio
02-Aug-2022/10:28:09	: Waiting For Audio
02-Aug-2022/10:28:09	: Waiting ScreenRecord
02-Aug-2022/10:28:10	: Waiting For Audio
02-Aug-2022/10:28:10	: Waiting For Audio
02-Aug-2022/10:34:13	: Soundrecording!!!!.... Thread start 
02-Aug-2022/10:34:13	: Recording Initialized .... Mic open
02-Aug-2022/10:34:14	: Waiting For Audio
02-Aug-2022/10:34:15	: Waiting For Audio
02-Aug-2022/10:34:16	: Waiting For Audio
02-Aug-2022/10:34:17	: Waiting For Audio
02-Aug-2022/10:34:18	: Waiting For Audio
02-Aug-2022/10:34:19	: Waiting For Audio
02-Aug-2022/10:34:20	: Waiting For Audio
02-Aug-2022/10:34:21	: Waiting For Audio
02-Aug-2022/10:34:22	: Waiting For Audio
02-Aug-2022/10:34:23	: Waiting For Audio
02-Aug-2022/10:34:24	: Waiting For Audio
02-Aug-2022/10:34:25	: Waiting For Audio
02-Aug-2022/10:34:26	: Capturing Sound
02-Aug-2022/10:34:55	: Mic Closed
02-Aug-2022/10:34:55	: Done Audio File
02-Aug-2022/10:34:56	: Waiting For Audio
02-Aug-2022/10:34:57	: Waiting For Audio
02-Aug-2022/10:34:58	: Waiting For Audio
02-Aug-2022/10:34:59	: Waiting For Audio
02-Aug-2022/10:35:00	: Waiting For Audio
02-Aug-2022/10:35:01	: Waiting For Audio
02-Aug-2022/10:35:02	: Waiting For Audio
02-Aug-2022/10:35:04	: Waiting For Audio
02-Aug-2022/10:35:05	: Waiting For Audio
02-Aug-2022/10:35:06	: Waiting For Audio
02-Aug-2022/10:35:07	: Waiting For Audio
02-Aug-2022/10:35:08	: Waiting For Audio
02-Aug-2022/10:35:09	: Waiting For Audio
02-Aug-2022/10:35:10	: Waiting For Audio
02-Aug-2022/10:35:11	: Waiting For Audio
02-Aug-2022/10:35:12	: Waiting For Audio
02-Aug-2022/10:35:13	: Waiting For Audio
02-Aug-2022/10:35:14	: Waiting For Audio
02-Aug-2022/10:35:15	: Waiting For Audio
02-Aug-2022/10:35:16	: Waiting For Audio
02-Aug-2022/10:35:17	: Waiting For Audio
02-Aug-2022/10:35:18	: Waiting For Audio
02-Aug-2022/10:35:19	: Waiting For Audio
02-Aug-2022/10:35:20	: Waiting For Audio
02-Aug-2022/10:35:21	: Waiting For Audio
02-Aug-2022/10:35:25	: Soundrecording!!!!.... Thread start 
02-Aug-2022/10:35:25	: Recording Initialized .... Mic open
02-Aug-2022/10:35:26	: Waiting ScreenRecord
02-Aug-2022/10:35:26	: Waiting For Audio
02-Aug-2022/10:35:27	: Waiting ScreenRecord
02-Aug-2022/10:35:27	: Waiting For Audio
02-Aug-2022/10:35:28	: Waiting ScreenRecord
02-Aug-2022/10:35:28	: Waiting For Audio
02-Aug-2022/10:35:29	: Waiting ScreenRecord
02-Aug-2022/10:35:29	: Waiting For Audio
02-Aug-2022/10:35:30	: Waiting ScreenRecord
02-Aug-2022/10:35:30	: Waiting For Audio
02-Aug-2022/10:35:31	: Waiting ScreenRecord
02-Aug-2022/10:35:31	: Waiting For Audio
02-Aug-2022/10:35:32	: Waiting ScreenRecord
02-Aug-2022/10:35:32	: Waiting For Audio
02-Aug-2022/10:35:33	: Waiting ScreenRecord
02-Aug-2022/10:35:33	: Waiting For Audio
02-Aug-2022/10:35:34	: Waiting ScreenRecord
02-Aug-2022/10:35:34	: Waiting For Audio
02-Aug-2022/10:35:35	: Waiting ScreenRecord
02-Aug-2022/10:35:35	: Waiting For Audio
02-Aug-2022/10:35:36	: Waiting ScreenRecord
02-Aug-2022/10:35:36	: Waiting For Audio
02-Aug-2022/10:35:37	: Waiting ScreenRecord
02-Aug-2022/10:35:37	: Waiting For Audio
02-Aug-2022/10:35:38	: Waiting ScreenRecord
02-Aug-2022/10:35:39	: Waiting For Audio
02-Aug-2022/10:35:39	: Waiting ScreenRecord
02-Aug-2022/10:35:40	: Waiting For Audio
02-Aug-2022/10:35:40	: Waiting ScreenRecord
02-Aug-2022/10:35:41	: Waiting For Audio
02-Aug-2022/10:35:41	: Waiting ScreenRecord
02-Aug-2022/10:35:42	: Waiting For Audio
02-Aug-2022/10:35:42	: Waiting ScreenRecord
02-Aug-2022/10:35:43	: Waiting For Audio
02-Aug-2022/10:35:43	: Waiting ScreenRecord
02-Aug-2022/10:35:44	: Waiting For Audio
02-Aug-2022/10:35:44	: Waiting ScreenRecord
02-Aug-2022/10:35:45	: Waiting For Audio
02-Aug-2022/10:35:45	: Waiting ScreenRecord
02-Aug-2022/10:35:46	: Waiting For Audio
02-Aug-2022/10:35:46	: Waiting ScreenRecord
02-Aug-2022/10:35:47	: Waiting For Audio
02-Aug-2022/10:35:47	: Waiting ScreenRecord
02-Aug-2022/10:35:48	: Waiting For Audio
02-Aug-2022/10:35:48	: Waiting ScreenRecord
02-Aug-2022/10:35:49	: Waiting For Audio
02-Aug-2022/10:35:50	: Waiting ScreenRecord
02-Aug-2022/10:35:50	: Waiting For Audio
02-Aug-2022/10:35:51	: Waiting ScreenRecord
02-Aug-2022/10:35:51	: Waiting For Audio
02-Aug-2022/10:35:52	: Waiting ScreenRecord
02-Aug-2022/10:35:52	: Waiting For Audio
02-Aug-2022/10:35:53	: Waiting ScreenRecord
02-Aug-2022/10:35:53	: Waiting For Audio
02-Aug-2022/10:35:54	: Waiting ScreenRecord
02-Aug-2022/10:35:54	: Waiting For Audio
02-Aug-2022/10:35:55	: Waiting ScreenRecord
02-Aug-2022/10:35:55	: Capturing Sound
02-Aug-2022/10:36:12	: stop recording call
02-Aug-2022/10:36:12	: start time02-08-2022-10:35:25end time video---02-08-2022-10:36:12file_name9876_1225_9155104987_22_08_02_10_35_55start_time=9876
02-Aug-2022/10:36:12	: encoding finish 17s
02-Aug-2022/10:36:12	: Mic Closed
02-Aug-2022/10:36:12	: Done Audio File
02-Aug-2022/10:36:13	: Waiting ScreenRecord
02-Aug-2022/10:36:13	: Waiting For Audio
02-Aug-2022/10:36:14	: Waiting ScreenRecord
02-Aug-2022/10:36:14	: Waiting For Audio
02-Aug-2022/10:36:15	: Waiting ScreenRecord
02-Aug-2022/10:36:15	: Waiting For Audio
02-Aug-2022/10:36:16	: Waiting ScreenRecord
02-Aug-2022/10:36:16	: Waiting For Audio
02-Aug-2022/10:36:17	: Waiting ScreenRecord
02-Aug-2022/10:36:17	: Waiting For Audio
02-Aug-2022/10:36:18	: Waiting ScreenRecord
02-Aug-2022/10:36:18	: Waiting For Audio
02-Aug-2022/10:36:19	: Waiting ScreenRecord
02-Aug-2022/10:36:19	: Waiting For Audio
02-Aug-2022/10:36:20	: Waiting ScreenRecord
02-Aug-2022/10:36:20	: Waiting For Audio
02-Aug-2022/10:36:21	: Waiting ScreenRecord
02-Aug-2022/10:36:21	: Waiting For Audio
02-Aug-2022/10:36:22	: Waiting ScreenRecord
02-Aug-2022/10:36:22	: Waiting For Audio
02-Aug-2022/10:36:23	: Waiting ScreenRecord
02-Aug-2022/10:36:23	: Waiting For Audio
02-Aug-2022/10:36:24	: Waiting ScreenRecord
02-Aug-2022/10:36:24	: Waiting For Audio
02-Aug-2022/10:36:25	: Waiting ScreenRecord
02-Aug-2022/10:36:25	: Waiting For Audio
02-Aug-2022/10:36:26	: Waiting ScreenRecord
02-Aug-2022/10:36:26	: Waiting For Audio
02-Aug-2022/10:36:27	: Waiting ScreenRecord
02-Aug-2022/10:36:27	: Waiting For Audio
02-Aug-2022/10:36:28	: Waiting ScreenRecord
02-Aug-2022/10:36:28	: Waiting For Audio
02-Aug-2022/10:36:29	: Waiting ScreenRecord
02-Aug-2022/10:36:29	: Waiting For Audio
02-Aug-2022/10:36:30	: Waiting ScreenRecord
02-Aug-2022/10:36:30	: Waiting For Audio
02-Aug-2022/10:36:31	: Waiting ScreenRecord
02-Aug-2022/10:36:31	: Waiting For Audio
02-Aug-2022/10:36:32	: Waiting ScreenRecord
02-Aug-2022/10:36:32	: Waiting For Audio
02-Aug-2022/10:36:33	: Waiting ScreenRecord
02-Aug-2022/10:36:33	: Waiting For Audio
02-Aug-2022/10:36:34	: Waiting ScreenRecord
02-Aug-2022/10:36:34	: Waiting For Audio
02-Aug-2022/10:36:35	: Waiting ScreenRecord
02-Aug-2022/10:36:35	: Waiting For Audio
02-Aug-2022/10:36:36	: Waiting ScreenRecord
02-Aug-2022/10:36:36	: Waiting For Audio
02-Aug-2022/10:36:37	: Waiting ScreenRecord
02-Aug-2022/10:36:37	: Waiting For Audio
02-Aug-2022/10:36:38	: Waiting ScreenRecord
02-Aug-2022/10:36:38	: Waiting For Audio
02-Aug-2022/10:36:39	: Waiting ScreenRecord
02-Aug-2022/10:36:39	: Waiting For Audio
02-Aug-2022/10:52:48	: Soundrecording!!!!.... Thread start 
02-Aug-2022/10:52:48	: Recording Initialized .... Mic open
02-Aug-2022/10:52:49	: Waiting ScreenRecord
02-Aug-2022/10:52:49	: Waiting For Audio
02-Aug-2022/10:52:50	: Waiting ScreenRecord
02-Aug-2022/10:52:50	: Waiting For Audio
02-Aug-2022/10:52:51	: Waiting ScreenRecord
02-Aug-2022/10:52:51	: Waiting For Audio
02-Aug-2022/10:52:52	: Waiting ScreenRecord
02-Aug-2022/10:52:52	: Waiting For Audio
02-Aug-2022/10:52:53	: Waiting ScreenRecord
02-Aug-2022/10:52:53	: Waiting For Audio
