02-Aug-2022/11:30:18	: Soundrecording!!!!.... Thread start 
02-Aug-2022/11:30:18	: Mic Not detcted
02-Aug-2022/11:30:18	: Recording Initialized .... Mic open
02-Aug-2022/11:30:19	: Waiting ScreenRecord
02-Aug-2022/11:30:19	: Waiting For Audio
02-Aug-2022/11:30:20	: Waiting ScreenRecord
02-Aug-2022/11:30:20	: Waiting For Audio
02-Aug-2022/11:30:21	: Waiting ScreenRecord
02-Aug-2022/11:30:21	: Waiting For Audio
02-Aug-2022/11:30:22	: Waiting ScreenRecord
02-Aug-2022/11:30:22	: Waiting For Audio
02-Aug-2022/11:30:23	: Waiting ScreenRecord
02-Aug-2022/11:30:23	: Waiting For Audio
02-Aug-2022/11:30:24	: Waiting ScreenRecord
02-Aug-2022/11:30:24	: Waiting For Audio
02-Aug-2022/11:30:25	: Waiting ScreenRecord
02-Aug-2022/11:30:25	: Waiting For Audio
02-Aug-2022/11:30:26	: Waiting ScreenRecord
02-Aug-2022/11:30:26	: Waiting For Audio
02-Aug-2022/11:30:27	: Waiting ScreenRecord
02-Aug-2022/11:30:27	: Waiting For Audio
02-Aug-2022/11:30:28	: Waiting ScreenRecord
02-Aug-2022/11:30:28	: Waiting For Audio
02-Aug-2022/11:30:29	: Waiting ScreenRecord
02-Aug-2022/11:30:29	: Waiting For Audio
02-Aug-2022/11:30:30	: Waiting ScreenRecord
02-Aug-2022/11:30:30	: Waiting For Audio
02-Aug-2022/11:30:31	: Waiting ScreenRecord
02-Aug-2022/11:30:31	: Waiting For Audio
02-Aug-2022/11:30:32	: Waiting ScreenRecord
02-Aug-2022/11:30:32	: Waiting For Audio
02-Aug-2022/11:30:33	: Waiting ScreenRecord
02-Aug-2022/11:30:33	: Waiting For Audio
02-Aug-2022/11:30:34	: Waiting ScreenRecord
02-Aug-2022/11:30:34	: Waiting For Audio
02-Aug-2022/11:30:35	: Waiting ScreenRecord
02-Aug-2022/11:30:35	: Waiting For Audio
02-Aug-2022/11:30:36	: Waiting ScreenRecord
02-Aug-2022/11:30:36	: Waiting For Audio
02-Aug-2022/11:30:37	: Waiting ScreenRecord
02-Aug-2022/11:30:37	: Waiting For Audio
02-Aug-2022/11:30:38	: Waiting ScreenRecord
02-Aug-2022/11:30:38	: Waiting For Audio
02-Aug-2022/11:30:39	: Waiting ScreenRecord
02-Aug-2022/11:30:39	: Waiting For Audio
02-Aug-2022/11:30:40	: Waiting ScreenRecord
02-Aug-2022/11:30:40	: Waiting For Audio
02-Aug-2022/11:30:41	: Waiting ScreenRecord
02-Aug-2022/11:30:41	: Waiting For Audio
02-Aug-2022/11:30:42	: Waiting ScreenRecord
02-Aug-2022/11:30:42	: Waiting For Audio
02-Aug-2022/11:30:43	: Waiting ScreenRecord
02-Aug-2022/11:30:43	: Waiting For Audio
02-Aug-2022/11:30:44	: Waiting ScreenRecord
02-Aug-2022/11:30:44	: Waiting For Audio
02-Aug-2022/11:30:45	: Waiting ScreenRecord
02-Aug-2022/11:30:45	: Waiting For Audio
02-Aug-2022/11:30:46	: Waiting ScreenRecord
02-Aug-2022/11:30:46	: Waiting For Audio
02-Aug-2022/11:30:47	: Waiting ScreenRecord
02-Aug-2022/11:30:47	: Waiting For Audio
02-Aug-2022/11:30:48	: Waiting ScreenRecord
02-Aug-2022/11:30:48	: Waiting For Audio
02-Aug-2022/11:30:49	: Waiting ScreenRecord
02-Aug-2022/11:30:49	: Waiting For Audio
02-Aug-2022/11:30:50	: Waiting ScreenRecord
02-Aug-2022/11:30:50	: Waiting For Audio
02-Aug-2022/11:30:51	: Waiting ScreenRecord
02-Aug-2022/11:30:51	: Waiting For Audio
02-Aug-2022/11:30:52	: Waiting ScreenRecord
02-Aug-2022/11:30:52	: Waiting For Audio
02-Aug-2022/11:30:53	: Waiting ScreenRecord
02-Aug-2022/11:30:53	: Waiting For Audio
02-Aug-2022/11:30:54	: Waiting ScreenRecord
02-Aug-2022/11:30:54	: Waiting For Audio
02-Aug-2022/11:30:55	: Waiting ScreenRecord
02-Aug-2022/11:30:55	: Waiting For Audio
02-Aug-2022/11:30:56	: Waiting ScreenRecord
02-Aug-2022/11:30:56	: Waiting For Audio
02-Aug-2022/11:30:57	: Waiting ScreenRecord
02-Aug-2022/11:30:57	: Waiting For Audio
02-Aug-2022/11:30:58	: Waiting ScreenRecord
02-Aug-2022/11:30:58	: Waiting For Audio
02-Aug-2022/11:30:59	: Waiting ScreenRecord
02-Aug-2022/11:30:59	: Waiting For Audio
02-Aug-2022/11:31:00	: Waiting ScreenRecord
02-Aug-2022/11:31:00	: Waiting For Audio
02-Aug-2022/11:31:01	: Waiting ScreenRecord
02-Aug-2022/11:31:01	: Waiting For Audio
02-Aug-2022/11:31:02	: Waiting ScreenRecord
02-Aug-2022/11:31:02	: Waiting For Audio
02-Aug-2022/11:31:03	: Waiting ScreenRecord
02-Aug-2022/11:31:03	: Waiting For Audio
02-Aug-2022/11:31:04	: Waiting ScreenRecord
02-Aug-2022/11:31:04	: Waiting For Audio
02-Aug-2022/11:31:05	: Waiting ScreenRecord
02-Aug-2022/11:31:05	: Waiting For Audio
02-Aug-2022/11:31:06	: Waiting ScreenRecord
02-Aug-2022/11:31:06	: Waiting For Audio
02-Aug-2022/11:31:07	: Waiting ScreenRecord
02-Aug-2022/11:31:07	: Waiting For Audio
02-Aug-2022/11:31:08	: Waiting ScreenRecord
02-Aug-2022/11:31:08	: Waiting For Audio
02-Aug-2022/11:31:09	: Waiting ScreenRecord
02-Aug-2022/11:31:09	: Waiting For Audio
02-Aug-2022/11:31:10	: Waiting ScreenRecord
02-Aug-2022/11:31:10	: Waiting For Audio
02-Aug-2022/11:31:11	: Waiting ScreenRecord
02-Aug-2022/11:31:11	: Waiting For Audio
02-Aug-2022/11:31:12	: Waiting ScreenRecord
02-Aug-2022/11:31:12	: Waiting For Audio
02-Aug-2022/11:31:13	: Waiting ScreenRecord
02-Aug-2022/11:31:13	: Waiting For Audio
02-Aug-2022/11:31:14	: Waiting ScreenRecord
02-Aug-2022/11:31:14	: Waiting For Audio
02-Aug-2022/11:31:15	: Waiting ScreenRecord
02-Aug-2022/11:31:15	: Waiting For Audio
02-Aug-2022/11:31:16	: Waiting ScreenRecord
02-Aug-2022/11:31:16	: Waiting For Audio
02-Aug-2022/11:31:17	: Waiting ScreenRecord
02-Aug-2022/11:31:17	: Waiting For Audio
02-Aug-2022/11:31:18	: Waiting ScreenRecord
02-Aug-2022/11:31:18	: Waiting For Audio
02-Aug-2022/11:31:19	: Waiting ScreenRecord
02-Aug-2022/11:31:19	: Waiting For Audio
02-Aug-2022/11:31:20	: Waiting ScreenRecord
02-Aug-2022/11:31:20	: Waiting For Audio
02-Aug-2022/11:31:21	: Waiting ScreenRecord
02-Aug-2022/11:31:21	: Waiting For Audio
02-Aug-2022/11:31:22	: Waiting ScreenRecord
02-Aug-2022/11:31:22	: Waiting For Audio
02-Aug-2022/11:31:23	: Waiting ScreenRecord
02-Aug-2022/11:31:23	: Waiting For Audio
02-Aug-2022/11:31:24	: Waiting ScreenRecord
02-Aug-2022/11:31:24	: Waiting For Audio
02-Aug-2022/11:31:25	: Waiting ScreenRecord
02-Aug-2022/11:31:25	: Waiting For Audio
02-Aug-2022/11:31:26	: Waiting ScreenRecord
02-Aug-2022/11:31:26	: Waiting For Audio
02-Aug-2022/11:31:27	: Waiting ScreenRecord
02-Aug-2022/11:31:27	: Waiting For Audio
02-Aug-2022/11:31:28	: Waiting ScreenRecord
02-Aug-2022/11:31:28	: Waiting For Audio
02-Aug-2022/11:31:29	: Waiting ScreenRecord
02-Aug-2022/11:31:29	: Waiting For Audio
02-Aug-2022/11:31:30	: Waiting ScreenRecord
02-Aug-2022/11:31:30	: Waiting For Audio
02-Aug-2022/11:31:31	: Waiting ScreenRecord
02-Aug-2022/11:31:31	: Waiting For Audio
02-Aug-2022/11:31:32	: Waiting ScreenRecord
02-Aug-2022/11:31:32	: Waiting For Audio
02-Aug-2022/11:31:33	: Waiting ScreenRecord
02-Aug-2022/11:31:33	: Waiting For Audio
02-Aug-2022/11:31:34	: Waiting ScreenRecord
02-Aug-2022/11:31:34	: Waiting For Audio
02-Aug-2022/11:31:35	: Waiting ScreenRecord
02-Aug-2022/11:31:35	: Waiting For Audio
02-Aug-2022/11:31:36	: Waiting ScreenRecord
02-Aug-2022/11:31:36	: Waiting For Audio
02-Aug-2022/11:31:37	: Waiting ScreenRecord
02-Aug-2022/11:31:37	: Waiting For Audio
02-Aug-2022/11:31:38	: Waiting ScreenRecord
02-Aug-2022/11:31:38	: Waiting For Audio
02-Aug-2022/11:31:39	: Waiting ScreenRecord
02-Aug-2022/11:31:39	: Waiting For Audio
02-Aug-2022/11:31:40	: Waiting ScreenRecord
02-Aug-2022/11:31:40	: Waiting For Audio
02-Aug-2022/11:31:41	: Waiting ScreenRecord
02-Aug-2022/11:31:41	: Waiting For Audio
02-Aug-2022/11:31:42	: Waiting ScreenRecord
02-Aug-2022/11:31:42	: Waiting For Audio
02-Aug-2022/11:31:43	: Waiting ScreenRecord
02-Aug-2022/11:31:43	: Waiting For Audio
02-Aug-2022/11:31:44	: Waiting ScreenRecord
02-Aug-2022/11:31:44	: Waiting For Audio
02-Aug-2022/11:31:45	: Waiting ScreenRecord
02-Aug-2022/11:31:45	: Waiting For Audio
02-Aug-2022/11:31:46	: Waiting ScreenRecord
02-Aug-2022/11:31:46	: Waiting For Audio
02-Aug-2022/11:31:47	: Waiting ScreenRecord
02-Aug-2022/11:31:47	: Waiting For Audio
02-Aug-2022/11:31:48	: Waiting ScreenRecord
02-Aug-2022/11:31:48	: Waiting For Audio
02-Aug-2022/11:31:49	: Waiting ScreenRecord
02-Aug-2022/11:31:49	: Waiting For Audio
02-Aug-2022/11:31:50	: Waiting ScreenRecord
02-Aug-2022/11:31:50	: Waiting For Audio
02-Aug-2022/11:31:51	: Waiting ScreenRecord
02-Aug-2022/11:31:51	: Waiting For Audio
02-Aug-2022/11:31:52	: Waiting ScreenRecord
02-Aug-2022/11:31:53	: Waiting For Audio
02-Aug-2022/11:31:53	: Waiting ScreenRecord
02-Aug-2022/11:31:54	: Waiting For Audio
02-Aug-2022/11:31:55	: Waiting ScreenRecord
02-Aug-2022/11:31:55	: Waiting For Audio
02-Aug-2022/11:31:56	: Waiting ScreenRecord
02-Aug-2022/11:31:56	: Waiting For Audio
02-Aug-2022/11:31:57	: Waiting ScreenRecord
02-Aug-2022/11:31:57	: Waiting For Audio
02-Aug-2022/11:31:58	: Waiting ScreenRecord
02-Aug-2022/11:31:58	: Waiting For Audio
02-Aug-2022/11:31:59	: Waiting ScreenRecord
02-Aug-2022/11:31:59	: Waiting For Audio
02-Aug-2022/11:32:00	: Waiting ScreenRecord
02-Aug-2022/11:32:00	: Waiting For Audio
02-Aug-2022/11:32:00	: Soundrecording!!!!.... Thread start 
02-Aug-2022/11:32:00	: Mic Not detcted
02-Aug-2022/11:32:00	: Recording Initialized .... Mic open
02-Aug-2022/11:32:01	: Waiting ScreenRecord
02-Aug-2022/11:32:01	: Waiting For Audio
02-Aug-2022/11:32:01	: Waiting ScreenRecord
02-Aug-2022/11:32:01	: Waiting For Audio
02-Aug-2022/11:32:02	: Waiting ScreenRecord
02-Aug-2022/11:32:02	: Waiting For Audio
02-Aug-2022/11:32:02	: Waiting ScreenRecord
02-Aug-2022/11:32:02	: Waiting For Audio
02-Aug-2022/11:32:03	: Waiting ScreenRecord
02-Aug-2022/11:32:03	: Waiting For Audio
02-Aug-2022/11:32:03	: Waiting ScreenRecord
02-Aug-2022/11:32:03	: Waiting For Audio
02-Aug-2022/11:32:04	: Waiting ScreenRecord
02-Aug-2022/11:32:04	: Waiting For Audio
02-Aug-2022/11:32:04	: Waiting For Audio
02-Aug-2022/11:32:04	: Waiting ScreenRecord
02-Aug-2022/11:32:05	: Waiting ScreenRecord
02-Aug-2022/11:32:05	: Waiting For Audio
02-Aug-2022/11:32:05	: Waiting For Audio
02-Aug-2022/11:32:05	: Waiting ScreenRecord
02-Aug-2022/11:32:06	: Waiting ScreenRecord
02-Aug-2022/11:32:06	: Waiting For Audio
02-Aug-2022/11:32:06	: Waiting ScreenRecord
02-Aug-2022/11:32:06	: Waiting For Audio
02-Aug-2022/11:32:07	: Waiting ScreenRecord
02-Aug-2022/11:32:07	: Waiting For Audio
02-Aug-2022/11:32:07	: Waiting For Audio
02-Aug-2022/11:32:07	: Waiting ScreenRecord
02-Aug-2022/11:32:08	: Waiting ScreenRecord
02-Aug-2022/11:32:08	: Waiting For Audio
02-Aug-2022/11:32:08	: Waiting For Audio
02-Aug-2022/11:32:08	: Waiting ScreenRecord
02-Aug-2022/11:32:09	: Waiting ScreenRecord
02-Aug-2022/11:32:09	: Waiting For Audio
02-Aug-2022/11:32:09	: Waiting For Audio
02-Aug-2022/11:32:09	: Waiting ScreenRecord
02-Aug-2022/11:32:10	: Waiting ScreenRecord
02-Aug-2022/11:32:10	: Waiting For Audio
02-Aug-2022/11:32:10	: Waiting For Audio
02-Aug-2022/11:32:10	: Waiting ScreenRecord
02-Aug-2022/11:32:11	: Waiting ScreenRecord
02-Aug-2022/11:32:11	: Waiting For Audio
02-Aug-2022/11:32:11	: Waiting ScreenRecord
02-Aug-2022/11:32:11	: Waiting For Audio
02-Aug-2022/11:32:12	: Waiting ScreenRecord
02-Aug-2022/11:32:12	: Waiting For Audio
02-Aug-2022/11:32:12	: Waiting ScreenRecord
02-Aug-2022/11:32:12	: Waiting For Audio
02-Aug-2022/11:32:13	: Waiting ScreenRecord
02-Aug-2022/11:32:13	: Waiting For Audio
02-Aug-2022/11:32:13	: Waiting ScreenRecord
02-Aug-2022/11:32:13	: Waiting For Audio
02-Aug-2022/11:32:14	: Waiting ScreenRecord
02-Aug-2022/11:32:14	: Waiting For Audio
02-Aug-2022/11:32:14	: Waiting ScreenRecord
02-Aug-2022/11:32:14	: Waiting For Audio
02-Aug-2022/11:32:15	: Waiting ScreenRecord
02-Aug-2022/11:32:15	: Waiting For Audio
02-Aug-2022/11:32:15	: Waiting For Audio
02-Aug-2022/11:32:15	: Waiting ScreenRecord
02-Aug-2022/11:32:16	: Waiting ScreenRecord
02-Aug-2022/11:32:16	: Waiting For Audio
02-Aug-2022/11:32:16	: Waiting ScreenRecord
02-Aug-2022/11:32:16	: Waiting For Audio
02-Aug-2022/11:32:17	: Waiting ScreenRecord
02-Aug-2022/11:32:17	: Waiting For Audio
02-Aug-2022/11:32:17	: Waiting For Audio
02-Aug-2022/11:32:17	: Waiting ScreenRecord
02-Aug-2022/11:32:18	: Waiting ScreenRecord
02-Aug-2022/11:32:18	: Waiting For Audio
02-Aug-2022/11:32:18	: Waiting For Audio
02-Aug-2022/11:32:18	: Waiting ScreenRecord
02-Aug-2022/11:32:19	: Waiting ScreenRecord
02-Aug-2022/11:32:19	: Waiting For Audio
02-Aug-2022/11:32:19	: Waiting For Audio
02-Aug-2022/11:32:19	: Waiting ScreenRecord
02-Aug-2022/11:32:20	: Waiting ScreenRecord
02-Aug-2022/11:32:20	: Waiting For Audio
02-Aug-2022/11:32:20	: Waiting For Audio
02-Aug-2022/11:32:20	: Waiting ScreenRecord
02-Aug-2022/11:32:21	: Waiting ScreenRecord
02-Aug-2022/11:32:21	: Waiting For Audio
02-Aug-2022/11:32:21	: Waiting For Audio
02-Aug-2022/11:32:21	: Waiting ScreenRecord
02-Aug-2022/11:32:22	: Waiting ScreenRecord
02-Aug-2022/11:32:22	: Waiting For Audio
02-Aug-2022/11:32:22	: Waiting For Audio
02-Aug-2022/11:32:22	: Waiting ScreenRecord
02-Aug-2022/11:32:23	: Waiting ScreenRecord
02-Aug-2022/11:32:23	: Waiting For Audio
02-Aug-2022/11:32:23	: Waiting ScreenRecord
02-Aug-2022/11:32:23	: Waiting For Audio
02-Aug-2022/11:32:24	: Waiting ScreenRecord
02-Aug-2022/11:32:24	: Waiting For Audio
02-Aug-2022/11:32:24	: Waiting For Audio
02-Aug-2022/11:32:24	: Waiting ScreenRecord
02-Aug-2022/11:32:25	: Waiting ScreenRecord
02-Aug-2022/11:32:25	: Waiting For Audio
02-Aug-2022/11:32:25	: Waiting ScreenRecord
02-Aug-2022/11:32:25	: Waiting For Audio
02-Aug-2022/11:32:26	: Waiting ScreenRecord
02-Aug-2022/11:32:26	: Waiting For Audio
02-Aug-2022/11:32:26	: Waiting ScreenRecord
02-Aug-2022/11:32:26	: Waiting For Audio
02-Aug-2022/11:32:27	: Waiting ScreenRecord
02-Aug-2022/11:32:27	: Waiting For Audio
02-Aug-2022/11:32:27	: Waiting ScreenRecord
02-Aug-2022/11:32:27	: Waiting For Audio
02-Aug-2022/11:32:28	: Waiting ScreenRecord
02-Aug-2022/11:32:28	: Waiting For Audio
02-Aug-2022/11:32:28	: Waiting For Audio
02-Aug-2022/11:32:28	: Waiting ScreenRecord
02-Aug-2022/11:32:29	: Waiting ScreenRecord
02-Aug-2022/11:32:29	: Waiting For Audio
02-Aug-2022/11:32:29	: Waiting For Audio
02-Aug-2022/11:32:29	: Waiting ScreenRecord
02-Aug-2022/11:32:30	: Waiting ScreenRecord
02-Aug-2022/11:32:30	: Waiting For Audio
02-Aug-2022/11:32:30	: Waiting For Audio
02-Aug-2022/11:32:30	: Waiting ScreenRecord
02-Aug-2022/11:32:31	: Waiting ScreenRecord
02-Aug-2022/11:32:31	: Waiting For Audio
02-Aug-2022/11:32:31	: Waiting ScreenRecord
02-Aug-2022/11:32:31	: Waiting For Audio
02-Aug-2022/11:32:32	: Waiting ScreenRecord
02-Aug-2022/11:32:32	: Waiting For Audio
02-Aug-2022/11:32:32	: Waiting ScreenRecord
02-Aug-2022/11:32:32	: Waiting For Audio
02-Aug-2022/11:32:33	: Waiting ScreenRecord
02-Aug-2022/11:32:33	: Waiting For Audio
02-Aug-2022/11:32:33	: Waiting ScreenRecord
02-Aug-2022/11:32:33	: Waiting For Audio
02-Aug-2022/11:32:34	: Waiting ScreenRecord
02-Aug-2022/11:32:34	: Waiting For Audio
02-Aug-2022/11:32:34	: Waiting For Audio
02-Aug-2022/11:32:34	: Waiting ScreenRecord
02-Aug-2022/11:32:35	: Waiting ScreenRecord
02-Aug-2022/11:32:35	: Waiting For Audio
02-Aug-2022/11:32:35	: Waiting For Audio
02-Aug-2022/11:32:35	: Waiting ScreenRecord
02-Aug-2022/11:32:36	: Waiting ScreenRecord
02-Aug-2022/11:32:36	: Waiting For Audio
02-Aug-2022/11:32:36	: Waiting ScreenRecord
02-Aug-2022/11:32:36	: Waiting For Audio
02-Aug-2022/11:32:37	: Waiting ScreenRecord
02-Aug-2022/11:32:37	: Waiting For Audio
02-Aug-2022/11:32:37	: Waiting ScreenRecord
02-Aug-2022/11:32:37	: Waiting For Audio
02-Aug-2022/11:32:38	: Waiting ScreenRecord
02-Aug-2022/11:32:38	: Waiting For Audio
02-Aug-2022/11:32:38	: Waiting For Audio
02-Aug-2022/11:32:38	: Waiting ScreenRecord
02-Aug-2022/11:32:39	: Waiting ScreenRecord
02-Aug-2022/11:32:39	: Waiting For Audio
02-Aug-2022/11:32:39	: Waiting ScreenRecord
02-Aug-2022/11:32:39	: Waiting For Audio
02-Aug-2022/11:32:40	: Waiting ScreenRecord
02-Aug-2022/11:32:40	: Waiting For Audio
02-Aug-2022/11:32:40	: Waiting ScreenRecord
02-Aug-2022/11:32:40	: Waiting For Audio
02-Aug-2022/11:32:41	: Waiting ScreenRecord
02-Aug-2022/11:32:41	: Waiting For Audio
02-Aug-2022/11:32:42	: Waiting ScreenRecord
02-Aug-2022/11:32:42	: Waiting For Audio
02-Aug-2022/11:32:42	: Waiting ScreenRecord
02-Aug-2022/11:32:42	: Waiting For Audio
02-Aug-2022/11:32:43	: Waiting For Audio
02-Aug-2022/11:32:43	: Waiting ScreenRecord
02-Aug-2022/11:32:43	: Waiting ScreenRecord
02-Aug-2022/11:32:43	: Waiting For Audio
02-Aug-2022/11:32:44	: Waiting ScreenRecord
02-Aug-2022/11:32:44	: Waiting For Audio
02-Aug-2022/11:32:44	: Waiting ScreenRecord
02-Aug-2022/11:32:44	: Waiting For Audio
02-Aug-2022/11:32:45	: Waiting ScreenRecord
02-Aug-2022/11:32:45	: Waiting For Audio
02-Aug-2022/11:32:45	: Waiting ScreenRecord
02-Aug-2022/11:32:45	: Waiting For Audio
02-Aug-2022/11:32:46	: Waiting ScreenRecord
02-Aug-2022/11:32:46	: Waiting For Audio
02-Aug-2022/11:32:46	: Waiting ScreenRecord
02-Aug-2022/11:32:46	: Waiting For Audio
02-Aug-2022/11:32:47	: Waiting For Audio
02-Aug-2022/11:32:47	: Waiting ScreenRecord
02-Aug-2022/11:32:47	: Waiting ScreenRecord
02-Aug-2022/11:32:47	: Waiting For Audio
02-Aug-2022/11:32:48	: Waiting For Audio
02-Aug-2022/11:32:48	: Waiting ScreenRecord
02-Aug-2022/11:32:48	: Waiting ScreenRecord
02-Aug-2022/11:32:48	: Waiting For Audio
02-Aug-2022/11:32:49	: Waiting For Audio
02-Aug-2022/11:32:49	: Waiting ScreenRecord
02-Aug-2022/11:32:49	: Waiting ScreenRecord
02-Aug-2022/11:32:49	: Waiting For Audio
02-Aug-2022/11:32:50	: Waiting For Audio
02-Aug-2022/11:32:50	: Waiting ScreenRecord
02-Aug-2022/11:32:50	: Waiting ScreenRecord
02-Aug-2022/11:32:50	: Waiting For Audio
02-Aug-2022/11:32:51	: Waiting ScreenRecord
02-Aug-2022/11:32:51	: Waiting For Audio
02-Aug-2022/11:32:51	: Waiting ScreenRecord
02-Aug-2022/11:32:51	: Waiting For Audio
02-Aug-2022/11:32:52	: Waiting ScreenRecord
02-Aug-2022/11:32:52	: Waiting For Audio
02-Aug-2022/11:32:52	: Waiting ScreenRecord
02-Aug-2022/11:32:52	: Waiting For Audio
02-Aug-2022/11:32:53	: Waiting For Audio
02-Aug-2022/11:32:53	: Waiting ScreenRecord
02-Aug-2022/11:32:53	: Waiting ScreenRecord
02-Aug-2022/11:32:53	: Waiting For Audio
02-Aug-2022/11:32:54	: Waiting For Audio
02-Aug-2022/11:32:54	: Waiting ScreenRecord
02-Aug-2022/11:32:54	: Waiting ScreenRecord
02-Aug-2022/11:32:54	: Waiting For Audio
02-Aug-2022/11:32:55	: Waiting ScreenRecord
02-Aug-2022/11:32:55	: Waiting For Audio
02-Aug-2022/11:32:55	: Waiting ScreenRecord
02-Aug-2022/11:32:55	: Waiting For Audio
02-Aug-2022/11:32:56	: Waiting For Audio
02-Aug-2022/11:32:56	: Waiting ScreenRecord
02-Aug-2022/11:32:56	: Waiting ScreenRecord
02-Aug-2022/11:32:56	: Waiting For Audio
02-Aug-2022/11:32:57	: Waiting ScreenRecord
02-Aug-2022/11:32:57	: Waiting For Audio
02-Aug-2022/11:32:57	: Waiting ScreenRecord
02-Aug-2022/11:32:57	: Waiting For Audio
02-Aug-2022/11:32:58	: Waiting ScreenRecord
02-Aug-2022/11:32:58	: Waiting For Audio
02-Aug-2022/11:32:58	: Waiting ScreenRecord
02-Aug-2022/11:32:58	: Waiting For Audio
02-Aug-2022/11:32:59	: Waiting For Audio
02-Aug-2022/11:32:59	: Waiting ScreenRecord
02-Aug-2022/11:32:59	: Waiting ScreenRecord
02-Aug-2022/11:32:59	: Waiting For Audio
02-Aug-2022/11:33:00	: Waiting For Audio
02-Aug-2022/11:33:00	: Waiting ScreenRecord
02-Aug-2022/11:33:00	: Waiting ScreenRecord
02-Aug-2022/11:33:00	: Waiting For Audio
02-Aug-2022/11:33:01	: Waiting For Audio
02-Aug-2022/11:33:01	: Waiting ScreenRecord
02-Aug-2022/11:33:01	: Waiting ScreenRecord
02-Aug-2022/11:33:01	: Waiting For Audio
02-Aug-2022/11:33:02	: Waiting For Audio
02-Aug-2022/11:33:02	: Waiting ScreenRecord
02-Aug-2022/11:33:02	: Waiting ScreenRecord
02-Aug-2022/11:33:02	: Waiting For Audio
02-Aug-2022/11:33:03	: Waiting For Audio
02-Aug-2022/11:33:03	: Waiting ScreenRecord
02-Aug-2022/11:33:03	: Waiting ScreenRecord
02-Aug-2022/11:33:03	: Waiting For Audio
02-Aug-2022/11:33:04	: Waiting For Audio
02-Aug-2022/11:33:04	: Waiting ScreenRecord
02-Aug-2022/11:33:04	: Waiting ScreenRecord
02-Aug-2022/11:33:04	: Waiting For Audio
02-Aug-2022/11:33:05	: Waiting For Audio
02-Aug-2022/11:33:05	: Waiting ScreenRecord
02-Aug-2022/11:33:05	: Waiting ScreenRecord
02-Aug-2022/11:33:05	: Waiting For Audio
02-Aug-2022/11:33:06	: Waiting ScreenRecord
02-Aug-2022/11:33:06	: Waiting For Audio
02-Aug-2022/11:33:06	: Waiting ScreenRecord
02-Aug-2022/11:33:06	: Waiting For Audio
02-Aug-2022/11:33:07	: Waiting ScreenRecord
02-Aug-2022/11:33:07	: Waiting For Audio
02-Aug-2022/11:33:07	: Waiting ScreenRecord
02-Aug-2022/11:33:07	: Waiting For Audio
02-Aug-2022/11:33:08	: Waiting For Audio
02-Aug-2022/11:33:08	: Waiting ScreenRecord
02-Aug-2022/11:33:08	: Waiting ScreenRecord
02-Aug-2022/11:33:08	: Waiting For Audio
02-Aug-2022/11:33:09	: Waiting For Audio
02-Aug-2022/11:33:09	: Waiting ScreenRecord
02-Aug-2022/11:33:09	: Waiting ScreenRecord
02-Aug-2022/11:33:09	: Waiting For Audio
02-Aug-2022/11:33:10	: Waiting ScreenRecord
02-Aug-2022/11:33:10	: Waiting For Audio
02-Aug-2022/11:33:10	: Waiting ScreenRecord
02-Aug-2022/11:33:10	: Waiting For Audio
02-Aug-2022/11:33:11	: Waiting For Audio
02-Aug-2022/11:33:11	: Waiting ScreenRecord
02-Aug-2022/11:33:11	: Waiting ScreenRecord
02-Aug-2022/11:33:11	: Waiting For Audio
02-Aug-2022/11:33:12	: Waiting For Audio
02-Aug-2022/11:33:12	: Waiting ScreenRecord
02-Aug-2022/11:33:12	: Waiting ScreenRecord
02-Aug-2022/11:33:12	: Waiting For Audio
02-Aug-2022/11:33:13	: Waiting ScreenRecord
02-Aug-2022/11:33:13	: Waiting For Audio
02-Aug-2022/11:33:13	: Waiting ScreenRecord
02-Aug-2022/11:33:13	: Waiting For Audio
02-Aug-2022/11:33:14	: Waiting ScreenRecord
02-Aug-2022/11:33:14	: Waiting For Audio
02-Aug-2022/11:33:14	: Waiting ScreenRecord
02-Aug-2022/11:33:14	: Waiting For Audio
02-Aug-2022/11:33:15	: Waiting For Audio
02-Aug-2022/11:33:15	: Waiting ScreenRecord
02-Aug-2022/11:33:15	: Waiting ScreenRecord
02-Aug-2022/11:33:15	: Waiting For Audio
02-Aug-2022/11:33:16	: Waiting For Audio
02-Aug-2022/11:33:16	: Waiting ScreenRecord
02-Aug-2022/11:33:16	: Waiting ScreenRecord
02-Aug-2022/11:33:16	: Waiting For Audio
02-Aug-2022/11:33:17	: Waiting For Audio
02-Aug-2022/11:33:17	: Waiting ScreenRecord
02-Aug-2022/11:33:17	: Waiting ScreenRecord
02-Aug-2022/11:33:17	: Waiting For Audio
02-Aug-2022/11:33:18	: Waiting For Audio
02-Aug-2022/11:33:18	: Waiting ScreenRecord
02-Aug-2022/11:33:18	: Waiting ScreenRecord
02-Aug-2022/11:33:18	: Waiting For Audio
02-Aug-2022/11:33:19	: Waiting For Audio
02-Aug-2022/11:33:19	: Waiting ScreenRecord
02-Aug-2022/11:33:19	: Waiting ScreenRecord
02-Aug-2022/11:33:19	: Waiting For Audio
02-Aug-2022/11:33:20	: Waiting For Audio
02-Aug-2022/11:33:20	: Waiting ScreenRecord
02-Aug-2022/11:33:20	: Waiting ScreenRecord
02-Aug-2022/11:33:20	: Waiting For Audio
02-Aug-2022/11:33:21	: Waiting ScreenRecord
02-Aug-2022/11:33:21	: Waiting For Audio
02-Aug-2022/11:33:21	: Waiting ScreenRecord
02-Aug-2022/11:33:21	: Waiting For Audio
02-Aug-2022/11:33:22	: Waiting For Audio
02-Aug-2022/11:33:22	: Waiting ScreenRecord
02-Aug-2022/11:33:22	: Waiting ScreenRecord
02-Aug-2022/11:33:22	: Waiting For Audio
02-Aug-2022/11:33:23	: Waiting ScreenRecord
02-Aug-2022/11:33:23	: Waiting For Audio
02-Aug-2022/11:33:23	: Waiting ScreenRecord
02-Aug-2022/11:33:23	: Waiting For Audio
02-Aug-2022/11:33:24	: Waiting For Audio
02-Aug-2022/11:33:24	: Waiting ScreenRecord
02-Aug-2022/11:33:24	: Waiting ScreenRecord
02-Aug-2022/11:33:24	: Waiting For Audio
02-Aug-2022/11:33:25	: Waiting For Audio
02-Aug-2022/11:33:25	: Waiting ScreenRecord
02-Aug-2022/11:33:25	: Waiting ScreenRecord
02-Aug-2022/11:33:25	: Waiting For Audio
02-Aug-2022/11:33:26	: Waiting For Audio
02-Aug-2022/11:33:26	: Waiting ScreenRecord
02-Aug-2022/11:33:26	: Waiting ScreenRecord
02-Aug-2022/11:33:26	: Waiting For Audio
02-Aug-2022/11:33:27	: Waiting ScreenRecord
02-Aug-2022/11:33:27	: Waiting For Audio
02-Aug-2022/11:33:27	: Waiting ScreenRecord
02-Aug-2022/11:33:27	: Waiting For Audio
02-Aug-2022/11:33:28	: Waiting ScreenRecord
02-Aug-2022/11:33:28	: Waiting For Audio
02-Aug-2022/11:33:28	: Waiting ScreenRecord
02-Aug-2022/11:33:28	: Waiting For Audio
02-Aug-2022/11:33:29	: Waiting ScreenRecord
02-Aug-2022/11:33:29	: Waiting For Audio
02-Aug-2022/11:33:29	: Waiting ScreenRecord
02-Aug-2022/11:33:29	: Waiting For Audio
02-Aug-2022/11:33:30	: Waiting ScreenRecord
02-Aug-2022/11:33:30	: Waiting For Audio
02-Aug-2022/11:33:30	: Waiting ScreenRecord
02-Aug-2022/11:33:30	: Waiting For Audio
02-Aug-2022/11:33:31	: Waiting For Audio
02-Aug-2022/11:33:31	: Waiting ScreenRecord
02-Aug-2022/11:33:31	: Waiting ScreenRecord
02-Aug-2022/11:33:31	: Waiting For Audio
02-Aug-2022/11:33:32	: Waiting For Audio
02-Aug-2022/11:33:32	: Waiting ScreenRecord
02-Aug-2022/11:33:32	: Waiting ScreenRecord
02-Aug-2022/11:33:32	: Waiting For Audio
02-Aug-2022/11:33:33	: Waiting ScreenRecord
02-Aug-2022/11:33:33	: Waiting For Audio
02-Aug-2022/11:33:33	: Waiting ScreenRecord
02-Aug-2022/11:33:33	: Waiting For Audio
02-Aug-2022/11:33:34	: Waiting For Audio
02-Aug-2022/11:33:34	: Waiting ScreenRecord
02-Aug-2022/11:33:34	: Waiting ScreenRecord
02-Aug-2022/11:33:34	: Waiting For Audio
02-Aug-2022/11:33:35	: Waiting For Audio
02-Aug-2022/11:33:35	: Waiting ScreenRecord
02-Aug-2022/11:33:35	: Waiting ScreenRecord
02-Aug-2022/11:33:35	: Waiting For Audio
02-Aug-2022/11:33:36	: Waiting For Audio
02-Aug-2022/11:33:36	: Waiting ScreenRecord
02-Aug-2022/11:33:36	: Waiting ScreenRecord
02-Aug-2022/11:33:36	: Waiting For Audio
02-Aug-2022/11:33:37	: Waiting For Audio
02-Aug-2022/11:33:37	: Waiting ScreenRecord
02-Aug-2022/11:33:37	: Waiting ScreenRecord
02-Aug-2022/11:33:37	: Waiting For Audio
02-Aug-2022/11:33:38	: Waiting ScreenRecord
02-Aug-2022/11:33:38	: Waiting For Audio
02-Aug-2022/11:33:38	: Waiting ScreenRecord
02-Aug-2022/11:33:38	: Waiting For Audio
02-Aug-2022/11:33:39	: Waiting ScreenRecord
02-Aug-2022/11:33:39	: Waiting For Audio
02-Aug-2022/11:33:39	: Waiting ScreenRecord
02-Aug-2022/11:33:39	: Waiting For Audio
02-Aug-2022/11:33:40	: Waiting ScreenRecord
02-Aug-2022/11:33:40	: Waiting For Audio
02-Aug-2022/11:33:40	: Waiting ScreenRecord
02-Aug-2022/11:33:40	: Waiting For Audio
02-Aug-2022/11:33:41	: Waiting ScreenRecord
02-Aug-2022/11:33:41	: Waiting For Audio
02-Aug-2022/11:33:41	: Waiting ScreenRecord
02-Aug-2022/11:33:41	: Waiting For Audio
02-Aug-2022/11:33:42	: Waiting ScreenRecord
02-Aug-2022/11:33:42	: Waiting For Audio
02-Aug-2022/11:33:42	: Waiting ScreenRecord
02-Aug-2022/11:33:42	: Waiting For Audio
02-Aug-2022/11:33:43	: Waiting ScreenRecord
02-Aug-2022/11:33:43	: Waiting For Audio
02-Aug-2022/11:33:43	: Waiting ScreenRecord
02-Aug-2022/11:33:44	: Waiting For Audio
02-Aug-2022/11:33:44	: Waiting ScreenRecord
02-Aug-2022/11:33:44	: Waiting For Audio
02-Aug-2022/11:33:44	: Waiting ScreenRecord
02-Aug-2022/11:33:45	: Waiting For Audio
02-Aug-2022/11:33:45	: Waiting ScreenRecord
02-Aug-2022/11:33:45	: Waiting For Audio
02-Aug-2022/11:33:45	: Waiting ScreenRecord
02-Aug-2022/11:33:46	: Waiting For Audio
02-Aug-2022/11:33:46	: Waiting For Audio
02-Aug-2022/11:33:46	: Waiting ScreenRecord
02-Aug-2022/11:33:46	: Waiting ScreenRecord
02-Aug-2022/11:33:47	: Waiting For Audio
02-Aug-2022/11:33:47	: Waiting ScreenRecord
02-Aug-2022/11:33:47	: Waiting For Audio
02-Aug-2022/11:33:47	: Waiting ScreenRecord
02-Aug-2022/11:33:48	: Waiting For Audio
02-Aug-2022/11:33:48	: Waiting For Audio
02-Aug-2022/11:33:48	: Waiting ScreenRecord
02-Aug-2022/11:33:48	: Waiting ScreenRecord
02-Aug-2022/11:33:49	: Waiting For Audio
02-Aug-2022/11:33:49	: Waiting ScreenRecord
02-Aug-2022/11:33:49	: Waiting For Audio
02-Aug-2022/11:33:49	: Waiting ScreenRecord
02-Aug-2022/11:33:50	: Waiting For Audio
02-Aug-2022/11:33:50	: Waiting ScreenRecord
02-Aug-2022/11:33:50	: Waiting For Audio
02-Aug-2022/11:33:50	: Waiting ScreenRecord
02-Aug-2022/11:33:51	: Waiting For Audio
02-Aug-2022/11:33:51	: Waiting For Audio
02-Aug-2022/11:33:51	: Waiting ScreenRecord
02-Aug-2022/11:33:51	: Waiting ScreenRecord
02-Aug-2022/11:33:52	: Waiting For Audio
02-Aug-2022/11:33:52	: Waiting ScreenRecord
02-Aug-2022/11:33:52	: Waiting For Audio
02-Aug-2022/11:33:52	: Waiting ScreenRecord
02-Aug-2022/11:33:53	: Waiting For Audio
02-Aug-2022/11:33:53	: Waiting ScreenRecord
02-Aug-2022/11:33:53	: Waiting For Audio
02-Aug-2022/11:33:54	: Waiting ScreenRecord
02-Aug-2022/11:33:54	: Waiting For Audio
02-Aug-2022/11:33:54	: Waiting ScreenRecord
02-Aug-2022/11:33:54	: Waiting For Audio
02-Aug-2022/11:33:55	: Waiting ScreenRecord
02-Aug-2022/11:33:55	: Waiting For Audio
02-Aug-2022/11:33:55	: Waiting For Audio
02-Aug-2022/11:33:55	: Waiting ScreenRecord
