08-Aug-2022/11:13:03	: Soundrecording!!!!.... Thread start 
08-Aug-2022/11:13:03	: Recording Initialized .... Mic open
08-Aug-2022/11:13:04	: Waiting ScreenRecord
08-Aug-2022/11:13:04	: Waiting For Audio
08-Aug-2022/11:13:05	: Waiting ScreenRecord
08-Aug-2022/11:13:05	: Waiting For Audio
08-Aug-2022/11:13:06	: Waiting ScreenRecord
08-Aug-2022/11:13:06	: Waiting For Audio
08-Aug-2022/11:13:07	: Waiting ScreenRecord
08-Aug-2022/11:13:07	: Waiting For Audio
08-Aug-2022/11:13:08	: Waiting ScreenRecord
08-Aug-2022/11:13:08	: Waiting For Audio
08-Aug-2022/11:13:09	: Waiting ScreenRecord
08-Aug-2022/11:13:09	: Waiting For Audio
08-Aug-2022/11:13:10	: Waiting ScreenRecord
08-Aug-2022/11:13:10	: Waiting For Audio
08-Aug-2022/11:13:11	: Waiting ScreenRecord
08-Aug-2022/11:13:11	: Waiting For Audio
08-Aug-2022/11:13:12	: Waiting ScreenRecord
08-Aug-2022/11:13:13	: Waiting For Audio
08-Aug-2022/11:13:13	: Waiting ScreenRecord
08-Aug-2022/11:13:14	: Waiting For Audio
08-Aug-2022/11:13:14	: Waiting ScreenRecord
08-Aug-2022/11:13:15	: Waiting For Audio
08-Aug-2022/11:13:15	: Waiting ScreenRecord
08-Aug-2022/11:13:16	: Waiting For Audio
08-Aug-2022/11:13:16	: Waiting ScreenRecord
08-Aug-2022/11:13:17	: Waiting For Audio
08-Aug-2022/11:13:17	: Waiting ScreenRecord
08-Aug-2022/11:13:18	: Waiting For Audio
08-Aug-2022/11:13:18	: Waiting ScreenRecord
08-Aug-2022/11:13:19	: Waiting For Audio
08-Aug-2022/11:13:19	: Waiting ScreenRecord
08-Aug-2022/11:13:20	: Waiting For Audio
08-Aug-2022/11:13:20	: Waiting ScreenRecord
08-Aug-2022/11:13:21	: Waiting For Audio
08-Aug-2022/11:13:21	: Waiting ScreenRecord
08-Aug-2022/11:13:22	: Waiting For Audio
08-Aug-2022/11:13:22	: Waiting ScreenRecord
08-Aug-2022/11:13:23	: Waiting For Audio
08-Aug-2022/11:13:23	: Waiting ScreenRecord
08-Aug-2022/11:13:24	: Waiting For Audio
08-Aug-2022/11:13:24	: Waiting ScreenRecord
08-Aug-2022/11:13:25	: Waiting For Audio
08-Aug-2022/11:13:25	: Waiting ScreenRecord
08-Aug-2022/11:13:26	: Waiting For Audio
08-Aug-2022/11:13:27	: Capturing Sound
08-Aug-2022/11:14:00	: stop recording call
08-Aug-2022/11:14:00	: start time08-08-2022-11:13:03end time video---08-08-2022-11:14:00file_namerakesh_19_9155104987_22_08_08_11_13_26start_time=rakesh
08-Aug-2022/11:14:00	: encoding finish 34s
08-Aug-2022/11:14:00	: Mic Closed
08-Aug-2022/11:14:00	: Done Audio File
08-Aug-2022/11:14:01	: Waiting ScreenRecord
08-Aug-2022/11:14:01	: Waiting For Audio
08-Aug-2022/11:14:02	: Waiting For Audio
08-Aug-2022/11:14:02	: Waiting ScreenRecord
08-Aug-2022/11:14:03	: Waiting For Audio
08-Aug-2022/11:14:03	: Waiting ScreenRecord
08-Aug-2022/11:14:04	: Waiting ScreenRecord
08-Aug-2022/11:14:04	: Waiting For Audio
08-Aug-2022/11:14:05	: Waiting For Audio
08-Aug-2022/11:14:05	: Waiting ScreenRecord
08-Aug-2022/11:14:06	: Waiting ScreenRecord
08-Aug-2022/11:14:06	: Waiting For Audio
08-Aug-2022/11:14:07	: Waiting For Audio
08-Aug-2022/11:14:07	: Waiting ScreenRecord
08-Aug-2022/11:14:08	: Waiting ScreenRecord
08-Aug-2022/11:14:08	: Waiting For Audio
08-Aug-2022/11:14:09	: Waiting For Audio
08-Aug-2022/11:14:09	: Waiting ScreenRecord
08-Aug-2022/11:14:10	: Waiting ScreenRecord
08-Aug-2022/11:14:10	: Waiting For Audio
08-Aug-2022/11:14:11	: Waiting ScreenRecord
08-Aug-2022/11:14:11	: Waiting For Audio
08-Aug-2022/11:14:12	: Waiting For Audio
08-Aug-2022/11:14:12	: Waiting ScreenRecord
08-Aug-2022/11:14:13	: Waiting ScreenRecord
08-Aug-2022/11:14:13	: Waiting For Audio
08-Aug-2022/11:14:14	: Waiting For Audio
08-Aug-2022/11:14:14	: Waiting ScreenRecord
08-Aug-2022/11:14:15	: Waiting For Audio
08-Aug-2022/11:14:15	: Waiting ScreenRecord
08-Aug-2022/11:14:16	: Waiting For Audio
08-Aug-2022/11:14:16	: Waiting ScreenRecord
08-Aug-2022/11:14:17	: Waiting For Audio
08-Aug-2022/11:14:17	: Waiting ScreenRecord
08-Aug-2022/11:14:18	: Waiting For Audio
08-Aug-2022/11:14:18	: Waiting ScreenRecord
08-Aug-2022/11:14:19	: Waiting ScreenRecord
08-Aug-2022/11:14:19	: Waiting For Audio
08-Aug-2022/11:14:20	: Waiting ScreenRecord
08-Aug-2022/11:14:20	: Waiting For Audio
08-Aug-2022/11:14:21	: Waiting ScreenRecord
08-Aug-2022/11:14:21	: Waiting For Audio
08-Aug-2022/11:14:22	: Waiting ScreenRecord
08-Aug-2022/11:14:22	: Waiting For Audio
08-Aug-2022/11:14:23	: Waiting For Audio
08-Aug-2022/11:14:23	: Waiting ScreenRecord
08-Aug-2022/11:14:24	: Waiting ScreenRecord
08-Aug-2022/11:14:24	: Waiting For Audio
08-Aug-2022/11:14:25	: Waiting ScreenRecord
08-Aug-2022/11:14:25	: Waiting For Audio
08-Aug-2022/11:14:26	: Waiting ScreenRecord
08-Aug-2022/11:14:26	: Waiting For Audio
08-Aug-2022/11:14:27	: Waiting For Audio
08-Aug-2022/11:14:27	: Waiting ScreenRecord
08-Aug-2022/11:14:28	: Waiting ScreenRecord
08-Aug-2022/11:14:28	: Waiting For Audio
08-Aug-2022/11:14:29	: Waiting For Audio
08-Aug-2022/11:14:29	: Waiting ScreenRecord
08-Aug-2022/11:14:30	: Waiting For Audio
08-Aug-2022/11:14:30	: Waiting ScreenRecord
08-Aug-2022/11:14:31	: Waiting For Audio
08-Aug-2022/11:14:31	: Waiting ScreenRecord
08-Aug-2022/11:14:32	: Waiting For Audio
08-Aug-2022/11:14:32	: Waiting ScreenRecord
08-Aug-2022/11:14:33	: Waiting For Audio
08-Aug-2022/11:14:33	: Waiting ScreenRecord
08-Aug-2022/11:14:34	: Waiting ScreenRecord
08-Aug-2022/11:14:34	: Waiting For Audio
08-Aug-2022/11:14:35	: Waiting For Audio
08-Aug-2022/11:14:35	: Waiting ScreenRecord
08-Aug-2022/11:14:36	: Waiting ScreenRecord
08-Aug-2022/11:14:36	: Waiting For Audio
08-Aug-2022/11:14:37	: Waiting For Audio
08-Aug-2022/11:14:37	: Waiting ScreenRecord
08-Aug-2022/11:14:38	: Waiting For Audio
08-Aug-2022/11:14:38	: Waiting ScreenRecord
08-Aug-2022/11:14:39	: Waiting For Audio
08-Aug-2022/11:14:39	: Waiting ScreenRecord
08-Aug-2022/11:14:40	: Waiting For Audio
08-Aug-2022/11:14:40	: Waiting ScreenRecord
08-Aug-2022/11:14:41	: Waiting ScreenRecord
08-Aug-2022/11:14:41	: Waiting For Audio
08-Aug-2022/11:14:42	: Waiting ScreenRecord
08-Aug-2022/11:14:42	: Waiting For Audio
08-Aug-2022/11:14:43	: Waiting For Audio
08-Aug-2022/11:14:43	: Waiting ScreenRecord
08-Aug-2022/11:14:44	: Waiting ScreenRecord
08-Aug-2022/11:14:44	: Waiting For Audio
08-Aug-2022/11:14:45	: Waiting For Audio
08-Aug-2022/11:14:45	: Waiting ScreenRecord
08-Aug-2022/11:14:46	: Waiting For Audio
08-Aug-2022/11:14:46	: Waiting ScreenRecord
08-Aug-2022/11:14:47	: Waiting For Audio
08-Aug-2022/11:14:47	: Waiting ScreenRecord
08-Aug-2022/11:14:48	: Waiting ScreenRecord
08-Aug-2022/11:14:48	: Waiting For Audio
08-Aug-2022/11:14:49	: Waiting For Audio
08-Aug-2022/11:14:49	: Waiting ScreenRecord
08-Aug-2022/11:14:50	: Waiting ScreenRecord
08-Aug-2022/11:14:50	: Waiting For Audio
08-Aug-2022/11:14:51	: Waiting ScreenRecord
08-Aug-2022/11:14:51	: Waiting For Audio
08-Aug-2022/11:14:52	: Waiting For Audio
08-Aug-2022/11:14:52	: Waiting ScreenRecord
08-Aug-2022/11:14:53	: Waiting For Audio
08-Aug-2022/11:14:53	: Waiting ScreenRecord
08-Aug-2022/11:14:54	: Waiting ScreenRecord
08-Aug-2022/11:14:54	: Waiting For Audio
08-Aug-2022/11:14:55	: Waiting ScreenRecord
08-Aug-2022/11:14:55	: Waiting For Audio
08-Aug-2022/11:14:56	: Waiting For Audio
08-Aug-2022/11:14:56	: Waiting ScreenRecord
08-Aug-2022/11:14:57	: Waiting ScreenRecord
08-Aug-2022/11:14:57	: Waiting For Audio
08-Aug-2022/11:14:59	: Waiting For Audio
08-Aug-2022/11:14:59	: Waiting ScreenRecord
08-Aug-2022/11:15:00	: Waiting For Audio
08-Aug-2022/11:15:00	: Waiting ScreenRecord
08-Aug-2022/11:15:01	: Waiting For Audio
08-Aug-2022/11:15:01	: Waiting ScreenRecord
08-Aug-2022/11:15:02	: Waiting ScreenRecord
08-Aug-2022/11:15:02	: Waiting For Audio
08-Aug-2022/11:15:03	: Waiting For Audio
08-Aug-2022/11:15:03	: Waiting ScreenRecord
08-Aug-2022/11:15:04	: Waiting For Audio
08-Aug-2022/11:15:04	: Waiting ScreenRecord
08-Aug-2022/11:15:05	: Waiting For Audio
08-Aug-2022/11:15:05	: Waiting ScreenRecord
08-Aug-2022/11:15:06	: Waiting For Audio
08-Aug-2022/11:15:06	: Waiting ScreenRecord
08-Aug-2022/11:15:07	: Waiting ScreenRecord
08-Aug-2022/11:15:07	: Waiting For Audio
08-Aug-2022/11:15:08	: Waiting ScreenRecord
08-Aug-2022/11:15:08	: Waiting For Audio
08-Aug-2022/11:15:09	: Waiting For Audio
08-Aug-2022/11:15:09	: Waiting ScreenRecord
08-Aug-2022/11:15:10	: Waiting ScreenRecord
08-Aug-2022/11:15:10	: Waiting For Audio
08-Aug-2022/11:15:11	: Waiting ScreenRecord
08-Aug-2022/11:15:11	: Waiting For Audio
08-Aug-2022/11:15:12	: Waiting ScreenRecord
08-Aug-2022/11:15:12	: Waiting For Audio
08-Aug-2022/11:15:13	: Waiting ScreenRecord
08-Aug-2022/11:15:13	: Waiting For Audio
08-Aug-2022/11:15:14	: Waiting For Audio
08-Aug-2022/11:15:14	: Waiting ScreenRecord
08-Aug-2022/11:15:15	: Waiting ScreenRecord
08-Aug-2022/11:15:15	: Waiting For Audio
08-Aug-2022/11:15:16	: Waiting ScreenRecord
08-Aug-2022/11:15:16	: Waiting For Audio
08-Aug-2022/11:15:17	: Waiting ScreenRecord
08-Aug-2022/11:15:17	: Waiting For Audio
08-Aug-2022/11:15:18	: Waiting For Audio
08-Aug-2022/11:15:18	: Waiting ScreenRecord
08-Aug-2022/11:15:19	: Waiting For Audio
08-Aug-2022/11:15:19	: Waiting ScreenRecord
08-Aug-2022/11:15:20	: Waiting ScreenRecord
08-Aug-2022/11:15:20	: Waiting For Audio
08-Aug-2022/11:15:21	: Waiting ScreenRecord
08-Aug-2022/11:15:21	: Waiting For Audio
08-Aug-2022/11:15:22	: Waiting ScreenRecord
08-Aug-2022/11:15:22	: Waiting For Audio
08-Aug-2022/11:15:23	: Waiting For Audio
08-Aug-2022/11:15:23	: Waiting ScreenRecord
08-Aug-2022/11:15:24	: Waiting ScreenRecord
08-Aug-2022/11:15:24	: Waiting For Audio
08-Aug-2022/11:15:25	: Waiting ScreenRecord
08-Aug-2022/11:15:25	: Waiting For Audio
08-Aug-2022/11:15:26	: Waiting ScreenRecord
08-Aug-2022/11:15:26	: Waiting For Audio
08-Aug-2022/11:22:20	: Soundrecording!!!!.... Thread start 
08-Aug-2022/11:22:21	: Recording Initialized .... Mic open
08-Aug-2022/11:22:21	: Waiting ScreenRecord
08-Aug-2022/11:22:22	: Waiting For Audio
08-Aug-2022/11:22:22	: Waiting ScreenRecord
08-Aug-2022/11:22:23	: Waiting For Audio
08-Aug-2022/11:22:24	: Waiting ScreenRecord
08-Aug-2022/11:22:24	: Waiting For Audio
08-Aug-2022/11:22:25	: Waiting ScreenRecord
08-Aug-2022/11:22:25	: Waiting For Audio
08-Aug-2022/11:22:26	: Waiting ScreenRecord
08-Aug-2022/11:22:26	: Waiting For Audio
08-Aug-2022/11:22:27	: Waiting ScreenRecord
08-Aug-2022/11:22:27	: Waiting For Audio
08-Aug-2022/11:22:28	: Waiting ScreenRecord
08-Aug-2022/11:22:28	: Waiting For Audio
08-Aug-2022/11:22:29	: Waiting ScreenRecord
08-Aug-2022/11:22:29	: Waiting For Audio
08-Aug-2022/11:22:30	: Waiting ScreenRecord
08-Aug-2022/11:22:30	: Waiting For Audio
08-Aug-2022/11:22:31	: Waiting ScreenRecord
08-Aug-2022/11:22:31	: Waiting For Audio
08-Aug-2022/11:22:32	: Waiting ScreenRecord
08-Aug-2022/11:22:32	: Waiting For Audio
08-Aug-2022/11:22:33	: Waiting ScreenRecord
08-Aug-2022/11:22:33	: Waiting For Audio
08-Aug-2022/11:22:34	: Waiting ScreenRecord
08-Aug-2022/11:22:34	: Waiting For Audio
08-Aug-2022/11:22:35	: Waiting ScreenRecord
08-Aug-2022/11:22:35	: Waiting For Audio
08-Aug-2022/11:22:36	: Waiting ScreenRecord
08-Aug-2022/11:22:36	: Waiting For Audio
08-Aug-2022/11:22:37	: Waiting ScreenRecord
08-Aug-2022/11:22:37	: Waiting For Audio
08-Aug-2022/11:22:38	: Waiting ScreenRecord
08-Aug-2022/11:22:38	: Waiting For Audio
08-Aug-2022/11:22:39	: Waiting ScreenRecord
08-Aug-2022/11:22:39	: Waiting For Audio
08-Aug-2022/11:22:40	: Waiting ScreenRecord
08-Aug-2022/11:22:40	: Waiting For Audio
08-Aug-2022/11:22:41	: Waiting ScreenRecord
08-Aug-2022/11:22:41	: Waiting For Audio
08-Aug-2022/11:22:42	: Waiting ScreenRecord
08-Aug-2022/11:22:42	: Waiting For Audio
08-Aug-2022/11:22:43	: Waiting ScreenRecord
08-Aug-2022/11:22:43	: Waiting For Audio
08-Aug-2022/11:22:44	: Waiting ScreenRecord
08-Aug-2022/11:22:44	: Waiting For Audio
08-Aug-2022/11:22:45	: Waiting ScreenRecord
08-Aug-2022/11:22:45	: Waiting For Audio
08-Aug-2022/11:22:46	: Waiting ScreenRecord
08-Aug-2022/11:22:46	: Waiting For Audio
08-Aug-2022/11:22:47	: Waiting ScreenRecord
08-Aug-2022/11:22:47	: Waiting For Audio
08-Aug-2022/11:22:48	: Waiting ScreenRecord
08-Aug-2022/11:22:48	: Waiting For Audio
08-Aug-2022/11:22:49	: Waiting ScreenRecord
08-Aug-2022/11:22:49	: Waiting For Audio
08-Aug-2022/11:22:50	: Waiting ScreenRecord
08-Aug-2022/11:22:50	: Waiting For Audio
08-Aug-2022/11:22:51	: Waiting ScreenRecord
08-Aug-2022/11:22:51	: Waiting For Audio
08-Aug-2022/11:22:52	: Waiting ScreenRecord
08-Aug-2022/11:22:52	: Waiting For Audio
08-Aug-2022/11:22:53	: Waiting ScreenRecord
08-Aug-2022/11:22:53	: Waiting For Audio
08-Aug-2022/11:22:54	: Waiting ScreenRecord
08-Aug-2022/11:22:54	: Waiting For Audio
08-Aug-2022/11:22:55	: Waiting ScreenRecord
08-Aug-2022/11:22:55	: Waiting For Audio
08-Aug-2022/11:22:56	: Waiting ScreenRecord
08-Aug-2022/11:22:56	: Waiting For Audio
08-Aug-2022/11:22:57	: Waiting ScreenRecord
08-Aug-2022/11:22:57	: Waiting For Audio
08-Aug-2022/11:22:58	: Waiting ScreenRecord
08-Aug-2022/11:22:58	: Waiting For Audio
08-Aug-2022/11:22:59	: Waiting ScreenRecord
08-Aug-2022/11:22:59	: Waiting For Audio
08-Aug-2022/11:23:00	: Waiting ScreenRecord
08-Aug-2022/11:23:00	: Waiting For Audio
08-Aug-2022/11:23:01	: Waiting ScreenRecord
08-Aug-2022/11:23:01	: Waiting For Audio
08-Aug-2022/11:23:02	: Waiting ScreenRecord
08-Aug-2022/11:23:02	: Waiting For Audio
08-Aug-2022/11:23:03	: Waiting ScreenRecord
08-Aug-2022/11:23:03	: Waiting For Audio
08-Aug-2022/11:23:04	: Waiting ScreenRecord
08-Aug-2022/11:23:04	: Waiting For Audio
08-Aug-2022/11:23:05	: Waiting ScreenRecord
08-Aug-2022/11:23:05	: Waiting For Audio
08-Aug-2022/11:23:06	: Waiting ScreenRecord
08-Aug-2022/11:23:06	: Waiting For Audio
08-Aug-2022/11:23:07	: Waiting ScreenRecord
08-Aug-2022/11:23:07	: Waiting For Audio
08-Aug-2022/11:23:08	: Waiting ScreenRecord
08-Aug-2022/11:23:08	: Waiting For Audio
08-Aug-2022/11:23:09	: Waiting ScreenRecord
08-Aug-2022/11:23:09	: Waiting For Audio
08-Aug-2022/11:23:10	: Waiting ScreenRecord
08-Aug-2022/11:23:10	: Waiting For Audio
08-Aug-2022/11:23:11	: Waiting ScreenRecord
08-Aug-2022/11:23:11	: Waiting For Audio
08-Aug-2022/11:23:12	: Waiting ScreenRecord
08-Aug-2022/11:23:12	: Waiting For Audio
08-Aug-2022/11:23:13	: Waiting ScreenRecord
08-Aug-2022/11:23:13	: Waiting For Audio
08-Aug-2022/11:23:14	: Waiting ScreenRecord
08-Aug-2022/11:23:14	: Waiting For Audio
08-Aug-2022/11:23:15	: Waiting ScreenRecord
08-Aug-2022/11:23:15	: Waiting For Audio
08-Aug-2022/11:23:16	: Waiting ScreenRecord
08-Aug-2022/11:23:16	: Waiting For Audio
08-Aug-2022/11:23:17	: Waiting ScreenRecord
08-Aug-2022/11:23:17	: Waiting For Audio
08-Aug-2022/11:23:18	: Waiting ScreenRecord
08-Aug-2022/11:23:18	: Waiting For Audio
08-Aug-2022/11:23:19	: Waiting ScreenRecord
08-Aug-2022/11:23:19	: Waiting For Audio
08-Aug-2022/11:23:20	: Waiting ScreenRecord
08-Aug-2022/11:23:20	: Waiting For Audio
08-Aug-2022/11:23:21	: Capturing Sound
08-Aug-2022/11:23:36	: stop recording call
08-Aug-2022/11:23:36	: start time08-08-2022-11:22:20end time video---08-08-2022-11:23:36file_namerakesh_19_9155104987_22_08_08_11_23_20start_time=rakesh
08-Aug-2022/11:23:36	: encoding finish 16s
08-Aug-2022/11:23:36	: Mic Closed
08-Aug-2022/11:23:36	: Done Audio File
08-Aug-2022/11:23:37	: Waiting ScreenRecord
08-Aug-2022/11:23:37	: Waiting For Audio
08-Aug-2022/11:23:38	: Waiting ScreenRecord
08-Aug-2022/11:23:38	: Waiting For Audio
08-Aug-2022/11:23:39	: Waiting ScreenRecord
08-Aug-2022/11:23:39	: Waiting For Audio
08-Aug-2022/11:23:40	: Waiting ScreenRecord
08-Aug-2022/11:23:40	: Waiting For Audio
08-Aug-2022/11:23:41	: Waiting ScreenRecord
08-Aug-2022/11:23:41	: Waiting For Audio
08-Aug-2022/11:23:42	: Waiting ScreenRecord
08-Aug-2022/11:23:42	: Waiting For Audio
08-Aug-2022/11:23:43	: Waiting ScreenRecord
08-Aug-2022/11:23:43	: Waiting For Audio
08-Aug-2022/11:23:44	: Waiting ScreenRecord
08-Aug-2022/11:23:44	: Waiting For Audio
08-Aug-2022/11:23:45	: Waiting ScreenRecord
08-Aug-2022/11:23:45	: Waiting For Audio
08-Aug-2022/11:23:46	: Waiting ScreenRecord
08-Aug-2022/11:23:46	: Waiting For Audio
08-Aug-2022/11:23:47	: Waiting ScreenRecord
08-Aug-2022/11:23:47	: Waiting For Audio
08-Aug-2022/11:23:48	: Waiting ScreenRecord
08-Aug-2022/11:23:48	: Waiting For Audio
08-Aug-2022/11:23:49	: Waiting ScreenRecord
08-Aug-2022/11:23:49	: Waiting For Audio
08-Aug-2022/11:23:50	: Waiting ScreenRecord
08-Aug-2022/11:23:50	: Waiting For Audio
08-Aug-2022/11:23:51	: Waiting ScreenRecord
08-Aug-2022/11:23:51	: Waiting For Audio
08-Aug-2022/11:23:52	: Waiting ScreenRecord
08-Aug-2022/11:23:52	: Waiting For Audio
08-Aug-2022/11:23:53	: Waiting ScreenRecord
08-Aug-2022/11:23:53	: Waiting For Audio
08-Aug-2022/11:23:54	: Waiting ScreenRecord
08-Aug-2022/11:23:54	: Waiting For Audio
08-Aug-2022/11:23:55	: Waiting ScreenRecord
08-Aug-2022/11:23:55	: Waiting For Audio
08-Aug-2022/11:23:56	: Waiting ScreenRecord
08-Aug-2022/11:23:56	: Waiting For Audio
08-Aug-2022/11:23:57	: Waiting ScreenRecord
08-Aug-2022/11:23:57	: Waiting For Audio
08-Aug-2022/11:23:58	: Waiting ScreenRecord
08-Aug-2022/11:23:58	: Waiting For Audio
08-Aug-2022/11:23:59	: Waiting ScreenRecord
08-Aug-2022/11:23:59	: Waiting For Audio
08-Aug-2022/11:24:00	: Waiting ScreenRecord
08-Aug-2022/11:24:00	: Waiting For Audio
08-Aug-2022/11:24:01	: Waiting ScreenRecord
08-Aug-2022/11:24:02	: Waiting For Audio
08-Aug-2022/11:24:02	: Waiting ScreenRecord
08-Aug-2022/11:24:03	: Waiting For Audio
08-Aug-2022/11:24:03	: Waiting ScreenRecord
08-Aug-2022/11:24:04	: Waiting For Audio
08-Aug-2022/11:24:04	: Waiting ScreenRecord
08-Aug-2022/11:24:05	: Waiting For Audio
08-Aug-2022/11:24:05	: Waiting ScreenRecord
08-Aug-2022/11:24:06	: Waiting For Audio
08-Aug-2022/11:24:07	: Waiting ScreenRecord
08-Aug-2022/11:24:07	: Waiting For Audio
08-Aug-2022/11:24:08	: Waiting ScreenRecord
08-Aug-2022/11:24:08	: Waiting For Audio
08-Aug-2022/11:24:09	: Waiting ScreenRecord
08-Aug-2022/11:24:09	: Waiting For Audio
08-Aug-2022/11:24:10	: Waiting ScreenRecord
08-Aug-2022/11:24:10	: Waiting For Audio
08-Aug-2022/11:24:11	: Waiting ScreenRecord
08-Aug-2022/11:24:11	: Waiting For Audio
08-Aug-2022/11:24:12	: Waiting ScreenRecord
08-Aug-2022/11:24:12	: Waiting For Audio
08-Aug-2022/11:24:13	: Waiting ScreenRecord
08-Aug-2022/11:24:13	: Waiting For Audio
08-Aug-2022/11:24:14	: Waiting ScreenRecord
08-Aug-2022/11:24:14	: Waiting For Audio
08-Aug-2022/11:24:15	: Waiting ScreenRecord
08-Aug-2022/11:24:15	: Waiting For Audio
08-Aug-2022/11:24:16	: Waiting ScreenRecord
08-Aug-2022/11:24:16	: Waiting For Audio
08-Aug-2022/11:24:17	: Waiting ScreenRecord
08-Aug-2022/11:24:17	: Waiting For Audio
08-Aug-2022/11:24:18	: Waiting ScreenRecord
08-Aug-2022/11:24:18	: Waiting For Audio
08-Aug-2022/11:24:19	: Waiting ScreenRecord
08-Aug-2022/11:24:19	: Waiting For Audio
08-Aug-2022/11:24:20	: Waiting ScreenRecord
08-Aug-2022/11:24:20	: Waiting For Audio
08-Aug-2022/11:24:21	: Waiting ScreenRecord
08-Aug-2022/11:24:21	: Waiting For Audio
08-Aug-2022/11:24:22	: Waiting ScreenRecord
08-Aug-2022/11:24:22	: Waiting For Audio
08-Aug-2022/11:24:23	: Waiting ScreenRecord
08-Aug-2022/11:24:23	: Waiting For Audio
08-Aug-2022/11:24:24	: Waiting ScreenRecord
08-Aug-2022/11:24:24	: Waiting For Audio
08-Aug-2022/11:24:25	: Waiting ScreenRecord
08-Aug-2022/11:24:25	: Waiting For Audio
08-Aug-2022/11:24:26	: Waiting ScreenRecord
08-Aug-2022/11:24:26	: Waiting For Audio
08-Aug-2022/11:24:27	: Waiting ScreenRecord
08-Aug-2022/11:24:27	: Waiting For Audio
08-Aug-2022/11:24:28	: Waiting ScreenRecord
08-Aug-2022/11:24:28	: Waiting For Audio
08-Aug-2022/11:24:29	: Waiting ScreenRecord
08-Aug-2022/11:24:29	: Waiting For Audio
08-Aug-2022/11:24:30	: Waiting ScreenRecord
08-Aug-2022/11:24:30	: Waiting For Audio
08-Aug-2022/11:24:31	: Waiting ScreenRecord
08-Aug-2022/11:24:31	: Waiting For Audio
08-Aug-2022/11:24:32	: Waiting ScreenRecord
08-Aug-2022/11:24:32	: Waiting For Audio
08-Aug-2022/11:24:33	: Waiting ScreenRecord
08-Aug-2022/11:24:33	: Waiting For Audio
08-Aug-2022/11:24:34	: Waiting ScreenRecord
08-Aug-2022/11:24:34	: Waiting For Audio
08-Aug-2022/11:24:35	: Waiting ScreenRecord
08-Aug-2022/11:24:35	: Waiting For Audio
08-Aug-2022/11:24:36	: Waiting ScreenRecord
08-Aug-2022/11:24:36	: Waiting For Audio
08-Aug-2022/11:24:37	: Waiting ScreenRecord
08-Aug-2022/11:24:37	: Waiting For Audio
08-Aug-2022/11:24:38	: Waiting ScreenRecord
08-Aug-2022/11:24:38	: Waiting For Audio
08-Aug-2022/11:24:39	: Waiting ScreenRecord
08-Aug-2022/11:24:39	: Waiting For Audio
08-Aug-2022/11:24:40	: Waiting ScreenRecord
08-Aug-2022/11:24:40	: Waiting For Audio
08-Aug-2022/11:24:41	: Waiting ScreenRecord
08-Aug-2022/11:24:41	: Waiting For Audio
08-Aug-2022/11:24:42	: Waiting ScreenRecord
08-Aug-2022/11:24:42	: Waiting For Audio
08-Aug-2022/11:24:43	: Waiting ScreenRecord
08-Aug-2022/11:24:43	: Waiting For Audio
08-Aug-2022/11:24:44	: Waiting ScreenRecord
08-Aug-2022/11:24:44	: Waiting For Audio
08-Aug-2022/11:24:45	: Waiting ScreenRecord
08-Aug-2022/11:24:45	: Waiting For Audio
08-Aug-2022/11:24:46	: Waiting ScreenRecord
08-Aug-2022/11:24:49	: Soundrecording!!!!.... Thread start 
08-Aug-2022/11:24:49	: Recording Initialized .... Mic open
08-Aug-2022/11:24:50	: Waiting ScreenRecord
08-Aug-2022/11:24:50	: Waiting For Audio
08-Aug-2022/11:24:51	: Waiting ScreenRecord
08-Aug-2022/11:24:51	: Waiting For Audio
08-Aug-2022/11:24:52	: Waiting ScreenRecord
08-Aug-2022/11:24:52	: Waiting For Audio
08-Aug-2022/11:24:53	: Waiting ScreenRecord
08-Aug-2022/11:24:53	: Waiting For Audio
08-Aug-2022/11:24:54	: Waiting ScreenRecord
08-Aug-2022/11:24:54	: Waiting For Audio
08-Aug-2022/11:24:55	: Waiting ScreenRecord
08-Aug-2022/11:24:55	: Waiting For Audio
08-Aug-2022/11:24:56	: Waiting ScreenRecord
08-Aug-2022/11:24:56	: Waiting For Audio
08-Aug-2022/11:24:57	: Waiting ScreenRecord
08-Aug-2022/11:24:57	: Waiting For Audio
08-Aug-2022/11:24:58	: Waiting ScreenRecord
08-Aug-2022/11:24:58	: Waiting For Audio
08-Aug-2022/11:24:59	: Waiting ScreenRecord
08-Aug-2022/11:24:59	: Waiting For Audio
08-Aug-2022/11:25:00	: Waiting ScreenRecord
08-Aug-2022/11:25:00	: Waiting For Audio
08-Aug-2022/11:25:01	: Waiting ScreenRecord
08-Aug-2022/11:25:01	: Waiting For Audio
08-Aug-2022/11:25:02	: Waiting ScreenRecord
08-Aug-2022/11:25:02	: Waiting For Audio
08-Aug-2022/11:25:03	: Waiting ScreenRecord
08-Aug-2022/11:25:03	: Waiting For Audio
08-Aug-2022/11:25:04	: Waiting ScreenRecord
08-Aug-2022/11:25:04	: Waiting For Audio
08-Aug-2022/11:25:05	: Waiting ScreenRecord
08-Aug-2022/11:25:05	: Waiting For Audio
08-Aug-2022/11:25:06	: Waiting ScreenRecord
08-Aug-2022/11:25:06	: Waiting For Audio
08-Aug-2022/11:25:07	: Waiting ScreenRecord
08-Aug-2022/11:25:07	: Waiting For Audio
08-Aug-2022/11:25:08	: Capturing Sound
08-Aug-2022/11:25:23	: stop recording call
08-Aug-2022/11:25:23	: start time08-08-2022-11:24:49end time video---08-08-2022-11:25:23file_namerakesh_19_9155104987_22_08_08_11_25_07start_time=rakesh
08-Aug-2022/11:25:23	: encoding finish 16s
08-Aug-2022/11:25:23	: Mic Closed
08-Aug-2022/11:25:23	: Done Audio File
08-Aug-2022/11:25:24	: Waiting ScreenRecord
08-Aug-2022/11:25:24	: Waiting For Audio
08-Aug-2022/11:25:25	: Waiting ScreenRecord
08-Aug-2022/11:25:25	: Waiting For Audio
08-Aug-2022/11:25:26	: Waiting ScreenRecord
08-Aug-2022/11:25:26	: Waiting For Audio
08-Aug-2022/11:25:27	: Waiting ScreenRecord
08-Aug-2022/11:25:27	: Waiting For Audio
08-Aug-2022/11:25:28	: Waiting ScreenRecord
08-Aug-2022/11:25:28	: Waiting For Audio
08-Aug-2022/11:25:29	: Waiting ScreenRecord
08-Aug-2022/11:25:29	: Waiting For Audio
08-Aug-2022/11:25:30	: Waiting ScreenRecord
08-Aug-2022/11:25:30	: Waiting For Audio
08-Aug-2022/11:25:31	: Waiting ScreenRecord
08-Aug-2022/11:25:31	: Waiting For Audio
08-Aug-2022/11:25:32	: Waiting ScreenRecord
08-Aug-2022/11:25:32	: Waiting For Audio
08-Aug-2022/11:25:33	: Waiting ScreenRecord
08-Aug-2022/11:25:33	: Waiting For Audio
08-Aug-2022/11:25:34	: Waiting ScreenRecord
08-Aug-2022/11:25:34	: Waiting For Audio
08-Aug-2022/11:25:35	: Waiting ScreenRecord
08-Aug-2022/11:25:35	: Waiting For Audio
08-Aug-2022/11:25:36	: Waiting ScreenRecord
08-Aug-2022/11:25:36	: Waiting For Audio
08-Aug-2022/11:25:37	: Waiting ScreenRecord
08-Aug-2022/11:25:37	: Waiting For Audio
08-Aug-2022/11:25:38	: Waiting ScreenRecord
08-Aug-2022/11:25:38	: Waiting For Audio
08-Aug-2022/11:25:39	: Waiting ScreenRecord
08-Aug-2022/11:25:39	: Waiting For Audio
08-Aug-2022/11:25:40	: Waiting ScreenRecord
08-Aug-2022/11:25:40	: Waiting For Audio
08-Aug-2022/11:25:41	: Waiting ScreenRecord
08-Aug-2022/11:25:41	: Waiting For Audio
08-Aug-2022/11:25:42	: Waiting ScreenRecord
08-Aug-2022/11:25:42	: Waiting For Audio
08-Aug-2022/11:25:43	: Waiting ScreenRecord
08-Aug-2022/11:25:43	: Waiting For Audio
08-Aug-2022/11:25:44	: Waiting ScreenRecord
08-Aug-2022/11:25:44	: Waiting For Audio
08-Aug-2022/11:25:45	: Waiting ScreenRecord
08-Aug-2022/11:25:45	: Waiting For Audio
08-Aug-2022/11:25:46	: Waiting ScreenRecord
08-Aug-2022/11:25:46	: Waiting For Audio
08-Aug-2022/11:25:47	: Waiting ScreenRecord
08-Aug-2022/11:25:47	: Waiting For Audio
08-Aug-2022/11:25:48	: Waiting ScreenRecord
08-Aug-2022/11:25:48	: Waiting For Audio
08-Aug-2022/11:25:49	: Waiting ScreenRecord
08-Aug-2022/11:25:49	: Waiting For Audio
08-Aug-2022/11:25:50	: Waiting ScreenRecord
08-Aug-2022/11:25:50	: Waiting For Audio
08-Aug-2022/11:25:51	: Waiting ScreenRecord
08-Aug-2022/11:25:51	: Waiting For Audio
08-Aug-2022/11:25:52	: Waiting ScreenRecord
08-Aug-2022/11:25:52	: Waiting For Audio
08-Aug-2022/11:25:53	: Waiting ScreenRecord
08-Aug-2022/11:25:53	: Waiting For Audio
08-Aug-2022/11:25:54	: Waiting ScreenRecord
08-Aug-2022/11:25:54	: Waiting For Audio
08-Aug-2022/11:25:55	: Waiting ScreenRecord
08-Aug-2022/11:25:55	: Waiting For Audio
08-Aug-2022/11:25:56	: Waiting ScreenRecord
08-Aug-2022/11:25:56	: Waiting For Audio
08-Aug-2022/11:25:57	: Waiting ScreenRecord
08-Aug-2022/11:25:57	: Waiting For Audio
08-Aug-2022/11:25:58	: Waiting ScreenRecord
08-Aug-2022/11:25:58	: Waiting For Audio
08-Aug-2022/11:25:59	: Waiting ScreenRecord
08-Aug-2022/11:25:59	: Waiting For Audio
08-Aug-2022/11:26:00	: Waiting ScreenRecord
08-Aug-2022/11:26:00	: Waiting For Audio
08-Aug-2022/11:26:01	: Waiting ScreenRecord
08-Aug-2022/11:26:01	: Waiting For Audio
08-Aug-2022/11:26:02	: Waiting ScreenRecord
08-Aug-2022/11:26:02	: Waiting For Audio
08-Aug-2022/11:26:03	: Waiting ScreenRecord
08-Aug-2022/11:26:03	: Waiting For Audio
08-Aug-2022/11:26:04	: Waiting ScreenRecord
08-Aug-2022/11:26:04	: Waiting For Audio
08-Aug-2022/11:26:05	: Waiting ScreenRecord
08-Aug-2022/11:26:05	: Waiting For Audio
08-Aug-2022/11:26:06	: Waiting ScreenRecord
08-Aug-2022/11:26:06	: Waiting For Audio
08-Aug-2022/11:26:07	: Waiting ScreenRecord
08-Aug-2022/11:26:07	: Waiting For Audio
08-Aug-2022/11:26:08	: Waiting ScreenRecord
08-Aug-2022/11:26:08	: Waiting For Audio
08-Aug-2022/11:26:09	: Waiting ScreenRecord
08-Aug-2022/11:26:09	: Waiting For Audio
08-Aug-2022/11:26:10	: Waiting ScreenRecord
08-Aug-2022/11:26:10	: Waiting For Audio
08-Aug-2022/11:26:11	: Waiting ScreenRecord
08-Aug-2022/11:26:11	: Waiting For Audio
08-Aug-2022/11:26:12	: Waiting ScreenRecord
08-Aug-2022/11:26:12	: Waiting For Audio
08-Aug-2022/11:26:13	: Waiting ScreenRecord
08-Aug-2022/11:26:13	: Waiting For Audio
08-Aug-2022/11:26:14	: Waiting ScreenRecord
08-Aug-2022/11:26:15	: Waiting For Audio
08-Aug-2022/11:26:15	: Waiting ScreenRecord
08-Aug-2022/11:26:16	: Waiting For Audio
08-Aug-2022/11:26:16	: Waiting ScreenRecord
08-Aug-2022/11:26:17	: Waiting For Audio
08-Aug-2022/11:26:17	: Waiting ScreenRecord
08-Aug-2022/11:26:18	: Waiting For Audio
08-Aug-2022/11:26:18	: Waiting ScreenRecord
08-Aug-2022/11:26:19	: Waiting For Audio
08-Aug-2022/11:26:19	: Waiting ScreenRecord
08-Aug-2022/11:26:20	: Waiting For Audio
08-Aug-2022/11:26:20	: Waiting ScreenRecord
08-Aug-2022/11:26:21	: Waiting For Audio
08-Aug-2022/11:26:22	: Waiting ScreenRecord
08-Aug-2022/11:26:22	: Waiting For Audio
08-Aug-2022/11:26:23	: Waiting ScreenRecord
08-Aug-2022/11:26:23	: Waiting For Audio
08-Aug-2022/11:26:24	: Waiting ScreenRecord
08-Aug-2022/11:26:24	: Waiting For Audio
08-Aug-2022/11:26:25	: Waiting ScreenRecord
08-Aug-2022/11:26:25	: Waiting For Audio
08-Aug-2022/11:26:26	: Waiting ScreenRecord
08-Aug-2022/11:26:26	: Waiting For Audio
08-Aug-2022/11:26:27	: Waiting ScreenRecord
08-Aug-2022/11:26:27	: Waiting For Audio
08-Aug-2022/11:26:28	: Waiting ScreenRecord
08-Aug-2022/11:26:28	: Waiting For Audio
08-Aug-2022/11:26:29	: Waiting ScreenRecord
08-Aug-2022/11:26:29	: Waiting For Audio
08-Aug-2022/11:26:30	: Waiting ScreenRecord
08-Aug-2022/11:26:30	: Waiting For Audio
08-Aug-2022/11:26:31	: Waiting ScreenRecord
08-Aug-2022/11:26:31	: Waiting For Audio
08-Aug-2022/11:26:32	: Waiting ScreenRecord
08-Aug-2022/11:26:32	: Waiting For Audio
08-Aug-2022/11:26:33	: Waiting ScreenRecord
08-Aug-2022/11:26:33	: Waiting For Audio
08-Aug-2022/11:26:34	: Waiting ScreenRecord
08-Aug-2022/11:26:34	: Waiting For Audio
08-Aug-2022/11:26:35	: Waiting ScreenRecord
08-Aug-2022/11:26:35	: Waiting For Audio
08-Aug-2022/11:26:36	: Waiting ScreenRecord
08-Aug-2022/11:26:36	: Waiting For Audio
08-Aug-2022/11:26:37	: Waiting ScreenRecord
08-Aug-2022/11:26:37	: Waiting For Audio
08-Aug-2022/11:26:38	: Waiting ScreenRecord
08-Aug-2022/11:26:38	: Waiting For Audio
08-Aug-2022/11:26:39	: Waiting ScreenRecord
08-Aug-2022/11:26:39	: Waiting For Audio
08-Aug-2022/11:26:40	: Waiting ScreenRecord
08-Aug-2022/11:26:40	: Waiting For Audio
08-Aug-2022/11:26:41	: Waiting ScreenRecord
08-Aug-2022/11:26:41	: Waiting For Audio
08-Aug-2022/11:26:42	: Waiting ScreenRecord
08-Aug-2022/11:26:42	: Waiting For Audio
08-Aug-2022/11:26:43	: Waiting ScreenRecord
08-Aug-2022/11:26:43	: Waiting For Audio
08-Aug-2022/11:26:44	: Waiting ScreenRecord
08-Aug-2022/11:26:44	: Waiting For Audio
08-Aug-2022/11:26:45	: Waiting ScreenRecord
08-Aug-2022/11:26:45	: Waiting For Audio
08-Aug-2022/11:26:46	: Waiting ScreenRecord
08-Aug-2022/11:26:46	: Waiting For Audio
08-Aug-2022/11:26:47	: Waiting ScreenRecord
08-Aug-2022/11:26:47	: Waiting For Audio
08-Aug-2022/11:26:48	: Waiting ScreenRecord
08-Aug-2022/11:26:48	: Waiting For Audio
08-Aug-2022/11:53:43	: Soundrecording!!!!.... Thread start 
08-Aug-2022/11:53:43	: Recording Initialized .... Mic open
08-Aug-2022/11:53:44	: Waiting ScreenRecord
08-Aug-2022/11:53:44	: Waiting For Audio
08-Aug-2022/11:53:45	: Waiting ScreenRecord
08-Aug-2022/11:53:45	: Waiting For Audio
08-Aug-2022/11:53:46	: Waiting ScreenRecord
08-Aug-2022/11:53:46	: Waiting For Audio
08-Aug-2022/11:53:47	: Waiting ScreenRecord
08-Aug-2022/11:53:47	: Waiting For Audio
08-Aug-2022/11:53:48	: Waiting ScreenRecord
08-Aug-2022/11:53:48	: Waiting For Audio
08-Aug-2022/11:53:49	: Waiting ScreenRecord
08-Aug-2022/11:53:49	: Waiting For Audio
08-Aug-2022/11:53:50	: Waiting ScreenRecord
08-Aug-2022/11:53:50	: Waiting For Audio
08-Aug-2022/11:53:51	: Waiting ScreenRecord
08-Aug-2022/11:53:51	: Waiting For Audio
08-Aug-2022/11:53:52	: Waiting ScreenRecord
08-Aug-2022/11:53:52	: Waiting For Audio
08-Aug-2022/11:53:53	: Waiting ScreenRecord
08-Aug-2022/11:53:53	: Waiting For Audio
08-Aug-2022/11:53:54	: Waiting ScreenRecord
08-Aug-2022/11:53:54	: Waiting For Audio
08-Aug-2022/11:53:55	: Waiting ScreenRecord
08-Aug-2022/11:53:55	: Waiting For Audio
08-Aug-2022/11:59:28	: Soundrecording!!!!.... Thread start 
08-Aug-2022/11:59:28	: Recording Initialized .... Mic open
08-Aug-2022/11:59:29	: Waiting ScreenRecord
08-Aug-2022/11:59:29	: Waiting For Audio
08-Aug-2022/11:59:30	: Waiting ScreenRecord
08-Aug-2022/11:59:30	: Waiting For Audio
08-Aug-2022/11:59:31	: Waiting ScreenRecord
08-Aug-2022/11:59:31	: Waiting For Audio
08-Aug-2022/11:59:32	: Waiting ScreenRecord
08-Aug-2022/11:59:32	: Waiting For Audio
08-Aug-2022/11:59:33	: Waiting ScreenRecord
08-Aug-2022/11:59:33	: Waiting For Audio
08-Aug-2022/11:59:34	: Waiting ScreenRecord
08-Aug-2022/11:59:35	: Waiting For Audio
08-Aug-2022/11:59:35	: Waiting ScreenRecord
08-Aug-2022/11:59:36	: Waiting For Audio
08-Aug-2022/11:59:36	: Waiting ScreenRecord
08-Aug-2022/11:59:37	: Waiting For Audio
08-Aug-2022/11:59:37	: Waiting ScreenRecord
08-Aug-2022/11:59:38	: Waiting For Audio
08-Aug-2022/11:59:38	: Waiting ScreenRecord
08-Aug-2022/11:59:39	: Waiting For Audio
08-Aug-2022/11:59:39	: Waiting ScreenRecord
08-Aug-2022/11:59:40	: Waiting For Audio
08-Aug-2022/11:59:40	: Waiting ScreenRecord
08-Aug-2022/11:59:41	: Waiting For Audio
08-Aug-2022/11:59:42	: Waiting ScreenRecord
08-Aug-2022/11:59:42	: Waiting For Audio
08-Aug-2022/11:59:43	: Waiting ScreenRecord
08-Aug-2022/11:59:43	: Waiting For Audio
08-Aug-2022/11:59:44	: Waiting ScreenRecord
08-Aug-2022/11:59:44	: Waiting For Audio
08-Aug-2022/11:59:45	: Waiting ScreenRecord
08-Aug-2022/11:59:45	: Waiting For Audio
08-Aug-2022/11:59:46	: Waiting ScreenRecord
08-Aug-2022/11:59:46	: Waiting For Audio
08-Aug-2022/11:59:47	: Waiting ScreenRecord
08-Aug-2022/11:59:47	: Waiting For Audio
08-Aug-2022/11:59:48	: Waiting ScreenRecord
08-Aug-2022/11:59:48	: Waiting For Audio
08-Aug-2022/11:59:49	: Waiting ScreenRecord
08-Aug-2022/11:59:49	: Waiting For Audio
08-Aug-2022/11:59:50	: Waiting ScreenRecord
08-Aug-2022/11:59:50	: Waiting For Audio
08-Aug-2022/11:59:51	: Waiting ScreenRecord
08-Aug-2022/11:59:51	: Waiting For Audio
08-Aug-2022/11:59:52	: Waiting ScreenRecord
08-Aug-2022/11:59:52	: Waiting For Audio
08-Aug-2022/11:59:53	: Waiting ScreenRecord
08-Aug-2022/11:59:53	: Waiting For Audio
08-Aug-2022/11:59:54	: Waiting ScreenRecord
08-Aug-2022/11:59:54	: Waiting For Audio
08-Aug-2022/11:59:55	: Waiting ScreenRecord
08-Aug-2022/11:59:55	: Waiting For Audio
08-Aug-2022/11:59:56	: Waiting ScreenRecord
08-Aug-2022/11:59:56	: Waiting For Audio
08-Aug-2022/11:59:57	: Waiting ScreenRecord
08-Aug-2022/11:59:57	: Waiting For Audio
08-Aug-2022/11:59:58	: Waiting ScreenRecord
08-Aug-2022/11:59:58	: Waiting For Audio
08-Aug-2022/11:59:59	: Waiting ScreenRecord
08-Aug-2022/11:59:59	: Waiting For Audio
