08-Aug-2022/12:00:00	: Waiting ScreenRecord
08-Aug-2022/12:00:00	: Waiting For Audio
08-Aug-2022/12:00:01	: Waiting ScreenRecord
08-Aug-2022/12:00:01	: Waiting For Audio
08-Aug-2022/12:00:02	: Waiting ScreenRecord
08-Aug-2022/12:00:02	: Waiting For Audio
08-Aug-2022/12:00:03	: Waiting ScreenRecord
08-Aug-2022/12:00:03	: Waiting For Audio
08-Aug-2022/12:00:04	: Waiting ScreenRecord
08-Aug-2022/12:00:04	: Waiting For Audio
08-Aug-2022/12:00:05	: Waiting ScreenRecord
08-Aug-2022/12:00:05	: Waiting For Audio
08-Aug-2022/12:00:06	: Waiting ScreenRecord
08-Aug-2022/12:00:06	: Waiting For Audio
08-Aug-2022/12:00:07	: Waiting ScreenRecord
08-Aug-2022/12:00:07	: Waiting For Audio
08-Aug-2022/12:00:08	: Waiting ScreenRecord
08-Aug-2022/12:00:08	: Waiting For Audio
08-Aug-2022/12:00:09	: Waiting ScreenRecord
08-Aug-2022/12:00:09	: Waiting For Audio
08-Aug-2022/12:00:10	: Waiting ScreenRecord
08-Aug-2022/12:00:10	: Waiting For Audio
08-Aug-2022/12:00:11	: Waiting ScreenRecord
08-Aug-2022/12:00:11	: Waiting For Audio
08-Aug-2022/12:00:12	: Waiting ScreenRecord
08-Aug-2022/12:00:12	: Waiting For Audio
08-Aug-2022/12:00:13	: Waiting ScreenRecord
08-Aug-2022/12:00:13	: Waiting For Audio
08-Aug-2022/12:00:14	: Waiting ScreenRecord
08-Aug-2022/12:00:14	: Waiting For Audio
08-Aug-2022/12:00:15	: Waiting ScreenRecord
08-Aug-2022/12:00:15	: Waiting For Audio
08-Aug-2022/12:00:16	: Waiting ScreenRecord
08-Aug-2022/12:00:16	: Waiting For Audio
08-Aug-2022/12:00:17	: Waiting ScreenRecord
08-Aug-2022/12:00:17	: Waiting For Audio
08-Aug-2022/12:00:18	: Waiting ScreenRecord
08-Aug-2022/12:00:18	: Waiting For Audio
08-Aug-2022/12:00:19	: Waiting ScreenRecord
08-Aug-2022/12:00:19	: Waiting For Audio
08-Aug-2022/12:00:20	: Waiting ScreenRecord
08-Aug-2022/12:00:20	: Waiting For Audio
08-Aug-2022/12:00:21	: Waiting ScreenRecord
08-Aug-2022/12:00:21	: Waiting For Audio
08-Aug-2022/12:00:22	: Waiting ScreenRecord
08-Aug-2022/12:00:22	: Waiting For Audio
08-Aug-2022/12:00:23	: Waiting ScreenRecord
08-Aug-2022/12:00:23	: Waiting For Audio
08-Aug-2022/12:00:24	: Waiting ScreenRecord
08-Aug-2022/12:00:24	: Waiting For Audio
08-Aug-2022/12:00:25	: Waiting ScreenRecord
08-Aug-2022/12:00:25	: Waiting For Audio
08-Aug-2022/12:00:45	: Soundrecording!!!!.... Thread start 
08-Aug-2022/12:00:45	: Recording Initialized .... Mic open
08-Aug-2022/12:00:46	: Waiting ScreenRecord
08-Aug-2022/12:00:46	: Waiting For Audio
08-Aug-2022/12:00:47	: Waiting ScreenRecord
08-Aug-2022/12:00:47	: Waiting For Audio
08-Aug-2022/12:00:48	: Waiting ScreenRecord
08-Aug-2022/12:00:48	: Waiting For Audio
08-Aug-2022/12:00:49	: Waiting ScreenRecord
08-Aug-2022/12:00:49	: Waiting For Audio
08-Aug-2022/12:00:50	: Waiting ScreenRecord
08-Aug-2022/12:00:50	: Waiting For Audio
08-Aug-2022/12:00:51	: Waiting ScreenRecord
08-Aug-2022/12:00:51	: Waiting For Audio
08-Aug-2022/12:00:52	: Waiting ScreenRecord
08-Aug-2022/12:00:52	: Waiting For Audio
08-Aug-2022/12:00:53	: Waiting ScreenRecord
08-Aug-2022/12:00:53	: Waiting For Audio
08-Aug-2022/12:00:54	: Waiting ScreenRecord
08-Aug-2022/12:00:54	: Waiting For Audio
08-Aug-2022/12:00:55	: Waiting ScreenRecord
08-Aug-2022/12:00:55	: Waiting For Audio
08-Aug-2022/12:00:56	: Waiting ScreenRecord
08-Aug-2022/12:00:56	: Waiting For Audio
08-Aug-2022/12:00:57	: Waiting ScreenRecord
08-Aug-2022/12:00:57	: Waiting For Audio
08-Aug-2022/12:00:58	: Waiting ScreenRecord
08-Aug-2022/12:00:58	: Waiting For Audio
08-Aug-2022/12:00:59	: Waiting ScreenRecord
08-Aug-2022/12:00:59	: Waiting For Audio
08-Aug-2022/12:01:00	: Capturing Sound
08-Aug-2022/12:01:11	: stop recording call
08-Aug-2022/12:01:11	: start time08-08-2022-12:00:45end time video---08-08-2022-12:01:11file_namerakesh_8_9155104987_22_08_08_12_00_59start_time=rakesh
08-Aug-2022/12:01:11	: encoding finish 12s
08-Aug-2022/12:01:11	: Mic Closed
08-Aug-2022/12:01:11	: Done Audio File
08-Aug-2022/12:01:12	: Waiting ScreenRecord
08-Aug-2022/12:01:12	: Waiting For Audio
08-Aug-2022/12:01:13	: Waiting ScreenRecord
08-Aug-2022/12:01:13	: Waiting For Audio
08-Aug-2022/12:01:14	: Waiting ScreenRecord
08-Aug-2022/12:01:14	: Waiting For Audio
08-Aug-2022/12:01:15	: Waiting ScreenRecord
08-Aug-2022/12:01:15	: Waiting For Audio
08-Aug-2022/12:01:16	: Waiting ScreenRecord
08-Aug-2022/12:01:16	: Waiting For Audio
08-Aug-2022/12:01:17	: Waiting ScreenRecord
08-Aug-2022/12:01:17	: Waiting For Audio
08-Aug-2022/12:01:18	: Waiting ScreenRecord
08-Aug-2022/12:01:18	: Waiting For Audio
08-Aug-2022/12:01:19	: Waiting ScreenRecord
08-Aug-2022/12:01:19	: Waiting For Audio
08-Aug-2022/12:01:20	: Waiting ScreenRecord
08-Aug-2022/12:01:20	: Waiting For Audio
08-Aug-2022/12:01:21	: Waiting ScreenRecord
08-Aug-2022/12:01:21	: Waiting For Audio
08-Aug-2022/12:01:22	: Waiting ScreenRecord
08-Aug-2022/12:01:22	: Waiting For Audio
08-Aug-2022/12:01:23	: Waiting ScreenRecord
08-Aug-2022/12:01:23	: Waiting For Audio
08-Aug-2022/12:01:24	: Waiting ScreenRecord
08-Aug-2022/12:01:24	: Waiting For Audio
08-Aug-2022/12:01:25	: Waiting ScreenRecord
08-Aug-2022/12:01:25	: Waiting For Audio
08-Aug-2022/12:01:26	: Waiting ScreenRecord
08-Aug-2022/12:01:26	: Waiting For Audio
08-Aug-2022/12:01:27	: Waiting ScreenRecord
08-Aug-2022/12:01:27	: Waiting For Audio
08-Aug-2022/12:01:28	: Waiting ScreenRecord
08-Aug-2022/12:01:28	: Waiting For Audio
08-Aug-2022/12:01:29	: Waiting ScreenRecord
08-Aug-2022/12:01:29	: Waiting For Audio
08-Aug-2022/12:01:30	: Waiting ScreenRecord
08-Aug-2022/12:01:30	: Waiting For Audio
08-Aug-2022/12:01:31	: Waiting ScreenRecord
08-Aug-2022/12:01:31	: Waiting For Audio
08-Aug-2022/12:01:32	: Waiting ScreenRecord
08-Aug-2022/12:01:32	: Waiting For Audio
08-Aug-2022/12:03:47	: Soundrecording!!!!.... Thread start 
08-Aug-2022/12:03:47	: Recording Initialized .... Mic open
08-Aug-2022/12:03:48	: Waiting ScreenRecord
08-Aug-2022/12:03:48	: Waiting For Audio
08-Aug-2022/12:03:49	: Waiting ScreenRecord
08-Aug-2022/12:03:49	: Waiting For Audio
08-Aug-2022/12:03:50	: Waiting ScreenRecord
08-Aug-2022/12:03:50	: Waiting For Audio
08-Aug-2022/12:03:51	: Waiting ScreenRecord
08-Aug-2022/12:03:51	: Waiting For Audio
08-Aug-2022/12:03:52	: Waiting ScreenRecord
08-Aug-2022/12:03:52	: Waiting For Audio
08-Aug-2022/12:03:53	: Waiting ScreenRecord
08-Aug-2022/12:03:53	: Waiting For Audio
08-Aug-2022/12:03:54	: Waiting ScreenRecord
08-Aug-2022/12:03:54	: Waiting For Audio
08-Aug-2022/12:03:55	: Waiting ScreenRecord
08-Aug-2022/12:03:55	: Waiting For Audio
08-Aug-2022/12:03:56	: Waiting ScreenRecord
08-Aug-2022/12:03:56	: Waiting For Audio
08-Aug-2022/12:03:57	: Waiting ScreenRecord
08-Aug-2022/12:03:57	: Waiting For Audio
08-Aug-2022/12:03:58	: Waiting ScreenRecord
08-Aug-2022/12:03:58	: Waiting For Audio
08-Aug-2022/12:03:59	: Waiting ScreenRecord
08-Aug-2022/12:03:59	: Waiting For Audio
08-Aug-2022/12:04:00	: Waiting ScreenRecord
08-Aug-2022/12:04:00	: Waiting For Audio
08-Aug-2022/12:04:01	: Waiting ScreenRecord
08-Aug-2022/12:04:01	: Waiting For Audio
08-Aug-2022/12:04:02	: Waiting ScreenRecord
08-Aug-2022/12:04:02	: Waiting For Audio
08-Aug-2022/12:04:03	: Waiting ScreenRecord
08-Aug-2022/12:04:03	: Waiting For Audio
08-Aug-2022/12:04:04	: Waiting ScreenRecord
08-Aug-2022/12:04:04	: Waiting For Audio
08-Aug-2022/12:04:05	: Waiting ScreenRecord
08-Aug-2022/12:04:05	: Waiting For Audio
08-Aug-2022/12:04:06	: Waiting ScreenRecord
08-Aug-2022/12:04:06	: Waiting For Audio
08-Aug-2022/12:04:07	: Waiting ScreenRecord
08-Aug-2022/12:04:07	: Waiting For Audio
