08-Aug-2022/13:14:52	: Soundrecording!!!!.... Thread start 
08-Aug-2022/13:14:52	: Mic Not detcted
08-Aug-2022/13:14:52	: Recording Initialized .... Mic open
08-Aug-2022/13:14:53	: Waiting ScreenRecord
08-Aug-2022/13:14:53	: Waiting For Audio
08-Aug-2022/13:14:54	: Waiting ScreenRecord
08-Aug-2022/13:14:54	: Waiting For Audio
08-Aug-2022/13:14:55	: Waiting ScreenRecord
08-Aug-2022/13:14:55	: Waiting For Audio
08-Aug-2022/13:14:56	: Waiting ScreenRecord
08-Aug-2022/13:14:56	: Waiting For Audio
08-Aug-2022/13:14:57	: Waiting ScreenRecord
08-Aug-2022/13:14:57	: Waiting For Audio
08-Aug-2022/13:14:58	: Waiting ScreenRecord
08-Aug-2022/13:14:58	: Waiting For Audio
08-Aug-2022/13:14:59	: Waiting ScreenRecord
08-Aug-2022/13:14:59	: Waiting For Audio
08-Aug-2022/13:15:00	: Waiting ScreenRecord
08-Aug-2022/13:15:00	: Waiting For Audio
08-Aug-2022/13:15:01	: Waiting For Audio
08-Aug-2022/13:15:01	: Waiting ScreenRecord
08-Aug-2022/13:15:02	: Waiting For Audio
08-Aug-2022/13:15:02	: Waiting ScreenRecord
08-Aug-2022/13:15:03	: Waiting For Audio
08-Aug-2022/13:15:03	: Waiting ScreenRecord
08-Aug-2022/13:15:04	: Waiting ScreenRecord
08-Aug-2022/13:15:04	: Waiting For Audio
08-Aug-2022/13:15:05	: Waiting For Audio
08-Aug-2022/13:15:05	: Waiting ScreenRecord
08-Aug-2022/13:15:06	: Waiting For Audio
08-Aug-2022/13:15:06	: Waiting ScreenRecord
08-Aug-2022/13:15:07	: Waiting For Audio
08-Aug-2022/13:15:07	: Waiting ScreenRecord
08-Aug-2022/13:15:08	: Waiting For Audio
08-Aug-2022/13:15:08	: Waiting ScreenRecord
08-Aug-2022/13:15:09	: Waiting For Audio
08-Aug-2022/13:15:09	: Waiting ScreenRecord
08-Aug-2022/13:15:10	: Waiting For Audio
08-Aug-2022/13:15:10	: Waiting ScreenRecord
08-Aug-2022/13:15:11	: Waiting For Audio
08-Aug-2022/13:15:11	: Waiting ScreenRecord
08-Aug-2022/13:15:12	: Waiting For Audio
08-Aug-2022/13:15:12	: Waiting ScreenRecord
08-Aug-2022/13:15:13	: Waiting For Audio
08-Aug-2022/13:15:13	: Waiting ScreenRecord
08-Aug-2022/13:15:14	: Waiting For Audio
08-Aug-2022/13:15:14	: Waiting ScreenRecord
08-Aug-2022/13:15:15	: Waiting For Audio
08-Aug-2022/13:15:15	: Waiting ScreenRecord
08-Aug-2022/13:15:16	: Waiting For Audio
08-Aug-2022/13:15:16	: Waiting ScreenRecord
08-Aug-2022/13:15:17	: Waiting For Audio
08-Aug-2022/13:15:17	: Waiting ScreenRecord
08-Aug-2022/13:15:18	: Waiting For Audio
08-Aug-2022/13:15:18	: Waiting ScreenRecord
08-Aug-2022/13:15:19	: Waiting For Audio
08-Aug-2022/13:15:19	: Waiting ScreenRecord
08-Aug-2022/13:15:20	: Waiting For Audio
08-Aug-2022/13:15:20	: Waiting ScreenRecord
08-Aug-2022/13:15:21	: Waiting For Audio
08-Aug-2022/13:15:21	: Waiting ScreenRecord
08-Aug-2022/13:15:22	: Waiting For Audio
08-Aug-2022/13:15:22	: Waiting ScreenRecord
08-Aug-2022/13:15:23	: Waiting For Audio
08-Aug-2022/13:15:23	: Waiting ScreenRecord
08-Aug-2022/13:15:24	: Waiting For Audio
08-Aug-2022/13:15:24	: Waiting ScreenRecord
08-Aug-2022/13:15:25	: Waiting For Audio
08-Aug-2022/13:15:25	: Waiting ScreenRecord
08-Aug-2022/13:15:26	: Waiting For Audio
08-Aug-2022/13:15:26	: Waiting ScreenRecord
08-Aug-2022/13:15:27	: Waiting For Audio
08-Aug-2022/13:15:27	: Waiting ScreenRecord
08-Aug-2022/13:15:28	: Waiting For Audio
08-Aug-2022/13:15:28	: Waiting ScreenRecord
08-Aug-2022/13:15:29	: Waiting For Audio
08-Aug-2022/13:15:29	: Waiting ScreenRecord
08-Aug-2022/13:15:30	: Waiting For Audio
08-Aug-2022/13:15:30	: Waiting ScreenRecord
08-Aug-2022/13:15:31	: Waiting For Audio
08-Aug-2022/13:15:31	: Waiting ScreenRecord
08-Aug-2022/13:15:32	: Waiting For Audio
08-Aug-2022/13:15:32	: Waiting ScreenRecord
08-Aug-2022/13:15:33	: Waiting For Audio
08-Aug-2022/13:15:33	: Waiting ScreenRecord
08-Aug-2022/13:15:34	: Waiting For Audio
08-Aug-2022/13:15:34	: Waiting ScreenRecord
08-Aug-2022/13:15:35	: Waiting For Audio
08-Aug-2022/13:15:35	: Waiting ScreenRecord
08-Aug-2022/13:15:57	: Exceeption Caught while stop Sound Recording
08-Aug-2022/13:15:57	: stop recording call
08-Aug-2022/13:15:57	: start time08-08-2022-13:14:52end time video---08-08-2022-13:15:57file_namerakesh_19_9155104987_22_08_08_13_15_35start_time=rakesh
08-Aug-2022/13:15:57	: encoding finish 22s
08-Aug-2022/13:15:58	: Waiting For Audio
08-Aug-2022/13:15:58	: Waiting ScreenRecord
08-Aug-2022/13:15:59	: Waiting For Audio
08-Aug-2022/13:15:59	: Waiting ScreenRecord
08-Aug-2022/13:16:00	: Waiting For Audio
08-Aug-2022/13:16:00	: Waiting ScreenRecord
08-Aug-2022/13:16:01	: Waiting For Audio
08-Aug-2022/13:16:01	: Waiting ScreenRecord
08-Aug-2022/13:20:41	: Soundrecording!!!!.... Thread start 
08-Aug-2022/13:20:41	: Mic Not detcted
08-Aug-2022/13:20:41	: Recording Initialized .... Mic open
08-Aug-2022/13:20:42	: Waiting ScreenRecord
08-Aug-2022/13:20:42	: Waiting For Audio
08-Aug-2022/13:20:43	: Waiting ScreenRecord
08-Aug-2022/13:20:43	: Waiting For Audio
08-Aug-2022/13:20:44	: Waiting ScreenRecord
08-Aug-2022/13:20:44	: Waiting For Audio
08-Aug-2022/13:20:45	: Waiting ScreenRecord
08-Aug-2022/13:20:45	: Waiting For Audio
08-Aug-2022/13:20:46	: Waiting ScreenRecord
08-Aug-2022/13:20:46	: Waiting For Audio
08-Aug-2022/13:20:47	: Waiting ScreenRecord
08-Aug-2022/13:20:47	: Waiting For Audio
08-Aug-2022/13:20:48	: Waiting ScreenRecord
08-Aug-2022/13:20:48	: Waiting For Audio
08-Aug-2022/13:20:49	: Waiting ScreenRecord
08-Aug-2022/13:20:49	: Waiting For Audio
08-Aug-2022/13:20:50	: Waiting ScreenRecord
08-Aug-2022/13:20:50	: Waiting For Audio
08-Aug-2022/13:20:51	: Waiting ScreenRecord
08-Aug-2022/13:20:51	: Waiting For Audio
08-Aug-2022/13:20:52	: Waiting ScreenRecord
08-Aug-2022/13:20:52	: Waiting For Audio
08-Aug-2022/13:20:53	: Waiting ScreenRecord
08-Aug-2022/13:20:53	: Waiting For Audio
08-Aug-2022/13:20:54	: Waiting ScreenRecord
08-Aug-2022/13:20:54	: Waiting For Audio
08-Aug-2022/13:20:55	: Waiting ScreenRecord
08-Aug-2022/13:20:55	: Waiting For Audio
08-Aug-2022/13:20:56	: Waiting ScreenRecord
08-Aug-2022/13:20:56	: Waiting For Audio
08-Aug-2022/13:20:57	: Waiting ScreenRecord
08-Aug-2022/13:20:57	: Waiting For Audio
08-Aug-2022/13:20:58	: Waiting ScreenRecord
08-Aug-2022/13:20:58	: Waiting For Audio
08-Aug-2022/13:20:59	: Waiting ScreenRecord
08-Aug-2022/13:20:59	: Waiting For Audio
08-Aug-2022/13:21:00	: Waiting ScreenRecord
08-Aug-2022/13:21:00	: Waiting For Audio
08-Aug-2022/13:21:01	: Waiting ScreenRecord
08-Aug-2022/13:21:01	: Waiting For Audio
08-Aug-2022/13:21:25	: Exceeption Caught while stop Sound Recording
08-Aug-2022/13:21:25	: stop recording call
08-Aug-2022/13:21:25	: start time08-08-2022-13:20:41end time video---08-08-2022-13:21:25file_namerakesh_19_9155104987_22_08_08_13_21_01start_time=rakesh
08-Aug-2022/13:21:25	: encoding finish 24s
08-Aug-2022/13:21:26	: Waiting For Audio
08-Aug-2022/13:21:26	: Waiting ScreenRecord
08-Aug-2022/13:21:27	: Waiting For Audio
08-Aug-2022/13:21:28	: Waiting ScreenRecord
08-Aug-2022/13:21:28	: Waiting For Audio
08-Aug-2022/13:21:29	: Waiting ScreenRecord
08-Aug-2022/13:21:29	: Waiting For Audio
08-Aug-2022/13:21:30	: Waiting ScreenRecord
08-Aug-2022/13:21:30	: Waiting For Audio
08-Aug-2022/13:21:31	: Waiting ScreenRecord
08-Aug-2022/13:21:31	: Waiting For Audio
08-Aug-2022/13:21:32	: Waiting ScreenRecord
08-Aug-2022/13:21:32	: Waiting For Audio
08-Aug-2022/13:21:33	: Waiting ScreenRecord
08-Aug-2022/13:21:34	: Waiting For Audio
08-Aug-2022/13:21:34	: Waiting ScreenRecord
08-Aug-2022/13:21:35	: Waiting For Audio
08-Aug-2022/13:21:35	: Waiting ScreenRecord
08-Aug-2022/13:21:36	: Waiting For Audio
08-Aug-2022/13:21:36	: Waiting ScreenRecord
08-Aug-2022/13:21:37	: Waiting For Audio
08-Aug-2022/13:21:37	: Waiting ScreenRecord
08-Aug-2022/13:21:38	: Waiting For Audio
08-Aug-2022/13:21:38	: Waiting ScreenRecord
08-Aug-2022/13:21:39	: Waiting For Audio
08-Aug-2022/13:21:39	: Waiting ScreenRecord
08-Aug-2022/13:21:40	: Waiting For Audio
08-Aug-2022/13:21:40	: Waiting ScreenRecord
08-Aug-2022/13:21:41	: Waiting For Audio
08-Aug-2022/13:21:41	: Waiting ScreenRecord
08-Aug-2022/13:21:42	: Waiting For Audio
08-Aug-2022/13:21:42	: Waiting ScreenRecord
08-Aug-2022/13:21:43	: Waiting For Audio
08-Aug-2022/13:21:43	: Waiting ScreenRecord
08-Aug-2022/13:21:44	: Waiting For Audio
08-Aug-2022/13:21:44	: Waiting ScreenRecord
08-Aug-2022/13:21:45	: Waiting For Audio
08-Aug-2022/13:21:45	: Waiting ScreenRecord
08-Aug-2022/13:21:46	: Waiting For Audio
08-Aug-2022/13:21:46	: Waiting ScreenRecord
08-Aug-2022/13:21:47	: Waiting For Audio
08-Aug-2022/13:21:47	: Waiting ScreenRecord
08-Aug-2022/13:21:48	: Waiting For Audio
08-Aug-2022/13:21:48	: Waiting ScreenRecord
08-Aug-2022/13:21:49	: Waiting For Audio
08-Aug-2022/13:21:49	: Waiting ScreenRecord
08-Aug-2022/13:21:50	: Waiting For Audio
08-Aug-2022/13:21:50	: Waiting ScreenRecord
08-Aug-2022/13:21:51	: Waiting For Audio
08-Aug-2022/13:21:51	: Waiting ScreenRecord
08-Aug-2022/13:21:52	: Waiting For Audio
08-Aug-2022/13:21:52	: Waiting ScreenRecord
08-Aug-2022/13:21:53	: Waiting For Audio
08-Aug-2022/13:21:53	: Waiting ScreenRecord
08-Aug-2022/13:21:54	: Waiting For Audio
08-Aug-2022/13:21:54	: Waiting ScreenRecord
08-Aug-2022/13:21:55	: Waiting For Audio
08-Aug-2022/13:21:55	: Waiting ScreenRecord
08-Aug-2022/13:21:56	: Waiting For Audio
08-Aug-2022/13:21:56	: Waiting ScreenRecord
08-Aug-2022/13:21:57	: Waiting For Audio
08-Aug-2022/13:21:57	: Waiting ScreenRecord
08-Aug-2022/13:21:58	: Waiting For Audio
08-Aug-2022/13:21:58	: Waiting ScreenRecord
08-Aug-2022/13:21:59	: Waiting For Audio
08-Aug-2022/13:21:59	: Waiting ScreenRecord
08-Aug-2022/13:22:00	: Waiting For Audio
08-Aug-2022/13:22:00	: Waiting ScreenRecord
08-Aug-2022/13:22:01	: Waiting For Audio
08-Aug-2022/13:22:01	: Waiting ScreenRecord
08-Aug-2022/13:22:02	: Waiting For Audio
08-Aug-2022/13:22:02	: Waiting ScreenRecord
08-Aug-2022/13:22:03	: Waiting For Audio
08-Aug-2022/13:22:03	: Waiting ScreenRecord
08-Aug-2022/13:22:04	: Waiting For Audio
08-Aug-2022/13:22:04	: Waiting ScreenRecord
08-Aug-2022/13:22:05	: Waiting For Audio
08-Aug-2022/13:22:05	: Waiting ScreenRecord
08-Aug-2022/13:22:06	: Waiting For Audio
08-Aug-2022/13:22:06	: Waiting ScreenRecord
08-Aug-2022/13:22:07	: Waiting For Audio
08-Aug-2022/13:22:07	: Waiting ScreenRecord
08-Aug-2022/13:22:08	: Waiting For Audio
08-Aug-2022/13:22:08	: Waiting ScreenRecord
08-Aug-2022/13:22:09	: Waiting For Audio
08-Aug-2022/13:22:09	: Waiting ScreenRecord
08-Aug-2022/13:22:10	: Waiting For Audio
08-Aug-2022/13:22:10	: Waiting ScreenRecord
08-Aug-2022/13:22:11	: Waiting For Audio
08-Aug-2022/13:22:11	: Waiting ScreenRecord
08-Aug-2022/13:22:12	: Waiting For Audio
08-Aug-2022/13:22:12	: Waiting ScreenRecord
08-Aug-2022/13:22:13	: Waiting For Audio
08-Aug-2022/13:22:13	: Waiting ScreenRecord
08-Aug-2022/13:22:14	: Waiting For Audio
08-Aug-2022/13:22:14	: Waiting ScreenRecord
08-Aug-2022/13:22:15	: Waiting For Audio
08-Aug-2022/13:22:15	: Waiting ScreenRecord
08-Aug-2022/13:22:16	: Waiting For Audio
08-Aug-2022/13:22:16	: Waiting ScreenRecord
08-Aug-2022/13:22:17	: Waiting For Audio
08-Aug-2022/13:22:17	: Waiting ScreenRecord
08-Aug-2022/13:22:18	: Waiting For Audio
08-Aug-2022/13:22:18	: Waiting ScreenRecord
08-Aug-2022/13:22:19	: Waiting For Audio
08-Aug-2022/13:22:19	: Waiting ScreenRecord
08-Aug-2022/13:22:20	: Waiting For Audio
08-Aug-2022/13:22:20	: Waiting ScreenRecord
08-Aug-2022/13:22:21	: Waiting For Audio
08-Aug-2022/13:22:21	: Waiting ScreenRecord
08-Aug-2022/13:22:22	: Waiting For Audio
08-Aug-2022/13:22:22	: Waiting ScreenRecord
08-Aug-2022/13:22:23	: Waiting For Audio
08-Aug-2022/13:22:23	: Waiting ScreenRecord
08-Aug-2022/13:22:24	: Waiting For Audio
08-Aug-2022/13:22:24	: Waiting ScreenRecord
08-Aug-2022/13:22:25	: Waiting For Audio
08-Aug-2022/13:22:25	: Waiting ScreenRecord
08-Aug-2022/13:22:26	: Waiting For Audio
08-Aug-2022/13:22:26	: Waiting ScreenRecord
08-Aug-2022/13:22:27	: Waiting For Audio
08-Aug-2022/13:22:27	: Waiting ScreenRecord
08-Aug-2022/13:22:28	: Waiting For Audio
08-Aug-2022/13:22:28	: Waiting ScreenRecord
08-Aug-2022/13:22:29	: Waiting For Audio
08-Aug-2022/13:22:29	: Waiting ScreenRecord
08-Aug-2022/13:22:30	: Waiting For Audio
08-Aug-2022/13:22:30	: Waiting ScreenRecord
08-Aug-2022/13:22:31	: Waiting For Audio
08-Aug-2022/13:22:31	: Waiting ScreenRecord
08-Aug-2022/13:22:32	: Waiting For Audio
08-Aug-2022/13:22:32	: Waiting ScreenRecord
08-Aug-2022/13:22:33	: Waiting For Audio
08-Aug-2022/13:22:33	: Waiting ScreenRecord
08-Aug-2022/13:22:34	: Waiting For Audio
08-Aug-2022/13:22:34	: Waiting ScreenRecord
08-Aug-2022/13:22:35	: Waiting For Audio
08-Aug-2022/13:22:35	: Waiting ScreenRecord
08-Aug-2022/13:22:36	: Waiting For Audio
08-Aug-2022/13:22:36	: Waiting ScreenRecord
08-Aug-2022/13:22:37	: Waiting For Audio
08-Aug-2022/13:22:37	: Waiting ScreenRecord
08-Aug-2022/13:22:38	: Waiting For Audio
08-Aug-2022/13:22:38	: Waiting ScreenRecord
08-Aug-2022/13:22:39	: Waiting For Audio
08-Aug-2022/13:22:39	: Waiting ScreenRecord
08-Aug-2022/13:22:40	: Waiting For Audio
08-Aug-2022/13:22:40	: Waiting ScreenRecord
08-Aug-2022/13:22:41	: Waiting For Audio
08-Aug-2022/13:22:41	: Waiting ScreenRecord
08-Aug-2022/13:22:42	: Waiting For Audio
08-Aug-2022/13:22:42	: Waiting ScreenRecord
08-Aug-2022/13:22:43	: Waiting For Audio
08-Aug-2022/13:22:43	: Waiting ScreenRecord
08-Aug-2022/13:22:44	: Waiting For Audio
08-Aug-2022/13:22:44	: Waiting ScreenRecord
08-Aug-2022/13:22:45	: Waiting For Audio
08-Aug-2022/13:22:45	: Waiting ScreenRecord
08-Aug-2022/13:22:46	: Waiting For Audio
08-Aug-2022/13:22:46	: Waiting ScreenRecord
08-Aug-2022/13:22:47	: Waiting For Audio
08-Aug-2022/13:22:47	: Waiting ScreenRecord
08-Aug-2022/13:22:48	: Waiting For Audio
08-Aug-2022/13:22:48	: Waiting ScreenRecord
08-Aug-2022/13:22:49	: Waiting For Audio
08-Aug-2022/13:22:49	: Waiting ScreenRecord
08-Aug-2022/13:22:50	: Waiting For Audio
08-Aug-2022/13:22:50	: Waiting ScreenRecord
08-Aug-2022/13:22:51	: Waiting For Audio
08-Aug-2022/13:22:51	: Waiting ScreenRecord
08-Aug-2022/13:22:52	: Waiting For Audio
08-Aug-2022/13:22:52	: Waiting ScreenRecord
08-Aug-2022/13:22:53	: Waiting For Audio
08-Aug-2022/13:22:53	: Waiting ScreenRecord
08-Aug-2022/13:22:54	: Waiting For Audio
08-Aug-2022/13:22:54	: Waiting ScreenRecord
08-Aug-2022/13:22:55	: Waiting For Audio
08-Aug-2022/13:22:55	: Waiting ScreenRecord
08-Aug-2022/13:22:56	: Waiting For Audio
08-Aug-2022/13:22:56	: Waiting ScreenRecord
08-Aug-2022/13:22:57	: Waiting For Audio
08-Aug-2022/13:22:57	: Waiting ScreenRecord
08-Aug-2022/13:22:58	: Waiting For Audio
08-Aug-2022/13:22:58	: Waiting ScreenRecord
08-Aug-2022/13:22:59	: Waiting For Audio
08-Aug-2022/13:22:59	: Waiting ScreenRecord
08-Aug-2022/13:23:00	: Waiting For Audio
08-Aug-2022/13:23:00	: Waiting ScreenRecord
08-Aug-2022/13:23:01	: Waiting For Audio
08-Aug-2022/13:23:01	: Waiting ScreenRecord
08-Aug-2022/13:23:02	: Waiting For Audio
08-Aug-2022/13:23:02	: Waiting ScreenRecord
08-Aug-2022/13:23:03	: Waiting For Audio
08-Aug-2022/13:23:03	: Waiting ScreenRecord
08-Aug-2022/13:23:04	: Waiting For Audio
08-Aug-2022/13:23:04	: Waiting ScreenRecord
08-Aug-2022/13:23:05	: Waiting For Audio
08-Aug-2022/13:23:05	: Waiting ScreenRecord
08-Aug-2022/13:23:06	: Waiting For Audio
08-Aug-2022/13:23:06	: Waiting ScreenRecord
08-Aug-2022/13:23:07	: Waiting For Audio
08-Aug-2022/13:23:07	: Waiting ScreenRecord
08-Aug-2022/13:23:08	: Waiting For Audio
08-Aug-2022/13:23:08	: Waiting ScreenRecord
08-Aug-2022/13:23:09	: Waiting For Audio
08-Aug-2022/13:23:09	: Waiting ScreenRecord
08-Aug-2022/13:23:10	: Waiting For Audio
08-Aug-2022/13:23:10	: Waiting ScreenRecord
08-Aug-2022/13:23:11	: Waiting For Audio
08-Aug-2022/13:23:11	: Waiting ScreenRecord
08-Aug-2022/13:23:12	: Waiting For Audio
08-Aug-2022/13:23:12	: Waiting ScreenRecord
08-Aug-2022/13:23:13	: Waiting For Audio
08-Aug-2022/13:23:13	: Waiting ScreenRecord
08-Aug-2022/13:23:14	: Waiting For Audio
08-Aug-2022/13:23:15	: Waiting ScreenRecord
08-Aug-2022/13:23:15	: Waiting For Audio
08-Aug-2022/13:23:16	: Waiting ScreenRecord
08-Aug-2022/13:23:16	: Waiting For Audio
08-Aug-2022/13:23:17	: Waiting ScreenRecord
08-Aug-2022/13:23:17	: Waiting For Audio
08-Aug-2022/13:23:18	: Waiting ScreenRecord
08-Aug-2022/13:23:18	: Waiting For Audio
08-Aug-2022/13:23:19	: Waiting ScreenRecord
08-Aug-2022/13:23:19	: Waiting For Audio
08-Aug-2022/13:23:20	: Waiting ScreenRecord
08-Aug-2022/13:23:20	: Waiting For Audio
08-Aug-2022/13:23:21	: Waiting ScreenRecord
08-Aug-2022/13:23:21	: Waiting For Audio
08-Aug-2022/13:23:22	: Waiting ScreenRecord
08-Aug-2022/13:23:22	: Waiting For Audio
08-Aug-2022/13:23:23	: Waiting ScreenRecord
08-Aug-2022/13:23:23	: Waiting For Audio
08-Aug-2022/13:23:24	: Waiting ScreenRecord
08-Aug-2022/13:23:25	: Waiting For Audio
08-Aug-2022/13:23:25	: Waiting ScreenRecord
08-Aug-2022/13:23:26	: Waiting For Audio
08-Aug-2022/13:23:26	: Waiting ScreenRecord
08-Aug-2022/13:23:27	: Waiting For Audio
08-Aug-2022/13:23:27	: Waiting ScreenRecord
08-Aug-2022/13:23:28	: Waiting For Audio
08-Aug-2022/13:23:28	: Waiting ScreenRecord
08-Aug-2022/13:23:29	: Waiting For Audio
08-Aug-2022/13:23:29	: Waiting ScreenRecord
08-Aug-2022/13:23:30	: Waiting For Audio
08-Aug-2022/13:23:30	: Waiting ScreenRecord
08-Aug-2022/13:23:31	: Waiting For Audio
08-Aug-2022/13:23:31	: Waiting ScreenRecord
08-Aug-2022/13:23:32	: Waiting For Audio
08-Aug-2022/13:23:32	: Waiting ScreenRecord
08-Aug-2022/13:23:33	: Waiting For Audio
08-Aug-2022/13:23:33	: Waiting ScreenRecord
08-Aug-2022/13:23:34	: Waiting For Audio
08-Aug-2022/13:23:34	: Waiting ScreenRecord
08-Aug-2022/13:23:35	: Waiting For Audio
08-Aug-2022/13:23:35	: Waiting ScreenRecord
08-Aug-2022/13:23:36	: Waiting For Audio
08-Aug-2022/13:23:36	: Waiting ScreenRecord
08-Aug-2022/13:23:37	: Waiting For Audio
08-Aug-2022/13:23:37	: Waiting ScreenRecord
08-Aug-2022/13:23:38	: Waiting For Audio
08-Aug-2022/13:23:38	: Waiting ScreenRecord
08-Aug-2022/13:23:39	: Waiting For Audio
08-Aug-2022/13:23:39	: Waiting ScreenRecord
08-Aug-2022/13:23:40	: Waiting For Audio
08-Aug-2022/13:23:40	: Waiting ScreenRecord
08-Aug-2022/13:23:41	: Waiting For Audio
08-Aug-2022/13:23:41	: Waiting ScreenRecord
08-Aug-2022/13:23:42	: Waiting For Audio
08-Aug-2022/13:23:42	: Waiting ScreenRecord
08-Aug-2022/13:23:43	: Waiting For Audio
08-Aug-2022/13:23:43	: Waiting ScreenRecord
08-Aug-2022/13:23:44	: Waiting For Audio
08-Aug-2022/13:23:44	: Waiting ScreenRecord
08-Aug-2022/13:23:45	: Waiting For Audio
08-Aug-2022/13:23:45	: Waiting ScreenRecord
08-Aug-2022/13:23:46	: Waiting For Audio
08-Aug-2022/13:23:46	: Waiting ScreenRecord
08-Aug-2022/13:23:47	: Waiting For Audio
08-Aug-2022/13:23:47	: Waiting ScreenRecord
08-Aug-2022/13:23:48	: Waiting For Audio
08-Aug-2022/13:23:48	: Waiting ScreenRecord
08-Aug-2022/13:23:49	: Waiting For Audio
08-Aug-2022/13:23:49	: Waiting ScreenRecord
08-Aug-2022/13:23:50	: Waiting For Audio
08-Aug-2022/13:23:50	: Waiting ScreenRecord
08-Aug-2022/13:23:51	: Waiting For Audio
08-Aug-2022/13:23:51	: Waiting ScreenRecord
08-Aug-2022/13:23:52	: Waiting For Audio
08-Aug-2022/13:23:52	: Waiting ScreenRecord
08-Aug-2022/13:23:53	: Waiting For Audio
08-Aug-2022/13:23:53	: Waiting ScreenRecord
08-Aug-2022/13:23:54	: Waiting For Audio
08-Aug-2022/13:23:54	: Waiting ScreenRecord
08-Aug-2022/13:23:55	: Waiting For Audio
08-Aug-2022/13:23:55	: Waiting ScreenRecord
08-Aug-2022/13:23:56	: Waiting For Audio
08-Aug-2022/13:23:56	: Waiting ScreenRecord
08-Aug-2022/13:23:57	: Waiting For Audio
08-Aug-2022/13:23:57	: Waiting ScreenRecord
08-Aug-2022/13:23:58	: Waiting For Audio
08-Aug-2022/13:23:58	: Waiting ScreenRecord
08-Aug-2022/13:23:59	: Waiting For Audio
08-Aug-2022/13:23:59	: Waiting ScreenRecord
08-Aug-2022/13:24:00	: Waiting For Audio
08-Aug-2022/13:24:00	: Waiting ScreenRecord
08-Aug-2022/13:24:01	: Waiting For Audio
08-Aug-2022/13:24:01	: Waiting ScreenRecord
08-Aug-2022/13:24:02	: Waiting For Audio
08-Aug-2022/13:24:02	: Waiting ScreenRecord
08-Aug-2022/13:24:03	: Waiting For Audio
08-Aug-2022/13:24:03	: Waiting ScreenRecord
08-Aug-2022/13:24:04	: Waiting For Audio
08-Aug-2022/13:24:04	: Waiting ScreenRecord
08-Aug-2022/13:24:05	: Waiting For Audio
08-Aug-2022/13:24:05	: Waiting ScreenRecord
08-Aug-2022/13:24:06	: Waiting For Audio
08-Aug-2022/13:24:06	: Waiting ScreenRecord
08-Aug-2022/13:24:07	: Waiting For Audio
08-Aug-2022/13:24:07	: Waiting ScreenRecord
08-Aug-2022/13:24:08	: Waiting For Audio
08-Aug-2022/13:24:08	: Waiting ScreenRecord
08-Aug-2022/13:24:09	: Waiting For Audio
08-Aug-2022/13:24:09	: Waiting ScreenRecord
08-Aug-2022/13:24:10	: Waiting For Audio
08-Aug-2022/13:24:10	: Waiting ScreenRecord
08-Aug-2022/13:24:11	: Waiting For Audio
08-Aug-2022/13:24:11	: Waiting ScreenRecord
08-Aug-2022/13:24:12	: Waiting For Audio
08-Aug-2022/13:24:12	: Waiting ScreenRecord
08-Aug-2022/13:24:13	: Waiting For Audio
08-Aug-2022/13:24:13	: Waiting ScreenRecord
08-Aug-2022/13:24:14	: Waiting For Audio
08-Aug-2022/13:24:14	: Waiting ScreenRecord
08-Aug-2022/13:24:15	: Waiting For Audio
08-Aug-2022/13:24:15	: Waiting ScreenRecord
08-Aug-2022/13:24:16	: Waiting For Audio
08-Aug-2022/13:24:16	: Waiting ScreenRecord
08-Aug-2022/13:24:17	: Waiting For Audio
08-Aug-2022/13:24:17	: Waiting ScreenRecord
08-Aug-2022/13:24:18	: Waiting For Audio
08-Aug-2022/13:24:18	: Waiting ScreenRecord
08-Aug-2022/13:24:19	: Waiting For Audio
08-Aug-2022/13:24:19	: Waiting ScreenRecord
08-Aug-2022/13:24:20	: Waiting For Audio
08-Aug-2022/13:24:20	: Waiting ScreenRecord
08-Aug-2022/13:24:21	: Waiting For Audio
08-Aug-2022/13:24:21	: Waiting ScreenRecord
08-Aug-2022/13:24:22	: Waiting For Audio
08-Aug-2022/13:24:22	: Waiting ScreenRecord
08-Aug-2022/13:24:23	: Waiting For Audio
08-Aug-2022/13:24:23	: Waiting ScreenRecord
08-Aug-2022/13:24:24	: Waiting For Audio
08-Aug-2022/13:24:24	: Waiting ScreenRecord
08-Aug-2022/13:24:25	: Waiting For Audio
08-Aug-2022/13:24:25	: Waiting ScreenRecord
08-Aug-2022/13:24:26	: Waiting For Audio
08-Aug-2022/13:24:26	: Waiting ScreenRecord
08-Aug-2022/13:24:27	: Waiting For Audio
08-Aug-2022/13:24:27	: Waiting ScreenRecord
08-Aug-2022/13:24:28	: Waiting For Audio
08-Aug-2022/13:24:28	: Waiting ScreenRecord
08-Aug-2022/13:24:29	: Waiting For Audio
08-Aug-2022/13:24:29	: Waiting ScreenRecord
08-Aug-2022/13:24:30	: Waiting For Audio
08-Aug-2022/13:24:30	: Waiting ScreenRecord
08-Aug-2022/13:24:31	: Waiting For Audio
08-Aug-2022/13:24:31	: Waiting ScreenRecord
08-Aug-2022/13:24:32	: Waiting For Audio
08-Aug-2022/13:24:32	: Waiting ScreenRecord
08-Aug-2022/13:24:33	: Waiting For Audio
08-Aug-2022/13:24:33	: Waiting ScreenRecord
08-Aug-2022/13:24:34	: Waiting For Audio
08-Aug-2022/13:24:34	: Waiting ScreenRecord
08-Aug-2022/13:24:35	: Waiting For Audio
08-Aug-2022/13:24:35	: Waiting ScreenRecord
08-Aug-2022/13:24:36	: Waiting For Audio
08-Aug-2022/13:24:36	: Waiting ScreenRecord
08-Aug-2022/13:24:37	: Waiting For Audio
08-Aug-2022/13:24:37	: Waiting ScreenRecord
08-Aug-2022/13:24:38	: Waiting For Audio
08-Aug-2022/13:24:38	: Waiting ScreenRecord
08-Aug-2022/13:24:39	: Waiting For Audio
08-Aug-2022/13:24:39	: Waiting ScreenRecord
08-Aug-2022/13:24:40	: Waiting For Audio
08-Aug-2022/13:24:40	: Waiting ScreenRecord
08-Aug-2022/13:24:41	: Waiting For Audio
08-Aug-2022/13:24:41	: Waiting ScreenRecord
08-Aug-2022/13:24:42	: Waiting For Audio
08-Aug-2022/13:24:42	: Waiting ScreenRecord
08-Aug-2022/13:24:43	: Waiting For Audio
08-Aug-2022/13:24:43	: Waiting ScreenRecord
08-Aug-2022/13:24:44	: Waiting For Audio
08-Aug-2022/13:24:44	: Waiting ScreenRecord
08-Aug-2022/13:24:45	: Waiting For Audio
08-Aug-2022/13:24:45	: Waiting ScreenRecord
08-Aug-2022/13:24:46	: Waiting For Audio
08-Aug-2022/13:24:46	: Waiting ScreenRecord
08-Aug-2022/13:24:47	: Waiting For Audio
08-Aug-2022/13:24:47	: Waiting ScreenRecord
08-Aug-2022/13:24:48	: Waiting For Audio
08-Aug-2022/13:24:48	: Waiting ScreenRecord
08-Aug-2022/13:24:49	: Waiting For Audio
08-Aug-2022/13:24:49	: Waiting ScreenRecord
08-Aug-2022/13:24:50	: Waiting For Audio
08-Aug-2022/13:24:50	: Waiting ScreenRecord
08-Aug-2022/13:24:51	: Waiting For Audio
08-Aug-2022/13:24:52	: Waiting ScreenRecord
08-Aug-2022/13:24:52	: Waiting For Audio
08-Aug-2022/13:24:53	: Waiting ScreenRecord
08-Aug-2022/13:24:53	: Waiting For Audio
08-Aug-2022/13:24:54	: Waiting ScreenRecord
08-Aug-2022/13:24:54	: Waiting For Audio
08-Aug-2022/13:24:55	: Waiting ScreenRecord
08-Aug-2022/13:24:55	: Waiting For Audio
08-Aug-2022/13:24:56	: Waiting ScreenRecord
08-Aug-2022/13:24:56	: Soundrecording!!!!.... Thread start 
08-Aug-2022/13:24:56	: Waiting For Audio
08-Aug-2022/13:24:56	: Mic Not detcted
08-Aug-2022/13:24:56	: Recording Initialized .... Mic open
08-Aug-2022/13:24:57	: Waiting ScreenRecord
08-Aug-2022/13:24:57	: Waiting For Audio
08-Aug-2022/13:24:58	: Waiting For Audio
08-Aug-2022/13:24:58	: Waiting ScreenRecord
08-Aug-2022/13:24:58	: Waiting For Audio
08-Aug-2022/13:24:59	: Waiting For Audio
08-Aug-2022/13:24:59	: Waiting ScreenRecord
08-Aug-2022/13:24:59	: Waiting For Audio
08-Aug-2022/13:25:00	: Waiting For Audio
08-Aug-2022/13:25:00	: Waiting ScreenRecord
08-Aug-2022/13:25:00	: Waiting For Audio
08-Aug-2022/13:25:01	: Waiting For Audio
08-Aug-2022/13:25:01	: Waiting ScreenRecord
08-Aug-2022/13:25:01	: Waiting For Audio
08-Aug-2022/13:25:02	: Waiting For Audio
08-Aug-2022/13:25:02	: Waiting ScreenRecord
08-Aug-2022/13:25:03	: Waiting For Audio
08-Aug-2022/13:25:03	: Waiting For Audio
08-Aug-2022/13:25:03	: Waiting ScreenRecord
08-Aug-2022/13:25:04	: Waiting For Audio
08-Aug-2022/13:25:04	: Waiting For Audio
08-Aug-2022/13:25:04	: Waiting ScreenRecord
08-Aug-2022/13:25:05	: Waiting For Audio
08-Aug-2022/13:25:05	: Waiting For Audio
08-Aug-2022/13:25:05	: Waiting ScreenRecord
08-Aug-2022/13:25:06	: Waiting For Audio
08-Aug-2022/13:25:06	: Waiting For Audio
08-Aug-2022/13:25:06	: Waiting ScreenRecord
08-Aug-2022/13:25:07	: Waiting For Audio
08-Aug-2022/13:25:07	: Waiting For Audio
08-Aug-2022/13:25:07	: Waiting ScreenRecord
08-Aug-2022/13:25:08	: Waiting For Audio
08-Aug-2022/13:25:08	: Waiting For Audio
08-Aug-2022/13:25:08	: Waiting ScreenRecord
08-Aug-2022/13:25:09	: Waiting For Audio
08-Aug-2022/13:25:09	: Waiting For Audio
08-Aug-2022/13:25:09	: Waiting ScreenRecord
08-Aug-2022/13:25:10	: Waiting For Audio
08-Aug-2022/13:25:10	: Waiting For Audio
08-Aug-2022/13:25:10	: Waiting ScreenRecord
08-Aug-2022/13:25:11	: Waiting For Audio
08-Aug-2022/13:25:11	: Waiting For Audio
08-Aug-2022/13:25:11	: Waiting ScreenRecord
08-Aug-2022/13:25:12	: Waiting For Audio
08-Aug-2022/13:25:12	: Waiting For Audio
08-Aug-2022/13:25:12	: Waiting ScreenRecord
08-Aug-2022/13:25:13	: Waiting For Audio
08-Aug-2022/13:25:13	: Waiting For Audio
08-Aug-2022/13:25:13	: Waiting ScreenRecord
08-Aug-2022/13:25:14	: Waiting For Audio
08-Aug-2022/13:25:14	: Waiting For Audio
08-Aug-2022/13:25:14	: Waiting ScreenRecord
08-Aug-2022/13:25:15	: Waiting For Audio
08-Aug-2022/13:25:15	: Waiting For Audio
08-Aug-2022/13:25:15	: Waiting ScreenRecord
08-Aug-2022/13:25:16	: Waiting For Audio
08-Aug-2022/13:25:16	: Waiting For Audio
08-Aug-2022/13:25:16	: Waiting ScreenRecord
08-Aug-2022/13:25:17	: Waiting For Audio
08-Aug-2022/13:25:17	: Waiting For Audio
08-Aug-2022/13:25:17	: Waiting ScreenRecord
08-Aug-2022/13:25:18	: Waiting For Audio
08-Aug-2022/13:25:18	: Waiting For Audio
08-Aug-2022/13:25:18	: Waiting ScreenRecord
08-Aug-2022/13:25:19	: Waiting For Audio
08-Aug-2022/13:25:19	: Waiting For Audio
08-Aug-2022/13:25:19	: Waiting ScreenRecord
08-Aug-2022/13:25:20	: Waiting For Audio
08-Aug-2022/13:25:20	: Waiting For Audio
08-Aug-2022/13:25:20	: Waiting ScreenRecord
08-Aug-2022/13:25:21	: Waiting For Audio
08-Aug-2022/13:25:21	: Waiting For Audio
08-Aug-2022/13:25:21	: Waiting ScreenRecord
08-Aug-2022/13:25:22	: Waiting For Audio
08-Aug-2022/13:25:22	: Waiting For Audio
08-Aug-2022/13:25:22	: Waiting ScreenRecord
08-Aug-2022/13:25:23	: Waiting For Audio
08-Aug-2022/13:25:23	: Waiting For Audio
08-Aug-2022/13:25:23	: Waiting ScreenRecord
08-Aug-2022/13:25:24	: Waiting For Audio
08-Aug-2022/13:25:24	: Waiting For Audio
08-Aug-2022/13:25:24	: Waiting ScreenRecord
08-Aug-2022/13:25:25	: Waiting For Audio
08-Aug-2022/13:25:25	: Waiting For Audio
08-Aug-2022/13:25:25	: Waiting ScreenRecord
08-Aug-2022/13:25:25	: Waiting ScreenRecord
08-Aug-2022/13:25:26	: Waiting For Audio
08-Aug-2022/13:25:26	: Waiting For Audio
08-Aug-2022/13:25:26	: Waiting ScreenRecord
08-Aug-2022/13:25:27	: Waiting For Audio
08-Aug-2022/13:25:27	: Waiting For Audio
08-Aug-2022/13:25:27	: Waiting ScreenRecord
08-Aug-2022/13:25:28	: Waiting For Audio
08-Aug-2022/13:25:28	: Waiting For Audio
08-Aug-2022/13:25:28	: Waiting ScreenRecord
08-Aug-2022/13:25:28	: Waiting ScreenRecord
08-Aug-2022/13:25:29	: Waiting For Audio
08-Aug-2022/13:25:29	: Waiting For Audio
08-Aug-2022/13:25:29	: Waiting ScreenRecord
08-Aug-2022/13:25:30	: Waiting For Audio
08-Aug-2022/13:25:30	: Waiting For Audio
08-Aug-2022/13:25:30	: Waiting ScreenRecord
08-Aug-2022/13:25:31	: Waiting For Audio
08-Aug-2022/13:25:31	: Waiting For Audio
08-Aug-2022/13:25:31	: Waiting ScreenRecord
08-Aug-2022/13:25:32	: Waiting For Audio
08-Aug-2022/13:25:32	: Waiting ScreenRecord
08-Aug-2022/13:25:33	: Waiting For Audio
08-Aug-2022/13:25:34	: Waiting For Audio
08-Aug-2022/13:25:35	: Waiting For Audio
08-Aug-2022/13:25:36	: Waiting For Audio
08-Aug-2022/13:25:37	: Waiting For Audio
08-Aug-2022/13:25:38	: Waiting For Audio
08-Aug-2022/13:25:39	: Waiting For Audio
08-Aug-2022/13:25:40	: Waiting For Audio
08-Aug-2022/13:25:41	: Waiting For Audio
08-Aug-2022/13:25:42	: Waiting ScreenRecord
08-Aug-2022/13:25:42	: Waiting For Audio
08-Aug-2022/13:25:43	: Waiting For Audio
08-Aug-2022/13:25:44	: Waiting For Audio
08-Aug-2022/13:25:45	: Waiting For Audio
08-Aug-2022/13:25:45	: Waiting ScreenRecord
08-Aug-2022/13:25:46	: Waiting For Audio
08-Aug-2022/13:25:47	: Waiting For Audio
08-Aug-2022/13:25:48	: Waiting For Audio
08-Aug-2022/13:25:49	: Waiting For Audio
08-Aug-2022/13:25:49	: Waiting ScreenRecord
08-Aug-2022/13:25:50	: Waiting For Audio
08-Aug-2022/13:25:51	: Waiting For Audio
08-Aug-2022/13:25:52	: Waiting For Audio
08-Aug-2022/13:25:53	: Waiting For Audio
08-Aug-2022/13:25:54	: Waiting For Audio
08-Aug-2022/13:25:55	: Waiting For Audio
08-Aug-2022/13:25:56	: Waiting For Audio
08-Aug-2022/13:25:57	: Waiting For Audio
08-Aug-2022/13:25:58	: Waiting For Audio
08-Aug-2022/13:25:59	: Waiting ScreenRecord
08-Aug-2022/13:25:59	: Waiting For Audio
08-Aug-2022/13:26:00	: Waiting ScreenRecord
08-Aug-2022/13:26:00	: Waiting For Audio
08-Aug-2022/13:26:01	: Waiting ScreenRecord
08-Aug-2022/13:26:01	: Waiting For Audio
08-Aug-2022/13:26:02	: Waiting ScreenRecord
08-Aug-2022/13:26:02	: Waiting For Audio
08-Aug-2022/13:26:03	: Waiting ScreenRecord
08-Aug-2022/13:26:03	: Waiting For Audio
08-Aug-2022/13:26:04	: Waiting ScreenRecord
08-Aug-2022/13:26:04	: Waiting For Audio
08-Aug-2022/13:26:05	: Waiting ScreenRecord
08-Aug-2022/13:26:05	: Waiting For Audio
08-Aug-2022/13:26:06	: Waiting ScreenRecord
08-Aug-2022/13:26:06	: Waiting For Audio
08-Aug-2022/13:26:07	: Waiting ScreenRecord
08-Aug-2022/13:26:07	: Waiting For Audio
08-Aug-2022/13:26:08	: Waiting ScreenRecord
08-Aug-2022/13:26:08	: Waiting For Audio
08-Aug-2022/13:26:09	: Waiting ScreenRecord
08-Aug-2022/13:26:09	: Waiting For Audio
08-Aug-2022/13:26:10	: Waiting ScreenRecord
08-Aug-2022/13:26:10	: Waiting For Audio
08-Aug-2022/13:26:11	: Waiting ScreenRecord
08-Aug-2022/13:26:11	: Waiting For Audio
08-Aug-2022/13:26:12	: Waiting ScreenRecord
08-Aug-2022/13:26:12	: Waiting For Audio
08-Aug-2022/13:26:13	: Waiting ScreenRecord
08-Aug-2022/13:26:13	: Waiting For Audio
08-Aug-2022/13:26:14	: Waiting ScreenRecord
08-Aug-2022/13:26:14	: Waiting For Audio
08-Aug-2022/13:26:15	: Waiting ScreenRecord
08-Aug-2022/13:26:15	: Waiting For Audio
08-Aug-2022/13:26:16	: Waiting ScreenRecord
08-Aug-2022/13:26:16	: Waiting For Audio
08-Aug-2022/13:26:17	: Waiting ScreenRecord
08-Aug-2022/13:26:17	: Waiting For Audio
08-Aug-2022/13:26:18	: Waiting ScreenRecord
08-Aug-2022/13:26:18	: Waiting For Audio
08-Aug-2022/13:26:19	: Waiting ScreenRecord
08-Aug-2022/13:26:19	: Waiting For Audio
08-Aug-2022/13:26:20	: Waiting ScreenRecord
08-Aug-2022/13:26:20	: Waiting For Audio
08-Aug-2022/13:26:21	: Soundrecording!!!!.... Thread start 
08-Aug-2022/13:26:21	: Mic Not detcted
08-Aug-2022/13:26:21	: Recording Initialized .... Mic open
08-Aug-2022/13:26:21	: Waiting ScreenRecord
08-Aug-2022/13:26:21	: Waiting For Audio
08-Aug-2022/13:26:22	: Waiting For Audio
08-Aug-2022/13:26:22	: Waiting ScreenRecord
08-Aug-2022/13:26:22	: Waiting For Audio
08-Aug-2022/13:26:23	: Waiting For Audio
08-Aug-2022/13:26:23	: Waiting ScreenRecord
08-Aug-2022/13:26:23	: Waiting For Audio
08-Aug-2022/13:26:24	: Waiting For Audio
08-Aug-2022/13:26:24	: Waiting ScreenRecord
08-Aug-2022/13:26:24	: Waiting For Audio
08-Aug-2022/13:26:25	: Waiting For Audio
08-Aug-2022/13:26:25	: Waiting ScreenRecord
08-Aug-2022/13:26:25	: Waiting For Audio
08-Aug-2022/13:26:26	: Waiting For Audio
08-Aug-2022/13:26:26	: Waiting ScreenRecord
08-Aug-2022/13:26:26	: Waiting For Audio
08-Aug-2022/13:26:27	: Waiting For Audio
08-Aug-2022/13:26:27	: Waiting ScreenRecord
08-Aug-2022/13:26:27	: Waiting For Audio
08-Aug-2022/13:26:28	: Waiting For Audio
08-Aug-2022/13:26:28	: Waiting ScreenRecord
08-Aug-2022/13:26:28	: Waiting For Audio
08-Aug-2022/13:26:29	: Waiting For Audio
08-Aug-2022/13:26:29	: Waiting ScreenRecord
08-Aug-2022/13:26:29	: Waiting For Audio
08-Aug-2022/13:26:30	: Waiting For Audio
08-Aug-2022/13:26:30	: Waiting ScreenRecord
08-Aug-2022/13:26:30	: Waiting For Audio
08-Aug-2022/13:26:31	: Waiting For Audio
08-Aug-2022/13:26:31	: Waiting ScreenRecord
08-Aug-2022/13:26:31	: Waiting For Audio
08-Aug-2022/13:26:32	: Waiting For Audio
08-Aug-2022/13:26:32	: Waiting ScreenRecord
08-Aug-2022/13:26:32	: Waiting For Audio
08-Aug-2022/13:26:33	: Waiting For Audio
08-Aug-2022/13:26:33	: Waiting ScreenRecord
08-Aug-2022/13:26:33	: Waiting ScreenRecord
08-Aug-2022/13:26:33	: Waiting For Audio
08-Aug-2022/13:26:34	: Waiting For Audio
08-Aug-2022/13:26:34	: Waiting ScreenRecord
08-Aug-2022/13:26:34	: Waiting For Audio
08-Aug-2022/13:26:35	: Waiting For Audio
08-Aug-2022/13:26:35	: Waiting ScreenRecord
08-Aug-2022/13:26:35	: Waiting For Audio
08-Aug-2022/13:26:36	: Waiting For Audio
08-Aug-2022/13:26:36	: Waiting ScreenRecord
08-Aug-2022/13:26:36	: Waiting ScreenRecord
08-Aug-2022/13:26:36	: Waiting For Audio
08-Aug-2022/13:26:37	: Waiting For Audio
08-Aug-2022/13:26:37	: Waiting ScreenRecord
08-Aug-2022/13:26:37	: Waiting For Audio
08-Aug-2022/13:26:38	: Waiting For Audio
08-Aug-2022/13:26:38	: Waiting ScreenRecord
08-Aug-2022/13:26:38	: Waiting For Audio
08-Aug-2022/13:26:39	: Waiting For Audio
08-Aug-2022/13:26:39	: Waiting ScreenRecord
08-Aug-2022/13:26:39	: Waiting For Audio
08-Aug-2022/13:26:40	: Waiting ScreenRecord
08-Aug-2022/13:26:40	: Waiting For Audio
08-Aug-2022/13:26:40	: Waiting ScreenRecord
08-Aug-2022/13:26:40	: Waiting For Audio
08-Aug-2022/13:26:41	: Waiting For Audio
08-Aug-2022/13:26:41	: Waiting ScreenRecord
08-Aug-2022/13:26:41	: Waiting For Audio
08-Aug-2022/13:26:42	: Waiting For Audio
08-Aug-2022/13:26:42	: Waiting ScreenRecord
08-Aug-2022/13:26:42	: Waiting For Audio
08-Aug-2022/13:26:43	: Waiting For Audio
08-Aug-2022/13:26:43	: Waiting ScreenRecord
08-Aug-2022/13:26:44	: Waiting For Audio
08-Aug-2022/13:26:44	: Waiting For Audio
08-Aug-2022/13:26:44	: Waiting ScreenRecord
08-Aug-2022/13:26:45	: Waiting For Audio
08-Aug-2022/13:26:45	: Waiting For Audio
08-Aug-2022/13:26:45	: Waiting ScreenRecord
08-Aug-2022/13:26:46	: Waiting For Audio
08-Aug-2022/13:26:46	: Waiting For Audio
08-Aug-2022/13:26:46	: Waiting ScreenRecord
08-Aug-2022/13:26:47	: Waiting For Audio
08-Aug-2022/13:26:47	: Waiting For Audio
08-Aug-2022/13:26:47	: Waiting ScreenRecord
08-Aug-2022/13:26:48	: Waiting For Audio
08-Aug-2022/13:26:48	: Waiting For Audio
08-Aug-2022/13:26:48	: Waiting ScreenRecord
08-Aug-2022/13:26:49	: Waiting For Audio
08-Aug-2022/13:26:49	: Waiting For Audio
08-Aug-2022/13:26:49	: Waiting ScreenRecord
08-Aug-2022/13:26:50	: Waiting For Audio
08-Aug-2022/13:26:50	: Waiting For Audio
08-Aug-2022/13:26:50	: Waiting ScreenRecord
08-Aug-2022/13:26:51	: Waiting For Audio
08-Aug-2022/13:26:51	: Waiting For Audio
08-Aug-2022/13:26:51	: Waiting ScreenRecord
08-Aug-2022/13:26:52	: Waiting For Audio
08-Aug-2022/13:26:52	: Waiting For Audio
08-Aug-2022/13:26:52	: Waiting ScreenRecord
08-Aug-2022/13:26:53	: Waiting For Audio
08-Aug-2022/13:26:53	: Waiting For Audio
08-Aug-2022/13:26:53	: Waiting ScreenRecord
08-Aug-2022/13:26:54	: Waiting For Audio
08-Aug-2022/13:26:54	: Waiting For Audio
08-Aug-2022/13:26:54	: Waiting ScreenRecord
08-Aug-2022/13:26:55	: Waiting For Audio
08-Aug-2022/13:27:44	: Soundrecording!!!!.... Thread start 
08-Aug-2022/13:27:44	: Mic Not detcted
08-Aug-2022/13:27:45	: Recording Initialized .... Mic open
08-Aug-2022/13:27:45	: Waiting ScreenRecord
08-Aug-2022/13:27:46	: Waiting For Audio
08-Aug-2022/13:27:46	: Waiting ScreenRecord
08-Aug-2022/13:27:47	: Waiting For Audio
08-Aug-2022/13:27:47	: Waiting ScreenRecord
08-Aug-2022/13:27:48	: Waiting For Audio
08-Aug-2022/13:27:48	: Waiting ScreenRecord
08-Aug-2022/13:27:49	: Waiting For Audio
08-Aug-2022/13:27:49	: Waiting ScreenRecord
08-Aug-2022/13:27:50	: Waiting For Audio
08-Aug-2022/13:27:51	: Waiting ScreenRecord
08-Aug-2022/13:27:51	: Waiting For Audio
08-Aug-2022/13:27:52	: Waiting ScreenRecord
08-Aug-2022/13:27:52	: Waiting For Audio
08-Aug-2022/13:27:53	: Waiting ScreenRecord
08-Aug-2022/13:27:53	: Waiting For Audio
08-Aug-2022/13:27:54	: Waiting ScreenRecord
08-Aug-2022/13:27:54	: Waiting For Audio
08-Aug-2022/13:27:55	: Waiting ScreenRecord
08-Aug-2022/13:27:55	: Waiting For Audio
08-Aug-2022/13:27:56	: Waiting ScreenRecord
08-Aug-2022/13:27:56	: Waiting For Audio
08-Aug-2022/13:27:57	: Waiting ScreenRecord
08-Aug-2022/13:27:57	: Waiting For Audio
08-Aug-2022/13:28:01	: Soundrecording!!!!.... Thread start 
08-Aug-2022/13:28:01	: Recording Initialized .... Mic open
08-Aug-2022/13:28:02	: Waiting ScreenRecord
08-Aug-2022/13:28:02	: Waiting For Audio
08-Aug-2022/13:28:03	: Waiting ScreenRecord
08-Aug-2022/13:28:03	: Waiting For Audio
08-Aug-2022/13:28:04	: Waiting ScreenRecord
08-Aug-2022/13:28:04	: Waiting For Audio
08-Aug-2022/13:28:05	: Waiting ScreenRecord
08-Aug-2022/13:28:05	: Waiting For Audio
08-Aug-2022/13:28:06	: Waiting ScreenRecord
08-Aug-2022/13:28:06	: Waiting For Audio
08-Aug-2022/13:28:07	: Waiting ScreenRecord
08-Aug-2022/13:28:07	: Waiting For Audio
08-Aug-2022/13:28:08	: Waiting ScreenRecord
08-Aug-2022/13:28:08	: Waiting For Audio
08-Aug-2022/13:28:09	: Waiting ScreenRecord
08-Aug-2022/13:28:09	: Waiting For Audio
08-Aug-2022/13:28:10	: Waiting ScreenRecord
08-Aug-2022/13:28:10	: Waiting For Audio
08-Aug-2022/13:28:11	: Waiting ScreenRecord
08-Aug-2022/13:28:11	: Waiting For Audio
08-Aug-2022/13:28:12	: Waiting ScreenRecord
08-Aug-2022/13:28:12	: Waiting For Audio
08-Aug-2022/13:28:13	: Waiting ScreenRecord
08-Aug-2022/13:28:13	: Waiting For Audio
08-Aug-2022/13:28:14	: Waiting ScreenRecord
08-Aug-2022/13:28:14	: Waiting For Audio
08-Aug-2022/13:28:15	: Waiting ScreenRecord
08-Aug-2022/13:28:15	: Waiting For Audio
08-Aug-2022/13:28:16	: Waiting ScreenRecord
08-Aug-2022/13:28:16	: Waiting For Audio
08-Aug-2022/13:28:17	: Waiting ScreenRecord
08-Aug-2022/13:28:17	: Waiting For Audio
08-Aug-2022/13:28:18	: Waiting ScreenRecord
08-Aug-2022/13:28:18	: Waiting For Audio
08-Aug-2022/13:28:19	: Waiting ScreenRecord
08-Aug-2022/13:28:19	: Waiting For Audio
08-Aug-2022/13:28:20	: Waiting ScreenRecord
08-Aug-2022/13:28:20	: Waiting For Audio
08-Aug-2022/13:28:21	: Waiting ScreenRecord
08-Aug-2022/13:28:21	: Waiting For Audio
08-Aug-2022/13:28:22	: Waiting ScreenRecord
08-Aug-2022/13:28:22	: Waiting For Audio
08-Aug-2022/13:28:23	: Waiting ScreenRecord
08-Aug-2022/13:28:23	: Waiting For Audio
08-Aug-2022/13:28:24	: Waiting ScreenRecord
08-Aug-2022/13:28:24	: Waiting For Audio
08-Aug-2022/13:28:25	: Waiting ScreenRecord
08-Aug-2022/13:28:25	: Waiting For Audio
08-Aug-2022/13:28:26	: Waiting ScreenRecord
08-Aug-2022/13:28:26	: Waiting For Audio
08-Aug-2022/13:28:27	: Waiting ScreenRecord
08-Aug-2022/13:28:27	: Waiting For Audio
08-Aug-2022/13:28:28	: Waiting ScreenRecord
08-Aug-2022/13:28:28	: Waiting For Audio
08-Aug-2022/13:28:29	: Waiting ScreenRecord
08-Aug-2022/13:28:29	: Waiting For Audio
08-Aug-2022/13:28:30	: Waiting ScreenRecord
08-Aug-2022/13:28:30	: Waiting For Audio
08-Aug-2022/13:28:31	: Waiting ScreenRecord
08-Aug-2022/13:28:31	: Waiting For Audio
08-Aug-2022/13:28:32	: Waiting ScreenRecord
08-Aug-2022/13:28:32	: Waiting For Audio
08-Aug-2022/13:28:33	: Waiting ScreenRecord
08-Aug-2022/13:28:33	: Waiting For Audio
08-Aug-2022/13:28:34	: Waiting ScreenRecord
08-Aug-2022/13:28:34	: Waiting For Audio
08-Aug-2022/13:28:35	: Waiting ScreenRecord
08-Aug-2022/13:28:36	: Waiting For Audio
08-Aug-2022/13:28:36	: Waiting ScreenRecord
08-Aug-2022/13:28:37	: Waiting For Audio
08-Aug-2022/13:28:37	: Waiting ScreenRecord
08-Aug-2022/13:28:38	: Waiting For Audio
08-Aug-2022/13:28:38	: Waiting ScreenRecord
08-Aug-2022/13:28:39	: Waiting For Audio
08-Aug-2022/13:28:39	: Waiting ScreenRecord
08-Aug-2022/13:28:40	: Waiting For Audio
08-Aug-2022/13:28:40	: Waiting ScreenRecord
08-Aug-2022/13:28:41	: Waiting For Audio
08-Aug-2022/13:28:41	: Waiting ScreenRecord
08-Aug-2022/13:28:42	: Waiting For Audio
08-Aug-2022/13:28:42	: Waiting ScreenRecord
08-Aug-2022/13:28:43	: Waiting For Audio
08-Aug-2022/13:28:43	: Waiting ScreenRecord
08-Aug-2022/13:28:44	: Waiting For Audio
08-Aug-2022/13:28:44	: Waiting ScreenRecord
08-Aug-2022/13:28:45	: Waiting For Audio
08-Aug-2022/13:28:45	: Waiting ScreenRecord
08-Aug-2022/13:28:46	: Waiting For Audio
08-Aug-2022/13:28:46	: Waiting ScreenRecord
08-Aug-2022/13:28:47	: Waiting For Audio
08-Aug-2022/13:28:47	: Waiting ScreenRecord
08-Aug-2022/13:28:48	: Waiting For Audio
08-Aug-2022/13:28:48	: Waiting ScreenRecord
08-Aug-2022/13:28:49	: Waiting For Audio
08-Aug-2022/13:28:49	: Waiting ScreenRecord
08-Aug-2022/13:28:50	: Waiting For Audio
08-Aug-2022/13:28:50	: Waiting ScreenRecord
08-Aug-2022/13:28:51	: Waiting For Audio
08-Aug-2022/13:28:52	: Waiting ScreenRecord
08-Aug-2022/13:28:52	: Waiting For Audio
08-Aug-2022/13:28:53	: Waiting ScreenRecord
08-Aug-2022/13:28:53	: Waiting For Audio
08-Aug-2022/13:28:54	: Waiting ScreenRecord
08-Aug-2022/13:28:54	: Waiting For Audio
08-Aug-2022/13:28:55	: Waiting ScreenRecord
08-Aug-2022/13:28:55	: Waiting For Audio
08-Aug-2022/13:28:56	: Waiting ScreenRecord
08-Aug-2022/13:28:56	: Waiting For Audio
08-Aug-2022/13:28:57	: Waiting ScreenRecord
08-Aug-2022/13:28:57	: Waiting For Audio
08-Aug-2022/13:28:58	: Waiting ScreenRecord
08-Aug-2022/13:28:58	: Waiting For Audio
08-Aug-2022/13:28:59	: Waiting ScreenRecord
08-Aug-2022/13:28:59	: Waiting For Audio
08-Aug-2022/13:29:00	: Waiting ScreenRecord
08-Aug-2022/13:29:00	: Waiting For Audio
08-Aug-2022/13:29:01	: Waiting ScreenRecord
08-Aug-2022/13:29:01	: Waiting For Audio
08-Aug-2022/13:29:02	: Waiting ScreenRecord
08-Aug-2022/13:29:02	: Waiting For Audio
08-Aug-2022/13:29:03	: Waiting ScreenRecord
08-Aug-2022/13:29:03	: Waiting For Audio
08-Aug-2022/13:29:04	: Waiting ScreenRecord
08-Aug-2022/13:29:04	: Waiting For Audio
08-Aug-2022/13:29:05	: Waiting ScreenRecord
08-Aug-2022/13:29:05	: Waiting For Audio
08-Aug-2022/13:29:06	: Waiting ScreenRecord
08-Aug-2022/13:29:06	: Waiting For Audio
08-Aug-2022/13:29:07	: Waiting ScreenRecord
08-Aug-2022/13:29:07	: Waiting For Audio
08-Aug-2022/13:29:08	: Soundrecording!!!!.... Thread start 
08-Aug-2022/13:29:08	: Mic Not detcted
08-Aug-2022/13:29:08	: Recording Initialized .... Mic open
08-Aug-2022/13:29:08	: Waiting ScreenRecord
08-Aug-2022/13:29:08	: Waiting For Audio
08-Aug-2022/13:29:09	: Waiting ScreenRecord
08-Aug-2022/13:29:09	: Waiting For Audio
08-Aug-2022/13:29:09	: Waiting ScreenRecord
08-Aug-2022/13:29:09	: Waiting For Audio
08-Aug-2022/13:29:10	: Waiting ScreenRecord
08-Aug-2022/13:29:10	: Waiting For Audio
08-Aug-2022/13:29:10	: Waiting ScreenRecord
08-Aug-2022/13:29:10	: Waiting For Audio
08-Aug-2022/13:29:11	: Waiting ScreenRecord
08-Aug-2022/13:29:11	: Waiting For Audio
08-Aug-2022/13:29:11	: Waiting ScreenRecord
08-Aug-2022/13:29:11	: Waiting For Audio
08-Aug-2022/13:29:12	: Waiting ScreenRecord
08-Aug-2022/13:29:12	: Waiting For Audio
08-Aug-2022/13:29:12	: Waiting ScreenRecord
08-Aug-2022/13:29:12	: Waiting For Audio
08-Aug-2022/13:29:13	: Waiting ScreenRecord
08-Aug-2022/13:29:13	: Waiting For Audio
08-Aug-2022/13:29:13	: Waiting ScreenRecord
08-Aug-2022/13:29:13	: Waiting For Audio
08-Aug-2022/13:29:14	: Waiting ScreenRecord
08-Aug-2022/13:29:14	: Waiting For Audio
08-Aug-2022/13:29:14	: Waiting ScreenRecord
08-Aug-2022/13:29:14	: Waiting For Audio
08-Aug-2022/13:29:15	: Waiting ScreenRecord
08-Aug-2022/13:29:15	: Waiting For Audio
08-Aug-2022/13:29:15	: Waiting ScreenRecord
08-Aug-2022/13:29:15	: Waiting For Audio
08-Aug-2022/13:29:16	: Waiting ScreenRecord
08-Aug-2022/13:29:16	: Waiting For Audio
08-Aug-2022/13:29:16	: Waiting ScreenRecord
08-Aug-2022/13:29:16	: Waiting For Audio
08-Aug-2022/13:29:17	: Waiting ScreenRecord
08-Aug-2022/13:29:17	: Waiting For Audio
08-Aug-2022/13:29:17	: Waiting ScreenRecord
08-Aug-2022/13:29:17	: Waiting For Audio
08-Aug-2022/13:29:18	: Waiting ScreenRecord
08-Aug-2022/13:29:18	: Waiting For Audio
08-Aug-2022/13:29:18	: Waiting ScreenRecord
08-Aug-2022/13:29:18	: Waiting For Audio
08-Aug-2022/13:29:19	: Waiting For Audio
08-Aug-2022/13:29:19	: Waiting ScreenRecord
08-Aug-2022/13:29:19	: Waiting ScreenRecord
08-Aug-2022/13:29:19	: Waiting For Audio
08-Aug-2022/13:29:20	: Waiting For Audio
08-Aug-2022/13:29:20	: Waiting ScreenRecord
08-Aug-2022/13:29:20	: Waiting ScreenRecord
08-Aug-2022/13:29:20	: Waiting For Audio
08-Aug-2022/13:29:21	: Waiting For Audio
08-Aug-2022/13:29:21	: Waiting ScreenRecord
08-Aug-2022/13:29:21	: Waiting ScreenRecord
08-Aug-2022/13:29:21	: Waiting For Audio
08-Aug-2022/13:29:22	: Waiting ScreenRecord
08-Aug-2022/13:29:22	: Waiting For Audio
08-Aug-2022/13:29:22	: Waiting ScreenRecord
08-Aug-2022/13:29:22	: Waiting For Audio
08-Aug-2022/13:29:23	: Waiting ScreenRecord
08-Aug-2022/13:29:23	: Waiting For Audio
08-Aug-2022/13:29:23	: Waiting ScreenRecord
08-Aug-2022/13:29:23	: Waiting For Audio
08-Aug-2022/13:29:24	: Waiting For Audio
08-Aug-2022/13:29:24	: Waiting ScreenRecord
08-Aug-2022/13:29:24	: Waiting ScreenRecord
08-Aug-2022/13:29:24	: Waiting For Audio
08-Aug-2022/13:29:25	: Waiting ScreenRecord
08-Aug-2022/13:29:25	: Waiting For Audio
08-Aug-2022/13:29:25	: Waiting ScreenRecord
08-Aug-2022/13:29:25	: Waiting For Audio
08-Aug-2022/13:29:26	: Waiting ScreenRecord
08-Aug-2022/13:29:26	: Waiting For Audio
08-Aug-2022/13:29:26	: Waiting ScreenRecord
08-Aug-2022/13:29:26	: Waiting For Audio
08-Aug-2022/13:29:27	: Waiting ScreenRecord
08-Aug-2022/13:29:27	: Waiting For Audio
08-Aug-2022/13:29:27	: Waiting ScreenRecord
08-Aug-2022/13:29:27	: Waiting For Audio
08-Aug-2022/13:29:39	: stop recording call
08-Aug-2022/13:29:39	: Mic Closed
08-Aug-2022/13:29:39	: start time08-08-2022-13:28:01end time video---08-08-2022-13:29:39file_namerakesh_19_9155104987_22_08_08_13_29_27start_time=rakesh
08-Aug-2022/13:29:39	: encoding finish 11s
08-Aug-2022/13:29:39	: Mic Closed
08-Aug-2022/13:29:40	: Waiting For Audio
08-Aug-2022/13:29:40	: Waiting ScreenRecord
08-Aug-2022/13:29:40	: Waiting For Audio
08-Aug-2022/13:29:41	: Waiting For Audio
08-Aug-2022/13:29:41	: Waiting ScreenRecord
08-Aug-2022/13:29:41	: Waiting For Audio
08-Aug-2022/13:29:42	: Waiting For Audio
08-Aug-2022/13:29:42	: Waiting ScreenRecord
08-Aug-2022/13:29:42	: Waiting For Audio
08-Aug-2022/13:29:43	: Waiting For Audio
08-Aug-2022/13:29:43	: Waiting ScreenRecord
08-Aug-2022/13:29:43	: Waiting For Audio
08-Aug-2022/13:29:44	: Waiting For Audio
08-Aug-2022/13:29:44	: Waiting ScreenRecord
08-Aug-2022/13:29:44	: Waiting For Audio
08-Aug-2022/13:29:45	: Waiting For Audio
08-Aug-2022/13:29:45	: Waiting ScreenRecord
08-Aug-2022/13:29:45	: Waiting For Audio
08-Aug-2022/13:29:46	: Waiting For Audio
08-Aug-2022/13:29:46	: Waiting ScreenRecord
08-Aug-2022/13:29:46	: Waiting For Audio
08-Aug-2022/13:29:47	: Waiting For Audio
08-Aug-2022/13:29:47	: Waiting ScreenRecord
08-Aug-2022/13:29:47	: Waiting For Audio
08-Aug-2022/13:29:48	: Waiting For Audio
08-Aug-2022/13:29:48	: Waiting ScreenRecord
08-Aug-2022/13:29:48	: Waiting For Audio
08-Aug-2022/13:29:49	: Waiting For Audio
08-Aug-2022/13:29:49	: Waiting ScreenRecord
08-Aug-2022/13:29:49	: Waiting For Audio
08-Aug-2022/13:29:50	: Waiting For Audio
08-Aug-2022/13:29:50	: Waiting ScreenRecord
08-Aug-2022/13:29:50	: Waiting For Audio
08-Aug-2022/13:29:51	: Waiting For Audio
08-Aug-2022/13:29:51	: Waiting ScreenRecord
08-Aug-2022/13:29:51	: Waiting For Audio
08-Aug-2022/13:29:52	: Waiting For Audio
08-Aug-2022/13:29:52	: Waiting ScreenRecord
08-Aug-2022/13:29:52	: Waiting For Audio
08-Aug-2022/13:29:53	: Waiting For Audio
08-Aug-2022/13:29:53	: Waiting ScreenRecord
08-Aug-2022/13:29:53	: Waiting For Audio
08-Aug-2022/13:29:54	: Waiting For Audio
08-Aug-2022/13:29:54	: Waiting ScreenRecord
08-Aug-2022/13:29:54	: Waiting For Audio
08-Aug-2022/13:29:55	: Waiting For Audio
08-Aug-2022/13:29:55	: Waiting ScreenRecord
08-Aug-2022/13:29:55	: Waiting For Audio
08-Aug-2022/13:29:56	: Waiting For Audio
08-Aug-2022/13:29:56	: Waiting ScreenRecord
08-Aug-2022/13:29:56	: Waiting For Audio
08-Aug-2022/13:29:57	: Waiting For Audio
08-Aug-2022/13:29:57	: Waiting ScreenRecord
08-Aug-2022/13:29:57	: Waiting For Audio
08-Aug-2022/13:29:58	: Waiting For Audio
08-Aug-2022/13:29:58	: Waiting ScreenRecord
08-Aug-2022/13:29:58	: Waiting For Audio
08-Aug-2022/13:29:59	: Waiting For Audio
08-Aug-2022/13:29:59	: Waiting ScreenRecord
08-Aug-2022/13:29:59	: Waiting For Audio
08-Aug-2022/13:30:00	: Waiting For Audio
08-Aug-2022/13:30:00	: Waiting ScreenRecord
08-Aug-2022/13:30:00	: Waiting For Audio
08-Aug-2022/13:30:01	: Waiting For Audio
08-Aug-2022/13:30:01	: Waiting ScreenRecord
08-Aug-2022/13:30:01	: Waiting For Audio
08-Aug-2022/13:30:02	: Waiting For Audio
08-Aug-2022/13:30:02	: Waiting ScreenRecord
08-Aug-2022/13:30:02	: Waiting For Audio
08-Aug-2022/13:30:03	: Waiting For Audio
08-Aug-2022/13:30:03	: Waiting ScreenRecord
08-Aug-2022/13:30:03	: Waiting For Audio
08-Aug-2022/13:30:14	: Soundrecording!!!!.... Thread start 
08-Aug-2022/13:30:14	: Recording Initialized .... Mic open
08-Aug-2022/13:30:15	: Waiting ScreenRecord
08-Aug-2022/13:30:15	: Waiting For Audio
08-Aug-2022/13:30:16	: Waiting ScreenRecord
08-Aug-2022/13:30:16	: Waiting For Audio
08-Aug-2022/13:30:17	: Waiting ScreenRecord
08-Aug-2022/13:30:17	: Waiting For Audio
08-Aug-2022/13:30:18	: Waiting ScreenRecord
08-Aug-2022/13:30:18	: Waiting For Audio
08-Aug-2022/13:30:19	: Waiting ScreenRecord
08-Aug-2022/13:30:19	: Waiting For Audio
08-Aug-2022/13:30:20	: Waiting ScreenRecord
08-Aug-2022/13:30:20	: Waiting For Audio
08-Aug-2022/13:30:21	: Waiting ScreenRecord
08-Aug-2022/13:30:21	: Waiting For Audio
08-Aug-2022/13:30:22	: Waiting ScreenRecord
08-Aug-2022/13:30:22	: Waiting For Audio
08-Aug-2022/13:30:23	: Waiting ScreenRecord
08-Aug-2022/13:30:23	: Waiting For Audio
08-Aug-2022/13:30:24	: Waiting ScreenRecord
08-Aug-2022/13:30:24	: Waiting For Audio
08-Aug-2022/13:30:25	: Waiting ScreenRecord
08-Aug-2022/13:30:25	: Waiting For Audio
08-Aug-2022/13:30:26	: Waiting ScreenRecord
08-Aug-2022/13:30:26	: Waiting For Audio
08-Aug-2022/13:30:27	: Waiting ScreenRecord
08-Aug-2022/13:30:27	: Waiting For Audio
08-Aug-2022/13:30:28	: Waiting ScreenRecord
08-Aug-2022/13:30:28	: Waiting For Audio
08-Aug-2022/13:30:29	: Waiting ScreenRecord
08-Aug-2022/13:30:29	: Waiting For Audio
08-Aug-2022/13:30:30	: Waiting ScreenRecord
08-Aug-2022/13:30:30	: Waiting For Audio
08-Aug-2022/13:30:31	: Waiting ScreenRecord
08-Aug-2022/13:30:31	: Waiting For Audio
08-Aug-2022/13:30:32	: Waiting ScreenRecord
08-Aug-2022/13:30:32	: Waiting For Audio
08-Aug-2022/13:30:33	: Waiting ScreenRecord
08-Aug-2022/13:30:33	: Waiting For Audio
08-Aug-2022/13:30:34	: Waiting ScreenRecord
08-Aug-2022/13:30:34	: Waiting For Audio
08-Aug-2022/13:30:35	: Waiting ScreenRecord
08-Aug-2022/13:30:35	: Waiting For Audio
08-Aug-2022/13:30:36	: Waiting ScreenRecord
08-Aug-2022/13:30:36	: Waiting For Audio
08-Aug-2022/13:30:37	: Waiting ScreenRecord
08-Aug-2022/13:30:37	: Waiting For Audio
08-Aug-2022/13:30:38	: Waiting ScreenRecord
08-Aug-2022/13:30:38	: Waiting For Audio
08-Aug-2022/13:30:39	: Waiting ScreenRecord
08-Aug-2022/13:30:39	: Waiting For Audio
08-Aug-2022/13:30:40	: Capturing Sound
08-Aug-2022/13:31:00	: stop recording call
08-Aug-2022/13:31:00	: start time08-08-2022-13:30:14end time video---08-08-2022-13:31:00file_namerakesh_19_9155104987_22_08_08_13_30_39start_time=rakesh
08-Aug-2022/13:31:00	: encoding finish 21s
08-Aug-2022/13:31:00	: Mic Closed
08-Aug-2022/13:31:00	: Done Audio File
08-Aug-2022/13:31:01	: Waiting ScreenRecord
08-Aug-2022/13:31:01	: Waiting For Audio
08-Aug-2022/13:31:02	: Waiting ScreenRecord
08-Aug-2022/13:31:02	: Waiting For Audio
08-Aug-2022/13:31:03	: Waiting For Audio
08-Aug-2022/13:31:03	: Waiting ScreenRecord
08-Aug-2022/13:31:04	: Waiting For Audio
08-Aug-2022/13:31:04	: Waiting ScreenRecord
08-Aug-2022/13:31:05	: Waiting For Audio
08-Aug-2022/13:31:05	: Waiting ScreenRecord
08-Aug-2022/13:31:06	: Waiting For Audio
08-Aug-2022/13:31:06	: Waiting ScreenRecord
08-Aug-2022/13:31:07	: Waiting ScreenRecord
08-Aug-2022/13:31:07	: Waiting For Audio
08-Aug-2022/13:31:08	: Waiting ScreenRecord
08-Aug-2022/13:31:08	: Waiting For Audio
08-Aug-2022/13:31:09	: Waiting ScreenRecord
08-Aug-2022/13:31:09	: Waiting For Audio
08-Aug-2022/13:31:10	: Waiting For Audio
08-Aug-2022/13:31:10	: Waiting ScreenRecord
08-Aug-2022/13:31:11	: Waiting For Audio
08-Aug-2022/13:31:11	: Waiting ScreenRecord
08-Aug-2022/13:31:12	: Waiting ScreenRecord
08-Aug-2022/13:31:12	: Waiting For Audio
08-Aug-2022/13:31:13	: Waiting ScreenRecord
08-Aug-2022/13:31:13	: Waiting For Audio
08-Aug-2022/13:31:14	: Waiting For Audio
08-Aug-2022/13:31:14	: Waiting ScreenRecord
08-Aug-2022/13:31:15	: Waiting ScreenRecord
08-Aug-2022/13:31:15	: Waiting For Audio
08-Aug-2022/13:31:16	: Waiting For Audio
08-Aug-2022/13:31:16	: Waiting ScreenRecord
08-Aug-2022/13:31:17	: Waiting For Audio
08-Aug-2022/13:31:17	: Waiting ScreenRecord
08-Aug-2022/13:31:18	: Waiting For Audio
08-Aug-2022/13:31:18	: Waiting ScreenRecord
08-Aug-2022/13:31:19	: Waiting For Audio
08-Aug-2022/13:31:19	: Waiting ScreenRecord
08-Aug-2022/13:31:21	: Waiting For Audio
08-Aug-2022/13:31:21	: Waiting ScreenRecord
08-Aug-2022/13:31:22	: Waiting ScreenRecord
08-Aug-2022/13:31:22	: Waiting For Audio
08-Aug-2022/13:31:23	: Waiting For Audio
08-Aug-2022/13:31:23	: Waiting ScreenRecord
08-Aug-2022/13:31:24	: Waiting For Audio
08-Aug-2022/13:31:24	: Waiting ScreenRecord
08-Aug-2022/13:31:25	: Waiting ScreenRecord
08-Aug-2022/13:31:25	: Waiting For Audio
08-Aug-2022/13:31:26	: Waiting ScreenRecord
08-Aug-2022/13:31:26	: Waiting For Audio
08-Aug-2022/13:31:27	: Waiting For Audio
08-Aug-2022/13:31:27	: Waiting ScreenRecord
08-Aug-2022/13:31:28	: Waiting ScreenRecord
08-Aug-2022/13:31:28	: Waiting For Audio
08-Aug-2022/13:31:29	: Waiting For Audio
08-Aug-2022/13:31:29	: Waiting ScreenRecord
08-Aug-2022/13:31:30	: Waiting For Audio
08-Aug-2022/13:31:30	: Waiting ScreenRecord
08-Aug-2022/13:31:31	: Waiting For Audio
08-Aug-2022/13:31:31	: Waiting ScreenRecord
08-Aug-2022/13:31:32	: Waiting For Audio
08-Aug-2022/13:31:32	: Waiting ScreenRecord
08-Aug-2022/13:31:33	: Waiting ScreenRecord
08-Aug-2022/13:31:33	: Waiting For Audio
08-Aug-2022/13:31:34	: Waiting For Audio
08-Aug-2022/13:31:34	: Waiting ScreenRecord
08-Aug-2022/13:31:35	: Waiting ScreenRecord
08-Aug-2022/13:31:35	: Waiting For Audio
08-Aug-2022/13:31:36	: Waiting For Audio
08-Aug-2022/13:31:36	: Waiting ScreenRecord
08-Aug-2022/13:31:37	: Waiting For Audio
08-Aug-2022/13:31:37	: Waiting ScreenRecord
08-Aug-2022/13:31:38	: Waiting For Audio
08-Aug-2022/13:31:38	: Waiting ScreenRecord
08-Aug-2022/13:31:39	: Waiting ScreenRecord
08-Aug-2022/13:31:39	: Waiting For Audio
08-Aug-2022/13:31:40	: Waiting For Audio
08-Aug-2022/13:31:40	: Waiting ScreenRecord
08-Aug-2022/13:31:41	: Waiting For Audio
08-Aug-2022/13:31:41	: Waiting ScreenRecord
08-Aug-2022/13:31:42	: Waiting ScreenRecord
08-Aug-2022/13:31:42	: Waiting For Audio
08-Aug-2022/13:31:43	: Waiting For Audio
08-Aug-2022/13:31:43	: Waiting ScreenRecord
08-Aug-2022/13:31:44	: Waiting For Audio
08-Aug-2022/13:31:44	: Waiting ScreenRecord
08-Aug-2022/13:31:45	: Waiting ScreenRecord
08-Aug-2022/13:31:45	: Waiting For Audio
08-Aug-2022/13:31:46	: Waiting For Audio
08-Aug-2022/13:31:46	: Waiting ScreenRecord
08-Aug-2022/13:31:47	: Waiting For Audio
08-Aug-2022/13:31:47	: Waiting ScreenRecord
08-Aug-2022/13:31:48	: Waiting ScreenRecord
08-Aug-2022/13:31:48	: Waiting For Audio
08-Aug-2022/13:31:49	: Waiting ScreenRecord
08-Aug-2022/13:31:49	: Waiting For Audio
08-Aug-2022/13:31:50	: Waiting For Audio
08-Aug-2022/13:31:50	: Waiting ScreenRecord
08-Aug-2022/13:31:51	: Waiting For Audio
08-Aug-2022/13:31:51	: Waiting ScreenRecord
08-Aug-2022/13:31:52	: Waiting ScreenRecord
08-Aug-2022/13:31:52	: Waiting For Audio
08-Aug-2022/13:31:53	: Waiting For Audio
08-Aug-2022/13:31:53	: Waiting ScreenRecord
08-Aug-2022/13:31:54	: Waiting For Audio
08-Aug-2022/13:31:54	: Waiting ScreenRecord
08-Aug-2022/13:31:58	: Soundrecording!!!!.... Thread start 
08-Aug-2022/13:31:58	: Recording Initialized .... Mic open
08-Aug-2022/13:31:59	: Waiting ScreenRecord
08-Aug-2022/13:31:59	: Waiting For Audio
08-Aug-2022/13:32:00	: Waiting ScreenRecord
08-Aug-2022/13:32:00	: Waiting For Audio
08-Aug-2022/13:32:01	: Waiting ScreenRecord
08-Aug-2022/13:32:01	: Waiting For Audio
08-Aug-2022/13:32:02	: Waiting ScreenRecord
08-Aug-2022/13:32:02	: Waiting For Audio
08-Aug-2022/13:32:03	: Waiting ScreenRecord
08-Aug-2022/13:32:03	: Waiting For Audio
08-Aug-2022/13:32:04	: Waiting ScreenRecord
08-Aug-2022/13:32:04	: Waiting For Audio
08-Aug-2022/13:32:05	: Waiting ScreenRecord
08-Aug-2022/13:32:05	: Waiting For Audio
08-Aug-2022/13:32:06	: Waiting ScreenRecord
08-Aug-2022/13:32:06	: Waiting For Audio
08-Aug-2022/13:32:07	: Waiting ScreenRecord
08-Aug-2022/13:32:07	: Waiting For Audio
08-Aug-2022/13:32:08	: Waiting ScreenRecord
08-Aug-2022/13:32:08	: Waiting For Audio
08-Aug-2022/13:32:09	: Waiting ScreenRecord
08-Aug-2022/13:32:09	: Waiting For Audio
08-Aug-2022/13:32:10	: Waiting ScreenRecord
08-Aug-2022/13:32:10	: Waiting For Audio
08-Aug-2022/13:32:11	: Waiting ScreenRecord
08-Aug-2022/13:32:11	: Waiting For Audio
08-Aug-2022/13:32:12	: Waiting ScreenRecord
08-Aug-2022/13:32:12	: Waiting For Audio
08-Aug-2022/13:32:13	: Waiting ScreenRecord
08-Aug-2022/13:32:13	: Waiting For Audio
08-Aug-2022/13:32:14	: Capturing Sound
08-Aug-2022/13:32:19	: stop recording call
08-Aug-2022/13:32:19	: start time08-08-2022-13:31:58end time video---08-08-2022-13:32:19file_namerakesh_19_9155104987_22_08_08_13_32_13start_time=rakesh
08-Aug-2022/13:32:19	: encoding finish 5s
08-Aug-2022/13:32:19	: Mic Closed
08-Aug-2022/13:32:19	: Done Audio File
08-Aug-2022/13:32:20	: Waiting ScreenRecord
08-Aug-2022/13:32:20	: Waiting For Audio
08-Aug-2022/13:32:21	: Waiting ScreenRecord
08-Aug-2022/13:32:21	: Waiting For Audio
08-Aug-2022/13:32:22	: Waiting ScreenRecord
08-Aug-2022/13:32:22	: Waiting For Audio
08-Aug-2022/13:32:23	: Waiting ScreenRecord
08-Aug-2022/13:32:23	: Waiting For Audio
08-Aug-2022/13:32:24	: Waiting ScreenRecord
08-Aug-2022/13:32:24	: Waiting For Audio
08-Aug-2022/13:32:25	: Waiting ScreenRecord
08-Aug-2022/13:32:25	: Waiting For Audio
08-Aug-2022/13:32:26	: Waiting ScreenRecord
08-Aug-2022/13:32:26	: Waiting For Audio
08-Aug-2022/13:32:27	: Waiting ScreenRecord
08-Aug-2022/13:32:27	: Waiting For Audio
08-Aug-2022/13:32:28	: Waiting ScreenRecord
08-Aug-2022/13:32:28	: Waiting For Audio
08-Aug-2022/13:32:29	: Waiting ScreenRecord
08-Aug-2022/13:32:29	: Waiting For Audio
08-Aug-2022/13:32:30	: Waiting ScreenRecord
08-Aug-2022/13:32:30	: Waiting For Audio
