28-Jul-2022/16:00:00	: Waiting ScreenRecord
28-Jul-2022/16:00:00	: Waiting For Audio
28-Jul-2022/16:00:01	: Waiting ScreenRecord
28-Jul-2022/16:00:01	: Waiting For Audio
28-Jul-2022/16:00:02	: Waiting ScreenRecord
28-Jul-2022/16:00:02	: Waiting For Audio
28-Jul-2022/16:00:03	: Waiting ScreenRecord
28-Jul-2022/16:00:03	: Waiting For Audio
28-Jul-2022/16:00:04	: Waiting ScreenRecord
28-Jul-2022/16:00:04	: Waiting For Audio
28-Jul-2022/16:00:05	: Waiting ScreenRecord
28-Jul-2022/16:00:05	: Waiting For Audio
28-Jul-2022/16:00:06	: Capturing Sound
28-Jul-2022/16:00:12	: stop recording call
28-Jul-2022/16:00:12	: start time28-07-22-15:59:51end time video---28-07-22-16:00:12file_name9876_1225_9155104987_22_07_28_16_00_05start_time=9876
28-Jul-2022/16:00:12	: encoding finish 7s
28-Jul-2022/16:00:12	: Mic Closed
28-Jul-2022/16:00:12	: Done Audio File
28-Jul-2022/16:07:46	: Soundrecording!!!!.... Thread start 
28-Jul-2022/16:07:46	: Mic Not detcted
28-Jul-2022/16:07:46	: Recording Initialized .... Mic open
28-Jul-2022/16:07:47	: Waiting ScreenRecord
28-Jul-2022/16:07:47	: Waiting For Audio
28-Jul-2022/16:07:48	: Waiting ScreenRecord
28-Jul-2022/16:07:48	: Waiting For Audio
28-Jul-2022/16:07:49	: Waiting ScreenRecord
28-Jul-2022/16:07:49	: Waiting For Audio
28-Jul-2022/16:07:50	: Waiting ScreenRecord
28-Jul-2022/16:07:50	: Waiting For Audio
28-Jul-2022/16:08:12	: Exceeption Caught while stop Sound Recording
28-Jul-2022/16:08:12	: stop recording call
28-Jul-2022/16:08:12	: start time28-07-2022-16:07:46end time video---28-07-2022-16:08:12file_name9876_1225_9155104987_22_07_28_16_07_50start_time=9876
28-Jul-2022/16:08:12	: encoding finish 22s
28-Jul-2022/16:08:13	: Waiting For Audio
28-Jul-2022/16:08:13	: Waiting ScreenRecord
28-Jul-2022/16:08:14	: Waiting For Audio
28-Jul-2022/16:08:15	: Waiting ScreenRecord
28-Jul-2022/16:08:15	: Waiting For Audio
28-Jul-2022/16:08:16	: Waiting ScreenRecord
28-Jul-2022/16:08:17	: Waiting For Audio
28-Jul-2022/16:08:17	: Waiting ScreenRecord
28-Jul-2022/16:08:18	: Waiting For Audio
28-Jul-2022/16:08:18	: Waiting ScreenRecord
28-Jul-2022/16:08:19	: Waiting For Audio
28-Jul-2022/16:08:19	: Waiting ScreenRecord
28-Jul-2022/16:08:20	: Waiting For Audio
28-Jul-2022/16:08:20	: Waiting ScreenRecord
28-Jul-2022/16:08:21	: Waiting For Audio
28-Jul-2022/16:08:21	: Waiting ScreenRecord
28-Jul-2022/16:08:22	: Waiting For Audio
28-Jul-2022/16:08:22	: Waiting ScreenRecord
28-Jul-2022/16:08:23	: Waiting For Audio
28-Jul-2022/16:08:23	: Waiting ScreenRecord
28-Jul-2022/16:08:24	: Waiting For Audio
28-Jul-2022/16:08:24	: Waiting ScreenRecord
28-Jul-2022/16:08:25	: Waiting For Audio
28-Jul-2022/16:08:25	: Waiting ScreenRecord
28-Jul-2022/16:08:26	: Waiting For Audio
28-Jul-2022/16:08:26	: Waiting ScreenRecord
28-Jul-2022/16:08:27	: Waiting For Audio
28-Jul-2022/16:08:27	: Waiting ScreenRecord
28-Jul-2022/16:08:28	: Waiting For Audio
28-Jul-2022/16:08:28	: Waiting ScreenRecord
28-Jul-2022/16:08:29	: Waiting For Audio
28-Jul-2022/16:08:29	: Waiting ScreenRecord
28-Jul-2022/16:08:30	: Waiting For Audio
28-Jul-2022/16:08:30	: Waiting ScreenRecord
28-Jul-2022/16:08:31	: Waiting For Audio
28-Jul-2022/16:08:31	: Waiting ScreenRecord
28-Jul-2022/16:08:32	: Waiting For Audio
28-Jul-2022/16:08:32	: Waiting ScreenRecord
28-Jul-2022/16:08:33	: Waiting For Audio
28-Jul-2022/16:08:33	: Waiting ScreenRecord
28-Jul-2022/16:08:34	: Waiting For Audio
28-Jul-2022/16:08:34	: Waiting ScreenRecord
28-Jul-2022/16:08:35	: Waiting For Audio
28-Jul-2022/16:08:35	: Waiting ScreenRecord
28-Jul-2022/16:08:36	: Waiting For Audio
28-Jul-2022/16:08:36	: Waiting ScreenRecord
28-Jul-2022/16:08:37	: Waiting For Audio
28-Jul-2022/16:08:37	: Waiting ScreenRecord
28-Jul-2022/16:08:38	: Waiting For Audio
28-Jul-2022/16:08:38	: Waiting ScreenRecord
28-Jul-2022/16:08:39	: Waiting For Audio
28-Jul-2022/16:08:39	: Waiting ScreenRecord
28-Jul-2022/16:08:40	: Waiting For Audio
28-Jul-2022/16:08:40	: Waiting ScreenRecord
28-Jul-2022/16:08:41	: Waiting For Audio
28-Jul-2022/16:08:41	: Waiting ScreenRecord
28-Jul-2022/16:08:42	: Waiting For Audio
28-Jul-2022/16:08:42	: Waiting ScreenRecord
28-Jul-2022/16:08:43	: Waiting For Audio
28-Jul-2022/16:08:43	: Waiting ScreenRecord
28-Jul-2022/16:08:44	: Waiting For Audio
28-Jul-2022/16:08:44	: Waiting ScreenRecord
28-Jul-2022/16:08:45	: Waiting For Audio
28-Jul-2022/16:08:45	: Waiting ScreenRecord
28-Jul-2022/16:08:46	: Waiting For Audio
28-Jul-2022/16:08:46	: Waiting ScreenRecord
28-Jul-2022/16:08:47	: Waiting For Audio
28-Jul-2022/16:08:47	: Waiting ScreenRecord
28-Jul-2022/16:08:48	: Waiting For Audio
28-Jul-2022/16:08:48	: Waiting ScreenRecord
28-Jul-2022/16:08:49	: Waiting For Audio
28-Jul-2022/16:08:49	: Waiting ScreenRecord
28-Jul-2022/16:08:50	: Waiting For Audio
28-Jul-2022/16:08:50	: Waiting ScreenRecord
28-Jul-2022/16:08:51	: Waiting For Audio
28-Jul-2022/16:08:51	: Waiting ScreenRecord
28-Jul-2022/16:08:52	: Waiting For Audio
28-Jul-2022/16:08:52	: Waiting ScreenRecord
28-Jul-2022/16:08:53	: Waiting For Audio
28-Jul-2022/16:08:53	: Waiting ScreenRecord
28-Jul-2022/16:08:54	: Waiting For Audio
28-Jul-2022/16:08:54	: Waiting ScreenRecord
28-Jul-2022/16:08:55	: Waiting For Audio
28-Jul-2022/16:08:55	: Waiting ScreenRecord
28-Jul-2022/16:08:56	: Waiting For Audio
28-Jul-2022/16:08:56	: Waiting ScreenRecord
28-Jul-2022/16:08:57	: Waiting For Audio
28-Jul-2022/16:08:57	: Waiting ScreenRecord
28-Jul-2022/16:08:58	: Waiting For Audio
28-Jul-2022/16:08:58	: Waiting ScreenRecord
28-Jul-2022/16:08:59	: Waiting For Audio
28-Jul-2022/16:08:59	: Waiting ScreenRecord
28-Jul-2022/16:09:00	: Waiting For Audio
28-Jul-2022/16:09:00	: Waiting ScreenRecord
28-Jul-2022/16:09:01	: Waiting For Audio
28-Jul-2022/16:09:01	: Waiting ScreenRecord
28-Jul-2022/16:09:02	: Waiting For Audio
28-Jul-2022/16:09:02	: Waiting ScreenRecord
28-Jul-2022/16:09:03	: Waiting For Audio
28-Jul-2022/16:09:03	: Waiting ScreenRecord
28-Jul-2022/16:09:04	: Waiting For Audio
28-Jul-2022/16:09:04	: Waiting ScreenRecord
28-Jul-2022/16:09:05	: Waiting For Audio
28-Jul-2022/16:09:05	: Waiting ScreenRecord
28-Jul-2022/16:09:06	: Waiting For Audio
28-Jul-2022/16:09:06	: Waiting ScreenRecord
28-Jul-2022/16:09:07	: Waiting For Audio
28-Jul-2022/16:09:07	: Waiting ScreenRecord
28-Jul-2022/16:09:08	: Waiting For Audio
28-Jul-2022/16:09:08	: Waiting ScreenRecord
28-Jul-2022/16:09:09	: Waiting For Audio
28-Jul-2022/16:09:09	: Waiting ScreenRecord
28-Jul-2022/16:09:10	: Waiting For Audio
28-Jul-2022/16:09:10	: Waiting ScreenRecord
28-Jul-2022/16:09:11	: Waiting For Audio
28-Jul-2022/16:09:11	: Waiting ScreenRecord
28-Jul-2022/16:09:12	: Waiting For Audio
28-Jul-2022/16:09:12	: Waiting ScreenRecord
28-Jul-2022/16:09:13	: Waiting For Audio
28-Jul-2022/16:09:13	: Waiting ScreenRecord
28-Jul-2022/16:09:14	: Waiting For Audio
28-Jul-2022/16:09:14	: Waiting ScreenRecord
28-Jul-2022/16:09:15	: Waiting For Audio
28-Jul-2022/16:09:15	: Waiting ScreenRecord
28-Jul-2022/16:09:16	: Waiting For Audio
28-Jul-2022/16:09:16	: Waiting ScreenRecord
28-Jul-2022/16:09:17	: Waiting For Audio
28-Jul-2022/16:09:17	: Waiting ScreenRecord
28-Jul-2022/16:09:18	: Waiting For Audio
28-Jul-2022/16:09:18	: Waiting ScreenRecord
28-Jul-2022/16:09:19	: Waiting For Audio
28-Jul-2022/16:09:19	: Waiting ScreenRecord
28-Jul-2022/16:09:20	: Waiting For Audio
28-Jul-2022/16:09:20	: Waiting ScreenRecord
28-Jul-2022/16:09:21	: Waiting For Audio
28-Jul-2022/16:09:21	: Waiting ScreenRecord
28-Jul-2022/16:09:22	: Waiting For Audio
28-Jul-2022/16:09:22	: Waiting ScreenRecord
28-Jul-2022/16:09:23	: Waiting For Audio
28-Jul-2022/16:09:23	: Waiting ScreenRecord
28-Jul-2022/16:09:24	: Waiting For Audio
28-Jul-2022/16:09:24	: Waiting ScreenRecord
28-Jul-2022/16:09:25	: Waiting For Audio
28-Jul-2022/16:09:25	: Waiting ScreenRecord
28-Jul-2022/16:09:26	: Waiting For Audio
28-Jul-2022/16:09:26	: Waiting ScreenRecord
28-Jul-2022/16:09:27	: Waiting For Audio
28-Jul-2022/16:09:27	: Waiting ScreenRecord
28-Jul-2022/16:09:28	: Waiting For Audio
28-Jul-2022/16:09:28	: Waiting ScreenRecord
28-Jul-2022/16:09:29	: Waiting For Audio
28-Jul-2022/16:09:29	: Waiting ScreenRecord
28-Jul-2022/16:09:30	: Waiting For Audio
28-Jul-2022/16:09:30	: Waiting ScreenRecord
28-Jul-2022/16:09:31	: Waiting For Audio
28-Jul-2022/16:09:31	: Waiting ScreenRecord
28-Jul-2022/16:09:32	: Waiting For Audio
28-Jul-2022/16:09:32	: Waiting ScreenRecord
28-Jul-2022/16:09:33	: Waiting For Audio
28-Jul-2022/16:09:33	: Waiting ScreenRecord
28-Jul-2022/16:09:34	: Waiting For Audio
28-Jul-2022/16:09:34	: Waiting ScreenRecord
28-Jul-2022/16:09:35	: Waiting For Audio
28-Jul-2022/16:09:35	: Waiting ScreenRecord
28-Jul-2022/16:09:36	: Waiting For Audio
28-Jul-2022/16:09:36	: Waiting ScreenRecord
28-Jul-2022/16:09:37	: Waiting For Audio
28-Jul-2022/16:09:37	: Waiting ScreenRecord
28-Jul-2022/16:09:38	: Waiting For Audio
28-Jul-2022/16:09:38	: Waiting ScreenRecord
28-Jul-2022/16:09:39	: Waiting For Audio
28-Jul-2022/16:09:39	: Waiting ScreenRecord
28-Jul-2022/16:09:40	: Waiting For Audio
28-Jul-2022/16:09:40	: Waiting ScreenRecord
28-Jul-2022/16:09:41	: Waiting For Audio
28-Jul-2022/16:09:41	: Waiting ScreenRecord
28-Jul-2022/16:09:42	: Waiting For Audio
28-Jul-2022/16:09:42	: Waiting ScreenRecord
28-Jul-2022/16:09:43	: Waiting For Audio
28-Jul-2022/16:09:43	: Waiting ScreenRecord
28-Jul-2022/16:09:44	: Waiting For Audio
28-Jul-2022/16:09:44	: Waiting ScreenRecord
28-Jul-2022/16:09:45	: Waiting For Audio
28-Jul-2022/16:09:45	: Waiting ScreenRecord
28-Jul-2022/16:09:46	: Waiting For Audio
28-Jul-2022/16:09:46	: Waiting ScreenRecord
28-Jul-2022/16:10:50	: Waiting ScreenRecord
28-Jul-2022/16:10:51	: Waiting ScreenRecord
28-Jul-2022/16:10:52	: Waiting ScreenRecord
28-Jul-2022/16:10:53	: Waiting ScreenRecord
28-Jul-2022/16:10:54	: Waiting ScreenRecord
28-Jul-2022/16:10:55	: Waiting ScreenRecord
28-Jul-2022/16:10:56	: Waiting ScreenRecord
28-Jul-2022/16:10:57	: Waiting ScreenRecord
28-Jul-2022/16:10:58	: Waiting ScreenRecord
28-Jul-2022/16:10:59	: Waiting ScreenRecord
28-Jul-2022/16:11:00	: Waiting ScreenRecord
28-Jul-2022/16:11:01	: Waiting ScreenRecord
28-Jul-2022/16:11:02	: Waiting ScreenRecord
28-Jul-2022/16:11:03	: Waiting ScreenRecord
28-Jul-2022/16:11:04	: Waiting ScreenRecord
28-Jul-2022/16:11:05	: Waiting ScreenRecord
28-Jul-2022/16:11:06	: Waiting ScreenRecord
28-Jul-2022/16:11:07	: Waiting ScreenRecord
28-Jul-2022/16:11:08	: Waiting ScreenRecord
28-Jul-2022/16:11:09	: Waiting ScreenRecord
28-Jul-2022/16:11:10	: Waiting ScreenRecord
28-Jul-2022/16:11:11	: Waiting ScreenRecord
28-Jul-2022/16:11:12	: Waiting ScreenRecord
28-Jul-2022/16:11:54	: stop recording call
28-Jul-2022/16:11:54	: start time28-07-2022-16:10:49end time video---28-07-2022-16:11:54file_namerakesh_19_9155104987_22_07_28_16_11_12start_time=rakesh
28-Jul-2022/16:11:54	: encoding finish 42s
28-Jul-2022/16:11:55	: Waiting ScreenRecord
28-Jul-2022/16:11:56	: Waiting ScreenRecord
28-Jul-2022/16:11:57	: Waiting ScreenRecord
28-Jul-2022/16:11:58	: Waiting ScreenRecord
28-Jul-2022/16:11:59	: Waiting ScreenRecord
28-Jul-2022/16:12:00	: Waiting ScreenRecord
28-Jul-2022/16:12:01	: Waiting ScreenRecord
28-Jul-2022/16:12:02	: Waiting ScreenRecord
28-Jul-2022/16:12:03	: Waiting ScreenRecord
28-Jul-2022/16:12:04	: Waiting ScreenRecord
28-Jul-2022/16:12:05	: Waiting ScreenRecord
28-Jul-2022/16:12:07	: Waiting ScreenRecord
28-Jul-2022/16:12:08	: Waiting ScreenRecord
28-Jul-2022/16:12:09	: Waiting ScreenRecord
28-Jul-2022/16:12:10	: Waiting ScreenRecord
28-Jul-2022/16:12:11	: Waiting ScreenRecord
28-Jul-2022/16:12:12	: Waiting ScreenRecord
28-Jul-2022/16:12:13	: Waiting ScreenRecord
28-Jul-2022/16:12:14	: Waiting ScreenRecord
28-Jul-2022/16:12:15	: Waiting ScreenRecord
28-Jul-2022/16:12:16	: Waiting ScreenRecord
28-Jul-2022/16:12:17	: Waiting ScreenRecord
28-Jul-2022/16:12:18	: Waiting ScreenRecord
28-Jul-2022/16:12:19	: Waiting ScreenRecord
28-Jul-2022/16:12:20	: Waiting ScreenRecord
28-Jul-2022/16:12:21	: Waiting ScreenRecord
28-Jul-2022/16:12:22	: Waiting ScreenRecord
28-Jul-2022/16:12:23	: Waiting ScreenRecord
28-Jul-2022/16:12:24	: Waiting ScreenRecord
28-Jul-2022/16:12:25	: Waiting ScreenRecord
28-Jul-2022/16:12:26	: Waiting ScreenRecord
28-Jul-2022/16:12:27	: Waiting ScreenRecord
28-Jul-2022/16:12:28	: Waiting ScreenRecord
28-Jul-2022/16:12:29	: Waiting ScreenRecord
28-Jul-2022/16:12:30	: Waiting ScreenRecord
28-Jul-2022/16:12:31	: Waiting ScreenRecord
28-Jul-2022/16:12:32	: Waiting ScreenRecord
28-Jul-2022/16:12:33	: Waiting ScreenRecord
28-Jul-2022/16:12:34	: Waiting ScreenRecord
28-Jul-2022/16:12:35	: Waiting ScreenRecord
28-Jul-2022/16:12:36	: Waiting ScreenRecord
28-Jul-2022/16:12:37	: Waiting ScreenRecord
28-Jul-2022/16:12:38	: Waiting ScreenRecord
28-Jul-2022/16:12:39	: Waiting ScreenRecord
28-Jul-2022/16:12:40	: Waiting ScreenRecord
28-Jul-2022/16:12:41	: Waiting ScreenRecord
28-Jul-2022/16:12:42	: Waiting ScreenRecord
28-Jul-2022/16:12:43	: Waiting ScreenRecord
28-Jul-2022/16:12:44	: Waiting ScreenRecord
28-Jul-2022/16:12:45	: Waiting ScreenRecord
28-Jul-2022/16:12:46	: Waiting ScreenRecord
28-Jul-2022/16:12:47	: Waiting ScreenRecord
28-Jul-2022/16:12:48	: Waiting ScreenRecord
28-Jul-2022/16:12:49	: Waiting ScreenRecord
28-Jul-2022/16:12:50	: Waiting ScreenRecord
28-Jul-2022/16:12:51	: Waiting ScreenRecord
28-Jul-2022/16:12:52	: Waiting ScreenRecord
28-Jul-2022/16:12:53	: Waiting ScreenRecord
28-Jul-2022/16:12:54	: Waiting ScreenRecord
28-Jul-2022/16:12:55	: Waiting ScreenRecord
28-Jul-2022/16:12:56	: Waiting ScreenRecord
28-Jul-2022/16:12:57	: Waiting ScreenRecord
28-Jul-2022/16:12:58	: Waiting ScreenRecord
28-Jul-2022/16:12:59	: Waiting ScreenRecord
28-Jul-2022/16:13:00	: Waiting ScreenRecord
28-Jul-2022/16:13:01	: Waiting ScreenRecord
28-Jul-2022/16:13:02	: Waiting ScreenRecord
28-Jul-2022/16:13:03	: Waiting ScreenRecord
28-Jul-2022/16:13:04	: Waiting ScreenRecord
28-Jul-2022/16:13:05	: Waiting ScreenRecord
28-Jul-2022/16:13:06	: Waiting ScreenRecord
28-Jul-2022/16:13:07	: Waiting ScreenRecord
28-Jul-2022/16:13:08	: Waiting ScreenRecord
28-Jul-2022/16:13:09	: Waiting ScreenRecord
28-Jul-2022/16:13:10	: Waiting ScreenRecord
28-Jul-2022/16:13:11	: Waiting ScreenRecord
28-Jul-2022/16:13:12	: Waiting ScreenRecord
28-Jul-2022/16:13:13	: Waiting ScreenRecord
28-Jul-2022/16:13:14	: Waiting ScreenRecord
28-Jul-2022/16:13:15	: Waiting ScreenRecord
28-Jul-2022/16:13:16	: Waiting ScreenRecord
28-Jul-2022/16:13:17	: Waiting ScreenRecord
28-Jul-2022/16:13:18	: Waiting ScreenRecord
28-Jul-2022/16:13:19	: Waiting ScreenRecord
28-Jul-2022/16:13:20	: Waiting ScreenRecord
28-Jul-2022/16:13:21	: Waiting ScreenRecord
28-Jul-2022/16:13:22	: Waiting ScreenRecord
28-Jul-2022/16:13:23	: Waiting ScreenRecord
28-Jul-2022/16:13:24	: Waiting ScreenRecord
28-Jul-2022/16:13:25	: Waiting ScreenRecord
28-Jul-2022/16:13:26	: Waiting ScreenRecord
28-Jul-2022/16:13:27	: Waiting ScreenRecord
28-Jul-2022/16:13:28	: Waiting ScreenRecord
28-Jul-2022/16:13:29	: Waiting ScreenRecord
28-Jul-2022/16:13:30	: Waiting ScreenRecord
28-Jul-2022/16:13:31	: Waiting ScreenRecord
28-Jul-2022/16:13:32	: Waiting ScreenRecord
28-Jul-2022/16:13:33	: Waiting ScreenRecord
28-Jul-2022/16:13:34	: Waiting ScreenRecord
28-Jul-2022/16:13:35	: Waiting ScreenRecord
28-Jul-2022/16:13:36	: Waiting ScreenRecord
28-Jul-2022/16:13:37	: Waiting ScreenRecord
28-Jul-2022/16:13:38	: Waiting ScreenRecord
28-Jul-2022/16:13:39	: Waiting ScreenRecord
28-Jul-2022/16:13:40	: Waiting ScreenRecord
28-Jul-2022/16:13:41	: Waiting ScreenRecord
28-Jul-2022/16:13:42	: Waiting ScreenRecord
28-Jul-2022/16:13:43	: Waiting ScreenRecord
28-Jul-2022/16:13:44	: Waiting ScreenRecord
28-Jul-2022/16:41:32	: Waiting ScreenRecord
