28-Jul-2022/15:47:12	: Soundrecording!!!!.... Thread start 
28-Jul-2022/15:47:12	: Recording Initialized .... Mic open
28-Jul-2022/15:47:13	: Waiting For Audio
28-Jul-2022/15:47:14	: Waiting ScreenRecord
28-Jul-2022/15:47:14	: Waiting For Audio
28-Jul-2022/15:47:15	: Waiting ScreenRecord
28-Jul-2022/15:47:15	: Waiting For Audio
28-Jul-2022/15:47:16	: Waiting ScreenRecord
28-Jul-2022/15:47:16	: Waiting For Audio
28-Jul-2022/15:47:17	: Waiting ScreenRecord
28-Jul-2022/15:47:17	: Waiting For Audio
28-Jul-2022/15:47:18	: Waiting ScreenRecord
28-Jul-2022/15:47:18	: Waiting For Audio
28-Jul-2022/15:47:19	: Waiting ScreenRecord
28-Jul-2022/15:47:19	: Waiting For Audio
28-Jul-2022/15:47:20	: Waiting ScreenRecord
28-Jul-2022/15:47:20	: Waiting For Audio
28-Jul-2022/15:47:21	: Waiting ScreenRecord
28-Jul-2022/15:47:21	: Waiting For Audio
28-Jul-2022/15:47:22	: Waiting ScreenRecord
28-Jul-2022/15:47:22	: Waiting For Audio
28-Jul-2022/15:47:23	: Waiting ScreenRecord
28-Jul-2022/15:47:23	: Waiting For Audio
28-Jul-2022/15:47:24	: Waiting ScreenRecord
28-Jul-2022/15:47:24	: Waiting For Audio
28-Jul-2022/15:47:25	: Waiting ScreenRecord
28-Jul-2022/15:47:25	: Waiting For Audio
28-Jul-2022/15:47:26	: Waiting ScreenRecord
28-Jul-2022/15:47:26	: Waiting For Audio
28-Jul-2022/15:47:27	: Waiting ScreenRecord
28-Jul-2022/15:47:27	: Waiting For Audio
28-Jul-2022/15:47:28	: Waiting ScreenRecord
28-Jul-2022/15:47:28	: Waiting For Audio
28-Jul-2022/15:47:29	: Waiting ScreenRecord
28-Jul-2022/15:47:29	: Waiting For Audio
28-Jul-2022/15:47:30	: Waiting ScreenRecord
28-Jul-2022/15:47:30	: Waiting For Audio
28-Jul-2022/15:47:31	: Waiting ScreenRecord
28-Jul-2022/15:47:31	: Waiting For Audio
28-Jul-2022/15:47:32	: Waiting ScreenRecord
28-Jul-2022/15:47:32	: Waiting For Audio
28-Jul-2022/15:47:33	: Waiting ScreenRecord
28-Jul-2022/15:47:33	: Waiting For Audio
28-Jul-2022/15:47:34	: Waiting ScreenRecord
28-Jul-2022/15:47:34	: Waiting For Audio
28-Jul-2022/15:47:35	: Waiting ScreenRecord
28-Jul-2022/15:47:35	: Waiting For Audio
28-Jul-2022/15:47:36	: Waiting ScreenRecord
28-Jul-2022/15:47:36	: Waiting For Audio
28-Jul-2022/15:47:37	: Waiting ScreenRecord
28-Jul-2022/15:47:37	: Waiting For Audio
28-Jul-2022/15:47:38	: Waiting ScreenRecord
28-Jul-2022/15:47:38	: Waiting For Audio
28-Jul-2022/15:47:39	: Waiting ScreenRecord
28-Jul-2022/15:47:39	: Waiting For Audio
28-Jul-2022/15:47:40	: Waiting ScreenRecord
28-Jul-2022/15:47:40	: Waiting For Audio
28-Jul-2022/15:47:41	: Waiting ScreenRecord
28-Jul-2022/15:47:41	: Waiting For Audio
28-Jul-2022/15:47:42	: Waiting ScreenRecord
28-Jul-2022/15:47:42	: Waiting For Audio
28-Jul-2022/15:47:43	: Waiting ScreenRecord
28-Jul-2022/15:47:43	: Waiting For Audio
28-Jul-2022/15:47:44	: Waiting ScreenRecord
28-Jul-2022/15:47:44	: Waiting For Audio
28-Jul-2022/15:47:45	: Waiting ScreenRecord
28-Jul-2022/15:47:45	: Waiting For Audio
28-Jul-2022/15:47:46	: Waiting ScreenRecord
28-Jul-2022/15:47:46	: Waiting For Audio
28-Jul-2022/15:47:47	: Waiting ScreenRecord
28-Jul-2022/15:47:47	: Waiting For Audio
28-Jul-2022/15:47:48	: Waiting ScreenRecord
28-Jul-2022/15:47:48	: Waiting For Audio
28-Jul-2022/15:47:49	: Waiting ScreenRecord
28-Jul-2022/15:47:49	: Waiting For Audio
28-Jul-2022/15:47:50	: Waiting ScreenRecord
28-Jul-2022/15:47:50	: Waiting For Audio
28-Jul-2022/15:47:51	: Waiting ScreenRecord
28-Jul-2022/15:47:51	: Waiting For Audio
28-Jul-2022/15:47:52	: Waiting ScreenRecord
28-Jul-2022/15:47:52	: Waiting For Audio
28-Jul-2022/15:47:53	: Waiting ScreenRecord
28-Jul-2022/15:47:53	: Waiting For Audio
28-Jul-2022/15:47:54	: Waiting ScreenRecord
28-Jul-2022/15:47:55	: Waiting For Audio
28-Jul-2022/15:47:55	: Waiting ScreenRecord
28-Jul-2022/15:47:56	: Waiting For Audio
28-Jul-2022/15:47:56	: Waiting ScreenRecord
28-Jul-2022/15:47:57	: Waiting For Audio
28-Jul-2022/15:47:57	: Waiting ScreenRecord
28-Jul-2022/15:47:58	: Waiting For Audio
28-Jul-2022/15:47:58	: Waiting ScreenRecord
28-Jul-2022/15:47:59	: Waiting For Audio
28-Jul-2022/15:47:59	: Waiting ScreenRecord
28-Jul-2022/15:48:00	: Waiting For Audio
28-Jul-2022/15:48:00	: Waiting ScreenRecord
28-Jul-2022/15:48:01	: Waiting For Audio
28-Jul-2022/15:48:01	: Waiting ScreenRecord
28-Jul-2022/15:48:02	: Waiting For Audio
28-Jul-2022/15:48:02	: Waiting ScreenRecord
28-Jul-2022/15:48:03	: Waiting For Audio
28-Jul-2022/15:48:03	: Waiting ScreenRecord
28-Jul-2022/15:48:04	: Waiting For Audio
28-Jul-2022/15:48:04	: Waiting ScreenRecord
28-Jul-2022/15:48:05	: Waiting For Audio
28-Jul-2022/15:48:06	: Capturing Sound
28-Jul-2022/15:49:54	: Soundrecording!!!!.... Thread start 
28-Jul-2022/15:49:54	: Recording Initialized .... Mic open
28-Jul-2022/15:49:55	: Waiting ScreenRecord
28-Jul-2022/15:49:55	: Waiting For Audio
28-Jul-2022/15:49:56	: Waiting ScreenRecord
28-Jul-2022/15:49:56	: Waiting For Audio
28-Jul-2022/15:49:57	: Waiting ScreenRecord
28-Jul-2022/15:49:57	: Waiting For Audio
28-Jul-2022/15:49:58	: Waiting ScreenRecord
28-Jul-2022/15:49:58	: Waiting For Audio
28-Jul-2022/15:49:59	: Waiting ScreenRecord
28-Jul-2022/15:49:59	: Waiting For Audio
28-Jul-2022/15:50:00	: Waiting ScreenRecord
28-Jul-2022/15:50:00	: Waiting For Audio
28-Jul-2022/15:50:01	: Waiting ScreenRecord
28-Jul-2022/15:50:01	: Waiting For Audio
28-Jul-2022/15:50:02	: Waiting ScreenRecord
28-Jul-2022/15:50:02	: Waiting For Audio
28-Jul-2022/15:50:03	: Waiting ScreenRecord
28-Jul-2022/15:50:03	: Waiting For Audio
28-Jul-2022/15:50:04	: Waiting ScreenRecord
28-Jul-2022/15:50:04	: Waiting For Audio
28-Jul-2022/15:50:05	: Waiting ScreenRecord
28-Jul-2022/15:50:05	: Waiting For Audio
28-Jul-2022/15:50:06	: Waiting ScreenRecord
28-Jul-2022/15:50:06	: Waiting For Audio
28-Jul-2022/15:50:07	: Waiting ScreenRecord
28-Jul-2022/15:50:07	: Waiting For Audio
28-Jul-2022/15:50:08	: Waiting ScreenRecord
28-Jul-2022/15:50:08	: Waiting For Audio
28-Jul-2022/15:50:09	: Waiting ScreenRecord
28-Jul-2022/15:50:09	: Waiting For Audio
28-Jul-2022/15:50:10	: Waiting ScreenRecord
28-Jul-2022/15:50:10	: Waiting For Audio
28-Jul-2022/15:50:11	: Waiting ScreenRecord
28-Jul-2022/15:50:11	: Waiting For Audio
28-Jul-2022/15:50:12	: Waiting ScreenRecord
28-Jul-2022/15:50:12	: Waiting For Audio
28-Jul-2022/15:50:13	: Waiting ScreenRecord
28-Jul-2022/15:50:13	: Waiting For Audio
28-Jul-2022/15:50:14	: Waiting ScreenRecord
28-Jul-2022/15:50:14	: Waiting For Audio
28-Jul-2022/15:50:15	: Waiting ScreenRecord
28-Jul-2022/15:50:15	: Waiting For Audio
28-Jul-2022/15:50:16	: Waiting ScreenRecord
28-Jul-2022/15:50:16	: Waiting For Audio
28-Jul-2022/15:50:17	: Waiting ScreenRecord
28-Jul-2022/15:50:17	: Waiting For Audio
28-Jul-2022/15:50:18	: Waiting ScreenRecord
28-Jul-2022/15:50:18	: Waiting For Audio
28-Jul-2022/15:50:19	: Waiting ScreenRecord
28-Jul-2022/15:50:20	: Waiting For Audio
28-Jul-2022/15:50:20	: Waiting ScreenRecord
28-Jul-2022/15:50:21	: Waiting For Audio
28-Jul-2022/15:50:22	: Waiting ScreenRecord
28-Jul-2022/15:50:22	: Waiting For Audio
28-Jul-2022/15:50:23	: Waiting ScreenRecord
28-Jul-2022/15:50:23	: Waiting For Audio
28-Jul-2022/15:50:24	: Waiting ScreenRecord
28-Jul-2022/15:50:24	: Waiting For Audio
28-Jul-2022/15:50:25	: Waiting ScreenRecord
28-Jul-2022/15:50:25	: Waiting For Audio
28-Jul-2022/15:50:26	: Waiting ScreenRecord
28-Jul-2022/15:50:26	: Waiting For Audio
28-Jul-2022/15:50:27	: Waiting ScreenRecord
28-Jul-2022/15:50:27	: Waiting For Audio
28-Jul-2022/15:50:28	: Waiting ScreenRecord
28-Jul-2022/15:50:28	: Waiting For Audio
28-Jul-2022/15:50:29	: Waiting ScreenRecord
28-Jul-2022/15:50:29	: Waiting For Audio
28-Jul-2022/15:50:30	: Waiting ScreenRecord
28-Jul-2022/15:50:30	: Waiting For Audio
28-Jul-2022/15:50:31	: Waiting ScreenRecord
28-Jul-2022/15:50:31	: Waiting For Audio
28-Jul-2022/15:50:32	: Waiting ScreenRecord
28-Jul-2022/15:50:32	: Waiting For Audio
28-Jul-2022/15:50:33	: Waiting ScreenRecord
28-Jul-2022/15:50:33	: Waiting For Audio
28-Jul-2022/15:50:34	: Waiting ScreenRecord
28-Jul-2022/15:50:34	: Waiting For Audio
28-Jul-2022/15:50:35	: Waiting ScreenRecord
28-Jul-2022/15:50:35	: Waiting For Audio
28-Jul-2022/15:50:36	: Waiting ScreenRecord
28-Jul-2022/15:50:36	: Waiting For Audio
28-Jul-2022/15:50:37	: Waiting ScreenRecord
28-Jul-2022/15:50:37	: Waiting For Audio
28-Jul-2022/15:50:38	: Waiting ScreenRecord
28-Jul-2022/15:50:38	: Waiting For Audio
28-Jul-2022/15:50:39	: Waiting ScreenRecord
28-Jul-2022/15:50:39	: Waiting For Audio
28-Jul-2022/15:50:40	: Waiting ScreenRecord
28-Jul-2022/15:50:40	: Waiting For Audio
28-Jul-2022/15:50:41	: Waiting ScreenRecord
28-Jul-2022/15:50:41	: Waiting For Audio
28-Jul-2022/15:50:42	: Waiting ScreenRecord
28-Jul-2022/15:50:42	: Waiting For Audio
28-Jul-2022/15:50:43	: Waiting ScreenRecord
28-Jul-2022/15:50:43	: Waiting For Audio
28-Jul-2022/15:50:44	: Waiting ScreenRecord
28-Jul-2022/15:50:44	: Waiting For Audio
28-Jul-2022/15:50:45	: Waiting ScreenRecord
28-Jul-2022/15:50:45	: Waiting For Audio
28-Jul-2022/15:50:46	: Waiting ScreenRecord
28-Jul-2022/15:50:46	: Waiting For Audio
28-Jul-2022/15:50:47	: Waiting ScreenRecord
28-Jul-2022/15:50:47	: Waiting For Audio
28-Jul-2022/15:50:48	: Waiting ScreenRecord
28-Jul-2022/15:50:48	: Waiting For Audio
28-Jul-2022/15:50:49	: Waiting ScreenRecord
28-Jul-2022/15:50:49	: Waiting For Audio
28-Jul-2022/15:50:50	: Waiting ScreenRecord
28-Jul-2022/15:50:50	: Waiting For Audio
28-Jul-2022/15:50:51	: Waiting ScreenRecord
28-Jul-2022/15:50:51	: Waiting For Audio
28-Jul-2022/15:50:52	: Waiting ScreenRecord
28-Jul-2022/15:50:52	: Waiting For Audio
28-Jul-2022/15:50:53	: Waiting ScreenRecord
28-Jul-2022/15:50:53	: Waiting For Audio
28-Jul-2022/15:50:54	: Waiting ScreenRecord
28-Jul-2022/15:50:54	: Waiting For Audio
28-Jul-2022/15:50:55	: Waiting ScreenRecord
28-Jul-2022/15:50:55	: Waiting For Audio
28-Jul-2022/15:50:56	: Waiting ScreenRecord
28-Jul-2022/15:50:56	: Waiting For Audio
28-Jul-2022/15:50:57	: Waiting ScreenRecord
28-Jul-2022/15:50:57	: Waiting For Audio
28-Jul-2022/15:50:58	: Waiting ScreenRecord
28-Jul-2022/15:50:58	: Waiting For Audio
28-Jul-2022/15:50:59	: Waiting ScreenRecord
28-Jul-2022/15:50:59	: Waiting For Audio
28-Jul-2022/15:51:00	: Waiting ScreenRecord
28-Jul-2022/15:51:00	: Waiting For Audio
28-Jul-2022/15:51:01	: Waiting ScreenRecord
28-Jul-2022/15:51:01	: Waiting For Audio
28-Jul-2022/15:51:02	: Waiting ScreenRecord
28-Jul-2022/15:51:02	: Waiting For Audio
28-Jul-2022/15:51:03	: Waiting ScreenRecord
28-Jul-2022/15:51:03	: Waiting For Audio
28-Jul-2022/15:51:04	: Waiting ScreenRecord
28-Jul-2022/15:51:04	: Waiting For Audio
28-Jul-2022/15:51:05	: Waiting ScreenRecord
28-Jul-2022/15:51:05	: Waiting For Audio
28-Jul-2022/15:51:06	: Waiting ScreenRecord
28-Jul-2022/15:51:06	: Waiting For Audio
28-Jul-2022/15:51:07	: Waiting ScreenRecord
28-Jul-2022/15:51:07	: Waiting For Audio
28-Jul-2022/15:51:08	: Waiting ScreenRecord
28-Jul-2022/15:51:08	: Waiting For Audio
28-Jul-2022/15:51:09	: Waiting ScreenRecord
28-Jul-2022/15:51:09	: Waiting For Audio
28-Jul-2022/15:51:10	: Waiting ScreenRecord
28-Jul-2022/15:51:10	: Waiting For Audio
28-Jul-2022/15:51:11	: Waiting ScreenRecord
28-Jul-2022/15:51:11	: Waiting For Audio
28-Jul-2022/15:51:12	: Waiting ScreenRecord
28-Jul-2022/15:51:12	: Waiting For Audio
28-Jul-2022/15:51:13	: Capturing Sound
28-Jul-2022/15:51:57	: Mic Closed
28-Jul-2022/15:51:57	: Done Audio File
28-Jul-2022/15:51:57	: stop recording call
28-Jul-2022/15:51:58	: Waiting For Audio
28-Jul-2022/15:51:59	: Waiting For Audio
28-Jul-2022/15:52:00	: Waiting For Audio
28-Jul-2022/15:52:01	: Waiting For Audio
28-Jul-2022/15:52:02	: Waiting For Audio
28-Jul-2022/15:52:03	: Waiting For Audio
28-Jul-2022/15:52:04	: Waiting For Audio
28-Jul-2022/15:52:05	: Waiting For Audio
28-Jul-2022/15:52:06	: Waiting For Audio
28-Jul-2022/15:52:07	: Waiting For Audio
28-Jul-2022/15:52:08	: Waiting For Audio
28-Jul-2022/15:52:09	: Waiting For Audio
28-Jul-2022/15:52:10	: Waiting For Audio
28-Jul-2022/15:52:11	: Waiting For Audio
28-Jul-2022/15:52:12	: Waiting For Audio
28-Jul-2022/15:52:13	: start time28-07-2022 15:49:54end time video---28-07-2022 15:51:57file_namerakesh_19_9155104987_22_07_28_15_51_12start_time=rakesh
28-Jul-2022/15:52:13	: Waiting For Audio
28-Jul-2022/15:52:14	: Waiting For Audio
28-Jul-2022/15:52:15	: Waiting For Audio
28-Jul-2022/15:52:16	: Waiting For Audio
28-Jul-2022/15:52:17	: Waiting For Audio
28-Jul-2022/15:52:18	: Waiting For Audio
28-Jul-2022/15:52:19	: Waiting For Audio
28-Jul-2022/15:52:20	: Waiting For Audio
28-Jul-2022/15:52:21	: Waiting For Audio
28-Jul-2022/15:52:22	: Waiting For Audio
28-Jul-2022/15:52:23	: Waiting For Audio
28-Jul-2022/15:52:25	: Waiting For Audio
28-Jul-2022/15:52:26	: Waiting For Audio
28-Jul-2022/15:52:27	: Waiting For Audio
28-Jul-2022/15:52:28	: Waiting For Audio
28-Jul-2022/15:52:29	: Waiting For Audio
28-Jul-2022/15:52:30	: Waiting For Audio
28-Jul-2022/15:52:31	: Waiting For Audio
28-Jul-2022/15:52:32	: Waiting For Audio
28-Jul-2022/15:52:33	: Waiting For Audio
28-Jul-2022/15:52:34	: Waiting For Audio
28-Jul-2022/15:52:35	: Waiting For Audio
28-Jul-2022/15:52:36	: Waiting For Audio
28-Jul-2022/15:52:37	: Waiting For Audio
28-Jul-2022/15:52:38	: Waiting For Audio
28-Jul-2022/15:52:39	: Waiting For Audio
28-Jul-2022/15:52:40	: Waiting For Audio
28-Jul-2022/15:52:41	: Waiting For Audio
28-Jul-2022/15:52:42	: Waiting For Audio
28-Jul-2022/15:52:43	: Waiting For Audio
28-Jul-2022/15:52:44	: Waiting For Audio
28-Jul-2022/15:52:45	: Waiting For Audio
28-Jul-2022/15:52:46	: Waiting For Audio
28-Jul-2022/15:52:47	: Waiting For Audio
28-Jul-2022/15:52:48	: Waiting For Audio
28-Jul-2022/15:52:49	: Waiting For Audio
28-Jul-2022/15:52:50	: Waiting For Audio
28-Jul-2022/15:52:51	: Waiting For Audio
28-Jul-2022/15:52:52	: Waiting For Audio
28-Jul-2022/15:52:53	: Waiting For Audio
28-Jul-2022/15:52:54	: Waiting For Audio
28-Jul-2022/15:52:55	: Waiting For Audio
28-Jul-2022/15:52:56	: Waiting For Audio
28-Jul-2022/15:52:57	: Waiting For Audio
28-Jul-2022/15:52:58	: Waiting For Audio
28-Jul-2022/15:52:59	: Waiting For Audio
28-Jul-2022/15:53:00	: Waiting For Audio
28-Jul-2022/15:53:01	: Waiting For Audio
28-Jul-2022/15:53:02	: Waiting For Audio
28-Jul-2022/15:53:03	: Waiting For Audio
28-Jul-2022/15:53:04	: Waiting For Audio
28-Jul-2022/15:53:05	: Waiting For Audio
28-Jul-2022/15:53:06	: Waiting For Audio
28-Jul-2022/15:53:07	: Waiting For Audio
28-Jul-2022/15:53:08	: Waiting For Audio
28-Jul-2022/15:53:09	: Waiting For Audio
28-Jul-2022/15:53:10	: Waiting For Audio
28-Jul-2022/15:53:11	: Waiting For Audio
28-Jul-2022/15:53:12	: Waiting For Audio
28-Jul-2022/15:53:13	: Waiting For Audio
28-Jul-2022/15:53:14	: Waiting For Audio
28-Jul-2022/15:53:15	: Waiting For Audio
28-Jul-2022/15:53:16	: Waiting For Audio
28-Jul-2022/15:53:16	: encoding finish 117s
28-Jul-2022/15:53:17	: Waiting For Audio
28-Jul-2022/15:53:18	: Waiting For Audio
28-Jul-2022/15:53:19	: Waiting For Audio
28-Jul-2022/15:53:20	: Waiting ScreenRecord
28-Jul-2022/15:53:20	: Waiting For Audio
28-Jul-2022/15:53:21	: Waiting For Audio
28-Jul-2022/15:53:22	: Waiting For Audio
28-Jul-2022/15:53:23	: Waiting For Audio
28-Jul-2022/15:53:24	: Waiting For Audio
28-Jul-2022/15:53:25	: Waiting For Audio
28-Jul-2022/15:53:26	: Waiting For Audio
28-Jul-2022/15:53:27	: Waiting For Audio
28-Jul-2022/15:53:28	: Waiting For Audio
28-Jul-2022/15:53:29	: Waiting For Audio
28-Jul-2022/15:53:30	: Waiting For Audio
28-Jul-2022/15:53:31	: Waiting For Audio
28-Jul-2022/15:53:32	: Waiting For Audio
28-Jul-2022/15:53:33	: Waiting For Audio
28-Jul-2022/15:53:36	: Soundrecording!!!!.... Thread start 
28-Jul-2022/15:53:36	: Recording Initialized .... Mic open
28-Jul-2022/15:53:37	: Waiting ScreenRecord
28-Jul-2022/15:53:37	: Waiting For Audio
28-Jul-2022/15:53:38	: Waiting ScreenRecord
28-Jul-2022/15:53:38	: Waiting For Audio
28-Jul-2022/15:53:39	: Waiting ScreenRecord
28-Jul-2022/15:53:39	: Waiting For Audio
28-Jul-2022/15:53:40	: Waiting ScreenRecord
28-Jul-2022/15:53:40	: Waiting For Audio
28-Jul-2022/15:53:41	: Waiting ScreenRecord
28-Jul-2022/15:53:41	: Waiting For Audio
28-Jul-2022/15:53:42	: Waiting ScreenRecord
28-Jul-2022/15:53:42	: Waiting For Audio
28-Jul-2022/15:53:43	: Waiting ScreenRecord
28-Jul-2022/15:53:43	: Waiting For Audio
28-Jul-2022/15:53:44	: Waiting ScreenRecord
28-Jul-2022/15:53:44	: Waiting For Audio
28-Jul-2022/15:53:45	: Waiting ScreenRecord
28-Jul-2022/15:53:45	: Waiting For Audio
28-Jul-2022/15:53:46	: Waiting ScreenRecord
28-Jul-2022/15:53:46	: Waiting For Audio
28-Jul-2022/15:53:47	: Waiting ScreenRecord
28-Jul-2022/15:53:47	: Waiting For Audio
28-Jul-2022/15:53:48	: Waiting ScreenRecord
28-Jul-2022/15:53:48	: Waiting For Audio
28-Jul-2022/15:53:49	: Waiting ScreenRecord
28-Jul-2022/15:53:49	: Waiting For Audio
28-Jul-2022/15:53:50	: Waiting ScreenRecord
28-Jul-2022/15:53:50	: Waiting For Audio
28-Jul-2022/15:53:51	: Waiting ScreenRecord
28-Jul-2022/15:53:51	: Waiting For Audio
28-Jul-2022/15:53:52	: Waiting ScreenRecord
28-Jul-2022/15:53:52	: Waiting For Audio
28-Jul-2022/15:53:53	: Waiting ScreenRecord
28-Jul-2022/15:53:53	: Waiting For Audio
28-Jul-2022/15:53:54	: Waiting ScreenRecord
28-Jul-2022/15:53:54	: Waiting For Audio
28-Jul-2022/15:53:55	: Waiting ScreenRecord
28-Jul-2022/15:53:55	: Waiting For Audio
28-Jul-2022/15:53:56	: Waiting ScreenRecord
28-Jul-2022/15:53:56	: Waiting For Audio
28-Jul-2022/15:53:57	: Waiting ScreenRecord
28-Jul-2022/15:53:57	: Waiting For Audio
28-Jul-2022/15:53:58	: Waiting ScreenRecord
28-Jul-2022/15:53:58	: Waiting For Audio
28-Jul-2022/15:53:59	: Waiting ScreenRecord
28-Jul-2022/15:53:59	: Waiting For Audio
28-Jul-2022/15:54:00	: Waiting ScreenRecord
28-Jul-2022/15:54:00	: Waiting For Audio
28-Jul-2022/15:54:01	: Waiting ScreenRecord
28-Jul-2022/15:54:01	: Waiting For Audio
28-Jul-2022/15:54:02	: Capturing Sound
28-Jul-2022/15:54:35	: stop recording call
28-Jul-2022/15:54:35	: start time28-07-2022 15:53:36end time video---28-07-2022 15:54:35file_namerakesh_19_9155104987_22_07_28_15_54_01start_time=rakesh
28-Jul-2022/15:54:35	: encoding finish 34s
28-Jul-2022/15:54:35	: Mic Closed
28-Jul-2022/15:54:35	: Done Audio File
28-Jul-2022/15:54:36	: Waiting ScreenRecord
28-Jul-2022/15:54:36	: Waiting For Audio
28-Jul-2022/15:54:37	: Waiting ScreenRecord
28-Jul-2022/15:54:37	: Waiting For Audio
28-Jul-2022/15:54:38	: Waiting ScreenRecord
28-Jul-2022/15:54:38	: Waiting For Audio
28-Jul-2022/15:54:39	: Waiting ScreenRecord
28-Jul-2022/15:54:39	: Waiting For Audio
28-Jul-2022/15:54:40	: Waiting ScreenRecord
28-Jul-2022/15:54:40	: Waiting For Audio
28-Jul-2022/15:54:41	: Waiting ScreenRecord
28-Jul-2022/15:54:41	: Waiting For Audio
28-Jul-2022/15:54:42	: Waiting ScreenRecord
28-Jul-2022/15:54:42	: Waiting For Audio
28-Jul-2022/15:54:43	: Waiting ScreenRecord
28-Jul-2022/15:54:43	: Waiting For Audio
28-Jul-2022/15:54:44	: Waiting ScreenRecord
28-Jul-2022/15:54:44	: Waiting For Audio
28-Jul-2022/15:54:45	: Waiting ScreenRecord
28-Jul-2022/15:54:45	: Waiting For Audio
28-Jul-2022/15:54:46	: Waiting ScreenRecord
28-Jul-2022/15:54:46	: Waiting For Audio
28-Jul-2022/15:54:47	: Waiting ScreenRecord
28-Jul-2022/15:54:47	: Waiting For Audio
28-Jul-2022/15:54:48	: Waiting ScreenRecord
28-Jul-2022/15:54:48	: Waiting For Audio
28-Jul-2022/15:54:49	: Waiting ScreenRecord
28-Jul-2022/15:54:49	: Waiting For Audio
28-Jul-2022/15:54:50	: Waiting ScreenRecord
28-Jul-2022/15:54:50	: Waiting For Audio
28-Jul-2022/15:54:51	: Waiting ScreenRecord
28-Jul-2022/15:54:51	: Waiting For Audio
28-Jul-2022/15:54:52	: Waiting ScreenRecord
28-Jul-2022/15:54:52	: Waiting For Audio
28-Jul-2022/15:54:53	: Waiting ScreenRecord
28-Jul-2022/15:54:53	: Waiting For Audio
28-Jul-2022/15:54:54	: Waiting ScreenRecord
28-Jul-2022/15:54:54	: Waiting For Audio
28-Jul-2022/15:54:55	: Waiting ScreenRecord
28-Jul-2022/15:54:55	: Waiting For Audio
28-Jul-2022/15:54:56	: Waiting ScreenRecord
28-Jul-2022/15:54:56	: Waiting For Audio
28-Jul-2022/15:54:57	: Waiting ScreenRecord
28-Jul-2022/15:54:57	: Waiting For Audio
28-Jul-2022/15:54:58	: Waiting ScreenRecord
28-Jul-2022/15:54:58	: Waiting For Audio
28-Jul-2022/15:54:59	: Waiting ScreenRecord
28-Jul-2022/15:54:59	: Waiting For Audio
28-Jul-2022/15:55:00	: Waiting ScreenRecord
28-Jul-2022/15:55:00	: Waiting For Audio
28-Jul-2022/15:55:01	: Waiting ScreenRecord
28-Jul-2022/15:55:01	: Waiting For Audio
28-Jul-2022/15:55:02	: Waiting ScreenRecord
28-Jul-2022/15:55:02	: Waiting For Audio
28-Jul-2022/15:55:03	: Waiting ScreenRecord
28-Jul-2022/15:55:03	: Waiting For Audio
28-Jul-2022/15:55:04	: Waiting ScreenRecord
28-Jul-2022/15:55:04	: Waiting For Audio
28-Jul-2022/15:55:05	: Waiting ScreenRecord
28-Jul-2022/15:55:05	: Waiting For Audio
28-Jul-2022/15:55:06	: Waiting ScreenRecord
28-Jul-2022/15:55:07	: Waiting For Audio
28-Jul-2022/15:55:07	: Waiting ScreenRecord
28-Jul-2022/15:55:08	: Waiting For Audio
28-Jul-2022/15:55:08	: Waiting ScreenRecord
28-Jul-2022/15:55:09	: Waiting For Audio
28-Jul-2022/15:55:09	: Waiting ScreenRecord
28-Jul-2022/15:55:10	: Waiting For Audio
28-Jul-2022/15:55:10	: Waiting ScreenRecord
28-Jul-2022/15:55:11	: Waiting For Audio
28-Jul-2022/15:55:11	: Waiting ScreenRecord
28-Jul-2022/15:55:12	: Waiting For Audio
28-Jul-2022/15:55:12	: Waiting ScreenRecord
28-Jul-2022/15:55:13	: Waiting For Audio
28-Jul-2022/15:55:13	: Waiting ScreenRecord
28-Jul-2022/15:55:14	: Waiting For Audio
28-Jul-2022/15:55:14	: Waiting ScreenRecord
28-Jul-2022/15:55:15	: Waiting For Audio
28-Jul-2022/15:55:15	: Waiting ScreenRecord
28-Jul-2022/15:55:16	: Waiting For Audio
28-Jul-2022/15:55:17	: Waiting ScreenRecord
28-Jul-2022/15:55:17	: Waiting For Audio
28-Jul-2022/15:55:18	: Waiting ScreenRecord
28-Jul-2022/15:55:18	: Waiting For Audio
28-Jul-2022/15:55:19	: Waiting ScreenRecord
28-Jul-2022/15:55:19	: Waiting For Audio
28-Jul-2022/15:55:20	: Waiting ScreenRecord
28-Jul-2022/15:55:20	: Waiting For Audio
28-Jul-2022/15:55:21	: Waiting ScreenRecord
28-Jul-2022/15:55:21	: Waiting For Audio
28-Jul-2022/15:55:22	: Waiting ScreenRecord
28-Jul-2022/15:55:22	: Waiting For Audio
28-Jul-2022/15:55:23	: Waiting ScreenRecord
28-Jul-2022/15:55:23	: Waiting For Audio
28-Jul-2022/15:55:24	: Waiting ScreenRecord
28-Jul-2022/15:55:24	: Waiting For Audio
28-Jul-2022/15:55:25	: Waiting ScreenRecord
28-Jul-2022/15:55:25	: Waiting For Audio
28-Jul-2022/15:55:26	: Waiting ScreenRecord
28-Jul-2022/15:55:26	: Waiting For Audio
28-Jul-2022/15:55:27	: Waiting ScreenRecord
28-Jul-2022/15:55:27	: Waiting For Audio
28-Jul-2022/15:55:28	: Waiting ScreenRecord
28-Jul-2022/15:55:28	: Waiting For Audio
28-Jul-2022/15:55:29	: Waiting ScreenRecord
28-Jul-2022/15:55:29	: Waiting For Audio
28-Jul-2022/15:55:30	: Waiting ScreenRecord
28-Jul-2022/15:55:30	: Waiting For Audio
28-Jul-2022/15:55:31	: Waiting ScreenRecord
28-Jul-2022/15:55:31	: Waiting For Audio
28-Jul-2022/15:55:32	: Waiting ScreenRecord
28-Jul-2022/15:55:32	: Waiting For Audio
28-Jul-2022/15:55:33	: Waiting ScreenRecord
28-Jul-2022/15:55:33	: Waiting For Audio
28-Jul-2022/15:55:34	: Waiting ScreenRecord
28-Jul-2022/15:55:34	: Waiting For Audio
28-Jul-2022/15:55:35	: Waiting ScreenRecord
28-Jul-2022/15:55:35	: Waiting For Audio
28-Jul-2022/15:55:36	: Waiting ScreenRecord
28-Jul-2022/15:55:36	: Waiting For Audio
28-Jul-2022/15:55:37	: Waiting ScreenRecord
28-Jul-2022/15:55:37	: Waiting For Audio
28-Jul-2022/15:55:38	: Waiting ScreenRecord
28-Jul-2022/15:55:38	: Waiting For Audio
28-Jul-2022/15:55:39	: Waiting ScreenRecord
28-Jul-2022/15:55:39	: Waiting For Audio
28-Jul-2022/15:55:40	: Waiting ScreenRecord
28-Jul-2022/15:55:40	: Waiting For Audio
28-Jul-2022/15:55:41	: Waiting ScreenRecord
28-Jul-2022/15:55:41	: Waiting For Audio
28-Jul-2022/15:55:42	: Waiting ScreenRecord
28-Jul-2022/15:55:42	: Waiting For Audio
28-Jul-2022/15:55:43	: Waiting ScreenRecord
28-Jul-2022/15:55:43	: Waiting For Audio
28-Jul-2022/15:55:44	: Waiting ScreenRecord
28-Jul-2022/15:55:44	: Waiting For Audio
28-Jul-2022/15:55:45	: Waiting ScreenRecord
28-Jul-2022/15:55:45	: Waiting For Audio
28-Jul-2022/15:55:46	: Waiting ScreenRecord
28-Jul-2022/15:55:46	: Waiting For Audio
28-Jul-2022/15:55:47	: Waiting ScreenRecord
28-Jul-2022/15:55:47	: Waiting For Audio
28-Jul-2022/15:55:48	: Waiting ScreenRecord
28-Jul-2022/15:55:48	: Waiting For Audio
28-Jul-2022/15:55:49	: Waiting ScreenRecord
28-Jul-2022/15:55:49	: Waiting For Audio
28-Jul-2022/15:55:50	: Waiting ScreenRecord
28-Jul-2022/15:55:50	: Waiting For Audio
28-Jul-2022/15:55:51	: Waiting ScreenRecord
28-Jul-2022/15:55:51	: Waiting For Audio
28-Jul-2022/15:55:52	: Waiting ScreenRecord
28-Jul-2022/15:55:52	: Waiting For Audio
28-Jul-2022/15:55:53	: Waiting ScreenRecord
28-Jul-2022/15:55:53	: Waiting For Audio
28-Jul-2022/15:55:54	: Waiting ScreenRecord
28-Jul-2022/15:55:54	: Waiting For Audio
28-Jul-2022/15:55:55	: Waiting ScreenRecord
28-Jul-2022/15:55:55	: Waiting For Audio
28-Jul-2022/15:55:56	: Waiting ScreenRecord
28-Jul-2022/15:55:56	: Waiting For Audio
28-Jul-2022/15:55:57	: Waiting ScreenRecord
28-Jul-2022/15:55:57	: Waiting For Audio
28-Jul-2022/15:55:58	: Waiting ScreenRecord
28-Jul-2022/15:55:58	: Waiting For Audio
28-Jul-2022/15:55:59	: Waiting ScreenRecord
28-Jul-2022/15:55:59	: Waiting For Audio
28-Jul-2022/15:56:00	: Waiting ScreenRecord
28-Jul-2022/15:56:00	: Waiting For Audio
28-Jul-2022/15:56:01	: Waiting ScreenRecord
28-Jul-2022/15:56:01	: Waiting For Audio
28-Jul-2022/15:56:02	: Waiting ScreenRecord
28-Jul-2022/15:56:02	: Waiting For Audio
28-Jul-2022/15:56:03	: Waiting ScreenRecord
28-Jul-2022/15:56:03	: Waiting For Audio
28-Jul-2022/15:56:04	: Waiting ScreenRecord
28-Jul-2022/15:56:04	: Waiting For Audio
28-Jul-2022/15:56:05	: Waiting ScreenRecord
28-Jul-2022/15:56:05	: Waiting For Audio
28-Jul-2022/15:56:06	: Waiting ScreenRecord
28-Jul-2022/15:56:06	: Waiting For Audio
28-Jul-2022/15:56:07	: Waiting ScreenRecord
28-Jul-2022/15:56:07	: Waiting For Audio
28-Jul-2022/15:56:08	: Waiting ScreenRecord
28-Jul-2022/15:56:08	: Waiting For Audio
28-Jul-2022/15:56:09	: Waiting ScreenRecord
28-Jul-2022/15:56:09	: Waiting For Audio
28-Jul-2022/15:56:10	: Waiting ScreenRecord
28-Jul-2022/15:56:10	: Waiting For Audio
28-Jul-2022/15:56:11	: Waiting ScreenRecord
28-Jul-2022/15:56:11	: Waiting For Audio
28-Jul-2022/15:56:12	: Waiting ScreenRecord
28-Jul-2022/15:56:12	: Waiting For Audio
28-Jul-2022/15:56:13	: Waiting ScreenRecord
28-Jul-2022/15:56:13	: Waiting For Audio
28-Jul-2022/15:56:14	: Waiting ScreenRecord
28-Jul-2022/15:56:14	: Waiting For Audio
28-Jul-2022/15:56:15	: Waiting ScreenRecord
28-Jul-2022/15:56:15	: Waiting For Audio
28-Jul-2022/15:56:16	: Waiting ScreenRecord
28-Jul-2022/15:56:16	: Waiting For Audio
28-Jul-2022/15:56:17	: Waiting ScreenRecord
28-Jul-2022/15:56:17	: Waiting For Audio
28-Jul-2022/15:56:18	: Waiting ScreenRecord
28-Jul-2022/15:56:18	: Waiting For Audio
28-Jul-2022/15:56:19	: Waiting ScreenRecord
28-Jul-2022/15:56:19	: Waiting For Audio
28-Jul-2022/15:56:20	: Waiting ScreenRecord
28-Jul-2022/15:56:20	: Waiting For Audio
28-Jul-2022/15:56:21	: Waiting ScreenRecord
28-Jul-2022/15:56:21	: Waiting For Audio
28-Jul-2022/15:56:22	: Waiting ScreenRecord
28-Jul-2022/15:56:22	: Waiting For Audio
28-Jul-2022/15:56:23	: Waiting ScreenRecord
28-Jul-2022/15:56:23	: Waiting For Audio
28-Jul-2022/15:56:24	: Waiting ScreenRecord
28-Jul-2022/15:56:24	: Waiting For Audio
28-Jul-2022/15:56:25	: Waiting ScreenRecord
28-Jul-2022/15:56:25	: Waiting For Audio
28-Jul-2022/15:56:26	: Waiting ScreenRecord
28-Jul-2022/15:56:26	: Waiting For Audio
28-Jul-2022/15:56:27	: Waiting ScreenRecord
28-Jul-2022/15:56:27	: Waiting For Audio
28-Jul-2022/15:56:28	: Waiting ScreenRecord
28-Jul-2022/15:56:28	: Waiting For Audio
28-Jul-2022/15:56:29	: Waiting ScreenRecord
28-Jul-2022/15:56:29	: Waiting For Audio
28-Jul-2022/15:56:30	: Waiting ScreenRecord
28-Jul-2022/15:56:30	: Waiting For Audio
28-Jul-2022/15:56:31	: Waiting ScreenRecord
28-Jul-2022/15:56:31	: Waiting For Audio
28-Jul-2022/15:56:32	: Waiting ScreenRecord
28-Jul-2022/15:56:32	: Waiting For Audio
28-Jul-2022/15:56:33	: Waiting ScreenRecord
28-Jul-2022/15:56:33	: Waiting For Audio
28-Jul-2022/15:56:34	: Waiting ScreenRecord
28-Jul-2022/15:56:34	: Waiting For Audio
28-Jul-2022/15:56:35	: Waiting ScreenRecord
28-Jul-2022/15:56:35	: Waiting For Audio
28-Jul-2022/15:56:36	: Waiting ScreenRecord
28-Jul-2022/15:56:36	: Waiting For Audio
28-Jul-2022/15:56:37	: Waiting ScreenRecord
28-Jul-2022/15:56:37	: Waiting For Audio
28-Jul-2022/15:56:38	: Waiting ScreenRecord
28-Jul-2022/15:56:38	: Waiting For Audio
28-Jul-2022/15:56:39	: Waiting ScreenRecord
28-Jul-2022/15:56:40	: Waiting For Audio
28-Jul-2022/15:56:40	: Waiting ScreenRecord
28-Jul-2022/15:56:41	: Waiting For Audio
28-Jul-2022/15:56:41	: Waiting ScreenRecord
28-Jul-2022/15:56:42	: Waiting For Audio
28-Jul-2022/15:56:42	: Waiting ScreenRecord
28-Jul-2022/15:56:43	: Waiting For Audio
28-Jul-2022/15:56:43	: Waiting ScreenRecord
28-Jul-2022/15:56:44	: Waiting For Audio
28-Jul-2022/15:56:44	: Waiting ScreenRecord
28-Jul-2022/15:56:45	: Waiting For Audio
28-Jul-2022/15:56:45	: Waiting ScreenRecord
28-Jul-2022/15:56:46	: Waiting For Audio
28-Jul-2022/15:56:46	: Waiting ScreenRecord
28-Jul-2022/15:56:47	: Waiting For Audio
28-Jul-2022/15:56:47	: Waiting ScreenRecord
28-Jul-2022/15:56:48	: Waiting For Audio
28-Jul-2022/15:56:48	: Waiting ScreenRecord
28-Jul-2022/15:56:49	: Waiting For Audio
28-Jul-2022/15:56:49	: Waiting ScreenRecord
28-Jul-2022/15:56:50	: Waiting For Audio
28-Jul-2022/15:56:50	: Waiting ScreenRecord
28-Jul-2022/15:56:51	: Waiting For Audio
28-Jul-2022/15:56:52	: Waiting ScreenRecord
28-Jul-2022/15:56:52	: Waiting For Audio
28-Jul-2022/15:56:53	: Waiting ScreenRecord
28-Jul-2022/15:56:53	: Waiting For Audio
28-Jul-2022/15:56:54	: Waiting ScreenRecord
28-Jul-2022/15:56:54	: Waiting For Audio
28-Jul-2022/15:56:55	: Waiting ScreenRecord
28-Jul-2022/15:56:55	: Waiting For Audio
28-Jul-2022/15:56:56	: Waiting ScreenRecord
28-Jul-2022/15:56:56	: Waiting For Audio
28-Jul-2022/15:56:57	: Waiting ScreenRecord
28-Jul-2022/15:56:57	: Waiting For Audio
28-Jul-2022/15:56:58	: Waiting ScreenRecord
28-Jul-2022/15:56:58	: Waiting For Audio
28-Jul-2022/15:56:59	: Waiting ScreenRecord
28-Jul-2022/15:56:59	: Waiting For Audio
28-Jul-2022/15:57:00	: Waiting ScreenRecord
28-Jul-2022/15:57:00	: Waiting For Audio
28-Jul-2022/15:57:01	: Waiting ScreenRecord
28-Jul-2022/15:57:01	: Waiting For Audio
28-Jul-2022/15:57:02	: Waiting ScreenRecord
28-Jul-2022/15:57:02	: Waiting For Audio
28-Jul-2022/15:57:03	: Waiting ScreenRecord
28-Jul-2022/15:57:03	: Waiting For Audio
28-Jul-2022/15:57:04	: Waiting ScreenRecord
28-Jul-2022/15:57:04	: Waiting For Audio
28-Jul-2022/15:57:05	: Waiting ScreenRecord
28-Jul-2022/15:57:05	: Waiting For Audio
28-Jul-2022/15:57:06	: Waiting ScreenRecord
28-Jul-2022/15:57:06	: Waiting For Audio
28-Jul-2022/15:57:07	: Waiting ScreenRecord
28-Jul-2022/15:57:07	: Waiting For Audio
28-Jul-2022/15:57:08	: Waiting ScreenRecord
28-Jul-2022/15:57:08	: Waiting For Audio
28-Jul-2022/15:57:09	: Waiting ScreenRecord
28-Jul-2022/15:57:09	: Waiting For Audio
28-Jul-2022/15:57:10	: Waiting ScreenRecord
28-Jul-2022/15:57:10	: Waiting For Audio
28-Jul-2022/15:57:11	: Waiting ScreenRecord
28-Jul-2022/15:57:11	: Waiting For Audio
28-Jul-2022/15:57:12	: Waiting ScreenRecord
28-Jul-2022/15:57:12	: Waiting For Audio
28-Jul-2022/15:57:13	: Waiting ScreenRecord
28-Jul-2022/15:57:13	: Waiting For Audio
28-Jul-2022/15:57:14	: Waiting ScreenRecord
28-Jul-2022/15:57:14	: Waiting For Audio
28-Jul-2022/15:57:15	: Waiting ScreenRecord
28-Jul-2022/15:57:15	: Waiting For Audio
28-Jul-2022/15:57:16	: Waiting ScreenRecord
28-Jul-2022/15:57:16	: Waiting For Audio
28-Jul-2022/15:57:17	: Waiting ScreenRecord
28-Jul-2022/15:57:17	: Waiting For Audio
28-Jul-2022/15:57:18	: Waiting ScreenRecord
28-Jul-2022/15:57:18	: Waiting For Audio
28-Jul-2022/15:57:19	: Waiting ScreenRecord
28-Jul-2022/15:57:19	: Waiting For Audio
28-Jul-2022/15:57:20	: Waiting ScreenRecord
28-Jul-2022/15:57:20	: Waiting For Audio
28-Jul-2022/15:57:21	: Waiting ScreenRecord
28-Jul-2022/15:57:21	: Waiting For Audio
28-Jul-2022/15:57:22	: Waiting ScreenRecord
28-Jul-2022/15:57:22	: Waiting For Audio
28-Jul-2022/15:57:23	: Waiting ScreenRecord
28-Jul-2022/15:57:23	: Waiting For Audio
28-Jul-2022/15:57:24	: Waiting ScreenRecord
28-Jul-2022/15:57:24	: Waiting For Audio
28-Jul-2022/15:57:25	: Waiting ScreenRecord
28-Jul-2022/15:57:25	: Waiting For Audio
28-Jul-2022/15:57:26	: Waiting ScreenRecord
28-Jul-2022/15:57:26	: Waiting For Audio
28-Jul-2022/15:58:07	: Soundrecording!!!!.... Thread start 
28-Jul-2022/15:58:07	: Recording Initialized .... Mic open
28-Jul-2022/15:58:08	: Waiting ScreenRecord
28-Jul-2022/15:58:08	: Waiting For Audio
28-Jul-2022/15:58:09	: Waiting ScreenRecord
28-Jul-2022/15:58:09	: Waiting For Audio
28-Jul-2022/15:58:10	: Waiting ScreenRecord
28-Jul-2022/15:58:10	: Waiting For Audio
28-Jul-2022/15:58:11	: Waiting ScreenRecord
28-Jul-2022/15:58:11	: Waiting For Audio
28-Jul-2022/15:58:12	: Waiting ScreenRecord
28-Jul-2022/15:58:12	: Waiting For Audio
28-Jul-2022/15:58:13	: Waiting ScreenRecord
28-Jul-2022/15:58:13	: Waiting For Audio
28-Jul-2022/15:58:14	: Waiting ScreenRecord
28-Jul-2022/15:58:14	: Waiting For Audio
28-Jul-2022/15:58:15	: Waiting ScreenRecord
28-Jul-2022/15:58:15	: Waiting For Audio
28-Jul-2022/15:58:16	: Waiting ScreenRecord
28-Jul-2022/15:58:16	: Waiting For Audio
28-Jul-2022/15:58:17	: Waiting ScreenRecord
28-Jul-2022/15:58:17	: Waiting For Audio
28-Jul-2022/15:58:18	: Waiting ScreenRecord
28-Jul-2022/15:58:18	: Waiting For Audio
28-Jul-2022/15:58:19	: Waiting ScreenRecord
28-Jul-2022/15:58:19	: Waiting For Audio
28-Jul-2022/15:58:20	: Waiting ScreenRecord
28-Jul-2022/15:58:20	: Waiting For Audio
28-Jul-2022/15:58:21	: Waiting ScreenRecord
28-Jul-2022/15:58:21	: Waiting For Audio
28-Jul-2022/15:58:22	: Waiting ScreenRecord
28-Jul-2022/15:58:22	: Waiting For Audio
28-Jul-2022/15:58:23	: Waiting ScreenRecord
28-Jul-2022/15:58:23	: Waiting For Audio
28-Jul-2022/15:58:24	: Waiting ScreenRecord
28-Jul-2022/15:58:24	: Waiting For Audio
28-Jul-2022/15:58:25	: Waiting ScreenRecord
28-Jul-2022/15:58:25	: Waiting For Audio
28-Jul-2022/15:58:26	: Waiting ScreenRecord
28-Jul-2022/15:58:26	: Waiting For Audio
28-Jul-2022/15:58:27	: Waiting ScreenRecord
28-Jul-2022/15:58:27	: Waiting For Audio
28-Jul-2022/15:58:28	: Waiting ScreenRecord
28-Jul-2022/15:58:28	: Waiting For Audio
28-Jul-2022/15:58:29	: Waiting ScreenRecord
28-Jul-2022/15:58:29	: Waiting For Audio
28-Jul-2022/15:58:30	: Waiting ScreenRecord
28-Jul-2022/15:58:30	: Waiting For Audio
28-Jul-2022/15:58:31	: Waiting ScreenRecord
28-Jul-2022/15:58:31	: Waiting For Audio
28-Jul-2022/15:58:32	: Waiting ScreenRecord
28-Jul-2022/15:58:32	: Waiting For Audio
28-Jul-2022/15:58:33	: Waiting ScreenRecord
28-Jul-2022/15:58:33	: Waiting For Audio
28-Jul-2022/15:58:34	: Waiting ScreenRecord
28-Jul-2022/15:58:34	: Waiting For Audio
28-Jul-2022/15:58:35	: Capturing Sound
28-Jul-2022/15:59:51	: Soundrecording!!!!.... Thread start 
28-Jul-2022/15:59:51	: Recording Initialized .... Mic open
28-Jul-2022/15:59:52	: Waiting ScreenRecord
28-Jul-2022/15:59:52	: Waiting For Audio
28-Jul-2022/15:59:53	: Waiting ScreenRecord
28-Jul-2022/15:59:53	: Waiting For Audio
28-Jul-2022/15:59:54	: Waiting ScreenRecord
28-Jul-2022/15:59:54	: Waiting For Audio
28-Jul-2022/15:59:55	: Waiting ScreenRecord
28-Jul-2022/15:59:55	: Waiting For Audio
28-Jul-2022/15:59:56	: Waiting ScreenRecord
28-Jul-2022/15:59:56	: Waiting For Audio
28-Jul-2022/15:59:57	: Waiting ScreenRecord
28-Jul-2022/15:59:57	: Waiting For Audio
28-Jul-2022/15:59:58	: Waiting ScreenRecord
28-Jul-2022/15:59:58	: Waiting For Audio
28-Jul-2022/15:59:59	: Waiting ScreenRecord
28-Jul-2022/15:59:59	: Waiting For Audio
