26-Nov-2022/17:24:58	: Soundrecording!!!!.... Thread start 
26-Nov-2022/17:24:58	: Mic Not detcted
26-Nov-2022/17:24:58	: Recording Initialized .... Mic open
26-Nov-2022/17:24:59	: Waiting ScreenRecord
26-Nov-2022/17:24:59	: Waiting For Audio
26-Nov-2022/17:25:00	: Waiting ScreenRecord
26-Nov-2022/17:25:00	: Waiting For Audio
26-Nov-2022/17:25:01	: Waiting ScreenRecord
26-Nov-2022/17:25:01	: Waiting For Audio
26-Nov-2022/17:25:02	: Waiting ScreenRecord
26-Nov-2022/17:25:02	: Waiting For Audio
26-Nov-2022/17:25:03	: Waiting ScreenRecord
26-Nov-2022/17:25:03	: Waiting For Audio
26-Nov-2022/17:25:04	: Waiting ScreenRecord
26-Nov-2022/17:25:04	: Waiting For Audio
26-Nov-2022/17:25:05	: Waiting ScreenRecord
26-Nov-2022/17:25:05	: Waiting For Audio
26-Nov-2022/17:25:06	: Waiting ScreenRecord
26-Nov-2022/17:25:06	: Waiting For Audio
26-Nov-2022/17:25:07	: Waiting ScreenRecord
26-Nov-2022/17:25:07	: Waiting For Audio
26-Nov-2022/17:25:08	: Waiting ScreenRecord
26-Nov-2022/17:25:08	: Waiting For Audio
26-Nov-2022/17:25:09	: Waiting ScreenRecord
26-Nov-2022/17:25:09	: Waiting For Audio
26-Nov-2022/17:25:10	: Waiting ScreenRecord
26-Nov-2022/17:25:10	: Waiting For Audio
26-Nov-2022/17:25:11	: Waiting ScreenRecord
26-Nov-2022/17:25:11	: Waiting For Audio
26-Nov-2022/17:25:12	: Waiting ScreenRecord
26-Nov-2022/17:25:12	: Waiting For Audio
26-Nov-2022/17:25:13	: Waiting ScreenRecord
26-Nov-2022/17:25:13	: Waiting For Audio
26-Nov-2022/17:25:14	: Waiting ScreenRecord
26-Nov-2022/17:25:14	: Waiting For Audio
26-Nov-2022/17:25:15	: Waiting ScreenRecord
26-Nov-2022/17:25:15	: Waiting For Audio
26-Nov-2022/17:25:16	: Waiting ScreenRecord
26-Nov-2022/17:25:16	: Waiting For Audio
26-Nov-2022/17:25:17	: Waiting ScreenRecord
26-Nov-2022/17:25:17	: Waiting For Audio
26-Nov-2022/17:25:18	: Waiting ScreenRecord
26-Nov-2022/17:25:18	: Waiting For Audio
26-Nov-2022/17:25:19	: Waiting ScreenRecord
26-Nov-2022/17:25:19	: Waiting For Audio
26-Nov-2022/17:25:20	: Waiting ScreenRecord
26-Nov-2022/17:25:20	: Waiting For Audio
26-Nov-2022/17:25:21	: Waiting ScreenRecord
26-Nov-2022/17:25:21	: Waiting For Audio
26-Nov-2022/17:25:22	: Waiting ScreenRecord
26-Nov-2022/17:25:22	: Waiting For Audio
26-Nov-2022/17:25:23	: Waiting ScreenRecord
26-Nov-2022/17:25:23	: Waiting For Audio
26-Nov-2022/17:25:24	: Waiting ScreenRecord
26-Nov-2022/17:25:24	: Waiting For Audio
26-Nov-2022/17:25:25	: Waiting ScreenRecord
26-Nov-2022/17:25:25	: Waiting For Audio
26-Nov-2022/17:25:26	: Waiting ScreenRecord
26-Nov-2022/17:25:26	: Waiting For Audio
26-Nov-2022/17:25:27	: Waiting ScreenRecord
26-Nov-2022/17:25:27	: Waiting For Audio
26-Nov-2022/17:25:28	: Waiting ScreenRecord
26-Nov-2022/17:25:28	: Waiting For Audio
26-Nov-2022/17:25:29	: Waiting ScreenRecord
26-Nov-2022/17:25:29	: Waiting For Audio
26-Nov-2022/17:25:30	: Waiting ScreenRecord
26-Nov-2022/17:25:30	: Waiting For Audio
26-Nov-2022/17:25:31	: Waiting ScreenRecord
26-Nov-2022/17:25:31	: Waiting For Audio
26-Nov-2022/17:25:32	: Waiting ScreenRecord
26-Nov-2022/17:25:32	: Waiting For Audio
26-Nov-2022/17:25:33	: Waiting ScreenRecord
26-Nov-2022/17:25:33	: Waiting For Audio
26-Nov-2022/17:25:34	: Waiting ScreenRecord
26-Nov-2022/17:25:34	: Waiting For Audio
26-Nov-2022/17:25:35	: Waiting ScreenRecord
26-Nov-2022/17:25:35	: Waiting For Audio
26-Nov-2022/17:25:36	: Waiting ScreenRecord
26-Nov-2022/17:25:36	: Waiting For Audio
26-Nov-2022/17:25:37	: Waiting ScreenRecord
26-Nov-2022/17:25:37	: Waiting For Audio
26-Nov-2022/17:25:38	: Waiting ScreenRecord
26-Nov-2022/17:25:38	: Waiting For Audio
26-Nov-2022/17:25:39	: Waiting ScreenRecord
26-Nov-2022/17:25:39	: Waiting For Audio
26-Nov-2022/17:25:40	: Waiting ScreenRecord
26-Nov-2022/17:25:40	: Waiting For Audio
26-Nov-2022/17:25:41	: Waiting ScreenRecord
26-Nov-2022/17:25:41	: Waiting For Audio
26-Nov-2022/17:25:42	: Waiting ScreenRecord
26-Nov-2022/17:25:42	: Waiting For Audio
26-Nov-2022/17:25:43	: Waiting ScreenRecord
26-Nov-2022/17:25:43	: Waiting For Audio
26-Nov-2022/17:25:44	: Waiting ScreenRecord
26-Nov-2022/17:26:08	: Soundrecording!!!!.... Thread start 
26-Nov-2022/17:26:08	: Mic Not detcted
26-Nov-2022/17:26:08	: Recording Initialized .... Mic open
26-Nov-2022/17:26:09	: Waiting ScreenRecord
26-Nov-2022/17:26:09	: Waiting For Audio
26-Nov-2022/17:26:10	: Waiting ScreenRecord
26-Nov-2022/17:26:10	: Waiting For Audio
26-Nov-2022/17:26:11	: Waiting ScreenRecord
26-Nov-2022/17:26:11	: Waiting For Audio
26-Nov-2022/17:26:12	: Waiting ScreenRecord
26-Nov-2022/17:26:12	: Waiting For Audio
26-Nov-2022/17:26:13	: Waiting ScreenRecord
26-Nov-2022/17:26:13	: Waiting For Audio
26-Nov-2022/17:26:14	: Waiting ScreenRecord
26-Nov-2022/17:26:14	: Waiting For Audio
26-Nov-2022/17:26:15	: Waiting ScreenRecord
26-Nov-2022/17:26:15	: Waiting For Audio
26-Nov-2022/17:26:16	: Waiting ScreenRecord
26-Nov-2022/17:26:16	: Waiting For Audio
26-Nov-2022/17:26:17	: Waiting ScreenRecord
26-Nov-2022/17:26:18	: Waiting For Audio
26-Nov-2022/17:26:18	: Waiting ScreenRecord
26-Nov-2022/17:26:19	: Waiting For Audio
26-Nov-2022/17:26:19	: Waiting ScreenRecord
26-Nov-2022/17:26:20	: Waiting For Audio
26-Nov-2022/17:26:20	: Waiting ScreenRecord
26-Nov-2022/17:26:21	: Waiting For Audio
26-Nov-2022/17:26:22	: Waiting ScreenRecord
26-Nov-2022/17:26:22	: Waiting For Audio
26-Nov-2022/17:26:23	: Waiting ScreenRecord
26-Nov-2022/17:26:23	: Waiting For Audio
26-Nov-2022/17:26:24	: Waiting ScreenRecord
26-Nov-2022/17:26:24	: Waiting For Audio
26-Nov-2022/17:26:25	: Waiting ScreenRecord
26-Nov-2022/17:26:25	: Waiting For Audio
26-Nov-2022/17:26:26	: Waiting ScreenRecord
26-Nov-2022/17:26:26	: Waiting For Audio
26-Nov-2022/17:26:27	: Waiting ScreenRecord
26-Nov-2022/17:26:27	: Waiting For Audio
26-Nov-2022/17:26:28	: Waiting ScreenRecord
26-Nov-2022/17:26:28	: Waiting For Audio
26-Nov-2022/17:26:29	: Waiting ScreenRecord
26-Nov-2022/17:26:29	: Waiting For Audio
26-Nov-2022/17:26:30	: Waiting ScreenRecord
26-Nov-2022/17:26:30	: Waiting For Audio
26-Nov-2022/17:26:31	: Waiting ScreenRecord
26-Nov-2022/17:26:31	: Waiting For Audio
26-Nov-2022/17:26:32	: Waiting ScreenRecord
26-Nov-2022/17:26:32	: Waiting For Audio
26-Nov-2022/17:26:33	: Waiting ScreenRecord
26-Nov-2022/17:26:33	: Waiting For Audio
26-Nov-2022/17:26:34	: Waiting ScreenRecord
26-Nov-2022/17:26:34	: Waiting For Audio
26-Nov-2022/17:26:35	: Waiting ScreenRecord
26-Nov-2022/17:26:35	: Waiting For Audio
26-Nov-2022/17:26:36	: Waiting ScreenRecord
26-Nov-2022/17:26:36	: Waiting For Audio
26-Nov-2022/17:26:37	: Waiting ScreenRecord
26-Nov-2022/17:26:37	: Waiting For Audio
26-Nov-2022/17:26:38	: Waiting ScreenRecord
26-Nov-2022/17:26:38	: Waiting For Audio
26-Nov-2022/17:26:39	: Waiting ScreenRecord
26-Nov-2022/17:26:39	: Waiting For Audio
26-Nov-2022/17:26:40	: Waiting ScreenRecord
26-Nov-2022/17:26:40	: Waiting For Audio
26-Nov-2022/17:26:41	: Waiting ScreenRecord
26-Nov-2022/17:26:41	: Waiting For Audio
26-Nov-2022/17:26:42	: Waiting ScreenRecord
26-Nov-2022/17:26:42	: Waiting For Audio
26-Nov-2022/17:26:43	: Waiting ScreenRecord
26-Nov-2022/17:26:43	: Waiting For Audio
26-Nov-2022/17:26:44	: Waiting ScreenRecord
26-Nov-2022/17:26:44	: Waiting For Audio
26-Nov-2022/17:26:45	: Waiting ScreenRecord
26-Nov-2022/17:26:45	: Waiting For Audio
26-Nov-2022/17:26:46	: Waiting ScreenRecord
26-Nov-2022/17:26:46	: Waiting For Audio
26-Nov-2022/17:26:47	: Waiting ScreenRecord
26-Nov-2022/17:26:47	: Waiting For Audio
26-Nov-2022/17:26:48	: Waiting ScreenRecord
26-Nov-2022/17:26:48	: Waiting For Audio
26-Nov-2022/17:26:49	: Waiting ScreenRecord
26-Nov-2022/17:26:49	: Waiting For Audio
26-Nov-2022/17:26:50	: Waiting ScreenRecord
26-Nov-2022/17:26:50	: Waiting For Audio
26-Nov-2022/17:26:51	: Waiting ScreenRecord
26-Nov-2022/17:26:51	: Waiting For Audio
26-Nov-2022/17:26:52	: Waiting ScreenRecord
26-Nov-2022/17:26:52	: Waiting For Audio
26-Nov-2022/17:26:53	: Waiting ScreenRecord
26-Nov-2022/17:26:53	: Waiting For Audio
26-Nov-2022/17:26:54	: Waiting ScreenRecord
26-Nov-2022/17:26:54	: Waiting For Audio
26-Nov-2022/17:26:55	: Waiting ScreenRecord
26-Nov-2022/17:26:55	: Waiting For Audio
26-Nov-2022/17:26:56	: Waiting ScreenRecord
26-Nov-2022/17:26:56	: Waiting For Audio
26-Nov-2022/17:26:57	: Waiting ScreenRecord
26-Nov-2022/17:26:57	: Waiting For Audio
26-Nov-2022/17:26:58	: Waiting ScreenRecord
26-Nov-2022/17:26:58	: Waiting For Audio
26-Nov-2022/17:26:59	: Waiting ScreenRecord
26-Nov-2022/17:26:59	: Waiting For Audio
26-Nov-2022/17:27:00	: Waiting ScreenRecord
26-Nov-2022/17:27:00	: Waiting For Audio
