30-Jul-2022/10:54:53	: Soundrecording!!!!.... Thread start 
30-Jul-2022/10:54:53	: Mic Not detcted
30-Jul-2022/10:54:53	: Recording Initialized .... Mic open
30-Jul-2022/10:54:54	: Waiting ScreenRecord
30-Jul-2022/10:54:54	: Waiting For Audio
30-Jul-2022/10:54:55	: Waiting ScreenRecord
30-Jul-2022/10:54:55	: Waiting For Audio
30-Jul-2022/10:54:56	: Waiting ScreenRecord
30-Jul-2022/10:54:56	: Waiting For Audio
30-Jul-2022/10:54:57	: Waiting ScreenRecord
30-Jul-2022/10:54:57	: Waiting For Audio
30-Jul-2022/10:54:58	: Waiting ScreenRecord
30-Jul-2022/10:54:58	: Waiting For Audio
30-Jul-2022/10:54:59	: Waiting ScreenRecord
30-Jul-2022/10:54:59	: Waiting For Audio
30-Jul-2022/10:55:00	: Waiting ScreenRecord
30-Jul-2022/10:55:00	: Waiting For Audio
30-Jul-2022/10:55:01	: Waiting ScreenRecord
30-Jul-2022/10:55:01	: Waiting For Audio
30-Jul-2022/10:55:02	: Waiting ScreenRecord
30-Jul-2022/10:55:02	: Waiting For Audio
30-Jul-2022/10:55:03	: Waiting ScreenRecord
30-Jul-2022/10:55:03	: Waiting For Audio
30-Jul-2022/10:55:04	: Waiting ScreenRecord
30-Jul-2022/10:55:04	: Waiting For Audio
30-Jul-2022/10:55:05	: Waiting ScreenRecord
30-Jul-2022/10:55:05	: Waiting For Audio
30-Jul-2022/10:55:06	: Waiting ScreenRecord
30-Jul-2022/10:55:06	: Waiting For Audio
30-Jul-2022/10:55:07	: Waiting ScreenRecord
30-Jul-2022/10:55:07	: Waiting For Audio
