30-Jul-2022/11:14:36	: Soundrecording!!!!.... Thread start 
30-Jul-2022/11:14:36	: Mic Not detcted
30-Jul-2022/11:14:36	: Recording Initialized .... Mic open
30-Jul-2022/11:14:37	: Waiting ScreenRecord
30-Jul-2022/11:14:37	: Waiting For Audio
30-Jul-2022/11:14:38	: Waiting ScreenRecord
30-Jul-2022/11:14:38	: Waiting For Audio
30-Jul-2022/11:14:39	: Waiting ScreenRecord
30-Jul-2022/11:14:39	: Waiting For Audio
30-Jul-2022/11:14:40	: Waiting ScreenRecord
30-Jul-2022/11:14:40	: Waiting For Audio
30-Jul-2022/11:14:41	: Waiting ScreenRecord
30-Jul-2022/11:14:41	: Waiting For Audio
30-Jul-2022/11:14:42	: Waiting ScreenRecord
30-Jul-2022/11:14:42	: Waiting For Audio
30-Jul-2022/11:14:43	: Waiting ScreenRecord
30-Jul-2022/11:14:43	: Waiting For Audio
30-Jul-2022/11:14:44	: Waiting ScreenRecord
30-Jul-2022/11:14:44	: Waiting For Audio
30-Jul-2022/11:14:45	: Waiting ScreenRecord
30-Jul-2022/11:14:45	: Waiting For Audio
30-Jul-2022/11:14:46	: Waiting ScreenRecord
30-Jul-2022/11:14:46	: Waiting For Audio
30-Jul-2022/11:14:47	: Waiting ScreenRecord
30-Jul-2022/11:14:47	: Waiting For Audio
30-Jul-2022/11:14:48	: Waiting ScreenRecord
30-Jul-2022/11:14:48	: Waiting For Audio
30-Jul-2022/11:14:49	: Waiting ScreenRecord
30-Jul-2022/11:14:49	: Waiting For Audio
30-Jul-2022/11:14:50	: Waiting ScreenRecord
30-Jul-2022/11:14:50	: Waiting For Audio
30-Jul-2022/11:14:51	: Waiting ScreenRecord
30-Jul-2022/11:14:51	: Waiting For Audio
30-Jul-2022/11:14:52	: Waiting ScreenRecord
30-Jul-2022/11:14:52	: Waiting For Audio
30-Jul-2022/11:14:53	: Waiting ScreenRecord
30-Jul-2022/11:14:53	: Waiting For Audio
30-Jul-2022/11:14:54	: Waiting ScreenRecord
30-Jul-2022/11:14:54	: Waiting For Audio
30-Jul-2022/11:14:55	: Waiting ScreenRecord
30-Jul-2022/11:14:55	: Waiting For Audio
30-Jul-2022/11:14:56	: Waiting ScreenRecord
30-Jul-2022/11:14:56	: Waiting For Audio
30-Jul-2022/11:14:57	: Waiting ScreenRecord
30-Jul-2022/11:14:57	: Waiting For Audio
30-Jul-2022/11:14:58	: Waiting ScreenRecord
30-Jul-2022/11:14:58	: Waiting For Audio
30-Jul-2022/11:14:59	: Waiting ScreenRecord
30-Jul-2022/11:14:59	: Waiting For Audio
30-Jul-2022/11:15:00	: Waiting ScreenRecord
30-Jul-2022/11:15:00	: Waiting For Audio
30-Jul-2022/11:15:01	: Waiting ScreenRecord
30-Jul-2022/11:15:01	: Waiting For Audio
30-Jul-2022/11:15:02	: Waiting ScreenRecord
30-Jul-2022/11:15:02	: Waiting For Audio
30-Jul-2022/11:15:03	: Waiting ScreenRecord
30-Jul-2022/11:15:03	: Waiting For Audio
30-Jul-2022/11:15:04	: Waiting ScreenRecord
30-Jul-2022/11:15:04	: Waiting For Audio
30-Jul-2022/11:15:05	: Waiting ScreenRecord
30-Jul-2022/11:15:05	: Waiting For Audio
30-Jul-2022/11:15:06	: Waiting ScreenRecord
30-Jul-2022/11:15:06	: Waiting For Audio
30-Jul-2022/11:15:07	: Waiting ScreenRecord
30-Jul-2022/11:15:07	: Waiting For Audio
30-Jul-2022/11:15:08	: Waiting ScreenRecord
30-Jul-2022/11:15:08	: Waiting For Audio
30-Jul-2022/11:15:09	: Waiting For Audio
30-Jul-2022/11:15:09	: Waiting ScreenRecord
30-Jul-2022/11:15:10	: Waiting ScreenRecord
30-Jul-2022/11:15:10	: Waiting For Audio
30-Jul-2022/11:15:11	: Waiting ScreenRecord
30-Jul-2022/11:15:11	: Waiting For Audio
30-Jul-2022/11:15:12	: Waiting ScreenRecord
30-Jul-2022/11:15:12	: Waiting For Audio
30-Jul-2022/11:15:13	: Waiting For Audio
30-Jul-2022/11:15:13	: Waiting ScreenRecord
30-Jul-2022/11:15:14	: Waiting For Audio
30-Jul-2022/11:15:14	: Waiting ScreenRecord
30-Jul-2022/11:15:15	: Waiting For Audio
30-Jul-2022/11:15:15	: Waiting ScreenRecord
30-Jul-2022/11:15:16	: Waiting For Audio
30-Jul-2022/11:15:16	: Waiting ScreenRecord
30-Jul-2022/11:15:17	: Waiting ScreenRecord
30-Jul-2022/11:15:17	: Waiting For Audio
30-Jul-2022/11:15:18	: Waiting ScreenRecord
30-Jul-2022/11:15:18	: Waiting For Audio
30-Jul-2022/11:15:19	: Waiting For Audio
30-Jul-2022/11:15:19	: Waiting ScreenRecord
30-Jul-2022/11:15:20	: Waiting ScreenRecord
30-Jul-2022/11:15:20	: Waiting For Audio
30-Jul-2022/11:15:21	: Waiting For Audio
30-Jul-2022/11:15:21	: Waiting ScreenRecord
30-Jul-2022/11:15:22	: Waiting For Audio
30-Jul-2022/11:15:22	: Waiting ScreenRecord
30-Jul-2022/11:15:23	: Waiting For Audio
30-Jul-2022/11:15:23	: Waiting ScreenRecord
30-Jul-2022/11:15:24	: Waiting ScreenRecord
30-Jul-2022/11:15:24	: Waiting For Audio
30-Jul-2022/11:15:25	: Waiting For Audio
30-Jul-2022/11:15:25	: Waiting ScreenRecord
30-Jul-2022/11:15:26	: Waiting ScreenRecord
30-Jul-2022/11:15:26	: Waiting For Audio
30-Jul-2022/11:15:27	: Waiting ScreenRecord
30-Jul-2022/11:15:27	: Waiting For Audio
30-Jul-2022/11:15:28	: Waiting ScreenRecord
30-Jul-2022/11:15:28	: Waiting For Audio
30-Jul-2022/11:15:29	: Waiting ScreenRecord
30-Jul-2022/11:15:29	: Waiting For Audio
30-Jul-2022/11:15:30	: Waiting For Audio
30-Jul-2022/11:15:30	: Waiting ScreenRecord
30-Jul-2022/11:15:31	: Waiting For Audio
30-Jul-2022/11:15:31	: Waiting ScreenRecord
30-Jul-2022/11:15:32	: Waiting For Audio
30-Jul-2022/11:15:32	: Waiting ScreenRecord
30-Jul-2022/11:15:33	: Waiting ScreenRecord
30-Jul-2022/11:15:33	: Waiting For Audio
30-Jul-2022/11:15:34	: Waiting ScreenRecord
30-Jul-2022/11:15:34	: Waiting For Audio
30-Jul-2022/11:15:35	: Waiting ScreenRecord
30-Jul-2022/11:15:35	: Waiting For Audio
30-Jul-2022/11:15:36	: Waiting ScreenRecord
30-Jul-2022/11:15:36	: Waiting For Audio
30-Jul-2022/11:15:37	: Waiting For Audio
30-Jul-2022/11:15:37	: Waiting ScreenRecord
30-Jul-2022/11:15:38	: Waiting ScreenRecord
30-Jul-2022/11:15:38	: Waiting For Audio
30-Jul-2022/11:15:39	: Waiting ScreenRecord
30-Jul-2022/11:15:39	: Waiting For Audio
30-Jul-2022/11:15:40	: Waiting For Audio
30-Jul-2022/11:15:40	: Waiting ScreenRecord
30-Jul-2022/11:15:41	: Waiting For Audio
30-Jul-2022/11:15:41	: Waiting ScreenRecord
30-Jul-2022/11:15:43	: Waiting ScreenRecord
30-Jul-2022/11:15:43	: Waiting For Audio
30-Jul-2022/11:15:44	: Waiting For Audio
30-Jul-2022/11:15:44	: Waiting ScreenRecord
30-Jul-2022/11:15:45	: Waiting For Audio
30-Jul-2022/11:15:45	: Waiting ScreenRecord
30-Jul-2022/11:15:46	: Waiting For Audio
30-Jul-2022/11:15:46	: Waiting ScreenRecord
30-Jul-2022/11:15:47	: Waiting For Audio
30-Jul-2022/11:15:47	: Waiting ScreenRecord
30-Jul-2022/11:15:48	: Waiting For Audio
30-Jul-2022/11:15:48	: Waiting ScreenRecord
30-Jul-2022/11:15:49	: Waiting ScreenRecord
30-Jul-2022/11:15:49	: Waiting For Audio
30-Jul-2022/11:15:50	: Waiting For Audio
30-Jul-2022/11:15:50	: Waiting ScreenRecord
30-Jul-2022/11:15:51	: Waiting For Audio
30-Jul-2022/11:15:51	: Waiting ScreenRecord
30-Jul-2022/11:15:52	: Waiting For Audio
30-Jul-2022/11:15:52	: Waiting ScreenRecord
30-Jul-2022/11:15:53	: Waiting For Audio
30-Jul-2022/11:15:53	: Waiting ScreenRecord
30-Jul-2022/11:15:54	: Waiting For Audio
30-Jul-2022/11:15:54	: Waiting ScreenRecord
30-Jul-2022/11:15:55	: Waiting ScreenRecord
30-Jul-2022/11:15:55	: Waiting For Audio
30-Jul-2022/11:15:56	: Waiting For Audio
30-Jul-2022/11:15:56	: Waiting ScreenRecord
30-Jul-2022/11:15:57	: Waiting For Audio
30-Jul-2022/11:15:57	: Waiting ScreenRecord
30-Jul-2022/11:15:58	: Waiting For Audio
30-Jul-2022/11:15:58	: Waiting ScreenRecord
30-Jul-2022/11:15:59	: Waiting For Audio
30-Jul-2022/11:15:59	: Waiting ScreenRecord
30-Jul-2022/11:16:00	: Waiting For Audio
30-Jul-2022/11:16:00	: Waiting ScreenRecord
30-Jul-2022/11:16:01	: Waiting For Audio
30-Jul-2022/11:16:01	: Waiting ScreenRecord
30-Jul-2022/11:16:02	: Waiting For Audio
30-Jul-2022/11:16:02	: Waiting ScreenRecord
30-Jul-2022/11:16:03	: Waiting For Audio
30-Jul-2022/11:16:03	: Waiting ScreenRecord
30-Jul-2022/11:16:04	: Waiting ScreenRecord
30-Jul-2022/11:16:04	: Waiting For Audio
30-Jul-2022/11:16:05	: Waiting For Audio
30-Jul-2022/11:16:05	: Waiting ScreenRecord
30-Jul-2022/11:16:06	: Waiting For Audio
30-Jul-2022/11:16:06	: Waiting ScreenRecord
30-Jul-2022/11:16:07	: Waiting ScreenRecord
30-Jul-2022/11:16:07	: Waiting For Audio
30-Jul-2022/11:16:08	: Waiting ScreenRecord
30-Jul-2022/11:16:08	: Waiting For Audio
30-Jul-2022/11:16:09	: Waiting ScreenRecord
30-Jul-2022/11:16:09	: Waiting For Audio
30-Jul-2022/11:16:10	: Waiting For Audio
30-Jul-2022/11:16:10	: Waiting ScreenRecord
30-Jul-2022/11:16:11	: Waiting ScreenRecord
30-Jul-2022/11:16:11	: Waiting For Audio
30-Jul-2022/11:16:12	: Waiting ScreenRecord
30-Jul-2022/11:16:12	: Waiting For Audio
30-Jul-2022/11:16:13	: Waiting For Audio
30-Jul-2022/11:16:13	: Waiting ScreenRecord
30-Jul-2022/11:16:14	: Waiting For Audio
30-Jul-2022/11:16:14	: Waiting ScreenRecord
30-Jul-2022/11:16:15	: Waiting For Audio
30-Jul-2022/11:16:15	: Waiting ScreenRecord
30-Jul-2022/11:29:30	: Soundrecording!!!!.... Thread start 
30-Jul-2022/11:29:30	: Mic Not detcted
30-Jul-2022/11:29:30	: Recording Initialized .... Mic open
30-Jul-2022/11:29:31	: Waiting ScreenRecord
30-Jul-2022/11:29:31	: Waiting For Audio
30-Jul-2022/11:29:32	: Waiting ScreenRecord
30-Jul-2022/11:29:32	: Waiting For Audio
30-Jul-2022/11:29:33	: Waiting ScreenRecord
30-Jul-2022/11:29:33	: Waiting For Audio
30-Jul-2022/11:29:34	: Waiting ScreenRecord
30-Jul-2022/11:29:34	: Waiting For Audio
