30-Jul-2022/12:47:23	: Soundrecording!!!!.... Thread start 
30-Jul-2022/12:47:24	: Mic Not detcted
30-Jul-2022/12:47:24	: Recording Initialized .... Mic open
30-Jul-2022/12:47:24	: Waiting ScreenRecord
30-Jul-2022/12:47:25	: Waiting For Audio
30-Jul-2022/12:47:25	: Waiting ScreenRecord
30-Jul-2022/12:47:26	: Waiting For Audio
30-Jul-2022/12:47:26	: Waiting ScreenRecord
30-Jul-2022/12:47:27	: Waiting For Audio
30-Jul-2022/12:47:27	: Waiting ScreenRecord
30-Jul-2022/12:47:28	: Waiting For Audio
30-Jul-2022/12:47:28	: Waiting ScreenRecord
30-Jul-2022/12:47:29	: Waiting For Audio
30-Jul-2022/12:47:29	: Waiting ScreenRecord
30-Jul-2022/12:47:30	: Waiting For Audio
30-Jul-2022/12:47:30	: Waiting ScreenRecord
30-Jul-2022/12:47:31	: Waiting For Audio
30-Jul-2022/12:47:31	: Waiting ScreenRecord
30-Jul-2022/12:47:32	: Waiting For Audio
30-Jul-2022/12:47:32	: Waiting ScreenRecord
30-Jul-2022/12:47:33	: Waiting For Audio
30-Jul-2022/12:47:34	: Waiting ScreenRecord
30-Jul-2022/12:47:34	: Waiting For Audio
30-Jul-2022/12:47:35	: Waiting ScreenRecord
30-Jul-2022/12:47:35	: Waiting For Audio
30-Jul-2022/12:47:36	: Waiting ScreenRecord
30-Jul-2022/12:47:36	: Waiting For Audio
30-Jul-2022/12:47:37	: Waiting ScreenRecord
30-Jul-2022/12:47:37	: Waiting For Audio
30-Jul-2022/12:47:38	: Waiting ScreenRecord
30-Jul-2022/12:47:38	: Waiting For Audio
30-Jul-2022/12:47:39	: Waiting ScreenRecord
30-Jul-2022/12:47:39	: Waiting For Audio
30-Jul-2022/12:47:40	: Waiting ScreenRecord
30-Jul-2022/12:47:40	: Waiting For Audio
30-Jul-2022/12:47:41	: Waiting ScreenRecord
30-Jul-2022/12:47:41	: Waiting For Audio
30-Jul-2022/12:47:42	: Waiting ScreenRecord
30-Jul-2022/12:47:42	: Waiting For Audio
30-Jul-2022/12:47:43	: Waiting ScreenRecord
30-Jul-2022/12:47:43	: Waiting For Audio
30-Jul-2022/12:47:44	: Waiting ScreenRecord
30-Jul-2022/12:47:44	: Waiting For Audio
30-Jul-2022/12:48:03	: stop recording call
30-Jul-2022/12:48:03	: start time30-07-2022-12:47:23end time video---30-07-2022-12:48:03file_name9876_1225_9155104987_22_07_30_12_47_44start_time=9876
30-Jul-2022/12:48:03	: Exceeption Caught while stop Sound Recording
30-Jul-2022/12:48:03	: encoding finish 19s
30-Jul-2022/12:48:04	: Waiting For Audio
30-Jul-2022/12:48:04	: Waiting ScreenRecord
30-Jul-2022/12:48:05	: Waiting For Audio
30-Jul-2022/12:48:05	: Waiting ScreenRecord
30-Jul-2022/12:48:06	: Waiting For Audio
30-Jul-2022/12:48:06	: Waiting ScreenRecord
30-Jul-2022/12:48:07	: Waiting For Audio
30-Jul-2022/12:48:07	: Waiting ScreenRecord
30-Jul-2022/12:48:08	: Waiting For Audio
30-Jul-2022/12:48:08	: Waiting ScreenRecord
30-Jul-2022/12:48:09	: Waiting For Audio
30-Jul-2022/12:48:09	: Waiting ScreenRecord
30-Jul-2022/12:48:10	: Waiting For Audio
30-Jul-2022/12:48:10	: Waiting ScreenRecord
30-Jul-2022/12:48:11	: Waiting For Audio
30-Jul-2022/12:48:11	: Waiting ScreenRecord
30-Jul-2022/12:48:12	: Waiting For Audio
30-Jul-2022/12:48:12	: Waiting ScreenRecord
30-Jul-2022/12:48:13	: Waiting For Audio
30-Jul-2022/12:48:13	: Waiting ScreenRecord
30-Jul-2022/12:48:14	: Waiting For Audio
30-Jul-2022/12:48:14	: Waiting ScreenRecord
30-Jul-2022/12:48:15	: Waiting For Audio
30-Jul-2022/12:48:15	: Waiting ScreenRecord
30-Jul-2022/12:48:16	: Waiting For Audio
30-Jul-2022/12:48:16	: Waiting ScreenRecord
30-Jul-2022/12:48:17	: Waiting For Audio
30-Jul-2022/12:48:17	: Waiting ScreenRecord
30-Jul-2022/12:48:18	: Waiting For Audio
30-Jul-2022/12:48:18	: Waiting ScreenRecord
30-Jul-2022/12:48:19	: Waiting For Audio
30-Jul-2022/12:48:19	: Waiting ScreenRecord
30-Jul-2022/12:48:20	: Waiting For Audio
30-Jul-2022/12:48:20	: Waiting ScreenRecord
30-Jul-2022/12:48:21	: Waiting For Audio
30-Jul-2022/12:48:21	: Waiting ScreenRecord
30-Jul-2022/12:48:22	: Waiting For Audio
30-Jul-2022/12:48:22	: Waiting ScreenRecord
30-Jul-2022/12:48:23	: Waiting For Audio
30-Jul-2022/12:48:23	: Waiting ScreenRecord
30-Jul-2022/12:48:24	: Waiting For Audio
30-Jul-2022/12:48:24	: Waiting ScreenRecord
30-Jul-2022/12:48:25	: Waiting For Audio
30-Jul-2022/12:48:25	: Waiting ScreenRecord
30-Jul-2022/12:48:26	: Waiting For Audio
30-Jul-2022/12:48:26	: Waiting ScreenRecord
30-Jul-2022/12:48:27	: Waiting For Audio
30-Jul-2022/12:48:27	: Waiting ScreenRecord
30-Jul-2022/12:48:28	: Waiting For Audio
30-Jul-2022/12:48:28	: Waiting ScreenRecord
30-Jul-2022/12:48:29	: Waiting For Audio
30-Jul-2022/12:48:29	: Waiting ScreenRecord
30-Jul-2022/12:48:30	: Waiting For Audio
30-Jul-2022/12:48:30	: Waiting ScreenRecord
30-Jul-2022/12:48:31	: Waiting For Audio
30-Jul-2022/12:48:31	: Waiting ScreenRecord
30-Jul-2022/12:48:32	: Waiting For Audio
30-Jul-2022/12:48:32	: Waiting ScreenRecord
30-Jul-2022/12:48:33	: Waiting For Audio
30-Jul-2022/12:48:33	: Waiting ScreenRecord
30-Jul-2022/12:48:34	: Waiting For Audio
30-Jul-2022/12:48:34	: Waiting ScreenRecord
30-Jul-2022/12:48:35	: Waiting For Audio
30-Jul-2022/12:48:35	: Waiting ScreenRecord
30-Jul-2022/12:48:36	: Waiting For Audio
30-Jul-2022/12:48:36	: Waiting ScreenRecord
30-Jul-2022/12:48:37	: Waiting For Audio
30-Jul-2022/12:48:37	: Waiting ScreenRecord
30-Jul-2022/12:48:38	: Waiting For Audio
30-Jul-2022/12:48:38	: Waiting ScreenRecord
30-Jul-2022/12:48:39	: Waiting For Audio
30-Jul-2022/12:48:39	: Waiting ScreenRecord
30-Jul-2022/12:48:40	: Waiting For Audio
30-Jul-2022/12:48:40	: Waiting ScreenRecord
30-Jul-2022/12:48:41	: Waiting For Audio
30-Jul-2022/12:48:41	: Waiting ScreenRecord
30-Jul-2022/12:48:42	: Waiting For Audio
30-Jul-2022/12:48:42	: Waiting ScreenRecord
30-Jul-2022/12:48:43	: Waiting For Audio
30-Jul-2022/12:48:43	: Waiting ScreenRecord
30-Jul-2022/12:48:44	: Waiting For Audio
30-Jul-2022/12:48:44	: Waiting ScreenRecord
30-Jul-2022/12:48:45	: Waiting For Audio
30-Jul-2022/12:48:45	: Waiting ScreenRecord
30-Jul-2022/12:48:46	: Waiting For Audio
30-Jul-2022/12:48:46	: Waiting ScreenRecord
30-Jul-2022/12:48:47	: Waiting For Audio
30-Jul-2022/12:48:47	: Waiting ScreenRecord
30-Jul-2022/12:48:48	: Waiting For Audio
30-Jul-2022/12:48:48	: Waiting ScreenRecord
30-Jul-2022/12:48:49	: Waiting For Audio
30-Jul-2022/12:48:49	: Waiting ScreenRecord
30-Jul-2022/12:48:50	: Waiting For Audio
30-Jul-2022/12:48:50	: Waiting ScreenRecord
30-Jul-2022/12:48:51	: Waiting For Audio
30-Jul-2022/12:48:51	: Waiting ScreenRecord
30-Jul-2022/12:48:52	: Waiting For Audio
30-Jul-2022/12:48:52	: Waiting ScreenRecord
30-Jul-2022/12:48:53	: Waiting For Audio
30-Jul-2022/12:48:53	: Waiting ScreenRecord
30-Jul-2022/12:48:54	: Waiting For Audio
30-Jul-2022/12:48:54	: Waiting ScreenRecord
30-Jul-2022/12:48:55	: Waiting For Audio
30-Jul-2022/12:48:55	: Waiting ScreenRecord
30-Jul-2022/12:48:56	: Waiting For Audio
30-Jul-2022/12:48:56	: Waiting ScreenRecord
30-Jul-2022/12:48:57	: Waiting For Audio
30-Jul-2022/12:48:57	: Waiting ScreenRecord
30-Jul-2022/12:48:58	: Waiting For Audio
30-Jul-2022/12:48:58	: Waiting ScreenRecord
30-Jul-2022/12:48:59	: Waiting For Audio
30-Jul-2022/12:48:59	: Waiting ScreenRecord
30-Jul-2022/12:49:00	: Waiting For Audio
30-Jul-2022/12:49:00	: Waiting ScreenRecord
30-Jul-2022/12:49:01	: Waiting For Audio
30-Jul-2022/12:49:01	: Waiting ScreenRecord
30-Jul-2022/12:49:02	: Waiting For Audio
30-Jul-2022/12:49:02	: Waiting ScreenRecord
30-Jul-2022/12:49:03	: Waiting For Audio
30-Jul-2022/12:49:03	: Waiting ScreenRecord
30-Jul-2022/12:49:04	: Waiting For Audio
30-Jul-2022/12:49:04	: Waiting ScreenRecord
30-Jul-2022/12:49:05	: Waiting For Audio
30-Jul-2022/12:49:05	: Waiting ScreenRecord
